Log file open, 04/04/18 10:27:38
LogWindows: Failed to load 'aqProf.dll' (GetLastError=126)
LogWindows: File 'aqProf.dll' does not exist
LogWindows: Failed to load 'VtuneApi.dll' (GetLastError=126)
LogWindows: File 'VtuneApi.dll' does not exist
LogWindows: Failed to load 'VtuneApi32e.dll' (GetLastError=126)
LogWindows: File 'VtuneApi32e.dll' does not exist
LogInit: Display: Running engine for game: Meteor
LogPlatformFile: Not using cached read wrapper
LogInit: Display: RandInit(633154826) SRandInit(633154827).
LogInit: Read version file with build ID '3709383'
LogInit: Overriding engine version to CL 3754814, compatible CL 3709383
LogInit: Registered custom module enumerator with build ID '3709383'
LogTaskGraph: Started task graph with 5 named threads and 8 total threads with 3 sets of task threads.
LogStats: Stats thread started at 0.100266
LogD3D11RHI: Aftermath initialized
LogModuleManager: Display: Found up-to-date module file ../../../Engine/Plugins/2D/Paper2D/Binaries/Win64/UE4Editor-Paper2D.dll (API version 3709383).
LogModuleManager: Display: Found up-to-date module file ../../../Engine/Plugins/2D/Paper2D/Binaries/Win64/UE4Editor-Paper2DEditor.dll (API version 3709383).
LogModuleManager: Display: Found up-to-date module file ../../../Engine/Plugins/2D/Paper2D/Binaries/Win64/UE4Editor-PaperSpriteSheetImporter.dll (API version 3709383).
LogModuleManager: Display: Found up-to-date module file ../../../Engine/Plugins/2D/Paper2D/Binaries/Win64/UE4Editor-PaperTiledImporter.dll (API version 3709383).
LogModuleManager: Display: Found up-to-date module file ../../../Engine/Plugins/2D/Paper2D/Binaries/Win64/UE4Editor-SmartSnapping.dll (API version 3709383).
LogModuleManager: Display: Found up-to-date module file ../../../Engine/Plugins/Blendables/LightPropagationVolume/Binaries/Win64/UE4Editor-LightPropagationVolumeRuntime.dll (API version 3709383).
LogModuleManager: Display: Found up-to-date module file ../../../Engine/Plugins/Blendables/LightPropagationVolume/Binaries/Win64/UE4Editor-LightPropagationVolumeEditor.dll (API version 3709383).
LogModuleManager: Display: Found up-to-date module file ../../../Engine/Plugins/Developer/GitSourceControl/Binaries/Win64/UE4Editor-GitSourceControl.dll (API version 3709383).
LogModuleManager: Display: Found up-to-date module file ../../../Engine/Plugins/Developer/PerforceSourceControl/Binaries/Win64/UE4Editor-PerforceSourceControl.dll (API version 3709383).
LogModuleManager: Display: Found up-to-date module file ../../../Engine/Plugins/Developer/SubversionSourceControl/Binaries/Win64/UE4Editor-SubversionSourceControl.dll (API version 3709383).
LogModuleManager: Display: Found up-to-date module file ../../../Engine/Plugins/Developer/UObjectPlugin/Binaries/Win64/UE4Editor-UObjectPlugin.dll (API version 3709383).
LogModuleManager: Display: Found up-to-date module file ../../../Engine/Plugins/Developer/VisualStudioCodeSourceCodeAccess/Binaries/Win64/UE4Editor-VisualStudioCodeSourceCodeAccess.dll (API version 3709383).
LogModuleManager: Display: Found up-to-date module file ../../../Engine/Plugins/Developer/VisualStudioSourceCodeAccess/Binaries/Win64/UE4Editor-VisualStudioSourceCodeAccess.dll (API version 3709383).
LogModuleManager: Display: Found up-to-date module file ../../../Engine/Plugins/Editor/AssetManagerEditor/Binaries/Win64/UE4Editor-AssetManagerEditor.dll (API version 3709383).
LogModuleManager: Display: Found up-to-date module file ../../../Engine/Plugins/Editor/AudioCapture/Binaries/Win64/UE4Editor-AudioCapture.dll (API version 3709383).
LogModuleManager: Display: Found up-to-date module file ../../../Engine/Plugins/Editor/FacialAnimation/Binaries/Win64/UE4Editor-FacialAnimation.dll (API version 3709383).
LogModuleManager: Display: Found up-to-date module file ../../../Engine/Plugins/Editor/FacialAnimation/Binaries/Win64/UE4Editor-FacialAnimationEditor.dll (API version 3709383).
LogModuleManager: Display: Found up-to-date module file ../../../Engine/Plugins/Editor/GameplayTagsEditor/Binaries/Win64/UE4Editor-GameplayTagsEditor.dll (API version 3709383).
LogModuleManager: Display: Found up-to-date module file ../../../Engine/Plugins/Editor/MobileLauncherProfileWizard/Binaries/Win64/UE4Editor-MobileLauncherProfileWizard.dll (API version 3709383).
LogModuleManager: Display: Found up-to-date module file ../../../Engine/Plugins/Editor/PluginBrowser/Binaries/Win64/UE4Editor-PluginBrowser.dll (API version 3709383).
LogModuleManager: Display: Found up-to-date module file ../../../Engine/Plugins/Editor/SpeedTreeImporter/Binaries/Win64/UE4Editor-SpeedTreeImporter.dll (API version 3709383).
LogModuleManager: Display: Found up-to-date module file ../../../Engine/Plugins/Experimental/AlembicImporter/Binaries/Win64/UE4Editor-AlembicImporter.dll (API version 3709383).
LogModuleManager: Display: Found up-to-date module file ../../../Engine/Plugins/Experimental/AlembicImporter/Binaries/Win64/UE4Editor-AlembicLibrary.dll (API version 3709383).
LogModuleManager: Display: Found up-to-date module file ../../../Engine/Plugins/Experimental/CharacterAI/Binaries/Win64/UE4Editor-CharacterAI.dll (API version 3709383).
LogModuleManager: Display: Found up-to-date module file ../../../Engine/Plugins/Experimental/HTML5Networking/Binaries/Win64/UE4Editor-HTML5Networking.dll (API version 3709383).
LogModuleManager: Display: Found up-to-date module file ../../../Engine/Plugins/Media/AndroidMedia/Binaries/Win64/UE4Editor-AndroidMediaEditor.dll (API version 3709383).
LogModuleManager: Display: Found up-to-date module file ../../../Engine/Plugins/Media/AndroidMedia/Binaries/Win64/UE4Editor-AndroidMediaFactory.dll (API version 3709383).
LogModuleManager: Display: Found up-to-date module file ../../../Engine/Plugins/Media/AvfMedia/Binaries/Win64/UE4Editor-AvfMediaEditor.dll (API version 3709383).
LogModuleManager: Display: Found up-to-date module file ../../../Engine/Plugins/Media/AvfMedia/Binaries/Win64/UE4Editor-AvfMediaFactory.dll (API version 3709383).
LogModuleManager: Display: Found up-to-date module file ../../../Engine/Plugins/Media/AvfMedia/Binaries/Win64/UE4Editor-AvfMediaFactory.dll (API version 3709383).
LogModuleManager: Display: Found up-to-date module file ../../../Engine/Plugins/Media/ImgMedia/Binaries/Win64/UE4Editor-ImgMedia.dll (API version 3709383).
LogModuleManager: Display: Found up-to-date module file ../../../Engine/Plugins/Media/ImgMedia/Binaries/Win64/UE4Editor-ImgMediaEditor.dll (API version 3709383).
LogModuleManager: Display: Found up-to-date module file ../../../Engine/Plugins/Media/ImgMedia/Binaries/Win64/UE4Editor-ImgMediaFactory.dll (API version 3709383).
LogModuleManager: Display: Found up-to-date module file ../../../Engine/Plugins/Media/ImgMedia/Binaries/Win64/UE4Editor-ImgMediaFactory.dll (API version 3709383).
LogModuleManager: Display: Found up-to-date module file ../../../Engine/Plugins/Media/ImgMedia/Binaries/Win64/UE4Editor-OpenExrWrapper.dll (API version 3709383).
LogModuleManager: Display: Found up-to-date module file ../../../Engine/Plugins/Media/MediaCompositing/Binaries/Win64/UE4Editor-MediaCompositing.dll (API version 3709383).
LogModuleManager: Display: Found up-to-date module file ../../../Engine/Plugins/Media/MediaCompositing/Binaries/Win64/UE4Editor-MediaCompositingEditor.dll (API version 3709383).
LogModuleManager: Display: Found up-to-date module file ../../../Engine/Plugins/Media/MediaPlayerEditor/Binaries/Win64/UE4Editor-MediaPlayerEditor.dll (API version 3709383).
LogModuleManager: Display: Found up-to-date module file ../../../Engine/Plugins/Media/WmfMedia/Binaries/Win64/UE4Editor-WmfMedia.dll (API version 3709383).
LogModuleManager: Display: Found up-to-date module file ../../../Engine/Plugins/Media/WmfMedia/Binaries/Win64/UE4Editor-WmfMediaEditor.dll (API version 3709383).
LogModuleManager: Display: Found up-to-date module file ../../../Engine/Plugins/Media/WmfMedia/Binaries/Win64/UE4Editor-WmfMediaFactory.dll (API version 3709383).
LogModuleManager: Display: Found up-to-date module file ../../../Engine/Plugins/Media/WmfMedia/Binaries/Win64/UE4Editor-WmfMediaFactory.dll (API version 3709383).
LogModuleManager: Display: Found up-to-date module file ../../../Engine/Plugins/Messaging/TcpMessaging/Binaries/Win64/UE4Editor-TcpMessaging.dll (API version 3709383).
LogModuleManager: Display: Found up-to-date module file ../../../Engine/Plugins/Messaging/UdpMessaging/Binaries/Win64/UE4Editor-UdpMessaging.dll (API version 3709383).
LogModuleManager: Display: Found up-to-date module file ../../../Engine/Plugins/MovieScene/ActorSequence/Binaries/Win64/UE4Editor-ActorSequence.dll (API version 3709383).
LogModuleManager: Display: Found up-to-date module file ../../../Engine/Plugins/MovieScene/LevelSequenceEditor/Binaries/Win64/UE4Editor-LevelSequenceEditor.dll (API version 3709383).
LogModuleManager: Display: Found up-to-date module file ../../../Engine/Plugins/MovieScene/MatineeToLevelSequence/Binaries/Win64/UE4Editor-MatineeToLevelSequence.dll (API version 3709383).
LogModuleManager: Display: Found up-to-date module file ../../../Engine/Plugins/Online/OnlineSubsystem/Binaries/Win64/UE4Editor-OnlineSubsystem.dll (API version 3709383).
LogModuleManager: Display: Found up-to-date module file ../../../Engine/Plugins/Runtime/AndroidPermission/Binaries/Win64/UE4Editor-AndroidPermission.dll (API version 3709383).
LogModuleManager: Display: Found up-to-date module file ../../../Engine/Plugins/Online/OnlineSubsystemNull/Binaries/Win64/UE4Editor-OnlineSubsystemNull.dll (API version 3709383).
LogModuleManager: Display: Found up-to-date module file ../../../Engine/Plugins/Online/OnlineSubsystemUtils/Binaries/Win64/UE4Editor-OnlineSubsystemUtils.dll (API version 3709383).
LogModuleManager: Display: Found up-to-date module file ../../../Engine/Plugins/Online/OnlineSubsystemUtils/Binaries/Win64/UE4Editor-OnlineBlueprintSupport.dll (API version 3709383).
LogModuleManager: Display: Found up-to-date module file ../../../Engine/Plugins/Runtime/AndroidDeviceProfileSelector/Binaries/Win64/UE4Editor-AndroidDeviceProfileSelector.dll (API version 3709383).
LogModuleManager: Display: Found up-to-date module file ../../../Engine/Plugins/Runtime/AppleARKit/Binaries/Win64/UE4Editor-AppleARKit.dll (API version 3709383).
LogModuleManager: Display: Found up-to-date module file ../../../Engine/Plugins/Runtime/ArchVisCharacter/Binaries/Win64/UE4Editor-ArchVisCharacter.dll (API version 3709383).
LogModuleManager: Display: Found up-to-date module file ../../../Engine/Plugins/Runtime/CableComponent/Binaries/Win64/UE4Editor-CableComponent.dll (API version 3709383).
LogModuleManager: Display: Found up-to-date module file ../../../Engine/Plugins/Runtime/CustomMeshComponent/Binaries/Win64/UE4Editor-CustomMeshComponent.dll (API version 3709383).
LogModuleManager: Display: Found up-to-date module file ../../../Engine/Plugins/Runtime/ExampleDeviceProfileSelector/Binaries/Win64/UE4Editor-ExampleDeviceProfileSelector.dll (API version 3709383).
LogModuleManager: Display: Found up-to-date module file ../../../Engine/Plugins/Runtime/ImmediatePhysics/Binaries/Win64/UE4Editor-ImmediatePhysics.dll (API version 3709383).
LogModuleManager: Display: Found up-to-date module file ../../../Engine/Plugins/Runtime/ImmediatePhysics/Binaries/Win64/UE4Editor-ImmediatePhysicsEditor.dll (API version 3709383).
LogModuleManager: Display: Found up-to-date module file ../../../Engine/Plugins/Runtime/LocationServicesBPLibrary/Binaries/Win64/UE4Editor-LocationServicesBPLibrary.dll (API version 3709383).
LogModuleManager: Display: Found up-to-date module file ../../../Engine/Plugins/Runtime/MobilePatchingUtils/Binaries/Win64/UE4Editor-MobilePatchingUtils.dll (API version 3709383).
LogModuleManager: Display: Found up-to-date module file ../../../Engine/Plugins/Runtime/Oculus/OculusVR/Binaries/Win64/UE4Editor-OculusHMD.dll (API version 3709383).
LogModuleManager: Display: Found up-to-date module file ../../../Engine/Plugins/Runtime/Oculus/OculusVR/Binaries/Win64/UE4Editor-OculusInput.dll (API version 3709383).
LogModuleManager: Display: Found up-to-date module file ../../../Engine/Plugins/Runtime/Oculus/OculusVR/Binaries/Win64/UE4Editor-OculusEditor.dll (API version 3709383).
LogModuleManager: Display: Found up-to-date module file ../../../Engine/Plugins/Runtime/PhysXVehicles/Binaries/Win64/UE4Editor-PhysXVehicles.dll (API version 3709383).
LogModuleManager: Display: Found up-to-date module file ../../../Engine/Plugins/Runtime/PhysXVehicles/Binaries/Win64/UE4Editor-PhysXVehiclesEditor.dll (API version 3709383).
LogModuleManager: Display: Found up-to-date module file ../../../Engine/Plugins/Runtime/ProceduralMeshComponent/Binaries/Win64/UE4Editor-ProceduralMeshComponent.dll (API version 3709383).
LogModuleManager: Display: Found up-to-date module file ../../../Engine/Plugins/Runtime/ProceduralMeshComponent/Binaries/Win64/UE4Editor-ProceduralMeshComponentEditor.dll (API version 3709383).
LogModuleManager: Display: Found up-to-date module file ../../../Engine/Plugins/Runtime/RuntimePhysXCooking/Binaries/Win64/UE4Editor-RuntimePhysXCooking.dll (API version 3709383).
LogModuleManager: Display: Found up-to-date module file ../../../Engine/Plugins/Runtime/Steam/SteamVR/Binaries/Win64/UE4Editor-SteamVR.dll (API version 3709383).
LogModuleManager: Display: Found up-to-date module file ../../../Engine/Plugins/Runtime/Steam/SteamVR/Binaries/Win64/UE4Editor-SteamVRController.dll (API version 3709383).
LogModuleManager: Display: Found up-to-date module file ../../../Engine/Plugins/Runtime/WindowsMoviePlayer/Binaries/Win64/UE4Editor-WindowsMoviePlayer.dll (API version 3709383).
LogPluginManager: Mounting plugin Paper2D
LogPluginManager: Mounting plugin LightPropagationVolume
LogPluginManager: Mounting plugin CodeLiteSourceCodeAccess
LogPluginManager: Mounting plugin GitSourceControl
LogPluginManager: Mounting plugin KDevelopSourceCodeAccess
LogPluginManager: Mounting plugin NullSourceCodeAccess
LogPluginManager: Mounting plugin PerforceSourceControl
LogPluginManager: Mounting plugin SubversionSourceControl
LogPluginManager: Mounting plugin UObjectPlugin
LogPluginManager: Mounting plugin VisualStudioCodeSourceCodeAccess
LogPluginManager: Mounting plugin VisualStudioSourceCodeAccess
LogPluginManager: Mounting plugin XCodeSourceCodeAccess
LogPluginManager: Mounting plugin AssetManagerEditor
LogPluginManager: Mounting plugin AudioCapture
LogPluginManager: Mounting plugin FacialAnimation
LogPluginManager: Mounting plugin GameplayTagsEditor
LogPluginManager: Mounting plugin MobileLauncherProfileWizard
LogPluginManager: Mounting plugin PluginBrowser
LogPluginManager: Mounting plugin SpeedTreeImporter
LogPluginManager: Mounting plugin AlembicImporter
LogPluginManager: Mounting plugin CharacterAI
LogPluginManager: Mounting plugin HTML5Networking
LogPluginManager: Mounting plugin AndroidMedia
LogPluginManager: Mounting plugin AvfMedia
LogPluginManager: Mounting plugin ImgMedia
LogPluginManager: Mounting plugin MediaCompositing
LogPluginManager: Mounting plugin MediaPlayerEditor
LogPluginManager: Mounting plugin WmfMedia
LogPluginManager: Mounting plugin TcpMessaging
LogPluginManager: Mounting plugin UdpMessaging
LogPluginManager: Mounting plugin ActorSequence
LogPluginManager: Mounting plugin LevelSequenceEditor
LogPluginManager: Mounting plugin MatineeToLevelSequence
LogPluginManager: Mounting plugin OnlineSubsystemGooglePlay
LogPluginManager: Mounting plugin OnlineSubsystemIOS
LogPluginManager: Mounting plugin OnlineSubsystem
LogPluginManager: Mounting plugin OnlineSubsystemNull
LogPluginManager: Mounting plugin OnlineSubsystemUtils
LogPluginManager: Mounting plugin AndroidDeviceProfileSelector
LogPluginManager: Mounting plugin AndroidMoviePlayer
LogPluginManager: Mounting plugin AndroidPermission
LogPluginManager: Mounting plugin AppleARKit
LogPluginManager: Mounting plugin AppleMoviePlayer
LogPluginManager: Mounting plugin ArchVisCharacter
LogPluginManager: Mounting plugin CableComponent
LogPluginManager: Mounting plugin CustomMeshComponent
LogPluginManager: Mounting plugin ExampleDeviceProfileSelector
LogPluginManager: Mounting plugin GoogleCloudMessaging
LogPluginManager: Mounting plugin ImmediatePhysics
LogPluginManager: Mounting plugin IOSDeviceProfileSelector
LogPluginManager: Mounting plugin LinuxDeviceProfileSelector
LogPluginManager: Mounting plugin LocationServicesBPLibrary
LogPluginManager: Mounting plugin MobilePatchingUtils
LogPluginManager: Mounting plugin OculusVR
LogPluginManager: Plugin shader directory ../../../Engine/Plugins/Runtime/Oculus/OculusVR/Shaders found
LogPluginManager: Mapping shader source directory ../../../Engine/Plugins/Runtime/Oculus/OculusVR/Shaders to virtual directory /Plugin/OculusVR
LogPluginManager: Mounting plugin PhysXVehicles
LogPluginManager: Mounting plugin ProceduralMeshComponent
LogPluginManager: Mounting plugin RuntimePhysXCooking
LogPluginManager: Mounting plugin SteamVR
LogPluginManager: Mounting plugin WindowsMoviePlayer
LogInit: Using libcurl 7.47.1
LogInit:  - built for x86_64-pc-win32
LogInit:  - supports SSL with OpenSSL/1.0.2g
LogInit:  - supports HTTP deflate (compression) using libz 1.2.8
LogInit:  - other features:
LogInit:      CURL_VERSION_SSL
LogInit:      CURL_VERSION_LIBZ
LogInit:      CURL_VERSION_IPV6
LogInit:      CURL_VERSION_ASYNCHDNS
LogInit:      CURL_VERSION_LARGEFILE
LogInit:      CURL_VERSION_IDN
LogInit:  CurlRequestOptions (configurable via config and command line):
LogInit:  - bVerifyPeer = false  - Libcurl will NOT verify peer certificate
LogInit:  - bUseHttpProxy = false  - Libcurl will NOT use HTTP proxy
LogInit:  - bDontReuseConnections = false  - Libcurl will reuse connections
LogInit:  - CertBundlePath = nullptr  - Libcurl will use whatever was configured at build time.
LogInit: Build: ++UE4+Release-4.18-CL-3754814
LogInit: Engine Version: 4.18.1-3754814+++UE4+Release-4.18
LogInit: Compatible Engine Version: 4.18.0-3709383+++UE4+Release-4.18
LogInit: Net CL: 3709383
LogDevObjectVersion: Number of dev versions registered: 16
LogDevObjectVersion:   Dev-Blueprints (B0D832E4-1F89-4F0D-ACCF-7EB736FD4AA2): 10
LogDevObjectVersion:   Dev-Build (E1C64328-A22C-4D53-A36C-8E866417BD8C): 0
LogDevObjectVersion:   Dev-Core (375EC13C-06E4-48FB-B500-84F0262A717E): 2
LogDevObjectVersion:   Dev-Editor (E4B068ED-F494-42E9-A231-DA0B2E46BB41): 20
LogDevObjectVersion:   Dev-Framework (CFFC743F-43B0-4480-9391-14DF171D2073): 30
LogDevObjectVersion:   Dev-Mobile (B02B49B5-BB20-44E9-A304-32B752E40360): 0
LogDevObjectVersion:   Dev-Networking (A4E4105C-59A1-49B5-A7C5-40C4547EDFEE): 0
LogDevObjectVersion:   Dev-Online (39C831C9-5AE6-47DC-9A44-9C173E1C8E7C): 0
LogDevObjectVersion:   Dev-Physics (78F01B33-EBEA-4F98-B9B4-84EACCB95AA2): 0
LogDevObjectVersion:   Dev-Platform (6631380F-2D4D-43E0-8009-CF276956A95A): 0
LogDevObjectVersion:   Dev-Rendering (12F88B9F-8875-4AFC-A67C-D90C383ABD29): 20
LogDevObjectVersion:   Dev-Sequencer (7B5AE74C-D270-4C10-A958-57980B212A5A): 4
LogDevObjectVersion:   Dev-VR (D7296918-1DD6-4BDD-9DE2-64A83CC13884): 0
LogDevObjectVersion:   Dev-LoadTimes (C2A15278-BFE7-4AFE-6C17-90FF531DF755): 1
LogDevObjectVersion:   Private-Geometry (6EACA3D4-40EC-4CC1-B786-8BED09428FC5): 1
LogDevObjectVersion:   Dev-AnimPhys (29E575DD-E0A3-4627-9D10-D276232CDCEA): 12
LogInit: Compiled (64-bit): Nov 14 2017 02:05:55
LogInit: Compiled with Visual C++: 19.00.24215.01
LogInit: Build Configuration: Development
LogInit: Branch Name: ++UE4+Release-4.18
LogInit: Command line:  
LogInit: Base directory: C:/Program Files/Epic Games/UE_4.18/Engine/Binaries/Win64/
LogInit: Installed Engine Build: 1
LogInit: Presizing for max 8388607 objects, including 0 objects not considered by GC, pre-allocating 0 bytes for permanent pool.
LogInit: Object subsystem initialized
[2018.04.04-14.27.40:096][  0]LogInit: Selected Device Profile: [Windows]
[2018.04.04-14.27.40:096][  0]LogInit: Applying CVar settings loaded from the selected device profile: [Windows]
[2018.04.04-14.27.40:125][  0]LogInit: Computer: IGM2350-11
[2018.04.04-14.27.40:125][  0]LogInit: User: bcm2463
[2018.04.04-14.27.40:125][  0]LogInit: CPU Page size=4096, Cores=2
[2018.04.04-14.27.40:125][  0]LogInit: High frequency timer resolution =3.515629 MHz
[2018.04.04-14.27.40:125][  0]LogMemory: Memory total: Physical=15.9GB (16GB approx)
[2018.04.04-14.27.40:125][  0]LogMemory: Platform Memory Stats for Windows
[2018.04.04-14.27.40:125][  0]LogMemory: Process Physical Memory: 271.82 MB used, 271.82 MB peak
[2018.04.04-14.27.40:125][  0]LogMemory: Process Virtual Memory: 269.17 MB used, 269.17 MB peak
[2018.04.04-14.27.40:125][  0]LogMemory: Physical Memory: 3879.31 MB used,  12388.99 MB free, 16268.30 MB total
[2018.04.04-14.27.40:125][  0]LogMemory: Virtual Memory: 678.29 MB used,  12388.99 MB free, 134217728.00 MB total
[2018.04.04-14.27.40:237][  0]LogInit: Using OS detected language (en-US).
[2018.04.04-14.27.40:237][  0]LogInit: Using OS detected locale (en-US).
[2018.04.04-14.27.40:240][  0]LogTextLocalizationManager: No specific localization for 'en-US' exists, so the 'en' localization will be used.
[2018.04.04-14.27.40:597][  0]LogInit: Setting process to per monitor DPI aware
[2018.04.04-14.27.40:902][  0]LogD3D11RHI: D3D11 adapters:
[2018.04.04-14.27.40:934][  0]LogD3D11RHI:    0. 'NVIDIA GeForce GTX 780' (Feature Level 11_0)
[2018.04.04-14.27.40:934][  0]LogD3D11RHI:       3039/0/8134 MB DedicatedVideo/DedicatedSystem/SharedSystem, Outputs:2, VendorId:0x10de
[2018.04.04-14.27.40:940][  0]LogD3D11RHI:    1. 'Intel(R) HD Graphics 4600' (Feature Level 11_0)
[2018.04.04-14.27.40:940][  0]LogD3D11RHI:       112/0/2048 MB DedicatedVideo/DedicatedSystem/SharedSystem, Outputs:0, VendorId:0x8086
[2018.04.04-14.27.40:942][  0]LogD3D11RHI:    2. 'Microsoft Basic Render Driver' (Feature Level 11_0)
[2018.04.04-14.27.40:943][  0]LogD3D11RHI:       0/0/8134 MB DedicatedVideo/DedicatedSystem/SharedSystem, Outputs:0, VendorId:0x1414
[2018.04.04-14.27.40:943][  0]LogD3D11RHI: Chosen D3D11 Adapter: 0
[2018.04.04-14.27.40:947][  0]LogD3D11RHI: Creating new Direct3DDevice
[2018.04.04-14.27.40:947][  0]LogD3D11RHI:     GPU DeviceId: 0x1004 (for the marketing name, search the web for "GPU Device Id")
[2018.04.04-14.27.40:947][  0]LogWindows: EnumDisplayDevices:
[2018.04.04-14.27.40:948][  0]LogWindows:    0. 'NVIDIA GeForce GTX 780' (P:1 D:1)
[2018.04.04-14.27.40:948][  0]LogWindows:    1. 'NVIDIA GeForce GTX 780' (P:0 D:1)
[2018.04.04-14.27.40:948][  0]LogWindows:    2. 'NVIDIA GeForce GTX 780' (P:0 D:0)
[2018.04.04-14.27.40:948][  0]LogWindows:    3. 'NVIDIA GeForce GTX 780' (P:0 D:0)
[2018.04.04-14.27.40:948][  0]LogWindows:    4. 'Intel(R) HD Graphics 4600' (P:0 D:0)
[2018.04.04-14.27.40:948][  0]LogWindows:    5. 'Intel(R) HD Graphics 4600' (P:0 D:0)
[2018.04.04-14.27.40:948][  0]LogWindows:    6. 'Intel(R) HD Graphics 4600' (P:0 D:0)
[2018.04.04-14.27.40:948][  0]LogWindows: DebugString: GetVideoDriverDetailsInvalid PrimaryIsNotTheChoosenAdapter GetVideoDriverDetailsInvalid PrimaryIsNotTheChoosenAdapter GetVideoDriverDetailsInvalid PrimaryIsNotTheChoosenAdapter GetVideoDriverDetailsInvalid PrimaryIsNotTheChoosenAdapter GetVideoDriverDetailsInvalid PrimaryIsNotTheChoosenAdapter GetVideoDriverDetailsInvalid PrimaryIsNotTheChoosenAdapter GetVideoDriverDetailsInvalid PrimaryIsNotTheChoosenAdapter FoundDriverCount:0 
[2018.04.04-14.27.40:948][  0]LogD3D11RHI:     Adapter Name: NVIDIA GeForce GTX 780
[2018.04.04-14.27.40:948][  0]LogD3D11RHI:   Driver Version: Unknown (internal:Unknown, unified:Unknown)
[2018.04.04-14.27.40:948][  0]LogD3D11RHI:      Driver Date: Unknown
[2018.04.04-14.27.40:948][  0]LogRHI: Texture pool is 2127 MB (70% of 3039 MB)
[2018.04.04-14.27.40:966][  0]LogD3D11RHI: Async texture creation enabled
[2018.04.04-14.27.40:978][  0]LogD3D11RHI: GPU Timing Frequency: 1000.000000 (Debug: 2 1)
[2018.04.04-14.27.40:980][  0]LogShaderCompilers: Guid format shader working directory is 7 characters bigger than the processId version (Z:/IGMProfile/Desktop/GitHub/MeteorVR/Meteor/Intermediate/Shaders/WorkingDirectory/8264/).
[2018.04.04-14.27.40:980][  0]LogShaderCompilers: Cleaned the shader compiler working directory 'D:/Profiles/bcm2463/AppData/Local/Temp/UnrealShaderWorkingDir/6571EE2F4B8F256DC042709F321705B3/'.
[2018.04.04-14.27.40:980][  0]LogShaderCompilers: Display: Using Local Shader Compiler.
[2018.04.04-14.27.41:785][  0]LogTemp: Display: Loaded TP AllDesktopTargetPlatform
[2018.04.04-14.27.41:827][  0]LogTemp: Display: Loaded TP MacClientTargetPlatform
[2018.04.04-14.27.41:866][  0]LogTemp: Display: Loaded TP MacNoEditorTargetPlatform
[2018.04.04-14.27.41:907][  0]LogTemp: Display: Loaded TP MacServerTargetPlatform
[2018.04.04-14.27.41:948][  0]LogTemp: Display: Loaded TP MacTargetPlatform
[2018.04.04-14.27.41:990][  0]LogTemp: Display: Loaded TP WindowsClientTargetPlatform
[2018.04.04-14.27.42:032][  0]LogTemp: Display: Loaded TP WindowsNoEditorTargetPlatform
[2018.04.04-14.27.42:073][  0]LogTemp: Display: Loaded TP WindowsServerTargetPlatform
[2018.04.04-14.27.42:107][  0]LogTemp: Display: Loaded TP WindowsTargetPlatform
[2018.04.04-14.27.42:147][  0]LogTemp: Display: Loaded TP Android_ASTCTargetPlatform
[2018.04.04-14.27.42:188][  0]LogTemp: Display: Loaded TP Android_ATCTargetPlatform
[2018.04.04-14.27.42:227][  0]LogTemp: Display: Loaded TP Android_DXTTargetPlatform
[2018.04.04-14.27.42:267][  0]LogTemp: Display: Loaded TP Android_ETC1TargetPlatform
[2018.04.04-14.27.42:312][  0]LogTemp: Display: Loaded TP Android_ETC2TargetPlatform
[2018.04.04-14.27.42:395][  0]LogTemp: Display: Loaded TP Android_MultiTargetPlatform
[2018.04.04-14.27.42:395][  0]LogTemp: Display: Loaded TP Android_PVRTCTargetPlatform
[2018.04.04-14.27.42:436][  0]LogTemp: Display: Loaded TP AndroidTargetPlatform
[2018.04.04-14.27.42:465][  0]LogTemp: Display: Loaded TP HTML5TargetPlatform
[2018.04.04-14.27.42:540][  0]LogTemp: Display: Loaded TP IOSTargetPlatform
[2018.04.04-14.27.42:565][  0]LogTemp: Display: Loaded TP TVOSTargetPlatform
[2018.04.04-14.27.42:605][  0]LogTemp: Display: Loaded TP LinuxClientTargetPlatform
[2018.04.04-14.27.42:645][  0]LogTemp: Display: Loaded TP LinuxNoEditorTargetPlatform
[2018.04.04-14.27.42:687][  0]LogTemp: Display: Loaded TP LinuxServerTargetPlatform
[2018.04.04-14.27.42:737][  0]LogTemp: Display: Loaded TP LinuxTargetPlatform
[2018.04.04-14.27.42:737][  0]LogTargetPlatformManager: Display: Building Assets For Windows
[2018.04.04-14.27.43:084][  0]LogDerivedDataCache: Display: Max Cache Size: 512 MB
[2018.04.04-14.27.43:145][  0]LogDerivedDataCache: Loaded boot cache 0.06s 78MB D:/Profiles/bcm2463/AppData/Local/UnrealEngine/4.18/DerivedDataCache/Boot.ddc.
[2018.04.04-14.27.43:145][  0]LogDerivedDataCache: Display: Loaded Boot cache: D:/Profiles/bcm2463/AppData/Local/UnrealEngine/4.18/DerivedDataCache/Boot.ddc
[2018.04.04-14.27.43:145][  0]LogDerivedDataCache: FDerivedDataBackendGraph:  Pak pak cache file Z:/IGMProfile/Desktop/GitHub/MeteorVR/Meteor/DerivedDataCache/DDC.ddp not found, will not use a pak cache.
[2018.04.04-14.27.43:145][  0]LogDerivedDataCache: Unable to find inner node Pak for hierarchical cache Hierarchy.
[2018.04.04-14.27.43:146][  0]LogDerivedDataCache: FDerivedDataBackendGraph:  CompressedPak pak cache file Z:/IGMProfile/Desktop/GitHub/MeteorVR/Meteor/DerivedDataCache/Compressed.ddp not found, will not use a pak cache.
[2018.04.04-14.27.43:146][  0]LogDerivedDataCache: Unable to find inner node CompressedPak for hierarchical cache Hierarchy.
[2018.04.04-14.27.43:161][  0]LogDerivedDataCache: Display: Pak cache opened for reading ../../../Engine/DerivedDataCache/Compressed.ddp.
[2018.04.04-14.27.43:173][  0]LogDerivedDataCache: Using Local data cache path D:/Profiles/bcm2463/AppData/Local/UnrealEngine/Common/DerivedDataCache: Writable
[2018.04.04-14.27.43:182][  0]LogMaterial: Verifying Global Shaders for PCD3D_SM5
[2018.04.04-14.27.43:182][  0]LogSlate: Using Freetype 2.6.0
[2018.04.04-14.27.43:182][  0]LogSlate: SlateFontCache - WITH_FREETYPE: 1, WITH_HARFBUZZ: 1
[2018.04.04-14.27.43:182][  0]LogSlate: SlateFontCache - WITH_FREETYPE: 1, WITH_HARFBUZZ: 1
[2018.04.04-14.27.43:502][  0]LogInit: Selected Device Profile: [Windows]
[2018.04.04-14.27.43:775][  0]LogSimplygon: Simplygon DLL not present - disabling.
[2018.04.04-14.27.43:807][  0]LogMeshReduction: Using SimplygonSwarm for distributed automatic mesh merging
[2018.04.04-14.27.43:808][  0]LogMeshReduction: Using QuadricMeshReduction for automatic static mesh reduction
[2018.04.04-14.27.43:808][  0]LogMeshReduction: No automatic skeletal mesh reduction module available
[2018.04.04-14.27.43:808][  0]LogMeshReduction: No automatic mesh merging module available
[2018.04.04-14.27.43:808][  0]LogMeshMerging: No automatic mesh merging module available
[2018.04.04-14.27.43:832][  0]LogNetVersion: Meteor , NetCL: 3709383, EngineNetVer: 2, GameNetVer: 0 (Checksum: 2481781071)
[2018.04.04-14.27.43:979][  0]LogAssetRegistry: FAssetRegistry took 0.0294 seconds to start up
[2018.04.04-14.27.45:190][  0]LogPackageLocalizationCache: Processed 7 localized package path(s) for 2 prioritized culture(s) in 0.740559 seconds
[2018.04.04-14.27.45:198][  0]LogUObjectArray: 35900 objects as part of root set at end of initial load.
[2018.04.04-14.27.45:198][  0]LogUObjectAllocator: 7372016 out of 0 bytes used by permanent object pool.
[2018.04.04-14.27.45:198][  0]LogUObjectArray: CloseDisregardForGC: 0/0 objects in disregard for GC pool
[2018.04.04-14.27.45:258][  0]LogInit: WinSock: version 1.1 (2.2), MaxSocks=32767, MaxUdp=65467
[2018.04.04-14.27.47:395][  0]LogTcpMessaging: Initializing TcpMessaging bridge
[2018.04.04-14.27.47:431][  0]LogUdpMessaging: Initializing bridge on interface 0.0.0.0:0 to multicast group 230.0.0.1:6666.
[2018.04.04-14.27.47:431][  0]LogDirectoryWatcher: A directory notification failed for 'Z:/IGMProfile/Desktop/GitHub/MeteorVR/Meteor/Content/' because it was empty or there was a buffer overflow. Attemping another request...
[2018.04.04-14.27.48:014][  0]LogMaterial: Uniform references updated for custom material expression Custom.
[2018.04.04-14.27.48:429][  0]SourceControl: Source control is disabled
[2018.04.04-14.27.48:429][  0]SourceControl: Source control is disabled
[2018.04.04-14.27.48:471][  0]SourceControl: Source control is disabled
[2018.04.04-14.27.48:510][  0]SourceControl: Source control is disabled
[2018.04.04-14.27.49:136][  0]LogAndroidPermission: UAndroidPermissionCallbackProxy::GetInstance
[2018.04.04-14.27.49:345][  0]LogOcInput: OculusInput pre-init called
[2018.04.04-14.27.49:575][  0]LogEngine: Initializing Engine...
[2018.04.04-14.27.49:577][  0]LogHMD: Failed to initialize OpenVR with code 110
[2018.04.04-14.27.49:756][  0]LogStats: UGameplayTagsManager::ConstructGameplayTagTree: Construct from data asset -  0.000 s
[2018.04.04-14.27.49:756][  0]LogStats: UGameplayTagsManager::ConstructGameplayTagTree: GameplayTagTreeChangedEvent.Broadcast -  0.000 s
[2018.04.04-14.27.49:853][  0]LogAIModule: Creating AISystem for world Untitled
[2018.04.04-14.27.49:864][  0]LogInit: XAudio2 using 'Digital Audio (S/PDIF) (2- High Definition Audio Device)' : 2 channels at 48 kHz using 16 bits per sample (channel mask 0x3)
[2018.04.04-14.27.49:883][  0]LogInit: FAudioDevice initialized.
[2018.04.04-14.27.49:958][  0]LogDerivedDataCache: Saved boot cache 0.07s 78MB D:/Profiles/bcm2463/AppData/Local/UnrealEngine/4.18/DerivedDataCache/Boot.ddc.
[2018.04.04-14.27.49:976][  0]LogInit: Texture streaming: Enabled
[2018.04.04-14.27.50:051][  0]LogEngineSessionManager: EngineSessionManager initialized
[2018.04.04-14.27.50:195][  0]LogInit: Transaction tracking system initialized
[2018.04.04-14.27.50:447][  0]BlueprintLog: New page: Editor Load
[2018.04.04-14.27.51:277][  0]LocalizationService: Localization service is disabled
[2018.04.04-14.27.52:237][  0]LogConsoleResponse: Display: 
[2018.04.04-14.27.52:468][  0]LogCook: Display: Max memory allowance for cook 16384mb min free memory 0mb
[2018.04.04-14.27.52:468][  0]LogCook: Display: Mobile HDR setting 1
[2018.04.04-14.27.52:468][  0]LogGameplayTags: Display: UGameplayTagsManager::DoneAddingNativeTags. DelegateIsBound: 0
[2018.04.04-14.27.53:546][  0]LogFileCache: Scanning file cache for directory 'Z:/IGMProfile/Desktop/GitHub/MeteorVR/Meteor/Content/' took 0.13s
[2018.04.04-14.27.53:588][  0]SourceControl: Source control is disabled
[2018.04.04-14.27.53:588][  0]Cmd: MAP LOAD FILE="Z:/IGMProfile/Desktop/GitHub/MeteorVR/Meteor/Content/Content/Maps/TestMaps/CombinationTesting.umap" TEMPLATE=0 SHOWPROGRESS=1 FEATURELEVEL=3
[2018.04.04-14.27.53:588][  0]LightingResults: New page: Lighting Build
[2018.04.04-14.27.53:626][  0]MapCheck: New page: Map Check
[2018.04.04-14.27.53:626][  0]LightingResults: New page: Lighting Build
[2018.04.04-14.27.55:783][  0]LogAIModule: Creating AISystem for world CombinationTesting
[2018.04.04-14.27.55:794][  0]LogEditorServer: Finished looking for orphan Actors (0.000 secs)
[2018.04.04-14.27.55:817][  0]Cmd: MAP CHECKDEP NOCLEARLOG
[2018.04.04-14.27.55:884][  0]MapCheck: Map check complete: 0 Error(s), 0 Warning(s), took 66.219ms to complete.
[2018.04.04-14.27.55:884][  0]LogFileHelpers: Loading map 'CombinationTesting' took 2.296
[2018.04.04-14.27.56:013][  0]LogCollectionManager: Loaded 0 collections in 0.003092 seconds
[2018.04.04-14.27.56:094][  0]LogFileCache: Scanning file cache for directory 'Z:/IGMProfile/Desktop/GitHub/MeteorVR/Meteor/Saved/Collections/' took 0.01s
[2018.04.04-14.27.56:094][  0]LogFileCache: Scanning file cache for directory 'Z:/IGMProfile/Desktop/GitHub/MeteorVR/Meteor/Content/Developers/bcm2463/Collections/' took 0.01s
[2018.04.04-14.27.56:094][  0]LogFileCache: Scanning file cache for directory 'Z:/IGMProfile/Desktop/GitHub/MeteorVR/Meteor/Content/Collections/' took 0.01s
[2018.04.04-14.27.56:094][  0]LogCollectionManager: Rebuilt the GUID cache for 0 collections in 0.000000 seconds
[2018.04.04-14.27.56:102][  0]LogContentBrowser: Native class hierarchy populated in 0.0072 seconds. Added 2363 classes and 519 folders.
[2018.04.04-14.27.56:149][  0]LogContentBrowser: Native class hierarchy updated for 'WidgetCarousel' in 0.0002 seconds. Added 0 classes and 0 folders.
[2018.04.04-14.27.56:183][  0]LogContentBrowser: Native class hierarchy updated for 'AddContentDialog' in 0.0002 seconds. Added 0 classes and 0 folders.
[2018.04.04-14.27.56:217][  0]LogContentBrowser: Native class hierarchy updated for 'SceneOutliner' in 0.0002 seconds. Added 1 classes and 2 folders.
[2018.04.04-14.27.56:233][  0]LogSlate: Took 0.000222 seconds to synchronously load lazily loaded font '../../../Engine/Content/Slate/Fonts/Roboto-Regular.ttf' (155K)
[2018.04.04-14.27.56:236][  0]LogSlate: Took 0.000222 seconds to synchronously load lazily loaded font '../../../Engine/Content/Slate/Fonts/Roboto-Bold.ttf' (160K)
[2018.04.04-14.27.56:244][  0]LogSlate: Took 0.000232 seconds to synchronously load lazily loaded font '../../../Engine/Content/Editor/Slate/Fonts/FontAwesome.ttf' (139K)
[2018.04.04-14.27.56:333][  0]LogRenderer: Reallocating scene render targets to support 960x556 Format 10 NumSamples 1 (Frame:1).
[2018.04.04-14.27.56:480][  0]LogContentBrowser: Native class hierarchy updated for 'HierarchicalLODOutliner' in 0.0002 seconds. Added 1 classes and 2 folders.
[2018.04.04-14.27.56:480][  0]LogLoad: (Engine Initialization) Total time: 18.78 seconds
[2018.04.04-14.27.56:480][  0]LogLoad: (Engine Initialization) Total Blueprint compile time: 0.00 seconds
[2018.04.04-14.27.56:480][  0]LogExternalProfiler: Found external profiler: VSPerf
[2018.04.04-14.27.56:480][  0]LogExternalProfiler: Using external profiler: VSPerf
[2018.04.04-14.27.56:851][  0]LogDirectoryWatcher: A directory notification failed for 'Z:/IGMProfile/Desktop/GitHub/MeteorVR/Meteor/Content/' because it was empty or there was a buffer overflow. Attemping another request...
[2018.04.04-14.27.56:852][  0]LogDirectoryWatcher: A directory notification failed for 'Z:/IGMProfile/Desktop/GitHub/MeteorVR/Meteor/Content/', and we were unable to create a new request.
[2018.04.04-14.27.56:852][  0]LogDirectoryWatcher: A directory notification failed for 'Z:/IGMProfile/Desktop/GitHub/MeteorVR/Meteor/Saved/Collections/' because it was empty or there was a buffer overflow. Attemping another request...
[2018.04.04-14.27.56:852][  0]LogDirectoryWatcher: A directory notification failed for 'Z:/IGMProfile/Desktop/GitHub/MeteorVR/Meteor/Content/Developers/bcm2463/Collections/' because it was empty or there was a buffer overflow. Attemping another request...
[2018.04.04-14.27.56:852][  0]LogDirectoryWatcher: A directory notification failed for 'Z:/IGMProfile/Desktop/GitHub/MeteorVR/Meteor/Content/Collections/' because it was empty or there was a buffer overflow. Attemping another request...
[2018.04.04-14.27.56:853][  0]LogContentStreaming: Texture pool size now 1000 MB
[2018.04.04-14.27.56:869][  0]LogSlate: Took 0.000191 seconds to synchronously load lazily loaded font '../../../Engine/Content/Slate/Fonts/Roboto-Light.ttf' (159K)
[2018.04.04-14.27.57:153][  1]LogFileCache: Retrieving MD5 hashes for directory 'Z:/IGMProfile/Desktop/GitHub/MeteorVR/Meteor/Content/' took 0.32s
[2018.04.04-14.27.57:166][  1]LogAssetRegistry: Asset discovery search completed in 13.2090 seconds
[2018.04.04-14.27.57:168][  1]LogCollectionManager: Rebuilt the object cache for 0 collections in 0.000001 seconds (found 0 objects)
[2018.04.04-14.27.57:168][  1]LogCollectionManager: Fixed up redirectors for 0 collections in 0.000051 seconds (updated 0 objects)
[2018.04.04-14.27.57:168][  1]LogDirectoryWatcher: A directory notification failed for 'Z:/IGMProfile/Desktop/GitHub/MeteorVR/Meteor/Content/Developers/bcm2463/Collections/' because it was empty or there was a buffer overflow. Attemping another request...
[2018.04.04-14.27.57:170][  1]LogDirectoryWatcher: A directory notification failed for 'Z:/IGMProfile/Desktop/GitHub/MeteorVR/Meteor/Content/Developers/bcm2463/Collections/', and we were unable to create a new request.
[2018.04.04-14.27.57:170][  1]LogDirectoryWatcher: A directory notification failed for 'Z:/IGMProfile/Desktop/GitHub/MeteorVR/Meteor/Saved/Collections/' because it was empty or there was a buffer overflow. Attemping another request...
[2018.04.04-14.27.57:170][  1]LogDirectoryWatcher: A directory notification failed for 'Z:/IGMProfile/Desktop/GitHub/MeteorVR/Meteor/Saved/Collections/', and we were unable to create a new request.
[2018.04.04-14.27.57:170][  1]LogDirectoryWatcher: A directory notification failed for 'Z:/IGMProfile/Desktop/GitHub/MeteorVR/Meteor/Content/Collections/' because it was empty or there was a buffer overflow. Attemping another request...
[2018.04.04-14.27.57:171][  1]LogDirectoryWatcher: A directory notification failed for 'Z:/IGMProfile/Desktop/GitHub/MeteorVR/Meteor/Content/Collections/', and we were unable to create a new request.
[2018.04.04-14.27.57:823][  3]LogSlate: Took 0.000320 seconds to synchronously load lazily loaded font '../../../Engine/Content/Slate/Fonts/Roboto-Light.ttf' (159K)
[2018.04.04-14.28.18:512][ 65]LogSlate: Took 0.000191 seconds to synchronously load lazily loaded font '../../../Engine/Content/Slate/Fonts/Roboto-Light.ttf' (159K)
[2018.04.04-14.28.18:791][ 65]LogContentBrowser: Native class hierarchy updated for 'BlueprintGraph' in 0.0010 seconds. Added 116 classes and 0 folders.
[2018.04.04-14.28.19:843][ 65]LogSlate: Took 0.000196 seconds to synchronously load lazily loaded font '../../../Engine/Content/Editor/Slate/Fonts/Roboto-BoldCondensed.ttf' (158K)
[2018.04.04-14.28.19:905][ 66]LogSlate: Took 0.000334 seconds to synchronously load lazily loaded font '../../../Engine/Content/Editor/Slate/Fonts/Roboto-Italic.ttf' (157K)
[2018.04.04-14.28.51:861][850]Cmd: OBJ SAVEPACKAGE PACKAGE="/Game/Content/Blueprints/BP_Rock" FILE="Z:/IGMProfile/Desktop/GitHub/MeteorVR/Meteor/Content/Content/Blueprints/BP_Rock.uasset" SILENT=true
[2018.04.04-14.28.52:467][850]LogSavePackage: Save=183.64ms
[2018.04.04-14.28.52:467][850]LogSavePackage: Moving 'Z:/IGMProfile/Desktop/GitHub/MeteorVR/Meteor/Saved/BP_RockEB7ADE8E4B8C25EDB66E288E452A873A.tmp' to 'Z:/IGMProfile/Desktop/GitHub/MeteorVR/Meteor/Content/Content/Blueprints/BP_Rock.uasset'
[2018.04.04-14.28.52:501][850]LogSavePackage: Display: Finished SavePackage Z:/IGMProfile/Desktop/GitHub/MeteorVR/Meteor/Content/Content/Blueprints/BP_Rock.uasset
[2018.04.04-14.30.16:671][887]Cmd: OBJ SAVEPACKAGE PACKAGE="/Game/Content/Blueprints/BP_ItemCombination" FILE="Z:/IGMProfile/Desktop/GitHub/MeteorVR/Meteor/Content/Content/Blueprints/BP_ItemCombination.uasset" SILENT=true
[2018.04.04-14.30.17:604][887]LogSavePackage: Save=443.06ms
[2018.04.04-14.30.17:604][887]LogSavePackage: Moving 'Z:/IGMProfile/Desktop/GitHub/MeteorVR/Meteor/Saved/BP_ItemCombinationC3369BF848683F642377B2909B1029C9.tmp' to 'Z:/IGMProfile/Desktop/GitHub/MeteorVR/Meteor/Content/Content/Blueprints/BP_ItemCombination.uasset'
[2018.04.04-14.30.17:639][887]LogSavePackage: Display: Finished SavePackage Z:/IGMProfile/Desktop/GitHub/MeteorVR/Meteor/Content/Content/Blueprints/BP_ItemCombination.uasset
[2018.04.04-14.30.17:989][927]BlueprintLog: New page: Compile BP_ItemCombination
[2018.04.04-14.30.18:090][927]LogActorComponent: RegisterComponentWithWorld: Owner belongs to a DEADCLASS
[2018.04.04-14.30.18:090][927]LogActorComponent: RegisterComponentWithWorld: Owner belongs to a DEADCLASS
[2018.04.04-14.30.18:090][927]LogActorComponent: RegisterComponentWithWorld: Owner belongs to a DEADCLASS
[2018.04.04-14.30.18:090][927]LogActorComponent: RegisterComponentWithWorld: Owner belongs to a DEADCLASS
[2018.04.04-14.30.18:090][927]LogActorComponent: RegisterComponentWithWorld: Owner belongs to a DEADCLASS
[2018.04.04-14.30.18:090][927]LogActorComponent: RegisterComponentWithWorld: Owner belongs to a DEADCLASS
[2018.04.04-14.30.18:090][927]LogActorComponent: RegisterComponentWithWorld: Owner belongs to a DEADCLASS
[2018.04.04-14.30.21:190][208]Cmd: OBJ SAVEPACKAGE PACKAGE="/Game/Content/Blueprints/BP_Rock" FILE="Z:/IGMProfile/Desktop/GitHub/MeteorVR/Meteor/Content/Content/Blueprints/BP_Rock.uasset" SILENT=true
[2018.04.04-14.30.21:805][208]LogSavePackage: Save=192.60ms
[2018.04.04-14.30.21:805][208]LogSavePackage: Moving 'Z:/IGMProfile/Desktop/GitHub/MeteorVR/Meteor/Saved/BP_RockF25F28084B17D8F9B55639B7F3735C5E.tmp' to 'Z:/IGMProfile/Desktop/GitHub/MeteorVR/Meteor/Content/Content/Blueprints/BP_Rock.uasset'
[2018.04.04-14.30.21:849][208]LogSavePackage: Display: Finished SavePackage Z:/IGMProfile/Desktop/GitHub/MeteorVR/Meteor/Content/Content/Blueprints/BP_Rock.uasset
[2018.04.04-14.30.23:156][365]BlueprintLog: New page: Compile BP_Rock
[2018.04.04-14.30.26:858][638]LogSavePackage: Save=499.93ms
[2018.04.04-14.30.26:858][638]LogSavePackage: Moving 'Z:/IGMProfile/Desktop/GitHub/MeteorVR/Meteor/Saved/CombinationTesting00CB366946FA556D2CCF9FAD44D4B40B.tmp' to 'Z:/IGMProfile/Desktop/GitHub/MeteorVR/Meteor/Content/Content/Maps/TestMaps/CombinationTesting.umap'
[2018.04.04-14.30.26:929][638]LogSavePackage: Display: Finished SavePackage Z:/IGMProfile/Desktop/GitHub/MeteorVR/Meteor/Content/Content/Maps/TestMaps/CombinationTesting.umap
[2018.04.04-14.30.27:545][638]LogSavePackage: Save=131.34ms
[2018.04.04-14.30.27:545][638]LogSavePackage: Moving 'Z:/IGMProfile/Desktop/GitHub/MeteorVR/Meteor/Saved/CombinationTesting_BuiltData097A3F0644FDF7812E7641874BF2A60C.tmp' to 'Z:/IGMProfile/Desktop/GitHub/MeteorVR/Meteor/Content/Content/Maps/TestMaps/CombinationTesting_BuiltData.uasset'
[2018.04.04-14.30.27:652][638]LogSavePackage: Display: Finished SavePackage Z:/IGMProfile/Desktop/GitHub/MeteorVR/Meteor/Content/Content/Maps/TestMaps/CombinationTesting_BuiltData.uasset
[2018.04.04-14.30.27:652][638]LogSlate: Took 0.000199 seconds to synchronously load lazily loaded font '../../../Engine/Content/Slate/Fonts/Roboto-Regular.ttf' (155K)
[2018.04.04-14.30.38:728][697]Cmd: OBJ SAVEPACKAGE PACKAGE="/Game/Content/Blueprints/BP_Rib" FILE="Z:/IGMProfile/Desktop/GitHub/MeteorVR/Meteor/Content/Content/Blueprints/BP_Rib.uasset" SILENT=true
[2018.04.04-14.30.39:343][697]LogSavePackage: Save=183.62ms
[2018.04.04-14.30.39:343][697]LogSavePackage: Moving 'Z:/IGMProfile/Desktop/GitHub/MeteorVR/Meteor/Saved/BP_RibDAC4B01549BFDC6E5062AAB94DD47F4B.tmp' to 'Z:/IGMProfile/Desktop/GitHub/MeteorVR/Meteor/Content/Content/Blueprints/BP_Rib.uasset'
[2018.04.04-14.30.39:393][697]LogSavePackage: Display: Finished SavePackage Z:/IGMProfile/Desktop/GitHub/MeteorVR/Meteor/Content/Content/Blueprints/BP_Rib.uasset
[2018.04.04-14.30.39:759][741]BlueprintLog: New page: Compile BP_Rib
[2018.04.04-14.31.36:073][295]LogSavePackage: Save=479.19ms
[2018.04.04-14.31.36:074][295]LogSavePackage: Moving 'Z:/IGMProfile/Desktop/GitHub/MeteorVR/Meteor/Saved/CombinationTestingA93D251B411263199885E3B85A009A05.tmp' to 'Z:/IGMProfile/Desktop/GitHub/MeteorVR/Meteor/Content/Content/Maps/TestMaps/CombinationTesting.umap'
[2018.04.04-14.31.36:141][295]LogSavePackage: Display: Finished SavePackage Z:/IGMProfile/Desktop/GitHub/MeteorVR/Meteor/Content/Content/Maps/TestMaps/CombinationTesting.umap
[2018.04.04-14.31.36:698][295]LogSavePackage: Save=83.80ms
[2018.04.04-14.31.36:698][295]LogSavePackage: Moving 'Z:/IGMProfile/Desktop/GitHub/MeteorVR/Meteor/Saved/CombinationTesting_BuiltDataB3B88033428085577B144A925BAAB61A.tmp' to 'Z:/IGMProfile/Desktop/GitHub/MeteorVR/Meteor/Content/Content/Maps/TestMaps/CombinationTesting_BuiltData.uasset'
[2018.04.04-14.31.36:758][295]LogSavePackage: Display: Finished SavePackage Z:/IGMProfile/Desktop/GitHub/MeteorVR/Meteor/Content/Content/Maps/TestMaps/CombinationTesting_BuiltData.uasset
[2018.04.04-14.32.40:496][905]LogWindows: LaunchURL http://docs.unrealengine.com/latest/INT/Engine/Actors/StaticMeshActor/index.html?utm_source=editor&utm_medium=docs&utm_campaign=doc_anchors
[2018.04.04-14.32.46:407][292]LogTemp: Repeating last play command: Simulate
[2018.04.04-14.32.46:770][292]LogPlayLevel: PlayLevel: No blueprints needed recompiling
[2018.04.04-14.32.46:770][292]PIE: New page: SIE session: CombinationTesting (Apr 4, 2018, 6:32:46 AM)
[2018.04.04-14.32.46:770][292]LogPlayLevel: Creating play world package: /Game/Content/Maps/TestMaps/UEDPIE_0_CombinationTesting
[2018.04.04-14.32.46:776][292]LogPlayLevel: PIE: StaticDuplicateObject took: (0.005716s)
[2018.04.04-14.32.46:776][292]LogAIModule: Creating AISystem for world CombinationTesting
[2018.04.04-14.32.46:777][292]LogPlayLevel: PIE: World Init took: (0.000903s)
[2018.04.04-14.32.46:777][292]LogPlayLevel: PIE: Created PIE world by copying editor world from /Game/Content/Maps/TestMaps/CombinationTesting.CombinationTesting to /Game/Content/Maps/TestMaps/UEDPIE_0_CombinationTesting.CombinationTesting (0.006942s)
[2018.04.04-14.32.46:801][292]LogInit: XAudio2 using 'Digital Audio (S/PDIF) (2- High Definition Audio Device)' : 2 channels at 48 kHz using 16 bits per sample (channel mask 0x3)
[2018.04.04-14.32.46:808][292]LogInit: FAudioDevice initialized.
[2018.04.04-14.32.46:852][292]LogLoad: Game class is 'GameModeBase'
[2018.04.04-14.32.46:855][292]LogWorld: Bringing World /Game/Content/Maps/TestMaps/UEDPIE_0_CombinationTesting.CombinationTesting up for play (max tick rate 0) at 2018.04.04-10.32.46
[2018.04.04-14.32.46:855][292]LogWorld: Bringing up level for play took: 0.002702
[2018.04.04-14.32.46:856][292]LogGameMode: FindPlayerStart: PATHS NOT DEFINED or NO PLAYERSTART with positive rating
[2018.04.04-14.32.46:906][292]LogContentBrowser: Native class hierarchy updated for 'MovieSceneCapture' in 0.0007 seconds. Added 11 classes and 0 folders.
[2018.04.04-14.32.46:911][292]PIE: Play in editor start time for /Game/Content/Maps/TestMaps/UEDPIE_0_CombinationTesting 0.435
[2018.04.04-14.35.51:395][204]Cmd: OBJ SAVEPACKAGE PACKAGE="/Game/Content/Blueprints/BP_ItemCombination" FILE="Z:/IGMProfile/Desktop/GitHub/MeteorVR/Meteor/Content/Content/Blueprints/BP_ItemCombination.uasset" SILENT=true
[2018.04.04-14.35.52:347][204]LogSavePackage: Save=466.06ms
[2018.04.04-14.35.52:347][204]LogSavePackage: Moving 'Z:/IGMProfile/Desktop/GitHub/MeteorVR/Meteor/Saved/BP_ItemCombination07E1584345F5802EFE15D08CF1EF54D2.tmp' to 'Z:/IGMProfile/Desktop/GitHub/MeteorVR/Meteor/Content/Content/Blueprints/BP_ItemCombination.uasset'
[2018.04.04-14.35.52:385][204]LogSavePackage: Display: Finished SavePackage Z:/IGMProfile/Desktop/GitHub/MeteorVR/Meteor/Content/Content/Blueprints/BP_ItemCombination.uasset
[2018.04.04-14.37.59:370][426]Cmd: TRANSACTION UNDO
[2018.04.04-14.37.59:370][426]LogEditorTransaction: Undo Delete current selection
[2018.04.04-14.38.53:721][927]Cmd: OBJ SAVEPACKAGE PACKAGE="/Game/Content/Blueprints/BP_ItemCombination" FILE="Z:/IGMProfile/Desktop/GitHub/MeteorVR/Meteor/Content/Content/Blueprints/BP_ItemCombination.uasset" SILENT=true
[2018.04.04-14.38.54:594][927]LogSavePackage: Save=443.53ms
[2018.04.04-14.38.54:594][927]LogSavePackage: Moving 'Z:/IGMProfile/Desktop/GitHub/MeteorVR/Meteor/Saved/BP_ItemCombination4D82FD034650DC2E02598E9A77CD8BD5.tmp' to 'Z:/IGMProfile/Desktop/GitHub/MeteorVR/Meteor/Content/Content/Blueprints/BP_ItemCombination.uasset'
[2018.04.04-14.38.54:628][927]LogSavePackage: Display: Finished SavePackage Z:/IGMProfile/Desktop/GitHub/MeteorVR/Meteor/Content/Content/Blueprints/BP_ItemCombination.uasset
[2018.04.04-14.38.55:073][980]BlueprintLog: New page: Compile BP_ItemCombination
[2018.04.04-14.39.00:927][522]LogSavePackage: Save=462.18ms
[2018.04.04-14.39.00:928][522]LogSavePackage: Moving 'Z:/IGMProfile/Desktop/GitHub/MeteorVR/Meteor/Saved/CombinationTestingC7FD066240B4893E8B00418B0DB0AE70.tmp' to 'Z:/IGMProfile/Desktop/GitHub/MeteorVR/Meteor/Content/Content/Maps/TestMaps/CombinationTesting.umap'
[2018.04.04-14.39.01:006][522]LogSavePackage: Display: Finished SavePackage Z:/IGMProfile/Desktop/GitHub/MeteorVR/Meteor/Content/Content/Maps/TestMaps/CombinationTesting.umap
[2018.04.04-14.39.01:065][522]LogFileHelpers: Saving map 'CombinationTesting' took 1.286
[2018.04.04-14.39.07:479][285]LogTemp: Repeating last play command: Simulate
[2018.04.04-14.39.07:501][285]LogPlayLevel: PlayLevel: No blueprints needed recompiling
[2018.04.04-14.39.07:501][285]PIE: New page: SIE session: CombinationTesting (Apr 4, 2018, 6:39:07 AM)
[2018.04.04-14.39.07:501][285]LogPlayLevel: Creating play world package: /Game/Content/Maps/TestMaps/UEDPIE_0_CombinationTesting
[2018.04.04-14.39.07:507][285]LogPlayLevel: PIE: StaticDuplicateObject took: (0.005729s)
[2018.04.04-14.39.07:507][285]LogAIModule: Creating AISystem for world CombinationTesting
[2018.04.04-14.39.07:508][285]LogPlayLevel: PIE: World Init took: (0.000738s)
[2018.04.04-14.39.07:508][285]LogPlayLevel: PIE: Created PIE world by copying editor world from /Game/Content/Maps/TestMaps/CombinationTesting.CombinationTesting to /Game/Content/Maps/TestMaps/UEDPIE_0_CombinationTesting.CombinationTesting (0.006761s)
[2018.04.04-14.39.07:531][285]LogInit: XAudio2 using 'Digital Audio (S/PDIF) (2- High Definition Audio Device)' : 2 channels at 48 kHz using 16 bits per sample (channel mask 0x3)
[2018.04.04-14.39.07:538][285]LogInit: FAudioDevice initialized.
[2018.04.04-14.39.07:571][285]LogLoad: Game class is 'GameModeBase'
[2018.04.04-14.39.07:574][285]LogWorld: Bringing World /Game/Content/Maps/TestMaps/UEDPIE_0_CombinationTesting.CombinationTesting up for play (max tick rate 0) at 2018.04.04-10.39.07
[2018.04.04-14.39.07:574][285]LogWorld: Bringing up level for play took: 0.002403
[2018.04.04-14.39.07:575][285]LogGameMode: FindPlayerStart: PATHS NOT DEFINED or NO PLAYERSTART with positive rating
[2018.04.04-14.39.07:579][285]PIE: Play in editor start time for /Game/Content/Maps/TestMaps/UEDPIE_0_CombinationTesting -0.889
[2018.04.04-14.39.10:680][552]LogEditorViewport: Clicking on Actor (LMB): BP_Rock_C (BP_Rock)
[2018.04.04-14.39.16:528][977]LogEditorViewport: Clicking on Actor (LMB): BP_Rib_C (BP_Rib)
[2018.04.04-14.39.22:244][429]PIE: Warning: Attempting to move a fully simulated skeletal mesh SkeletalMeshComponent0. Please use the Teleport flag
[2018.04.04-14.39.23:962][573]LogEditorViewport: Clicking on Actor (LMB): StaticMeshActor (Table3)
[2018.04.04-14.39.25:160][692]LogEditorViewport: Clicking on Actor (LMB): StaticMeshActor (Table3)
[2018.04.04-14.39.25:926][769]LogEditorViewport: Clicking on Actor (LMB): BP_FishingRod_C (BP_FishingRod)
[2018.04.04-14.40.23:099][438]Cmd: OBJ SAVEPACKAGE PACKAGE="/Game/Content/Blueprints/BP_ItemCombination" FILE="Z:/IGMProfile/Desktop/GitHub/MeteorVR/Meteor/Content/Content/Blueprints/BP_ItemCombination.uasset" SILENT=true
[2018.04.04-14.40.24:063][438]LogSavePackage: Save=463.79ms
[2018.04.04-14.40.24:063][438]LogSavePackage: Moving 'Z:/IGMProfile/Desktop/GitHub/MeteorVR/Meteor/Saved/BP_ItemCombination1759E30443DBDFC89254A796C1790011.tmp' to 'Z:/IGMProfile/Desktop/GitHub/MeteorVR/Meteor/Content/Content/Blueprints/BP_ItemCombination.uasset'
[2018.04.04-14.40.24:100][438]LogSavePackage: Display: Finished SavePackage Z:/IGMProfile/Desktop/GitHub/MeteorVR/Meteor/Content/Content/Blueprints/BP_ItemCombination.uasset
[2018.04.04-14.40.24:466][482]BlueprintLog: New page: Compile BP_ItemCombination
[2018.04.04-14.40.27:345][692]LogSavePackage: Save=516.12ms
[2018.04.04-14.40.27:345][692]LogSavePackage: Moving 'Z:/IGMProfile/Desktop/GitHub/MeteorVR/Meteor/Saved/CombinationTestingF30E904340966A68B954FDA03AFE3F39.tmp' to 'Z:/IGMProfile/Desktop/GitHub/MeteorVR/Meteor/Content/Content/Maps/TestMaps/CombinationTesting.umap'
[2018.04.04-14.40.27:410][692]LogSavePackage: Display: Finished SavePackage Z:/IGMProfile/Desktop/GitHub/MeteorVR/Meteor/Content/Content/Maps/TestMaps/CombinationTesting.umap
[2018.04.04-14.40.28:059][692]LogSavePackage: Save=88.30ms
[2018.04.04-14.40.28:059][692]LogSavePackage: Moving 'Z:/IGMProfile/Desktop/GitHub/MeteorVR/Meteor/Saved/CombinationTesting_BuiltDataB2FEA981422CB8E06921FAAA4CF15AFB.tmp' to 'Z:/IGMProfile/Desktop/GitHub/MeteorVR/Meteor/Content/Content/Maps/TestMaps/CombinationTesting_BuiltData.uasset'
[2018.04.04-14.40.28:126][692]LogSavePackage: Display: Finished SavePackage Z:/IGMProfile/Desktop/GitHub/MeteorVR/Meteor/Content/Content/Maps/TestMaps/CombinationTesting_BuiltData.uasset
[2018.04.04-14.44.33:536][335]LogActorComponent: UnregisterComponent: (/Engine/Transient.EditorFloorComp) Not registered. Aborting.
[2018.04.04-14.44.33:584][335]LogWindowsTextInputMethodSystem: Display: IME system now deactivated.
[2018.04.04-14.44.33:767][336]Cmd: QUIT_EDITOR
[2018.04.04-14.44.34:093][336]LogExit: Preparing to exit.
[2018.04.04-14.44.34:868][336]LogExit: Editor shut down
[2018.04.04-14.44.34:872][336]LogExit: Transaction tracking system shut down
[2018.04.04-14.44.35:488][336]LogDirectoryWatcher: A directory notification for '../../../Engine/Content/' was aborted.
[2018.04.04-14.44.35:488][336]LogDirectoryWatcher: A directory notification for '../../../Engine/Plugins/2D/Paper2D/Content/' was aborted.
[2018.04.04-14.44.35:488][336]LogDirectoryWatcher: A directory notification for '../../../Engine/Plugins/Media/MediaCompositing/Content/' was aborted.
[2018.04.04-14.44.35:488][336]LogDirectoryWatcher: A directory notification for '../../../Engine/Plugins/Runtime/AppleARKit/Content/' was aborted.
[2018.04.04-14.44.35:488][336]LogDirectoryWatcher: A directory notification for '../../../Engine/Plugins/Runtime/Oculus/OculusVR/Content/' was aborted.
[2018.04.04-14.44.35:488][336]LogDirectoryWatcher: A directory notification for '../../../Engine/Plugins/Runtime/Steam/SteamVR/Content/' was aborted.
[2018.04.04-14.44.35:560][336]LogExit: Object subsystem successfully closed.
[2018.04.04-14.44.35:575][336]LogD3D11RHI: Shutdown
[2018.04.04-14.44.35:575][336]LogD3D11RHI: CleanupD3DDevice
[2018.04.04-14.44.35:577][336]LogD3D11RHI: ~FD3D11DynamicRHI
[2018.04.04-14.44.35:584][336]LogModuleManager: Shutting down and abandoning module MovieSceneCapture (552)
[2018.04.04-14.44.35:584][336]LogModuleManager: Shutting down and abandoning module BlueprintGraph (550)
[2018.04.04-14.44.35:584][336]LogModuleManager: Shutting down and abandoning module HierarchicalLODOutliner (548)
[2018.04.04-14.44.35:584][336]LogModuleManager: Shutting down and abandoning module SceneOutliner (546)
[2018.04.04-14.44.35:584][336]LogModuleManager: Shutting down and abandoning module AddContentDialog (544)
[2018.04.04-14.44.35:584][336]LogDirectoryWatcher: A directory notification for 'C:/Program Files/Epic Games/UE_4.18/FeaturePacks/' was aborted.
[2018.04.04-14.44.35:585][336]LogModuleManager: Shutting down and abandoning module WidgetCarousel (543)
[2018.04.04-14.44.35:585][336]LogModuleManager: Shutting down and abandoning module EditorWidgets (540)
[2018.04.04-14.44.35:585][336]LogModuleManager: Shutting down and abandoning module CollectionManager (538)
[2018.04.04-14.44.35:585][336]LogModuleManager: Shutting down and abandoning module StatsViewer (536)
[2018.04.04-14.44.35:585][336]LogModuleManager: Shutting down and abandoning module FoliageEdit (534)
[2018.04.04-14.44.35:585][336]LogModuleManager: Shutting down and abandoning module LandscapeEditor (532)
[2018.04.04-14.44.35:585][336]LogModuleManager: Shutting down and abandoning module MeshPaintMode (530)
[2018.04.04-14.44.35:585][336]LogModuleManager: Shutting down and abandoning module SceneDepthPickerMode (528)
[2018.04.04-14.44.35:585][336]LogModuleManager: Shutting down and abandoning module ActorPickerMode (526)
[2018.04.04-14.44.35:585][336]LogModuleManager: Shutting down and abandoning module GeometryMode (524)
[2018.04.04-14.44.35:585][336]LogModuleManager: Shutting down and abandoning module TextureAlignMode (522)
[2018.04.04-14.44.35:585][336]LogModuleManager: Shutting down and abandoning module BspMode (520)
[2018.04.04-14.44.35:585][336]LogModuleManager: Shutting down and abandoning module PIEPreviewDeviceProfileSelector (518)
[2018.04.04-14.44.35:585][336]LogModuleManager: Shutting down and abandoning module HardwareSurvey (516)
[2018.04.04-14.44.35:585][336]LogModuleManager: Shutting down and abandoning module SequenceRecorderSections (514)
[2018.04.04-14.44.35:585][336]LogModuleManager: Shutting down and abandoning module AutomationWorker (512)
[2018.04.04-14.44.35:585][336]LogModuleManager: Shutting down and abandoning module MatineeToLevelSequence (510)
[2018.04.04-14.44.35:585][336]LogModuleManager: Shutting down and abandoning module LevelSequenceEditor (508)
[2018.04.04-14.44.35:585][336]LogModuleManager: Shutting down and abandoning module PlacementMode (507)
[2018.04.04-14.44.35:585][336]LogModuleManager: Shutting down and abandoning module WmfMediaFactory (504)
[2018.04.04-14.44.35:585][336]LogModuleManager: Shutting down and abandoning module WmfMediaEditor (502)
[2018.04.04-14.44.35:585][336]LogModuleManager: Shutting down and abandoning module OpenExrWrapper (500)
[2018.04.04-14.44.35:585][336]LogModuleManager: Shutting down and abandoning module ImgMediaFactory (498)
[2018.04.04-14.44.35:585][336]LogModuleManager: Shutting down and abandoning module ImgMediaEditor (496)
[2018.04.04-14.44.35:585][336]LogModuleManager: Shutting down and abandoning module AvfMediaFactory (494)
[2018.04.04-14.44.35:585][336]LogModuleManager: Shutting down and abandoning module AvfMediaEditor (492)
[2018.04.04-14.44.35:585][336]LogModuleManager: Shutting down and abandoning module AndroidMediaFactory (490)
[2018.04.04-14.44.35:585][336]LogModuleManager: Shutting down and abandoning module AndroidMediaEditor (488)
[2018.04.04-14.44.35:585][336]LogModuleManager: Shutting down and abandoning module CharacterAI (486)
[2018.04.04-14.44.35:585][336]LogModuleManager: Shutting down and abandoning module AudioCapture (484)
[2018.04.04-14.44.35:585][336]LogModuleManager: Shutting down and abandoning module SequenceRecorder (483)
[2018.04.04-14.44.35:586][336]LogModuleManager: Shutting down and abandoning module SmartSnapping (480)
[2018.04.04-14.44.35:586][336]LogModuleManager: Shutting down and abandoning module SessionServices (478)
[2018.04.04-14.44.35:586][336]LogModuleManager: Shutting down and abandoning module ViewportSnapping (476)
[2018.04.04-14.44.35:586][336]LogModuleManager: Shutting down and abandoning module ViewportInteraction (474)
[2018.04.04-14.44.35:586][336]LogModuleManager: Shutting down and abandoning module ClothPainter (472)
[2018.04.04-14.44.35:586][336]LogModuleManager: Shutting down and abandoning module SkeletalMeshEditor (471)
[2018.04.04-14.44.35:586][336]LogModuleManager: Shutting down and abandoning module LogVisualizer (468)
[2018.04.04-14.44.35:586][336]LogModuleManager: Shutting down and abandoning module IntroTutorials (466)
[2018.04.04-14.44.35:586][336]LogModuleManager: Shutting down and abandoning module GameProjectGeneration (465)
[2018.04.04-14.44.35:586][336]LogModuleManager: Shutting down and abandoning module IOSPlatformEditor (462)
[2018.04.04-14.44.35:586][336]LogModuleManager: Shutting down and abandoning module HTML5PlatformEditor (460)
[2018.04.04-14.44.35:586][336]LogModuleManager: Shutting down and abandoning module AndroidPlatformEditor (458)
[2018.04.04-14.44.35:586][336]LogModuleManager: Shutting down and abandoning module AndroidDeviceDetection (457)
[2018.04.04-14.44.36:132][336]LogModuleManager: Shutting down and abandoning module WindowsPlatformEditor (454)
[2018.04.04-14.44.36:132][336]LogModuleManager: Shutting down and abandoning module IOSRuntimeSettings (452)
[2018.04.04-14.44.36:132][336]LogModuleManager: Shutting down and abandoning module AndroidRuntimeSettings (450)
[2018.04.04-14.44.36:132][336]LogModuleManager: Shutting down and abandoning module InputBindingEditor (448)
[2018.04.04-14.44.36:132][336]LogModuleManager: Shutting down and abandoning module MergeActors (446)
[2018.04.04-14.44.36:132][336]LogModuleManager: Shutting down and abandoning module SizeMap (444)
[2018.04.04-14.44.36:132][336]LogModuleManager: Shutting down and abandoning module TreeMap (442)
[2018.04.04-14.44.36:132][336]LogModuleManager: Shutting down and abandoning module ReferenceViewer (440)
[2018.04.04-14.44.36:132][336]LogModuleManager: Shutting down and abandoning module LocalizationDashboard (438)
[2018.04.04-14.44.36:132][336]LogModuleManager: Shutting down and abandoning module LocalizationService (437)
[2018.04.04-14.44.36:132][336]LogModuleManager: Shutting down and abandoning module HardwareTargeting (434)
[2018.04.04-14.44.36:132][336]LogModuleManager: Shutting down and abandoning module DeviceProfileEditor (432)
[2018.04.04-14.44.36:132][336]LogModuleManager: Shutting down and abandoning module UndoHistory (430)
[2018.04.04-14.44.36:132][336]LogModuleManager: Shutting down and abandoning module XmlParser (428)
[2018.04.04-14.44.36:132][336]LogModuleManager: Shutting down and abandoning module Blutility (426)
[2018.04.04-14.44.36:133][336]LogModuleManager: Shutting down and abandoning module ProjectSettingsViewer (424)
[2018.04.04-14.44.36:133][336]LogModuleManager: Shutting down and abandoning module ProjectTargetPlatformEditor (423)
[2018.04.04-14.44.36:133][336]LogModuleManager: Shutting down and abandoning module EditorSettingsViewer (420)
[2018.04.04-14.44.36:133][336]LogModuleManager: Shutting down and abandoning module SettingsEditor (418)
[2018.04.04-14.44.36:133][336]LogModuleManager: Shutting down and abandoning module ProjectLauncher (416)
[2018.04.04-14.44.36:133][336]LogModuleManager: Shutting down and abandoning module SessionFrontend (414)
[2018.04.04-14.44.36:133][336]LogModuleManager: Shutting down and abandoning module ProfilerClient (412)
[2018.04.04-14.44.36:133][336]LogModuleManager: Shutting down and abandoning module DeviceManager (410)
[2018.04.04-14.44.36:133][336]LogModuleManager: Shutting down and abandoning module TargetDeviceServices (409)
[2018.04.04-14.44.36:201][336]LogModuleManager: Shutting down and abandoning module AutomationController (406)
[2018.04.04-14.44.36:201][336]LogModuleManager: Shutting down and abandoning module AutomationWindow (404)
[2018.04.04-14.44.36:201][336]LogModuleManager: Shutting down and abandoning module Layers (402)
[2018.04.04-14.44.36:201][336]LogModuleManager: Shutting down and abandoning module ComponentVisualizers (400)
[2018.04.04-14.44.36:201][336]LogModuleManager: Shutting down and abandoning module DetailCustomizations (398)
[2018.04.04-14.44.36:201][336]LogModuleManager: Shutting down and abandoning module PackagesDialog (396)
[2018.04.04-14.44.36:201][336]LogModuleManager: Shutting down and abandoning module Persona (394)
[2018.04.04-14.44.36:201][336]LogModuleManager: Shutting down and abandoning module AdvancedPreviewScene (393)
[2018.04.04-14.44.36:201][336]LogModuleManager: Shutting down and abandoning module AnimGraph (391)
[2018.04.04-14.44.36:201][336]LogModuleManager: Shutting down and abandoning module Kismet (388)
[2018.04.04-14.44.36:207][336]LogModuleManager: Shutting down and abandoning module ClassViewer (386)
[2018.04.04-14.44.36:207][336]LogModuleManager: Shutting down and abandoning module Toolbox (384)
[2018.04.04-14.44.36:207][336]LogModuleManager: Shutting down and abandoning module ModuleUI (382)
[2018.04.04-14.44.36:207][336]LogModuleManager: Shutting down and abandoning module MovieSceneTools (380)
[2018.04.04-14.44.36:208][336]LogModuleManager: Shutting down and abandoning module OutputLog (378)
[2018.04.04-14.44.36:208][336]LogModuleManager: Shutting down and abandoning module GammaUI (376)
[2018.04.04-14.44.36:208][336]LogModuleManager: Shutting down and abandoning module Documentation (374)
[2018.04.04-14.44.36:208][336]LogModuleManager: Shutting down and abandoning module MovieSceneTracks (372)
[2018.04.04-14.44.36:208][336]LogModuleManager: Shutting down and abandoning module MovieScene (370)
[2018.04.04-14.44.36:208][336]LogModuleManager: Shutting down and abandoning module StreamingPauseRendering (368)
[2018.04.04-14.44.36:208][336]LogModuleManager: Shutting down and abandoning module LauncherPlatform (366)
[2018.04.04-14.44.36:208][336]LogModuleManager: Shutting down and abandoning module AnalyticsET (364)
[2018.04.04-14.44.36:208][336]LogModuleManager: Shutting down and abandoning module PortalServices (362)
[2018.04.04-14.44.36:208][336]LogModuleManager: Shutting down and abandoning module PortalRpc (360)
[2018.04.04-14.44.36:208][336]LogModuleManager: Shutting down and abandoning module MessagingRpc (358)
[2018.04.04-14.44.36:208][336]LogModuleManager: Shutting down and abandoning module AIModule (356)
[2018.04.04-14.44.36:208][336]LogModuleManager: Shutting down and abandoning module GameplayDebugger (355)
[2018.04.04-14.44.36:208][336]LogModuleManager: Shutting down and abandoning module AITestSuite (353)
[2018.04.04-14.44.36:208][336]LogModuleManager: Shutting down and abandoning module DesktopPlatform (350)
[2018.04.04-14.44.36:208][336]LogModuleManager: Shutting down and abandoning module ProfilerService (348)
[2018.04.04-14.44.36:257][336]LogModuleManager: Shutting down and abandoning module TaskGraph (346)
[2018.04.04-14.44.36:257][336]LogModuleManager: Shutting down and abandoning module SteamVRController (344)
[2018.04.04-14.44.36:257][336]LogModuleManager: Shutting down and abandoning module ProceduralMeshComponentEditor (342)
[2018.04.04-14.44.36:257][336]LogModuleManager: Shutting down and abandoning module ProceduralMeshComponent (340)
[2018.04.04-14.44.36:257][336]LogModuleManager: Shutting down and abandoning module OculusInput (338)
[2018.04.04-14.44.36:257][336]LogModuleManager: Shutting down and abandoning module MobilePatchingUtils (336)
[2018.04.04-14.44.36:257][336]LogModuleManager: Shutting down and abandoning module CustomMeshComponent (334)
[2018.04.04-14.44.36:257][336]LogModuleManager: Shutting down and abandoning module CableComponent (332)
[2018.04.04-14.44.36:257][336]LogModuleManager: Shutting down and abandoning module ArchVisCharacter (330)
[2018.04.04-14.44.36:257][336]LogModuleManager: Shutting down and abandoning module AndroidPermission (328)
[2018.04.04-14.44.36:257][336]LogModuleManager: Shutting down and abandoning module ActorSequence (324)
[2018.04.04-14.44.36:257][336]LogModuleManager: Shutting down and abandoning module MediaPlayerEditor (322)
[2018.04.04-14.44.36:257][336]LogModuleManager: Shutting down and abandoning module MediaCompositingEditor (320)
[2018.04.04-14.44.36:257][336]LogModuleManager: Shutting down and abandoning module MediaCompositing (318)
[2018.04.04-14.44.36:257][336]LogModuleManager: Shutting down and abandoning module HTML5Networking (316)
[2018.04.04-14.44.36:257][336]LogModuleManager: Shutting down and abandoning module AlembicImporter (314)
[2018.04.04-14.44.36:257][336]LogModuleManager: Shutting down and abandoning module AlembicLibrary (313)
[2018.04.04-14.44.36:257][336]LogModuleManager: Shutting down and abandoning module GeometryCache (312)
[2018.04.04-14.44.36:257][336]LogModuleManager: Shutting down and abandoning module GeometryCacheEd (311)
[2018.04.04-14.44.36:257][336]LogModuleManager: Shutting down and abandoning module SpeedTreeImporter (306)
[2018.04.04-14.44.36:257][336]LogModuleManager: Shutting down and abandoning module PluginBrowser (304)
[2018.04.04-14.44.36:257][336]LogModuleManager: Shutting down and abandoning module MobileLauncherProfileWizard (302)
[2018.04.04-14.44.36:257][336]LogModuleManager: Shutting down and abandoning module VisualStudioSourceCodeAccess (300)
[2018.04.04-14.44.36:258][336]LogModuleManager: Shutting down and abandoning module VisualStudioCodeSourceCodeAccess (298)
[2018.04.04-14.44.36:258][336]LogModuleManager: Shutting down and abandoning module UObjectPlugin (296)
[2018.04.04-14.44.36:258][336]LogModuleManager: Shutting down and abandoning module SubversionSourceControl (294)
[2018.04.04-14.44.36:258][336]LogModuleManager: Shutting down and abandoning module PerforceSourceControl (292)
[2018.04.04-14.44.36:258][336]LogModuleManager: Shutting down and abandoning module GitSourceControl (290)
[2018.04.04-14.44.36:258][336]LogModuleManager: Shutting down and abandoning module SourceControl (289)
[2018.04.04-14.44.36:258][336]LogModuleManager: Shutting down and abandoning module LightPropagationVolumeEditor (286)
[2018.04.04-14.44.36:258][336]LogModuleManager: Shutting down and abandoning module PaperTiledImporter (284)
[2018.04.04-14.44.36:258][336]LogModuleManager: Shutting down and abandoning module PaperSpriteSheetImporter (282)
[2018.04.04-14.44.36:258][336]LogModuleManager: Shutting down and abandoning module Paper2DEditor (280)
[2018.04.04-14.44.36:258][336]LogModuleManager: Shutting down and abandoning module MeshPaint (279)
[2018.04.04-14.44.36:258][336]LogModuleManager: Shutting down and abandoning module LevelEditor (277)
[2018.04.04-14.44.36:259][336]LogModuleManager: Shutting down and abandoning module PixelInspectorModule (276)
[2018.04.04-14.44.36:259][336]LogModuleManager: Shutting down and abandoning module MainFrame (274)
[2018.04.04-14.44.36:259][336]LogModuleManager: Shutting down and abandoning module HotReload (273)
[2018.04.04-14.44.36:259][336]LogModuleManager: Shutting down and abandoning module RuntimePhysXCooking (268)
[2018.04.04-14.44.36:259][336]LogModuleManager: Shutting down and abandoning module PhysXVehiclesEditor (266)
[2018.04.04-14.44.36:259][336]LogModuleManager: Shutting down and abandoning module PhysXVehicles (264)
[2018.04.04-14.44.36:259][336]LogModuleManager: Shutting down and abandoning module OculusEditor (262)
[2018.04.04-14.44.36:259][336]LogModuleManager: Shutting down and abandoning module LocationServicesBPLibrary (260)
[2018.04.04-14.44.36:259][336]LogModuleManager: Shutting down and abandoning module ImmediatePhysicsEditor (258)
[2018.04.04-14.44.36:259][336]LogModuleManager: Shutting down and abandoning module ImmediatePhysics (256)
[2018.04.04-14.44.36:259][336]LogModuleManager: Shutting down and abandoning module UdpMessaging (254)
[2018.04.04-14.44.36:360][336]LogModuleManager: Shutting down and abandoning module TcpMessaging (252)
[2018.04.04-14.44.36:461][336]LogModuleManager: Shutting down and abandoning module GameplayTagsEditor (250)
[2018.04.04-14.44.36:461][336]LogModuleManager: Shutting down and abandoning module FacialAnimationEditor (248)
[2018.04.04-14.44.36:461][336]LogModuleManager: Shutting down and abandoning module FacialAnimation (246)
[2018.04.04-14.44.36:461][336]LogModuleManager: Shutting down and abandoning module AssetManagerEditor (244)
[2018.04.04-14.44.36:461][336]LogModuleManager: Shutting down and abandoning module GraphEditor (243)
[2018.04.04-14.44.36:461][336]LogModuleManager: Shutting down and abandoning module ContentBrowser (241)
[2018.04.04-14.44.36:462][336]LogModuleManager: Shutting down and abandoning module LightPropagationVolumeRuntime (238)
[2018.04.04-14.44.36:462][336]LogModuleManager: Shutting down and abandoning module Paper2D (236)
[2018.04.04-14.44.36:462][336]LogModuleManager: Shutting down and abandoning module WindowsMoviePlayer (234)
[2018.04.04-14.44.36:462][336]LogModuleManager: Shutting down and abandoning module WmfMedia (232)
[2018.04.04-14.44.36:463][336]LogModuleManager: Shutting down and abandoning module ImgMedia (230)
[2018.04.04-14.44.36:463][336]LogModuleManager: Shutting down and abandoning module PacketHandler (228)
[2018.04.04-14.44.36:463][336]LogModuleManager: Shutting down and abandoning module ClothingSystemEditor (226)
[2018.04.04-14.44.36:463][336]LogModuleManager: Shutting down and abandoning module ClothingSystemRuntime (224)
[2018.04.04-14.44.36:463][336]LogModuleManager: Shutting down and abandoning module MediaAssets (222)
[2018.04.04-14.44.36:463][336]LogModuleManager: Shutting down and abandoning module Media (221)
[2018.04.04-14.44.36:470][336]LogModuleManager: Shutting down and abandoning module Overlay (218)
[2018.04.04-14.44.36:470][336]LogModuleManager: Shutting down and abandoning module OverlayEditor (217)
[2018.04.04-14.44.36:470][336]LogModuleManager: Shutting down and abandoning module VREditor (214)
[2018.04.04-14.44.36:470][336]LogModuleManager: Shutting down and abandoning module StringTableEditor (212)
[2018.04.04-14.44.36:470][336]LogModuleManager: Shutting down and abandoning module GameplayTasksEditor (210)
[2018.04.04-14.44.36:470][336]LogModuleManager: Shutting down and abandoning module BehaviorTreeEditor (208)
[2018.04.04-14.44.36:470][336]LogModuleManager: Shutting down and abandoning module FunctionalTesting (206)
[2018.04.04-14.44.36:470][336]LogModuleManager: Shutting down and abandoning module CollisionAnalyzer (204)
[2018.04.04-14.44.36:470][336]LogModuleManager: Shutting down and abandoning module WorkspaceMenuStructure (203)
[2018.04.04-14.44.36:470][336]LogModuleManager: Shutting down and abandoning module UMG (200)
[2018.04.04-14.44.36:470][336]LogModuleManager: Shutting down and abandoning module UMGEditor (199)
[2018.04.04-14.44.36:470][336]LogModuleManager: Shutting down and abandoning module Sequencer (198)
[2018.04.04-14.44.36:470][336]LogModuleManager: Shutting down and abandoning module MessageLog (195)
[2018.04.04-14.44.36:470][336]LogModuleManager: Shutting down and abandoning module SlateReflector (190)
[2018.04.04-14.44.36:470][336]LogModuleManager: Shutting down and abandoning module Slate (188)
[2018.04.04-14.44.36:470][336]LogModuleManager: Shutting down and abandoning module EditorStyle (186)
[2018.04.04-14.44.36:472][336]LogModuleManager: Shutting down and abandoning module MRMesh (184)
[2018.04.04-14.44.36:472][336]LogModuleManager: Shutting down and abandoning module SourceCodeAccess (182)
[2018.04.04-14.44.36:472][336]LogModuleManager: Shutting down and abandoning module HeadMountedDisplay (180)
[2018.04.04-14.44.36:472][336]LogModuleManager: Shutting down and abandoning module XAudio2 (178)
[2018.04.04-14.44.36:472][336]LogModuleManager: Shutting down and abandoning module Networking (176)
[2018.04.04-14.44.36:472][336]LogModuleManager: Shutting down and abandoning module Core (172)
[2018.04.04-14.44.36:472][336]LogModuleManager: Shutting down and abandoning module LevelSequence (168)
[2018.04.04-14.44.36:472][336]LogModuleManager: Shutting down and abandoning module DirectoryWatcher (166)
[2018.04.04-14.44.36:472][336]LogModuleManager: Shutting down and abandoning module KismetCompiler (164)
[2018.04.04-14.44.36:472][336]LogModuleManager: Shutting down and abandoning module MeshUtilities (162)
[2018.04.04-14.44.36:472][336]LogModuleManager: Shutting down and abandoning module MeshMergeUtilities (161)
[2018.04.04-14.44.36:472][336]LogModuleManager: Shutting down and abandoning module MeshReductionInterface (160)
[2018.04.04-14.44.36:472][336]LogModuleManager: Shutting down and abandoning module SimplygonSwarm (159)
[2018.04.04-14.44.36:472][336]LogModuleManager: Shutting down and abandoning module SimplygonMeshReduction (157)
[2018.04.04-14.44.36:472][336]LogModuleManager: Shutting down and abandoning module QuadricMeshReduction (155)
[2018.04.04-14.44.36:472][336]LogModuleManager: Shutting down and abandoning module MaterialBaking (151)
[2018.04.04-14.44.36:472][336]LogModuleManager: Shutting down and abandoning module DerivedDataCache (148)
[2018.04.04-14.44.36:524][336]LogDerivedDataCache: Shutdown
[2018.04.04-14.44.36:524][336]LogModuleManager: Shutting down and abandoning module TargetPlatform (146)
[2018.04.04-14.44.36:524][336]LogModuleManager: Shutting down and abandoning module VulkanShaderFormat (145)
[2018.04.04-14.44.36:524][336]LogModuleManager: Shutting down and abandoning module ShaderFormatVectorVM (143)
[2018.04.04-14.44.36:524][336]LogModuleManager: Shutting down and abandoning module ShaderFormatOpenGL (141)
[2018.04.04-14.44.36:524][336]LogModuleManager: Shutting down and abandoning module ShaderFormatD3D (139)
[2018.04.04-14.44.36:524][336]LogModuleManager: Shutting down and abandoning module MetalShaderFormat (137)
[2018.04.04-14.44.36:524][336]LogModuleManager: Shutting down and abandoning module TextureFormatUncompressed (135)
[2018.04.04-14.44.36:524][336]LogModuleManager: Shutting down and abandoning module TextureFormatPVR (133)
[2018.04.04-14.44.36:524][336]LogModuleManager: Shutting down and abandoning module TextureFormatDXT (131)
[2018.04.04-14.44.36:524][336]LogModuleManager: Shutting down and abandoning module TextureFormatIntelISPCTexComp (129)
[2018.04.04-14.44.36:524][336]LogModuleManager: Shutting down and abandoning module TextureFormatASTC (127)
[2018.04.04-14.44.36:524][336]LogModuleManager: Shutting down and abandoning module ImageWrapper (126)
[2018.04.04-14.44.36:524][336]LogModuleManager: Shutting down and abandoning module TextureFormatAndroid (123)
[2018.04.04-14.44.36:524][336]LogModuleManager: Shutting down and abandoning module AudioFormatOpus (121)
[2018.04.04-14.44.36:524][336]LogModuleManager: Shutting down and abandoning module AudioFormatOgg (119)
[2018.04.04-14.44.36:524][336]LogModuleManager: Shutting down and abandoning module AudioFormatADPCM (117)
[2018.04.04-14.44.36:524][336]LogModuleManager: Shutting down and abandoning module LinuxTargetPlatform (115)
[2018.04.04-14.44.36:524][336]LogModuleManager: Shutting down and abandoning module LinuxServerTargetPlatform (113)
[2018.04.04-14.44.36:524][336]LogModuleManager: Shutting down and abandoning module LinuxNoEditorTargetPlatform (111)
[2018.04.04-14.44.36:524][336]LogModuleManager: Shutting down and abandoning module LinuxClientTargetPlatform (109)
[2018.04.04-14.44.36:525][336]LogModuleManager: Shutting down and abandoning module TVOSTargetPlatform (107)
[2018.04.04-14.44.36:525][336]LogModuleManager: Shutting down and abandoning module Messaging (105)
[2018.04.04-14.44.36:525][336]LogModuleManager: Shutting down and abandoning module IOSTargetPlatform (103)
[2018.04.04-14.44.36:525][336]LogModuleManager: Shutting down and abandoning module HTML5TargetPlatform (101)
[2018.04.04-14.44.36:525][336]LogModuleManager: Shutting down and abandoning module AndroidTargetPlatform (99)
[2018.04.04-14.44.36:525][336]LogModuleManager: Shutting down and abandoning module Android_PVRTCTargetPlatform (97)
[2018.04.04-14.44.36:525][336]LogModuleManager: Shutting down and abandoning module Android_MultiTargetPlatform (95)
[2018.04.04-14.44.36:525][336]LogModuleManager: Shutting down and abandoning module Android_ETC2TargetPlatform (93)
[2018.04.04-14.44.36:525][336]LogModuleManager: Shutting down and abandoning module Android_ETC1TargetPlatform (91)
[2018.04.04-14.44.36:525][336]LogModuleManager: Shutting down and abandoning module Android_DXTTargetPlatform (89)
[2018.04.04-14.44.36:525][336]LogModuleManager: Shutting down and abandoning module Android_ATCTargetPlatform (87)
[2018.04.04-14.44.36:525][336]LogModuleManager: Shutting down and abandoning module Android_ASTCTargetPlatform (85)
[2018.04.04-14.44.36:525][336]LogModuleManager: Shutting down and abandoning module WindowsTargetPlatform (83)
[2018.04.04-14.44.36:525][336]LogModuleManager: Shutting down and abandoning module WindowsServerTargetPlatform (81)
[2018.04.04-14.44.36:525][336]LogModuleManager: Shutting down and abandoning module WindowsNoEditorTargetPlatform (79)
[2018.04.04-14.44.36:525][336]LogModuleManager: Shutting down and abandoning module WindowsClientTargetPlatform (77)
[2018.04.04-14.44.36:525][336]LogModuleManager: Shutting down and abandoning module MacTargetPlatform (75)
[2018.04.04-14.44.36:525][336]LogModuleManager: Shutting down and abandoning module MacServerTargetPlatform (73)
[2018.04.04-14.44.36:525][336]LogModuleManager: Shutting down and abandoning module MacNoEditorTargetPlatform (71)
[2018.04.04-14.44.36:525][336]LogModuleManager: Shutting down and abandoning module MacClientTargetPlatform (69)
[2018.04.04-14.44.36:525][336]LogModuleManager: Shutting down and abandoning module AllDesktopTargetPlatform (67)
[2018.04.04-14.44.36:525][336]LogModuleManager: Shutting down and abandoning module InputCore (64)
[2018.04.04-14.44.36:525][336]LogModuleManager: Shutting down and abandoning module Settings (62)
[2018.04.04-14.44.36:525][336]LogModuleManager: Shutting down and abandoning module PhysXCooking (60)
[2018.04.04-14.44.36:525][336]LogModuleManager: Shutting down and abandoning module SteamVR (58)
[2018.04.04-14.44.36:525][336]LogModuleManager: Shutting down and abandoning module OculusHMD (56)
[2018.04.04-14.44.36:525][336]LogModuleManager: Shutting down and abandoning module ExampleDeviceProfileSelector (54)
[2018.04.04-14.44.36:525][336]LogModuleManager: Shutting down and abandoning module AppleARKit (52)
[2018.04.04-14.44.36:525][336]LogModuleManager: Shutting down and abandoning module AugmentedReality (51)
[2018.04.04-14.44.36:525][336]LogModuleManager: Shutting down and abandoning module OnlineBlueprintSupport (48)
[2018.04.04-14.44.36:525][336]LogModuleManager: Shutting down and abandoning module OnlineSubsystem (44)
[2018.04.04-14.44.36:525][336]LogModuleManager: Shutting down and abandoning module XMPP (43)
[2018.04.04-14.44.36:525][336]LogModuleManager: Shutting down and abandoning module HTTP (41)
[2018.04.04-14.44.36:525][336]LogHttp: Display: Http module shutting down, but needs to wait on 1 outstanding Http requests:
[2018.04.04-14.44.36:525][336]LogHttp: Display: 	verb=[POST] url=[https://datarouter.ol.epicgames.com/datarouter/api/v1/public/data?SessionID=%7B6CC4E67C-4F47-EA12-D27C-658607F9F779%7D&AppID=UEEditor.Rocket.Release&AppVersion=4.18.1-3754814%2B%2B%2BUE4%2BRelease-4.18&UserID=252b0b754e9da14fad9c6b90840c7800%7Ccc48a62dc2c543ee972089c504f3b57d%7Cb1fd0c28-dc76-4b46-8c9a-e72db275e7c0&AppEnvironment=datacollector-binary&UploadType=eteventstream] status=Processing
[2018.04.04-14.44.36:534][336]LogModuleManager: Shutting down and abandoning module SSL (40)
[2018.04.04-14.44.36:535][336]LogModuleManager: Shutting down and abandoning module AnimationModifiers (36)
[2018.04.04-14.44.36:535][336]LogModuleManager: Shutting down and abandoning module PropertyEditor (35)
[2018.04.04-14.44.36:535][336]LogModuleManager: Shutting down and abandoning module AudioEditor (32)
[2018.04.04-14.44.36:535][336]LogModuleManager: Shutting down and abandoning module TextureCompressor (30)
[2018.04.04-14.44.36:535][336]LogModuleManager: Shutting down and abandoning module ShaderCore (28)
[2018.04.04-14.44.36:536][336]LogModuleManager: Shutting down and abandoning module Landscape (26)
[2018.04.04-14.44.36:536][336]LogModuleManager: Shutting down and abandoning module SlateRHIRenderer (24)
[2018.04.04-14.44.36:536][336]LogModuleManager: Shutting down and abandoning module OpenGLDrv (22)
[2018.04.04-14.44.36:537][336]LogModuleManager: Shutting down and abandoning module D3D11RHI (20)
[2018.04.04-14.44.36:537][336]LogModuleManager: Shutting down and abandoning module AnimGraphRuntime (18)
[2018.04.04-14.44.36:537][336]LogModuleManager: Shutting down and abandoning module Renderer (16)
[2018.04.04-14.44.36:537][336]LogModuleManager: Shutting down and abandoning module Engine (14)
[2018.04.04-14.44.36:537][336]LogModuleManager: Shutting down and abandoning module CoreUObject (12)
[2018.04.04-14.44.36:537][336]LogModuleManager: Shutting down and abandoning module NetworkFile (10)
[2018.04.04-14.44.36:537][336]LogModuleManager: Shutting down and abandoning module CookedIterativeFile (8)
[2018.04.04-14.44.36:537][336]LogModuleManager: Shutting down and abandoning module StreamingFile (6)
[2018.04.04-14.44.36:537][336]LogModuleManager: Shutting down and abandoning module SandboxFile (4)
[2018.04.04-14.44.36:537][336]LogModuleManager: Shutting down and abandoning module PakFile (2)
[2018.04.04-14.44.36:538][336]LogExit: Exiting.
[2018.04.04-14.44.36:556][336]Log file closed, 04/04/18 10:44:36
