Log file open, 04/22/18 21:30:52
LogWindows: Failed to load 'aqProf.dll' (GetLastError=126)
LogWindows: File 'aqProf.dll' does not exist
LogWindows: Failed to load 'VtuneApi.dll' (GetLastError=126)
LogWindows: File 'VtuneApi.dll' does not exist
LogWindows: Failed to load 'VtuneApi32e.dll' (GetLastError=126)
LogWindows: File 'VtuneApi32e.dll' does not exist
LogInit: Display: Running engine for game: Meteor
LogPlatformFile: Not using cached read wrapper
LogInit: Display: RandInit(-1182917695) SRandInit(-1182917695).
LogInit: Read version file with build ID '3709383'
LogInit: Overriding engine version to CL 3832480, compatible CL 3709383
LogInit: Registered custom module enumerator with build ID '3709383'
LogTaskGraph: Started task graph with 5 named threads and 14 total threads with 3 sets of task threads.
LogStats: Stats thread started at 0.174201
LogD3D11RHI: Aftermath initialized
LogModuleManager: Display: Found up-to-date module file ../../../Engine/Plugins/2D/Paper2D/Binaries/Win64/UE4Editor-Paper2D.dll (API version 3709383).
LogModuleManager: Display: Found up-to-date module file ../../../Engine/Plugins/2D/Paper2D/Binaries/Win64/UE4Editor-Paper2DEditor.dll (API version 3709383).
LogModuleManager: Display: Found up-to-date module file ../../../Engine/Plugins/2D/Paper2D/Binaries/Win64/UE4Editor-PaperSpriteSheetImporter.dll (API version 3709383).
LogModuleManager: Display: Found up-to-date module file ../../../Engine/Plugins/2D/Paper2D/Binaries/Win64/UE4Editor-PaperTiledImporter.dll (API version 3709383).
LogModuleManager: Display: Found up-to-date module file ../../../Engine/Plugins/2D/Paper2D/Binaries/Win64/UE4Editor-SmartSnapping.dll (API version 3709383).
LogModuleManager: Display: Found up-to-date module file ../../../Engine/Plugins/Blendables/LightPropagationVolume/Binaries/Win64/UE4Editor-LightPropagationVolumeRuntime.dll (API version 3709383).
LogModuleManager: Display: Found up-to-date module file ../../../Engine/Plugins/Blendables/LightPropagationVolume/Binaries/Win64/UE4Editor-LightPropagationVolumeEditor.dll (API version 3709383).
LogModuleManager: Display: Found up-to-date module file ../../../Engine/Plugins/Developer/GitSourceControl/Binaries/Win64/UE4Editor-GitSourceControl.dll (API version 3709383).
LogModuleManager: Display: Found up-to-date module file ../../../Engine/Plugins/Developer/PerforceSourceControl/Binaries/Win64/UE4Editor-PerforceSourceControl.dll (API version 3709383).
LogModuleManager: Display: Found up-to-date module file ../../../Engine/Plugins/Developer/SubversionSourceControl/Binaries/Win64/UE4Editor-SubversionSourceControl.dll (API version 3709383).
LogModuleManager: Display: Found up-to-date module file ../../../Engine/Plugins/Developer/UObjectPlugin/Binaries/Win64/UE4Editor-UObjectPlugin.dll (API version 3709383).
LogModuleManager: Display: Found up-to-date module file ../../../Engine/Plugins/Developer/VisualStudioCodeSourceCodeAccess/Binaries/Win64/UE4Editor-VisualStudioCodeSourceCodeAccess.dll (API version 3709383).
LogModuleManager: Display: Found up-to-date module file ../../../Engine/Plugins/Developer/VisualStudioSourceCodeAccess/Binaries/Win64/UE4Editor-VisualStudioSourceCodeAccess.dll (API version 3709383).
LogModuleManager: Display: Found up-to-date module file ../../../Engine/Plugins/Editor/AssetManagerEditor/Binaries/Win64/UE4Editor-AssetManagerEditor.dll (API version 3709383).
LogModuleManager: Display: Found up-to-date module file ../../../Engine/Plugins/Editor/AudioCapture/Binaries/Win64/UE4Editor-AudioCapture.dll (API version 3709383).
LogModuleManager: Display: Found up-to-date module file ../../../Engine/Plugins/Editor/FacialAnimation/Binaries/Win64/UE4Editor-FacialAnimation.dll (API version 3709383).
LogModuleManager: Display: Found up-to-date module file ../../../Engine/Plugins/Editor/FacialAnimation/Binaries/Win64/UE4Editor-FacialAnimationEditor.dll (API version 3709383).
LogModuleManager: Display: Found up-to-date module file ../../../Engine/Plugins/Editor/GameplayTagsEditor/Binaries/Win64/UE4Editor-GameplayTagsEditor.dll (API version 3709383).
LogModuleManager: Display: Found up-to-date module file ../../../Engine/Plugins/Editor/MobileLauncherProfileWizard/Binaries/Win64/UE4Editor-MobileLauncherProfileWizard.dll (API version 3709383).
LogModuleManager: Display: Found up-to-date module file ../../../Engine/Plugins/Editor/PluginBrowser/Binaries/Win64/UE4Editor-PluginBrowser.dll (API version 3709383).
LogModuleManager: Display: Found up-to-date module file ../../../Engine/Plugins/Editor/SpeedTreeImporter/Binaries/Win64/UE4Editor-SpeedTreeImporter.dll (API version 3709383).
LogModuleManager: Display: Found up-to-date module file ../../../Engine/Plugins/Experimental/AlembicImporter/Binaries/Win64/UE4Editor-AlembicImporter.dll (API version 3709383).
LogModuleManager: Display: Found up-to-date module file ../../../Engine/Plugins/Experimental/AlembicImporter/Binaries/Win64/UE4Editor-AlembicLibrary.dll (API version 3709383).
LogModuleManager: Display: Found up-to-date module file ../../../Engine/Plugins/Experimental/CharacterAI/Binaries/Win64/UE4Editor-CharacterAI.dll (API version 3709383).
LogModuleManager: Display: Found up-to-date module file ../../../Engine/Plugins/Experimental/HTML5Networking/Binaries/Win64/UE4Editor-HTML5Networking.dll (API version 3709383).
LogModuleManager: Display: Found up-to-date module file ../../../Engine/Plugins/Media/AndroidMedia/Binaries/Win64/UE4Editor-AndroidMediaEditor.dll (API version 3709383).
LogModuleManager: Display: Found up-to-date module file ../../../Engine/Plugins/Media/AndroidMedia/Binaries/Win64/UE4Editor-AndroidMediaFactory.dll (API version 3709383).
LogModuleManager: Display: Found up-to-date module file ../../../Engine/Plugins/Media/AvfMedia/Binaries/Win64/UE4Editor-AvfMediaEditor.dll (API version 3709383).
LogModuleManager: Display: Found up-to-date module file ../../../Engine/Plugins/Media/AvfMedia/Binaries/Win64/UE4Editor-AvfMediaFactory.dll (API version 3709383).
LogModuleManager: Display: Found up-to-date module file ../../../Engine/Plugins/Media/AvfMedia/Binaries/Win64/UE4Editor-AvfMediaFactory.dll (API version 3709383).
LogModuleManager: Display: Found up-to-date module file ../../../Engine/Plugins/Media/ImgMedia/Binaries/Win64/UE4Editor-ImgMedia.dll (API version 3709383).
LogModuleManager: Display: Found up-to-date module file ../../../Engine/Plugins/Media/ImgMedia/Binaries/Win64/UE4Editor-ImgMediaEditor.dll (API version 3709383).
LogModuleManager: Display: Found up-to-date module file ../../../Engine/Plugins/Media/ImgMedia/Binaries/Win64/UE4Editor-ImgMediaFactory.dll (API version 3709383).
LogModuleManager: Display: Found up-to-date module file ../../../Engine/Plugins/Media/ImgMedia/Binaries/Win64/UE4Editor-ImgMediaFactory.dll (API version 3709383).
LogModuleManager: Display: Found up-to-date module file ../../../Engine/Plugins/Media/ImgMedia/Binaries/Win64/UE4Editor-OpenExrWrapper.dll (API version 3709383).
LogModuleManager: Display: Found up-to-date module file ../../../Engine/Plugins/Media/MediaCompositing/Binaries/Win64/UE4Editor-MediaCompositing.dll (API version 3709383).
LogModuleManager: Display: Found up-to-date module file ../../../Engine/Plugins/Media/MediaCompositing/Binaries/Win64/UE4Editor-MediaCompositingEditor.dll (API version 3709383).
LogModuleManager: Display: Found up-to-date module file ../../../Engine/Plugins/Media/MediaPlayerEditor/Binaries/Win64/UE4Editor-MediaPlayerEditor.dll (API version 3709383).
LogModuleManager: Display: Found up-to-date module file ../../../Engine/Plugins/Media/WmfMedia/Binaries/Win64/UE4Editor-WmfMedia.dll (API version 3709383).
LogModuleManager: Display: Found up-to-date module file ../../../Engine/Plugins/Media/WmfMedia/Binaries/Win64/UE4Editor-WmfMediaEditor.dll (API version 3709383).
LogModuleManager: Display: Found up-to-date module file ../../../Engine/Plugins/Media/WmfMedia/Binaries/Win64/UE4Editor-WmfMediaFactory.dll (API version 3709383).
LogModuleManager: Display: Found up-to-date module file ../../../Engine/Plugins/Media/WmfMedia/Binaries/Win64/UE4Editor-WmfMediaFactory.dll (API version 3709383).
LogModuleManager: Display: Found up-to-date module file ../../../Engine/Plugins/Messaging/TcpMessaging/Binaries/Win64/UE4Editor-TcpMessaging.dll (API version 3709383).
LogModuleManager: Display: Found up-to-date module file ../../../Engine/Plugins/Messaging/UdpMessaging/Binaries/Win64/UE4Editor-UdpMessaging.dll (API version 3709383).
LogModuleManager: Display: Found up-to-date module file ../../../Engine/Plugins/MovieScene/ActorSequence/Binaries/Win64/UE4Editor-ActorSequence.dll (API version 3709383).
LogModuleManager: Display: Found up-to-date module file ../../../Engine/Plugins/MovieScene/LevelSequenceEditor/Binaries/Win64/UE4Editor-LevelSequenceEditor.dll (API version 3709383).
LogModuleManager: Display: Found up-to-date module file ../../../Engine/Plugins/MovieScene/MatineeToLevelSequence/Binaries/Win64/UE4Editor-MatineeToLevelSequence.dll (API version 3709383).
LogModuleManager: Display: Found up-to-date module file ../../../Engine/Plugins/Online/OnlineSubsystem/Binaries/Win64/UE4Editor-OnlineSubsystem.dll (API version 3709383).
LogModuleManager: Display: Found up-to-date module file ../../../Engine/Plugins/Runtime/AndroidPermission/Binaries/Win64/UE4Editor-AndroidPermission.dll (API version 3709383).
LogModuleManager: Display: Found up-to-date module file ../../../Engine/Plugins/Online/OnlineSubsystemNull/Binaries/Win64/UE4Editor-OnlineSubsystemNull.dll (API version 3709383).
LogModuleManager: Display: Found up-to-date module file ../../../Engine/Plugins/Online/OnlineSubsystemUtils/Binaries/Win64/UE4Editor-OnlineSubsystemUtils.dll (API version 3709383).
LogModuleManager: Display: Found up-to-date module file ../../../Engine/Plugins/Online/OnlineSubsystemUtils/Binaries/Win64/UE4Editor-OnlineBlueprintSupport.dll (API version 3709383).
LogModuleManager: Display: Found up-to-date module file ../../../Engine/Plugins/Runtime/AndroidDeviceProfileSelector/Binaries/Win64/UE4Editor-AndroidDeviceProfileSelector.dll (API version 3709383).
LogModuleManager: Display: Found up-to-date module file ../../../Engine/Plugins/Runtime/AppleARKit/Binaries/Win64/UE4Editor-AppleARKit.dll (API version 3709383).
LogModuleManager: Display: Found up-to-date module file ../../../Engine/Plugins/Runtime/ArchVisCharacter/Binaries/Win64/UE4Editor-ArchVisCharacter.dll (API version 3709383).
LogModuleManager: Display: Found up-to-date module file ../../../Engine/Plugins/Runtime/CableComponent/Binaries/Win64/UE4Editor-CableComponent.dll (API version 3709383).
LogModuleManager: Display: Found up-to-date module file ../../../Engine/Plugins/Runtime/CustomMeshComponent/Binaries/Win64/UE4Editor-CustomMeshComponent.dll (API version 3709383).
LogModuleManager: Display: Found up-to-date module file ../../../Engine/Plugins/Runtime/ExampleDeviceProfileSelector/Binaries/Win64/UE4Editor-ExampleDeviceProfileSelector.dll (API version 3709383).
LogModuleManager: Display: Found up-to-date module file ../../../Engine/Plugins/Runtime/ImmediatePhysics/Binaries/Win64/UE4Editor-ImmediatePhysics.dll (API version 3709383).
LogModuleManager: Display: Found up-to-date module file ../../../Engine/Plugins/Runtime/ImmediatePhysics/Binaries/Win64/UE4Editor-ImmediatePhysicsEditor.dll (API version 3709383).
LogModuleManager: Display: Found up-to-date module file ../../../Engine/Plugins/Runtime/LocationServicesBPLibrary/Binaries/Win64/UE4Editor-LocationServicesBPLibrary.dll (API version 3709383).
LogModuleManager: Display: Found up-to-date module file ../../../Engine/Plugins/Runtime/MobilePatchingUtils/Binaries/Win64/UE4Editor-MobilePatchingUtils.dll (API version 3709383).
LogModuleManager: Display: Found up-to-date module file ../../../Engine/Plugins/Runtime/Oculus/OculusVR/Binaries/Win64/UE4Editor-OculusHMD.dll (API version 3709383).
LogModuleManager: Display: Found up-to-date module file ../../../Engine/Plugins/Runtime/Oculus/OculusVR/Binaries/Win64/UE4Editor-OculusInput.dll (API version 3709383).
LogModuleManager: Display: Found up-to-date module file ../../../Engine/Plugins/Runtime/Oculus/OculusVR/Binaries/Win64/UE4Editor-OculusEditor.dll (API version 3709383).
LogModuleManager: Display: Found up-to-date module file ../../../Engine/Plugins/Runtime/PhysXVehicles/Binaries/Win64/UE4Editor-PhysXVehicles.dll (API version 3709383).
LogModuleManager: Display: Found up-to-date module file ../../../Engine/Plugins/Runtime/PhysXVehicles/Binaries/Win64/UE4Editor-PhysXVehiclesEditor.dll (API version 3709383).
LogModuleManager: Display: Found up-to-date module file ../../../Engine/Plugins/Runtime/ProceduralMeshComponent/Binaries/Win64/UE4Editor-ProceduralMeshComponent.dll (API version 3709383).
LogModuleManager: Display: Found up-to-date module file ../../../Engine/Plugins/Runtime/ProceduralMeshComponent/Binaries/Win64/UE4Editor-ProceduralMeshComponentEditor.dll (API version 3709383).
LogModuleManager: Display: Found up-to-date module file ../../../Engine/Plugins/Runtime/RuntimePhysXCooking/Binaries/Win64/UE4Editor-RuntimePhysXCooking.dll (API version 3709383).
LogModuleManager: Display: Found up-to-date module file ../../../Engine/Plugins/Runtime/Steam/SteamVR/Binaries/Win64/UE4Editor-SteamVR.dll (API version 3709383).
LogModuleManager: Display: Found up-to-date module file ../../../Engine/Plugins/Runtime/Steam/SteamVR/Binaries/Win64/UE4Editor-SteamVRController.dll (API version 3709383).
LogModuleManager: Display: Found up-to-date module file ../../../Engine/Plugins/Runtime/WindowsMoviePlayer/Binaries/Win64/UE4Editor-WindowsMoviePlayer.dll (API version 3709383).
LogPluginManager: Mounting plugin Paper2D
LogPluginManager: Mounting plugin LightPropagationVolume
LogPluginManager: Mounting plugin CodeLiteSourceCodeAccess
LogPluginManager: Mounting plugin GitSourceControl
LogPluginManager: Mounting plugin KDevelopSourceCodeAccess
LogPluginManager: Mounting plugin NullSourceCodeAccess
LogPluginManager: Mounting plugin PerforceSourceControl
LogPluginManager: Mounting plugin SubversionSourceControl
LogPluginManager: Mounting plugin UObjectPlugin
LogPluginManager: Mounting plugin VisualStudioCodeSourceCodeAccess
LogPluginManager: Mounting plugin VisualStudioSourceCodeAccess
LogPluginManager: Mounting plugin XCodeSourceCodeAccess
LogPluginManager: Mounting plugin AssetManagerEditor
LogPluginManager: Mounting plugin AudioCapture
LogPluginManager: Mounting plugin FacialAnimation
LogPluginManager: Mounting plugin GameplayTagsEditor
LogPluginManager: Mounting plugin MobileLauncherProfileWizard
LogPluginManager: Mounting plugin PluginBrowser
LogPluginManager: Mounting plugin SpeedTreeImporter
LogPluginManager: Mounting plugin AlembicImporter
LogPluginManager: Mounting plugin CharacterAI
LogPluginManager: Mounting plugin HTML5Networking
LogPluginManager: Mounting plugin AndroidMedia
LogPluginManager: Mounting plugin AvfMedia
LogPluginManager: Mounting plugin ImgMedia
LogPluginManager: Mounting plugin MediaCompositing
LogPluginManager: Mounting plugin MediaPlayerEditor
LogPluginManager: Mounting plugin WmfMedia
LogPluginManager: Mounting plugin TcpMessaging
LogPluginManager: Mounting plugin UdpMessaging
LogPluginManager: Mounting plugin ActorSequence
LogPluginManager: Mounting plugin LevelSequenceEditor
LogPluginManager: Mounting plugin MatineeToLevelSequence
LogPluginManager: Mounting plugin OnlineSubsystemGooglePlay
LogPluginManager: Mounting plugin OnlineSubsystemIOS
LogPluginManager: Mounting plugin OnlineSubsystem
LogPluginManager: Mounting plugin OnlineSubsystemNull
LogPluginManager: Mounting plugin OnlineSubsystemUtils
LogPluginManager: Mounting plugin AndroidDeviceProfileSelector
LogPluginManager: Mounting plugin AndroidMoviePlayer
LogPluginManager: Mounting plugin AndroidPermission
LogPluginManager: Mounting plugin AppleARKit
LogPluginManager: Mounting plugin AppleMoviePlayer
LogPluginManager: Mounting plugin ArchVisCharacter
LogPluginManager: Mounting plugin CableComponent
LogPluginManager: Mounting plugin CustomMeshComponent
LogPluginManager: Mounting plugin ExampleDeviceProfileSelector
LogPluginManager: Mounting plugin GoogleCloudMessaging
LogPluginManager: Mounting plugin ImmediatePhysics
LogPluginManager: Mounting plugin IOSDeviceProfileSelector
LogPluginManager: Mounting plugin LinuxDeviceProfileSelector
LogPluginManager: Mounting plugin LocationServicesBPLibrary
LogPluginManager: Mounting plugin MobilePatchingUtils
LogPluginManager: Mounting plugin OculusVR
LogPluginManager: Plugin shader directory ../../../Engine/Plugins/Runtime/Oculus/OculusVR/Shaders found
LogPluginManager: Mapping shader source directory ../../../Engine/Plugins/Runtime/Oculus/OculusVR/Shaders to virtual directory /Plugin/OculusVR
LogPluginManager: Mounting plugin PhysXVehicles
LogPluginManager: Mounting plugin ProceduralMeshComponent
LogPluginManager: Mounting plugin RuntimePhysXCooking
LogPluginManager: Mounting plugin SteamVR
LogPluginManager: Mounting plugin WindowsMoviePlayer
LogInit: Using libcurl 7.47.1
LogInit:  - built for x86_64-pc-win32
LogInit:  - supports SSL with OpenSSL/1.0.2g
LogInit:  - supports HTTP deflate (compression) using libz 1.2.8
LogInit:  - other features:
LogInit:      CURL_VERSION_SSL
LogInit:      CURL_VERSION_LIBZ
LogInit:      CURL_VERSION_IPV6
LogInit:      CURL_VERSION_ASYNCHDNS
LogInit:      CURL_VERSION_LARGEFILE
LogInit:      CURL_VERSION_IDN
LogInit:  CurlRequestOptions (configurable via config and command line):
LogInit:  - bVerifyPeer = false  - Libcurl will NOT verify peer certificate
LogInit:  - bUseHttpProxy = false  - Libcurl will NOT use HTTP proxy
LogInit:  - bDontReuseConnections = false  - Libcurl will reuse connections
LogInit:  - CertBundlePath = nullptr  - Libcurl will use whatever was configured at build time.
LogInit: Build: ++UE4+Release-4.18-CL-3832480
LogInit: Engine Version: 4.18.3-3832480+++UE4+Release-4.18
LogInit: Compatible Engine Version: 4.18.0-3709383+++UE4+Release-4.18
LogInit: Net CL: 3709383
LogDevObjectVersion: Number of dev versions registered: 16
LogDevObjectVersion:   Dev-Blueprints (B0D832E4-1F89-4F0D-ACCF-7EB736FD4AA2): 10
LogDevObjectVersion:   Dev-Build (E1C64328-A22C-4D53-A36C-8E866417BD8C): 0
LogDevObjectVersion:   Dev-Core (375EC13C-06E4-48FB-B500-84F0262A717E): 2
LogDevObjectVersion:   Dev-Editor (E4B068ED-F494-42E9-A231-DA0B2E46BB41): 20
LogDevObjectVersion:   Dev-Framework (CFFC743F-43B0-4480-9391-14DF171D2073): 30
LogDevObjectVersion:   Dev-Mobile (B02B49B5-BB20-44E9-A304-32B752E40360): 0
LogDevObjectVersion:   Dev-Networking (A4E4105C-59A1-49B5-A7C5-40C4547EDFEE): 0
LogDevObjectVersion:   Dev-Online (39C831C9-5AE6-47DC-9A44-9C173E1C8E7C): 0
LogDevObjectVersion:   Dev-Physics (78F01B33-EBEA-4F98-B9B4-84EACCB95AA2): 0
LogDevObjectVersion:   Dev-Platform (6631380F-2D4D-43E0-8009-CF276956A95A): 0
LogDevObjectVersion:   Dev-Rendering (12F88B9F-8875-4AFC-A67C-D90C383ABD29): 20
LogDevObjectVersion:   Dev-Sequencer (7B5AE74C-D270-4C10-A958-57980B212A5A): 4
LogDevObjectVersion:   Dev-VR (D7296918-1DD6-4BDD-9DE2-64A83CC13884): 0
LogDevObjectVersion:   Dev-LoadTimes (C2A15278-BFE7-4AFE-6C17-90FF531DF755): 1
LogDevObjectVersion:   Private-Geometry (6EACA3D4-40EC-4CC1-B786-8BED09428FC5): 1
LogDevObjectVersion:   Dev-AnimPhys (29E575DD-E0A3-4627-9D10-D276232CDCEA): 12
LogInit: Compiled (64-bit): Jan 12 2018 02:04:55
LogInit: Compiled with Visual C++: 19.00.24215.01
LogInit: Build Configuration: Development
LogInit: Branch Name: ++UE4+Release-4.18
LogInit: Command line:  
LogInit: Base directory: D:/Epic_Games/UE_4.18/Engine/Binaries/Win64/
LogInit: Installed Engine Build: 1
LogInit: Presizing for max 8388607 objects, including 0 objects not considered by GC, pre-allocating 0 bytes for permanent pool.
LogInit: Object subsystem initialized
[2018.04.23-01.30.54:015][  0]LogInit: Selected Device Profile: [Windows]
[2018.04.23-01.30.54:015][  0]LogInit: Applying CVar settings loaded from the selected device profile: [Windows]
[2018.04.23-01.30.54:027][  0]LogInit: Computer: BEAULAPTOP
[2018.04.23-01.30.54:027][  0]LogInit: User: beaum
[2018.04.23-01.30.54:027][  0]LogInit: CPU Page size=4096, Cores=4
[2018.04.23-01.30.54:027][  0]LogInit: High frequency timer resolution =2.648440 MHz
[2018.04.23-01.30.54:028][  0]LogMemory: Memory total: Physical=16.0GB (16GB approx)
[2018.04.23-01.30.54:028][  0]LogMemory: Platform Memory Stats for Windows
[2018.04.23-01.30.54:028][  0]LogMemory: Process Physical Memory: 273.40 MB used, 273.40 MB peak
[2018.04.23-01.30.54:028][  0]LogMemory: Process Virtual Memory: 265.13 MB used, 265.13 MB peak
[2018.04.23-01.30.54:028][  0]LogMemory: Physical Memory: 12657.75 MB used,  3679.64 MB free, 16337.39 MB total
[2018.04.23-01.30.54:028][  0]LogMemory: Virtual Memory: 677.54 MB used,  3679.64 MB free, 134217728.00 MB total
[2018.04.23-01.30.54:217][  0]LogInit: Using OS detected language (en-US).
[2018.04.23-01.30.54:217][  0]LogInit: Using OS detected locale (en-US).
[2018.04.23-01.30.54:220][  0]LogTextLocalizationManager: No specific localization for 'en-US' exists, so the 'en' localization will be used.
[2018.04.23-01.30.54:657][  0]LogInit: Setting process to per monitor DPI aware
[2018.04.23-01.30.54:903][  0]LogD3D11RHI: D3D11 adapters:
[2018.04.23-01.30.54:965][  0]LogD3D11RHI:    0. 'NVIDIA GeForce GTX 980M' (Feature Level 11_0)
[2018.04.23-01.30.54:965][  0]LogD3D11RHI:       8153/0/8168 MB DedicatedVideo/DedicatedSystem/SharedSystem, Outputs:2, VendorId:0x10de
[2018.04.23-01.30.54:967][  0]LogD3D11RHI:    1. 'Microsoft Basic Render Driver' (Feature Level 11_0)
[2018.04.23-01.30.54:967][  0]LogD3D11RHI:       0/0/8168 MB DedicatedVideo/DedicatedSystem/SharedSystem, Outputs:0, VendorId:0x1414
[2018.04.23-01.30.54:967][  0]LogD3D11RHI: Chosen D3D11 Adapter: 0
[2018.04.23-01.30.54:984][  0]LogD3D11RHI: Creating new Direct3DDevice
[2018.04.23-01.30.54:984][  0]LogD3D11RHI:     GPU DeviceId: 0x1617 (for the marketing name, search the web for "GPU Device Id")
[2018.04.23-01.30.54:984][  0]LogWindows: EnumDisplayDevices:
[2018.04.23-01.30.54:984][  0]LogWindows:    0. 'NVIDIA GeForce GTX 980M' (P:0 D:1)
[2018.04.23-01.30.54:984][  0]LogWindows:    1. 'NVIDIA GeForce GTX 980M' (P:1 D:1)
[2018.04.23-01.30.54:984][  0]LogWindows:    2. 'NVIDIA GeForce GTX 980M' (P:0 D:0)
[2018.04.23-01.30.54:984][  0]LogWindows:    3. 'NVIDIA GeForce GTX 980M' (P:0 D:0)
[2018.04.23-01.30.54:984][  0]LogWindows: DebugString: GetVideoDriverDetailsInvalid PrimaryIsNotTheChoosenAdapter GetVideoDriverDetailsInvalid PrimaryIsNotTheChoosenAdapter GetVideoDriverDetailsInvalid PrimaryIsNotTheChoosenAdapter GetVideoDriverDetailsInvalid PrimaryIsNotTheChoosenAdapter FoundDriverCount:0 
[2018.04.23-01.30.54:984][  0]LogD3D11RHI:     Adapter Name: NVIDIA GeForce GTX 980M
[2018.04.23-01.30.54:984][  0]LogD3D11RHI:   Driver Version: Unknown (internal:Unknown, unified:Unknown)
[2018.04.23-01.30.54:984][  0]LogD3D11RHI:      Driver Date: Unknown
[2018.04.23-01.30.54:985][  0]LogRHI: Texture pool is 5707 MB (70% of 8153 MB)
[2018.04.23-01.30.55:012][  0]LogD3D11RHI: Async texture creation enabled
[2018.04.23-01.30.55:027][  0]LogD3D11RHI: GPU Timing Frequency: 1000.000000 (Debug: 2 1)
[2018.04.23-01.30.55:081][  0]LogD3D11RHI: HDR output is supported on display 1 (NvId: 0x80061082).
[2018.04.23-01.30.55:081][  0]LogShaderCompilers: Guid format shader working directory is 0 characters bigger than the processId version (../../../../../GitHub Projects/MeteorVR/Meteor/Intermediate/Shaders/WorkingDirectory/6932/).
[2018.04.23-01.30.55:081][  0]LogShaderCompilers: Cleaned the shader compiler working directory 'C:/Users/beaum/AppData/Local/Temp/UnrealShaderWorkingDir/609604FD4A61DB54D3DE09B4BD9861F2/'.
[2018.04.23-01.30.55:081][  0]LogShaderCompilers: Display: Using Local Shader Compiler.
[2018.04.23-01.30.56:025][  0]LogTemp: Display: Loaded TP AllDesktopTargetPlatform
[2018.04.23-01.30.56:101][  0]LogTemp: Display: Loaded TP MacClientTargetPlatform
[2018.04.23-01.30.56:185][  0]LogTemp: Display: Loaded TP MacNoEditorTargetPlatform
[2018.04.23-01.30.56:299][  0]LogTemp: Display: Loaded TP MacServerTargetPlatform
[2018.04.23-01.30.56:389][  0]LogTemp: Display: Loaded TP MacTargetPlatform
[2018.04.23-01.30.56:582][  0]LogTemp: Display: Loaded TP WindowsClientTargetPlatform
[2018.04.23-01.30.56:655][  0]LogTemp: Display: Loaded TP WindowsNoEditorTargetPlatform
[2018.04.23-01.30.56:732][  0]LogTemp: Display: Loaded TP WindowsServerTargetPlatform
[2018.04.23-01.30.56:785][  0]LogTemp: Display: Loaded TP WindowsTargetPlatform
[2018.04.23-01.30.56:863][  0]LogTemp: Display: Loaded TP Android_ASTCTargetPlatform
[2018.04.23-01.30.56:944][  0]LogTemp: Display: Loaded TP Android_ATCTargetPlatform
[2018.04.23-01.30.57:018][  0]LogTemp: Display: Loaded TP Android_DXTTargetPlatform
[2018.04.23-01.30.57:113][  0]LogTemp: Display: Loaded TP Android_ETC1TargetPlatform
[2018.04.23-01.30.57:181][  0]LogTemp: Display: Loaded TP Android_ETC2TargetPlatform
[2018.04.23-01.30.57:329][  0]LogTemp: Display: Loaded TP Android_MultiTargetPlatform
[2018.04.23-01.30.57:329][  0]LogTemp: Display: Loaded TP Android_PVRTCTargetPlatform
[2018.04.23-01.30.57:458][  0]LogTemp: Display: Loaded TP AndroidTargetPlatform
[2018.04.23-01.30.57:511][  0]LogTemp: Display: Loaded TP HTML5TargetPlatform
[2018.04.23-01.30.57:647][  0]LogTemp: Display: Loaded TP IOSTargetPlatform
[2018.04.23-01.30.57:670][  0]LogTemp: Display: Loaded TP TVOSTargetPlatform
[2018.04.23-01.30.58:190][  0]LogTemp: Display: Loaded TP LinuxClientTargetPlatform
[2018.04.23-01.30.58:332][  0]LogTemp: Display: Loaded TP LinuxNoEditorTargetPlatform
[2018.04.23-01.30.58:679][  0]LogTemp: Display: Loaded TP LinuxServerTargetPlatform
[2018.04.23-01.30.58:753][  0]LogTemp: Display: Loaded TP LinuxTargetPlatform
[2018.04.23-01.30.58:753][  0]LogTargetPlatformManager: Display: Building Assets For Windows
[2018.04.23-01.30.59:138][  0]LogDerivedDataCache: Display: Max Cache Size: 512 MB
[2018.04.23-01.30.59:215][  0]LogDerivedDataCache: Loaded boot cache 0.08s 78MB C:/Users/beaum/AppData/Local/UnrealEngine/4.18/DerivedDataCache/Boot.ddc.
[2018.04.23-01.30.59:216][  0]LogDerivedDataCache: Display: Loaded Boot cache: C:/Users/beaum/AppData/Local/UnrealEngine/4.18/DerivedDataCache/Boot.ddc
[2018.04.23-01.30.59:216][  0]LogDerivedDataCache: FDerivedDataBackendGraph:  Pak pak cache file ../../../../../GitHub Projects/MeteorVR/Meteor/DerivedDataCache/DDC.ddp not found, will not use a pak cache.
[2018.04.23-01.30.59:216][  0]LogDerivedDataCache: Unable to find inner node Pak for hierarchical cache Hierarchy.
[2018.04.23-01.30.59:216][  0]LogDerivedDataCache: FDerivedDataBackendGraph:  CompressedPak pak cache file ../../../../../GitHub Projects/MeteorVR/Meteor/DerivedDataCache/Compressed.ddp not found, will not use a pak cache.
[2018.04.23-01.30.59:216][  0]LogDerivedDataCache: Unable to find inner node CompressedPak for hierarchical cache Hierarchy.
[2018.04.23-01.30.59:233][  0]LogDerivedDataCache: Display: Pak cache opened for reading ../../../Engine/DerivedDataCache/Compressed.ddp.
[2018.04.23-01.30.59:245][  0]LogDerivedDataCache: Using Local data cache path C:/Users/beaum/AppData/Local/UnrealEngine/Common/DerivedDataCache: Writable
[2018.04.23-01.30.59:255][  0]LogMaterial: Verifying Global Shaders for PCD3D_SM5
[2018.04.23-01.30.59:256][  0]LogSlate: Using Freetype 2.6.0
[2018.04.23-01.30.59:257][  0]LogSlate: SlateFontCache - WITH_FREETYPE: 1, WITH_HARFBUZZ: 1
[2018.04.23-01.30.59:257][  0]LogSlate: SlateFontCache - WITH_FREETYPE: 1, WITH_HARFBUZZ: 1
[2018.04.23-01.30.59:673][  0]LogInit: Selected Device Profile: [Windows]
[2018.04.23-01.30.59:958][  0]LogSimplygon: Simplygon DLL not present - disabling.
[2018.04.23-01.30.59:986][  0]LogMeshReduction: Using SimplygonSwarm for distributed automatic mesh merging
[2018.04.23-01.30.59:986][  0]LogMeshReduction: Using QuadricMeshReduction for automatic static mesh reduction
[2018.04.23-01.30.59:986][  0]LogMeshReduction: No automatic skeletal mesh reduction module available
[2018.04.23-01.30.59:986][  0]LogMeshReduction: No automatic mesh merging module available
[2018.04.23-01.30.59:986][  0]LogMeshMerging: No automatic mesh merging module available
[2018.04.23-01.31.00:020][  0]LogNetVersion: Meteor , NetCL: 3709383, EngineNetVer: 2, GameNetVer: 0 (Checksum: 2481781071)
[2018.04.23-01.31.00:174][  0]LogAssetRegistry: FAssetRegistry took 0.0258 seconds to start up
[2018.04.23-01.31.00:658][  0]LogPackageLocalizationCache: Processed 7 localized package path(s) for 2 prioritized culture(s) in 0.063249 seconds
[2018.04.23-01.31.00:664][  0]LogUObjectArray: 35870 objects as part of root set at end of initial load.
[2018.04.23-01.31.00:664][  0]LogUObjectAllocator: 7363696 out of 0 bytes used by permanent object pool.
[2018.04.23-01.31.00:664][  0]LogUObjectArray: CloseDisregardForGC: 0/0 objects in disregard for GC pool
[2018.04.23-01.31.00:701][  0]LogInit: WinSock: version 1.1 (2.2), MaxSocks=32767, MaxUdp=65467
[2018.04.23-01.31.03:165][  0]LogTcpMessaging: Initializing TcpMessaging bridge
[2018.04.23-01.31.03:204][  0]LogUdpMessaging: Initializing bridge on interface 0.0.0.0:0 to multicast group 230.0.0.1:6666.
[2018.04.23-01.31.03:773][  0]LogMaterial: Uniform references updated for custom material expression Custom.
[2018.04.23-01.31.04:140][  0]SourceControl: Source control is disabled
[2018.04.23-01.31.04:140][  0]SourceControl: Source control is disabled
[2018.04.23-01.31.04:183][  0]SourceControl: Source control is disabled
[2018.04.23-01.31.04:232][  0]SourceControl: Source control is disabled
[2018.04.23-01.31.04:897][  0]LogAndroidPermission: UAndroidPermissionCallbackProxy::GetInstance
[2018.04.23-01.31.05:111][  0]LogOcInput: OculusInput pre-init called
[2018.04.23-01.31.05:354][  0]LogEngine: Initializing Engine...
[2018.04.23-01.31.05:358][  0]LogHMD: Failed to initialize OpenVR with code 110
[2018.04.23-01.31.05:567][  0]LogStats: UGameplayTagsManager::ConstructGameplayTagTree: Construct from data asset -  0.000 s
[2018.04.23-01.31.05:567][  0]LogStats: UGameplayTagsManager::ConstructGameplayTagTree: GameplayTagTreeChangedEvent.Broadcast -  0.000 s
[2018.04.23-01.31.05:685][  0]LogAIModule: Creating AISystem for world Untitled
[2018.04.23-01.31.05:706][  0]LogInit: XAudio2 using 'Realtek Digital Output (Realtek High Definition Audio)' : 2 channels at 48 kHz using 16 bits per sample (channel mask 0x3)
[2018.04.23-01.31.05:742][  0]LogInit: FAudioDevice initialized.
[2018.04.23-01.31.05:929][  0]LogDerivedDataCache: Saved boot cache 0.19s 78MB C:/Users/beaum/AppData/Local/UnrealEngine/4.18/DerivedDataCache/Boot.ddc.
[2018.04.23-01.31.05:940][  0]LogInit: Texture streaming: Enabled
[2018.04.23-01.31.06:016][  0]LogEngineSessionManager: EngineSessionManager initialized
[2018.04.23-01.31.06:138][  0]LogInit: Transaction tracking system initialized
[2018.04.23-01.31.06:410][  0]BlueprintLog: New page: Editor Load
[2018.04.23-01.31.07:197][  0]LocalizationService: Localization service is disabled
[2018.04.23-01.31.07:851][  0]LogConsoleResponse: Display: 
[2018.04.23-01.31.08:003][  0]LogCook: Display: Max memory allowance for cook 16384mb min free memory 0mb
[2018.04.23-01.31.08:003][  0]LogCook: Display: Mobile HDR setting 1
[2018.04.23-01.31.08:003][  0]LogGameplayTags: Display: UGameplayTagsManager::DoneAddingNativeTags. DelegateIsBound: 0
[2018.04.23-01.31.08:269][  0]LogFileCache: Scanning file cache for directory 'D:/GitHub Projects/MeteorVR/Meteor/Content/' took 0.02s
[2018.04.23-01.31.09:050][  0]SourceControl: Source control is disabled
[2018.04.23-01.31.09:050][  0]Cmd: MAP LOAD FILE="../../../../../GitHub Projects/MeteorVR/Meteor/Content/Content/Maps/FinalMaps/Main.umap" TEMPLATE=0 SHOWPROGRESS=1 FEATURELEVEL=3
[2018.04.23-01.31.09:051][  0]LightingResults: New page: Lighting Build
[2018.04.23-01.31.09:091][  0]MapCheck: New page: Map Check
[2018.04.23-01.31.09:091][  0]LightingResults: New page: Lighting Build
[2018.04.23-01.31.11:071][  0]LogAIModule: Creating AISystem for world Main
[2018.04.23-01.31.11:570][  0]LogStreaming: Display: ULevelStreaming::RequestLevel(/Game/Content/Maps/FinalMaps/FireAndIce) is flushing async loading
[2018.04.23-01.31.11:614][  0]LogStreaming: Display: ULevelStreaming::RequestLevel(/Game/Content/Maps/FinalMaps/Lake) is flushing async loading
[2018.04.23-01.31.11:623][  0]LogStreaming: Display: ULevelStreaming::RequestLevel(/Game/Content/Maps/FinalMaps/Landing) is flushing async loading
[2018.04.23-01.31.11:928][  0]LogEditorServer: Finished looking for orphan Actors (0.000 secs)
[2018.04.23-01.31.12:166][  0]Cmd: MAP CHECKDEP NOCLEARLOG
[2018.04.23-01.31.12:227][  0]MapCheck: Map check complete: 0 Error(s), 0 Warning(s), took 60.76ms to complete.
[2018.04.23-01.31.12:227][  0]LogFileHelpers: Loading map 'Main' took 3.177
[2018.04.23-01.31.12:416][  0]LogCollectionManager: Loaded 0 collections in 0.001568 seconds
[2018.04.23-01.31.12:494][  0]LogFileCache: Scanning file cache for directory 'D:/GitHub Projects/MeteorVR/Meteor/Saved/Collections/' took 0.01s
[2018.04.23-01.31.12:494][  0]LogFileCache: Scanning file cache for directory 'D:/GitHub Projects/MeteorVR/Meteor/Content/Developers/beaum/Collections/' took 0.01s
[2018.04.23-01.31.12:494][  0]LogFileCache: Scanning file cache for directory 'D:/GitHub Projects/MeteorVR/Meteor/Content/Collections/' took 0.01s
[2018.04.23-01.31.12:494][  0]LogCollectionManager: Rebuilt the GUID cache for 0 collections in 0.000000 seconds
[2018.04.23-01.31.12:503][  0]LogContentBrowser: Native class hierarchy populated in 0.0093 seconds. Added 2363 classes and 519 folders.
[2018.04.23-01.31.12:554][  0]LogContentBrowser: Native class hierarchy updated for 'WidgetCarousel' in 0.0003 seconds. Added 0 classes and 0 folders.
[2018.04.23-01.31.12:591][  0]LogContentBrowser: Native class hierarchy updated for 'AddContentDialog' in 0.0002 seconds. Added 0 classes and 0 folders.
[2018.04.23-01.31.12:630][  0]LogContentBrowser: Native class hierarchy updated for 'WorldBrowser' in 0.0004 seconds. Added 2 classes and 3 folders.
[2018.04.23-01.31.12:669][  0]LogContentBrowser: Native class hierarchy updated for 'SceneOutliner' in 0.0002 seconds. Added 1 classes and 2 folders.
[2018.04.23-01.31.12:687][  0]LogSlate: Took 0.000373 seconds to synchronously load lazily loaded font '../../../Engine/Content/Slate/Fonts/Roboto-Regular.ttf' (155K)
[2018.04.23-01.31.12:689][  0]LogSlate: Took 0.000172 seconds to synchronously load lazily loaded font '../../../Engine/Content/Slate/Fonts/Roboto-Bold.ttf' (160K)
[2018.04.23-01.31.12:694][  0]LogSlate: Took 0.000173 seconds to synchronously load lazily loaded font '../../../Engine/Content/Editor/Slate/Fonts/FontAwesome.ttf' (139K)
[2018.04.23-01.31.12:823][  0]LogRenderer: Reallocating scene render targets to support 1208x576 Format 10 NumSamples 1 (Frame:1).
[2018.04.23-01.31.13:144][  0]LogStats: FPlatformStackWalk::StackWalkAndDump -  0.314 s
[2018.04.23-01.31.13:144][  0]LogOutputDevice: Error: === Handled ensure: ===
[2018.04.23-01.31.13:144][  0]LogOutputDevice: Error: 
[2018.04.23-01.31.13:144][  0]LogOutputDevice: Error: Ensure condition failed: false [File:D:\Build\++UE4+Release-4.18+Compile\Sync\Engine\Source\Runtime\Engine\Private\PrimitiveSceneProxy.cpp] [Line: 663]
[2018.04.23-01.31.13:144][  0]LogOutputDevice: Error: PrimitiveComponent tried to render with Material MaterialInstanceDynamic_2, which was not present in the component's GetUsedMaterials results
[2018.04.23-01.31.13:144][  0]LogOutputDevice: Error:     Owner: BP_SpaceSphere_114, Resource: P_SolarFlares
[2018.04.23-01.31.13:144][  0]LogOutputDevice: Error: Stack: 
[2018.04.23-01.31.13:144][  0]LogOutputDevice: Error: [Callstack] 0x0000000054522786 UE4Editor-Core.dll!UnknownFunction []
[2018.04.23-01.31.13:144][  0]LogOutputDevice: Error: [Callstack] 0x00000000542C123A UE4Editor-Core.dll!UnknownFunction []
[2018.04.23-01.31.13:144][  0]LogOutputDevice: Error: [Callstack] 0x00000000542DB906 UE4Editor-Core.dll!UnknownFunction []
[2018.04.23-01.31.13:144][  0]LogOutputDevice: Error: [Callstack] 0x000000004CB3385D UE4Editor-Engine.dll!UnknownFunction []
[2018.04.23-01.31.13:144][  0]LogOutputDevice: Error: [Callstack] 0x000000004CACA521 UE4Editor-Engine.dll!UnknownFunction []
[2018.04.23-01.31.13:144][  0]LogOutputDevice: Error: [Callstack] 0x000000004C971B40 UE4Editor-Engine.dll!UnknownFunction []
[2018.04.23-01.31.13:144][  0]LogOutputDevice: Error: [Callstack] 0x000000004C96D7FE UE4Editor-Engine.dll!UnknownFunction []
[2018.04.23-01.31.13:144][  0]LogOutputDevice: Error: [Callstack] 0x0000000048031F8F UE4Editor-Renderer.dll!UnknownFunction []
[2018.04.23-01.31.13:145][  0]LogOutputDevice: Error: [Callstack] 0x000000004801B3F7 UE4Editor-Renderer.dll!UnknownFunction []
[2018.04.23-01.31.13:145][  0]LogOutputDevice: Error: [Callstack] 0x00000000480378DA UE4Editor-Renderer.dll!UnknownFunction []
[2018.04.23-01.31.13:145][  0]LogOutputDevice: Error: [Callstack] 0x0000000047B1444D UE4Editor-Renderer.dll!UnknownFunction []
[2018.04.23-01.31.13:145][  0]LogOutputDevice: Error: [Callstack] 0x000000004804E9A4 UE4Editor-Renderer.dll!UnknownFunction []
[2018.04.23-01.31.13:145][  0]LogOutputDevice: Error: [Callstack] 0x000000004801595F UE4Editor-Renderer.dll!UnknownFunction []
[2018.04.23-01.31.13:145][  0]LogOutputDevice: Error: [Callstack] 0x000000004A970D5E UE4Editor-UnrealEd.dll!UnknownFunction []
[2018.04.23-01.31.13:145][  0]LogOutputDevice: Error: [Callstack] 0x000000004CE309D2 UE4Editor-Engine.dll!UnknownFunction []
[2018.04.23-01.31.13:145][  0]LogOutputDevice: Error: [Callstack] 0x000000004CCB1285 UE4Editor-Engine.dll!UnknownFunction []
[2018.04.23-01.31.13:145][  0]LogOutputDevice: Error: [Callstack] 0x000000004CCA1B8D UE4Editor-Engine.dll!UnknownFunction []
[2018.04.23-01.31.13:145][  0]LogOutputDevice: Error: [Callstack] 0x000000005545D98B UE4Editor-Slate.dll!UnknownFunction []
[2018.04.23-01.31.13:145][  0]LogOutputDevice: Error: [Callstack] 0x0000000068EAD2CF UE4Editor-SlateCore.dll!UnknownFunction []
[2018.04.23-01.31.13:145][  0]LogOutputDevice: Error: [Callstack] 0x0000000068EAB9F4 UE4Editor-SlateCore.dll!UnknownFunction []
[2018.04.23-01.31.13:145][  0]LogOutputDevice: Error: [Callstack] 0x0000000068EAD2CF UE4Editor-SlateCore.dll!UnknownFunction []
[2018.04.23-01.31.13:145][  0]LogOutputDevice: Error: [Callstack] 0x0000000068EAB9F4 UE4Editor-SlateCore.dll!UnknownFunction []
[2018.04.23-01.31.13:145][  0]LogOutputDevice: Error: [Callstack] 0x0000000068EAD2CF UE4Editor-SlateCore.dll!UnknownFunction []
[2018.04.23-01.31.13:145][  0]LogOutputDevice: Error: [Callstack] 0x0000000055459373 UE4Editor-Slate.dll!UnknownFunction []
[2018.04.23-01.31.13:145][  0]LogOutputDevice: Error: [Callstack] 0x0000000068EAD2CF UE4Editor-SlateCore.dll!UnknownFunction []
[2018.04.23-01.31.13:145][  0]LogOutputDevice: Error: [Callstack] 0x0000000068EABF39 UE4Editor-SlateCore.dll!UnknownFunction []
[2018.04.23-01.31.13:145][  0]LogOutputDevice: Error: [Callstack] 0x0000000068EAD2CF UE4Editor-SlateCore.dll!UnknownFunction []
[2018.04.23-01.31.13:145][  0]LogOutputDevice: Error: [Callstack] 0x0000000068EAB9F4 UE4Editor-SlateCore.dll!UnknownFunction []
[2018.04.23-01.31.13:145][  0]LogOutputDevice: Error: [Callstack] 0x0000000068EAD2CF UE4Editor-SlateCore.dll!UnknownFunction []
[2018.04.23-01.31.13:145][  0]LogOutputDevice: Error: [Callstack] 0x0000000068EAB9F4 UE4Editor-SlateCore.dll!UnknownFunction []
[2018.04.23-01.31.13:145][  0]LogOutputDevice: Error: [Callstack] 0x0000000055458F20 UE4Editor-Slate.dll!UnknownFunction []
[2018.04.23-01.31.13:145][  0]LogOutputDevice: Error: [Callstack] 0x0000000068EAD2CF UE4Editor-SlateCore.dll!UnknownFunction []
[2018.04.23-01.31.13:145][  0]LogOutputDevice: Error: [Callstack] 0x0000000068EABF39 UE4Editor-SlateCore.dll!UnknownFunction []
[2018.04.23-01.31.13:145][  0]LogOutputDevice: Error: [Callstack] 0x0000000068EAD2CF UE4Editor-SlateCore.dll!UnknownFunction []
[2018.04.23-01.31.13:145][  0]LogOutputDevice: Error: [Callstack] 0x0000000068EADBE6 UE4Editor-SlateCore.dll!UnknownFunction []
[2018.04.23-01.31.13:145][  0]LogOutputDevice: Error: [Callstack] 0x0000000068EAC06E UE4Editor-SlateCore.dll!UnknownFunction []
[2018.04.23-01.31.13:145][  0]LogOutputDevice: Error: [Callstack] 0x0000000068EAD2CF UE4Editor-SlateCore.dll!UnknownFunction []
[2018.04.23-01.31.13:145][  0]LogOutputDevice: Error: [Callstack] 0x0000000068EAB9F4 UE4Editor-SlateCore.dll!UnknownFunction []
[2018.04.23-01.31.13:145][  0]LogOutputDevice: Error: [Callstack] 0x0000000068EAD2CF UE4Editor-SlateCore.dll!UnknownFunction []
[2018.04.23-01.31.13:145][  0]LogOutputDevice: Error: [Callstack] 0x0000000068EADBE6 UE4Editor-SlateCore.dll!UnknownFunction []
[2018.04.23-01.31.13:145][  0]LogOutputDevice: Error: [Callstack] 0x000000005545D281 UE4Editor-Slate.dll!UnknownFunction []
[2018.04.23-01.31.13:145][  0]LogOutputDevice: Error: [Callstack] 0x0000000068EAD2CF UE4Editor-SlateCore.dll!UnknownFunction []
[2018.04.23-01.31.13:145][  0]LogOutputDevice: Error: [Callstack] 0x0000000068EAB9F4 UE4Editor-SlateCore.dll!UnknownFunction []
[2018.04.23-01.31.13:145][  0]LogOutputDevice: Error: [Callstack] 0x0000000068EAD2CF UE4Editor-SlateCore.dll!UnknownFunction []
[2018.04.23-01.31.13:145][  0]LogOutputDevice: Error: [Callstack] 0x0000000068EADBE6 UE4Editor-SlateCore.dll!UnknownFunction []
[2018.04.23-01.31.13:145][  0]LogOutputDevice: Error: [Callstack] 0x000000005545D281 UE4Editor-Slate.dll!UnknownFunction []
[2018.04.23-01.31.13:145][  0]LogOutputDevice: Error: [Callstack] 0x0000000068EAD2CF UE4Editor-SlateCore.dll!UnknownFunction []
[2018.04.23-01.31.13:145][  0]LogOutputDevice: Error: [Callstack] 0x0000000068EAB9F4 UE4Editor-SlateCore.dll!UnknownFunction []
[2018.04.23-01.31.13:145][  0]LogOutputDevice: Error: [Callstack] 0x0000000068EAD2CF UE4Editor-SlateCore.dll!UnknownFunction []
[2018.04.23-01.31.13:145][  0]LogOutputDevice: Error: [Callstack] 0x0000000068EADBE6 UE4Editor-SlateCore.dll!UnknownFunction []
[2018.04.23-01.31.13:145][  0]LogOutputDevice: Error: [Callstack] 0x000000005545D281 UE4Editor-Slate.dll!UnknownFunction []
[2018.04.23-01.31.13:145][  0]LogOutputDevice: Error: [Callstack] 0x0000000068EAD2CF UE4Editor-SlateCore.dll!UnknownFunction []
[2018.04.23-01.31.13:145][  0]LogOutputDevice: Error: [Callstack] 0x0000000068EAB9F4 UE4Editor-SlateCore.dll!UnknownFunction []
[2018.04.23-01.31.13:145][  0]LogOutputDevice: Error: [Callstack] 0x0000000068EAD2CF UE4Editor-SlateCore.dll!UnknownFunction []
[2018.04.23-01.31.13:145][  0]LogOutputDevice: Error: [Callstack] 0x0000000068EADBE6 UE4Editor-SlateCore.dll!UnknownFunction []
[2018.04.23-01.31.13:145][  0]LogOutputDevice: Error: [Callstack] 0x000000005545D281 UE4Editor-Slate.dll!UnknownFunction []
[2018.04.23-01.31.13:145][  0]LogOutputDevice: Error: [Callstack] 0x0000000068EAD2CF UE4Editor-SlateCore.dll!UnknownFunction []
[2018.04.23-01.31.13:145][  0]LogOutputDevice: Error: [Callstack] 0x0000000068EABF39 UE4Editor-SlateCore.dll!UnknownFunction []
[2018.04.23-01.31.13:145][  0]LogOutputDevice: Error: [Callstack] 0x0000000068EAD2CF UE4Editor-SlateCore.dll!UnknownFunction []
[2018.04.23-01.31.13:145][  0]LogOutputDevice: Error: [Callstack] 0x0000000068EAB9F4 UE4Editor-SlateCore.dll!UnknownFunction []
[2018.04.23-01.31.13:145][  0]LogOutputDevice: Error: [Callstack] 0x0000000068EAD2CF UE4Editor-SlateCore.dll!UnknownFunction []
[2018.04.23-01.31.13:145][  0]LogOutputDevice: Error: [Callstack] 0x0000000068EADBE6 UE4Editor-SlateCore.dll!UnknownFunction []
[2018.04.23-01.31.13:145][  0]LogOutputDevice: Error: [Callstack] 0x0000000068EAC06E UE4Editor-SlateCore.dll!UnknownFunction []
[2018.04.23-01.31.13:146][  0]LogOutputDevice: Error: [Callstack] 0x0000000068EAD2CF UE4Editor-SlateCore.dll!UnknownFunction []
[2018.04.23-01.31.13:146][  0]LogOutputDevice: Error: [Callstack] 0x0000000068EAB9F4 UE4Editor-SlateCore.dll!UnknownFunction []
[2018.04.23-01.31.13:146][  0]LogOutputDevice: Error: [Callstack] 0x0000000068EAD2CF UE4Editor-SlateCore.dll!UnknownFunction []
[2018.04.23-01.31.13:146][  0]LogOutputDevice: Error: [Callstack] 0x0000000068EAB9F4 UE4Editor-SlateCore.dll!UnknownFunction []
[2018.04.23-01.31.13:146][  0]LogOutputDevice: Error: [Callstack] 0x0000000055458F20 UE4Editor-Slate.dll!UnknownFunction []
[2018.04.23-01.31.13:146][  0]LogOutputDevice: Error: [Callstack] 0x0000000068EAD2CF UE4Editor-SlateCore.dll!UnknownFunction []
[2018.04.23-01.31.13:146][  0]LogOutputDevice: Error: [Callstack] 0x0000000068EABF39 UE4Editor-SlateCore.dll!UnknownFunction []
[2018.04.23-01.31.13:146][  0]LogOutputDevice: Error: [Callstack] 0x0000000068EAD2CF UE4Editor-SlateCore.dll!UnknownFunction []
[2018.04.23-01.31.13:146][  0]LogOutputDevice: Error: [Callstack] 0x0000000068EADBE6 UE4Editor-SlateCore.dll!UnknownFunction []
[2018.04.23-01.31.13:146][  0]LogOutputDevice: Error: [Callstack] 0x0000000068EAC06E UE4Editor-SlateCore.dll!UnknownFunction []
[2018.04.23-01.31.13:146][  0]LogOutputDevice: Error: [Callstack] 0x0000000068EAD2CF UE4Editor-SlateCore.dll!UnknownFunction []
[2018.04.23-01.31.13:146][  0]LogOutputDevice: Error: [Callstack] 0x0000000068EAB9F4 UE4Editor-SlateCore.dll!UnknownFunction []
[2018.04.23-01.31.13:146][  0]LogOutputDevice: Error: [Callstack] 0x0000000068EAD2CF UE4Editor-SlateCore.dll!UnknownFunction []
[2018.04.23-01.31.13:146][  0]LogOutputDevice: Error: [Callstack] 0x0000000068EADBE6 UE4Editor-SlateCore.dll!UnknownFunction []
[2018.04.23-01.31.13:146][  0]LogOutputDevice: Error: [Callstack] 0x000000005545D281 UE4Editor-Slate.dll!UnknownFunction []
[2018.04.23-01.31.13:146][  0]LogOutputDevice: Error: [Callstack] 0x0000000068EAD2CF UE4Editor-SlateCore.dll!UnknownFunction []
[2018.04.23-01.31.13:146][  0]LogOutputDevice: Error: [Callstack] 0x0000000068EABF39 UE4Editor-SlateCore.dll!UnknownFunction []
[2018.04.23-01.31.13:146][  0]LogOutputDevice: Error: [Callstack] 0x0000000068EAD2CF UE4Editor-SlateCore.dll!UnknownFunction []
[2018.04.23-01.31.13:146][  0]LogOutputDevice: Error: [Callstack] 0x0000000068EAB9F4 UE4Editor-SlateCore.dll!UnknownFunction []
[2018.04.23-01.31.13:146][  0]LogOutputDevice: Error: [Callstack] 0x0000000068EAD2CF UE4Editor-SlateCore.dll!UnknownFunction []
[2018.04.23-01.31.13:146][  0]LogOutputDevice: Error: [Callstack] 0x0000000068EADBE6 UE4Editor-SlateCore.dll!UnknownFunction []
[2018.04.23-01.31.13:146][  0]LogOutputDevice: Error: [Callstack] 0x0000000068EAC06E UE4Editor-SlateCore.dll!UnknownFunction []
[2018.04.23-01.31.13:146][  0]LogOutputDevice: Error: [Callstack] 0x0000000068EAD2CF UE4Editor-SlateCore.dll!UnknownFunction []
[2018.04.23-01.31.13:146][  0]LogOutputDevice: Error: [Callstack] 0x0000000068EADBE6 UE4Editor-SlateCore.dll!UnknownFunction []
[2018.04.23-01.31.13:146][  0]LogOutputDevice: Error: [Callstack] 0x0000000068EAC06E UE4Editor-SlateCore.dll!UnknownFunction []
[2018.04.23-01.31.13:146][  0]LogOutputDevice: Error: [Callstack] 0x0000000068EAD2CF UE4Editor-SlateCore.dll!UnknownFunction []
[2018.04.23-01.31.13:146][  0]LogOutputDevice: Error: [Callstack] 0x0000000068EABF39 UE4Editor-SlateCore.dll!UnknownFunction []
[2018.04.23-01.31.13:146][  0]LogOutputDevice: Error: [Callstack] 0x0000000068EAD2CF UE4Editor-SlateCore.dll!UnknownFunction []
[2018.04.23-01.31.13:146][  0]LogOutputDevice: Error: [Callstack] 0x0000000068EAB9F4 UE4Editor-SlateCore.dll!UnknownFunction []
[2018.04.23-01.31.13:146][  0]LogOutputDevice: Error: [Callstack] 0x0000000068EAC10A UE4Editor-SlateCore.dll!UnknownFunction []
[2018.04.23-01.31.13:146][  0]LogOutputDevice: Error: [Callstack] 0x0000000068EAD2CF UE4Editor-SlateCore.dll!UnknownFunction []
[2018.04.23-01.31.13:146][  0]LogOutputDevice: Error: [Callstack] 0x000000005520306A UE4Editor-Slate.dll!UnknownFunction []
[2018.04.23-01.31.13:146][  0]LogOutputDevice: Error: [Callstack] 0x0000000055237831 UE4Editor-Slate.dll!UnknownFunction []
[2018.04.23-01.31.13:146][  0]LogOutputDevice: Error: [Callstack] 0x000000005522FD2B UE4Editor-Slate.dll!UnknownFunction []
[2018.04.23-01.31.13:146][  0]LogOutputDevice: Error: [Callstack] 0x00000000B2AEE0A0 UE4Editor-ApplicationCore.dll!UnknownFunction []
[2018.04.23-01.31.13:146][  0]LogOutputDevice: Error: 
[2018.04.23-01.31.13:149][  0]LogStats:                SubmitErrorReport -  0.000 s
[2018.04.23-01.31.13:484][  0]LogStats:                    SendNewReport -  0.335 s
[2018.04.23-01.31.13:484][  0]LogStats:             FDebug::EnsureFailed -  0.654 s
[2018.04.23-01.31.13:696][  0]LogContentBrowser: Native class hierarchy updated for 'HierarchicalLODOutliner' in 0.0002 seconds. Added 1 classes and 2 folders.
[2018.04.23-01.31.13:696][  0]LogLoad: (Engine Initialization) Total time: 21.80 seconds
[2018.04.23-01.31.13:696][  0]LogLoad: (Engine Initialization) Total Blueprint compile time: 0.00 seconds
[2018.04.23-01.31.13:696][  0]LogExternalProfiler: Found external profiler: VSPerf
[2018.04.23-01.31.13:696][  0]LogExternalProfiler: Using external profiler: VSPerf
[2018.04.23-01.31.14:085][  0]LogContentStreaming: Texture pool size now 1000 MB
[2018.04.23-01.31.14:145][  0]LogSlate: Took 0.000187 seconds to synchronously load lazily loaded font '../../../Engine/Content/Slate/Fonts/Roboto-Light.ttf' (159K)
[2018.04.23-01.31.14:369][  1]LogFileCache: Retrieving MD5 hashes for directory 'D:/GitHub Projects/MeteorVR/Meteor/Content/' took 0.32s
[2018.04.23-01.31.14:394][  1]LogAssetRegistry: Asset discovery search completed in 14.2414 seconds
[2018.04.23-01.31.14:397][  1]LogCollectionManager: Rebuilt the object cache for 0 collections in 0.000000 seconds (found 0 objects)
[2018.04.23-01.31.14:397][  1]LogCollectionManager: Fixed up redirectors for 0 collections in 0.000086 seconds (updated 0 objects)
[2018.04.23-02.02.20:720][595]LogSlate: Took 0.000162 seconds to synchronously load lazily loaded font '../../../Engine/Content/Slate/Fonts/Roboto-Light.ttf' (159K)
[2018.04.23-02.02.21:071][595]LogFactory: FactoryCreateFile: StaticMesh with FbxFactory (0 0 C:/Users/beaum/Downloads/arrow.fbx)
[2018.04.23-02.02.21:250][595]LogFbx: ItemName: GlobalSettings, ItemCount : 1
[2018.04.23-02.02.21:250][595]LogFbx: ItemName: AnimationStack, ItemCount : 1
[2018.04.23-02.02.21:250][595]LogFbx: ItemName: AnimationLayer, ItemCount : 1
[2018.04.23-02.02.21:250][595]LogFbx: ItemName: Geometry, ItemCount : 1
[2018.04.23-02.02.21:250][595]LogFbx: ItemName: Material, ItemCount : 1
[2018.04.23-02.02.21:250][595]LogFbx: ItemName: Texture, ItemCount : 1
[2018.04.23-02.02.21:250][595]LogFbx: ItemName: Model, ItemCount : 1
[2018.04.23-02.02.21:250][595]LogFbx: ItemName: Video, ItemCount : 1
[2018.04.23-02.02.21:260][595]LogFbx: Loading FBX Scene from C:/Users/beaum/Downloads/arrow.fbx
[2018.04.23-02.02.21:274][595]LogFbx: FBX Scene Loaded Succesfully
[2018.04.23-02.02.26:398][595]LogFbx: Loading FBX Scene from C:/Users/beaum/Downloads/arrow.fbx
[2018.04.23-02.02.26:408][595]LogFbx: FBX Scene Loaded Succesfully
[2018.04.23-02.02.26:469][595]LogLinker: Can't find file '/Game/Content/blinn1'
[2018.04.23-02.02.26:469][595]LogLinker: Can't find file '/Game/Content/blinn1'
[2018.04.23-02.02.26:507][595]LogLinker: Can't find file '/Game/Content/arrowTXT'
[2018.04.23-02.02.26:508][595]LogLinker: Can't find file '/Game/Content/arrowTXT'
[2018.04.23-02.02.26:615][595]LogTexture: Display: Building textures: arrowTXT (AutoDXT, 1080X1080)
[2018.04.23-02.02.28:224][595]LogTexture: Display: Building textures: arrowTXT (AutoDXT, 1080X1080)
[2018.04.23-02.02.29:681][595]LogSlate: Took 0.000154 seconds to synchronously load lazily loaded font '../../../Engine/Content/Slate/Fonts/Roboto-Regular.ttf' (155K)
[2018.04.23-02.02.30:148][595]LogMaterial: Missing cached shader map for material blinn1, compiling. 
[2018.04.23-02.02.30:225][595]LogFbx: Warning: Triangulating static mesh arrow
[2018.04.23-02.02.30:399][595]LogStaticMesh: Building static mesh arrow...
[2018.04.23-02.02.30:411][595]LogStaticMesh: Built static mesh [0.01s] /Game/Content/arrow.arrow
[2018.04.23-02.02.30:418][595]FBXImport: Warning: No smoothing group information was found in this FBX scene.  Please make sure to enable the 'Export Smoothing Groups' option in the FBX Exporter plug-in before exporting the file.  Even for tools that don't support smoothing groups, the FBX Exporter will generate appropriate smoothing data at export-time so that correct vertex normals can be inferred while importing. 
[2018.04.23-02.02.36:602][954]LogFileHelpers: Editor autosave (incl. sublevels) for '/Game/Content/Maps/FinalMaps/Main' took 0.012
[2018.04.23-02.02.36:888][954]OBJ SavePackage: Generating thumbnails for [1] asset(s) in package [/Game/Content/arrow] ([1] browsable assets)...
[2018.04.23-02.02.36:907][954]OBJ SavePackage:     Rendered thumbnail for [StaticMesh /Game/Content/arrow.arrow]
[2018.04.23-02.02.36:907][954]OBJ SavePackage: Finished generating thumbnails for package [/Game/Content/arrow]
[2018.04.23-02.02.36:907][954]Cmd: OBJ SAVEPACKAGE PACKAGE="/Game/Content/arrow" FILE="../../../../../GitHub Projects/MeteorVR/Meteor/Saved/Autosaves/Game/Content/arrow_Auto1.uasset" SILENT=false AUTOSAVING=true
[2018.04.23-02.02.36:924][954]LogSavePackage: Save=14.67ms
[2018.04.23-02.02.36:924][954]LogSavePackage: Moving '../../../../../GitHub Projects/MeteorVR/Meteor/Saved/arrow_Auto15D7ABAAB4627A05E7D9252AC5048FC4C.tmp' to '../../../../../GitHub Projects/MeteorVR/Meteor/Saved/Autosaves/Game/Content/arrow_Auto1.uasset'
[2018.04.23-02.02.36:925][954]LogSavePackage: Display: Finished SavePackage ../../../../../GitHub Projects/MeteorVR/Meteor/Saved/Autosaves/Game/Content/arrow_Auto1.uasset
[2018.04.23-02.02.36:925][954]OBJ SavePackage: Generating thumbnails for [1] asset(s) in package [/Game/Content/blinn1] ([1] browsable assets)...
[2018.04.23-02.02.36:945][954]OBJ SavePackage:     Rendered thumbnail for [Material /Game/Content/blinn1.blinn1]
[2018.04.23-02.02.36:945][954]OBJ SavePackage: Finished generating thumbnails for package [/Game/Content/blinn1]
[2018.04.23-02.02.36:945][954]Cmd: OBJ SAVEPACKAGE PACKAGE="/Game/Content/blinn1" FILE="../../../../../GitHub Projects/MeteorVR/Meteor/Saved/Autosaves/Game/Content/blinn1_Auto1.uasset" SILENT=false AUTOSAVING=true
[2018.04.23-02.02.36:984][954]LogSavePackage: Save=36.23ms
[2018.04.23-02.02.36:984][954]LogSavePackage: Moving '../../../../../GitHub Projects/MeteorVR/Meteor/Saved/blinn1_Auto11F62ED26416B3BD0F93BEE81057E9B38.tmp' to '../../../../../GitHub Projects/MeteorVR/Meteor/Saved/Autosaves/Game/Content/blinn1_Auto1.uasset'
[2018.04.23-02.02.36:984][954]LogSavePackage: Display: Finished SavePackage ../../../../../GitHub Projects/MeteorVR/Meteor/Saved/Autosaves/Game/Content/blinn1_Auto1.uasset
[2018.04.23-02.02.36:985][954]OBJ SavePackage: Generating thumbnails for [1] asset(s) in package [/Game/Content/arrowTXT] ([1] browsable assets)...
[2018.04.23-02.02.37:001][954]OBJ SavePackage:     Rendered thumbnail for [Texture2D /Game/Content/arrowTXT.arrowTXT]
[2018.04.23-02.02.37:001][954]OBJ SavePackage: Finished generating thumbnails for package [/Game/Content/arrowTXT]
[2018.04.23-02.02.37:001][954]Cmd: OBJ SAVEPACKAGE PACKAGE="/Game/Content/arrowTXT" FILE="../../../../../GitHub Projects/MeteorVR/Meteor/Saved/Autosaves/Game/Content/arrowTXT_Auto1.uasset" SILENT=false AUTOSAVING=true
[2018.04.23-02.02.37:036][954]LogSavePackage: Save=33.82ms
[2018.04.23-02.02.37:036][954]LogSavePackage: Moving '../../../../../GitHub Projects/MeteorVR/Meteor/Saved/arrowTXT_Auto1A1F245624CD64BA605273DBCD2BC976E.tmp' to '../../../../../GitHub Projects/MeteorVR/Meteor/Saved/Autosaves/Game/Content/arrowTXT_Auto1.uasset'
[2018.04.23-02.02.37:037][954]LogSavePackage: Display: Finished SavePackage ../../../../../GitHub Projects/MeteorVR/Meteor/Saved/Autosaves/Game/Content/arrowTXT_Auto1.uasset
[2018.04.23-02.02.37:037][954]LogFileHelpers: Auto-saving content packages took 0.434
[2018.04.23-02.02.41:690][207]LogActorFactory: Actor Factory created arrow
[2018.04.23-02.02.46:523][454]LogActorFactory: Actor Factory created arrow
[2018.04.23-02.03.17:598][247]LogRenderer: Reallocating scene render targets to support 1432x924 Format 10 NumSamples 1 (Frame:1).
[2018.04.23-02.03.35:291][250]LogContentBrowser: Native class hierarchy updated for 'MaterialEditor' in 0.0003 seconds. Added 1 classes and 0 folders.
[2018.04.23-02.03.35:306][250]LogMaterial: Missing cached shader map for material blinn1, compiling. 
[2018.04.23-02.03.35:531][250]LogMaterial: Missing cached shader map for material blinn1, compiling. 
[2018.04.23-02.03.35:576][250]LogMaterial: Missing cached shader map for material blinn1, compiling. 
[2018.04.23-02.03.35:653][250]LogMaterial: Missing cached shader map for material FMatExpressionPreview MaterialExpressionTextureSample_0, compiling. 
[2018.04.23-02.03.35:658][250]LogMaterial: Missing cached shader map for material FMatExpressionPreview MaterialExpressionTextureSample_1, compiling. 
[2018.04.23-02.03.35:671][250]LogSlate: Took 0.000241 seconds to synchronously load lazily loaded font '../../../Engine/Content/Editor/Slate/Fonts/Roboto-BoldCondensed.ttf' (158K)
[2018.04.23-02.03.38:469][396]MaterialEditorStats: Base pass shader: 50 instructions
[2018.04.23-02.03.38:469][396]MaterialEditorStats: Base pass shader with Volumetric Lightmap: 77 instructions
[2018.04.23-02.03.38:469][396]MaterialEditorStats: Vertex shader: 124 instructions
[2018.04.23-02.03.38:469][396]MaterialEditorStats: Texture samplers: 3/16
[2018.04.23-02.03.38:469][396]MaterialEditorStats: User interpolators: 2/4 Scalars (1/4 Vectors) (TexCoords: 2, Custom: 0)
[2018.04.23-02.03.42:563][637]LogMaterial: Missing cached shader map for material blinn1, compiling. 
[2018.04.23-02.03.44:719][763]MaterialEditorStats: Base pass shader: 47 instructions
[2018.04.23-02.03.44:719][763]MaterialEditorStats: Base pass shader with Volumetric Lightmap: 74 instructions
[2018.04.23-02.03.44:719][763]MaterialEditorStats: Vertex shader: 124 instructions
[2018.04.23-02.03.44:719][763]MaterialEditorStats: Texture samplers: 3/16
[2018.04.23-02.03.44:719][763]MaterialEditorStats: User interpolators: 2/4 Scalars (1/4 Vectors) (TexCoords: 2, Custom: 0)
[2018.04.23-02.03.46:072][844]LogMaterialEditor: Saving and Compiling material blinn1
[2018.04.23-02.03.46:577][844]LogMaterial: Missing cached shader map for material blinn1, compiling. 
[2018.04.23-02.03.46:659][844]LogMaterial: Missing cached shader map for material blinn1, compiling. 
[2018.04.23-02.03.46:720][844]LogMaterial: Missing cached shader map for material blinn1, compiling. 
[2018.04.23-02.03.46:863][844]LogMaterial: Missing cached shader map for material FDebugViewModeMaterialProxy blinn1, compiling. 
[2018.04.23-02.03.48:440][844]TextureStreamingBuild: Display: Compiling optional shaders took 1.617 seconds.
[2018.04.23-02.03.51:500][844]Cmd: OBJ SAVEPACKAGE PACKAGE="/Game/Content/blinn1" FILE="../../../../../GitHub Projects/MeteorVR/Meteor/Content/Content/blinn1.uasset" SILENT=true
[2018.04.23-02.03.51:524][844]LogSavePackage: Save=22.23ms
[2018.04.23-02.03.51:524][844]LogSavePackage: Moving '../../../../../GitHub Projects/MeteorVR/Meteor/Saved/blinn103280EE84A277606D0D6678993116F9B.tmp' to '../../../../../GitHub Projects/MeteorVR/Meteor/Content/Content/blinn1.uasset'
[2018.04.23-02.03.51:529][844]LogSavePackage: Display: Finished SavePackage ../../../../../GitHub Projects/MeteorVR/Meteor/Content/Content/blinn1.uasset
[2018.04.23-02.06.13:093][713]LogEditorActor: Deleted Actor: StaticMeshActor
[2018.04.23-02.06.13:105][713]LogEditorActor: Deleted 1 Actors (0.082 secs)
[2018.04.23-02.10.17:034][368]Cmd: OBJ SAVEPACKAGE PACKAGE="/Game/Content/Maps/FinalMaps/Main" FILE="../../../../../GitHub Projects/MeteorVR/Meteor/Content/Content/Maps/FinalMaps/Main.umap" SILENT=true AUTOSAVING=false KEEPDIRTY=false
[2018.04.23-02.10.20:121][368]LogSavePackage: Save=2759.86ms
[2018.04.23-02.10.20:121][368]LogSavePackage: Moving '../../../../../GitHub Projects/MeteorVR/Meteor/Saved/Main286C0D6B4E1C6B4D02C6DB8394395ADE.tmp' to '../../../../../GitHub Projects/MeteorVR/Meteor/Content/Content/Maps/FinalMaps/Main.umap'
[2018.04.23-02.10.20:126][368]LogSavePackage: Display: Finished SavePackage ../../../../../GitHub Projects/MeteorVR/Meteor/Content/Content/Maps/FinalMaps/Main.umap
[2018.04.23-02.10.20:179][368]LogFileHelpers: Saving map 'Main' took 3.214
[2018.04.23-02.10.20:197][368]Cmd: OBJ SAVEPACKAGE PACKAGE="/Game/Content/arrow" FILE="../../../../../GitHub Projects/MeteorVR/Meteor/Content/Content/arrow.uasset" SILENT=true
[2018.04.23-02.10.20:216][368]LogSavePackage: Save=17.16ms
[2018.04.23-02.10.20:216][368]LogSavePackage: Moving '../../../../../GitHub Projects/MeteorVR/Meteor/Saved/arrow7D671CE34AAE86CE144339A3EEB58B39.tmp' to '../../../../../GitHub Projects/MeteorVR/Meteor/Content/Content/arrow.uasset'
[2018.04.23-02.10.20:222][368]LogSavePackage: Display: Finished SavePackage ../../../../../GitHub Projects/MeteorVR/Meteor/Content/Content/arrow.uasset
[2018.04.23-02.10.20:235][368]Cmd: OBJ SAVEPACKAGE PACKAGE="/Game/Content/arrowTXT" FILE="../../../../../GitHub Projects/MeteorVR/Meteor/Content/Content/arrowTXT.uasset" SILENT=true
[2018.04.23-02.10.20:431][368]LogSavePackage: Save=193.93ms
[2018.04.23-02.10.20:431][368]LogSavePackage: Moving '../../../../../GitHub Projects/MeteorVR/Meteor/Saved/arrowTXT09094E334BED10EF2545299A05057259.tmp' to '../../../../../GitHub Projects/MeteorVR/Meteor/Content/Content/arrowTXT.uasset'
[2018.04.23-02.10.20:432][368]LogSavePackage: Display: Finished SavePackage ../../../../../GitHub Projects/MeteorVR/Meteor/Content/Content/arrowTXT.uasset
[2018.04.23-02.13.45:368][259]Cmd: OBJ SAVEPACKAGE PACKAGE="/Game/Content/Maps/FinalMaps/Main" FILE="../../../../../GitHub Projects/MeteorVR/Meteor/Content/Content/Maps/FinalMaps/Main.umap" SILENT=true AUTOSAVING=false KEEPDIRTY=false
[2018.04.23-02.13.48:106][259]LogSavePackage: Save=2720.54ms
[2018.04.23-02.13.48:106][259]LogSavePackage: Moving '../../../../../GitHub Projects/MeteorVR/Meteor/Saved/Main197D1B5B4B3C31118FBFA9A6EE599233.tmp' to '../../../../../GitHub Projects/MeteorVR/Meteor/Content/Content/Maps/FinalMaps/Main.umap'
[2018.04.23-02.13.48:111][259]LogSavePackage: Display: Finished SavePackage ../../../../../GitHub Projects/MeteorVR/Meteor/Content/Content/Maps/FinalMaps/Main.umap
[2018.04.23-02.13.48:201][259]LogFileHelpers: Saving map 'Main' took 2.907
[2018.04.23-02.13.48:299][259]LogSpawn: Warning: UWorld::DestroyActor: World has no context! World: FireAndIce, Actor: /Game/Content/Maps/FinalMaps/FireAndIce.FireAndIce:PersistentLevel.REINST_FireAndIce_C_0
[2018.04.23-02.13.48:418][259]LogSavePackage: Save=122.05ms
[2018.04.23-02.13.48:418][259]LogSavePackage: Moving '../../../../../GitHub Projects/MeteorVR/Meteor/Saved/FireAndIceF0626D58449B6318AAA801804F340416.tmp' to '../../../../../GitHub Projects/MeteorVR/Meteor/Content/Content/Maps/FinalMaps/FireAndIce.umap'
[2018.04.23-02.13.48:421][259]LogSavePackage: Display: Finished SavePackage ../../../../../GitHub Projects/MeteorVR/Meteor/Content/Content/Maps/FinalMaps/FireAndIce.umap
[2018.04.23-02.13.48:426][259]LogFileHelpers: Saving map 'FireAndIce' took 0.219
[2018.04.23-02.13.48:506][259]Cmd: OBJ SAVEPACKAGE PACKAGE="/Game/Content/Maps/FinalMaps/Lake" FILE="../../../../../GitHub Projects/MeteorVR/Meteor/Content/Content/Maps/FinalMaps/Lake.umap" SILENT=true AUTOSAVING=false KEEPDIRTY=false
[2018.04.23-02.13.48:550][259]LogSavePackage: Save=19.17ms
[2018.04.23-02.13.48:550][259]LogSavePackage: Moving '../../../../../GitHub Projects/MeteorVR/Meteor/Saved/LakeCD03A76947B18DCF3945AE944345C394.tmp' to '../../../../../GitHub Projects/MeteorVR/Meteor/Content/Content/Maps/FinalMaps/Lake.umap'
[2018.04.23-02.13.48:553][259]LogSavePackage: Display: Finished SavePackage ../../../../../GitHub Projects/MeteorVR/Meteor/Content/Content/Maps/FinalMaps/Lake.umap
[2018.04.23-02.13.48:555][259]LogFileHelpers: Saving map 'Lake' took 0.126
[2018.04.23-02.13.48:651][259]LogParticles: Warning: InitializeSystem called on an unregistered component. Template=/Game/Content/Particles/P_FireLess.P_FireLess Component=/Game/Content/Maps/FinalMaps/Landing.Landing:PersistentLevel.BP_SpaceShip_103.Fire
[2018.04.23-02.13.48:651][259]LogParticles: Warning: InitializeSystem called on an unregistered component. Template=/Game/Content/Particles/P_SparksLess.P_SparksLess Component=/Game/Content/Maps/FinalMaps/Landing.Landing:PersistentLevel.BP_SpaceShip_103.Sparks2
[2018.04.23-02.13.48:651][259]LogParticles: Warning: InitializeSystem called on an unregistered component. Template=/Game/Content/Particles/P_SparksLess.P_SparksLess Component=/Game/Content/Maps/FinalMaps/Landing.Landing:PersistentLevel.BP_SpaceShip_103.Sparks
[2018.04.23-02.13.48:653][259]LogParticles: Warning: InitializeSystem called on an unregistered component. Template=/Game/Content/Particles/P_SparksLess.P_SparksLess Component=/Game/Content/Maps/FinalMaps/Landing.Landing:PersistentLevel.BP_SpaceShip_103.Sparks
[2018.04.23-02.13.48:654][259]LogParticles: Warning: InitializeSystem called on an unregistered component. Template=/Game/Content/Particles/P_FireLess.P_FireLess Component=/Game/Content/Maps/FinalMaps/Landing.Landing:PersistentLevel.BP_SpaceShip_103.Fire
[2018.04.23-02.13.48:654][259]LogParticles: Warning: InitializeSystem called on an unregistered component. Template=/Game/Content/Particles/P_SparksLess.P_SparksLess Component=/Game/Content/Maps/FinalMaps/Landing.Landing:PersistentLevel.BP_SpaceShip_103.Sparks2
[2018.04.23-02.13.48:732][259]LogSavePackage: Save=81.08ms
[2018.04.23-02.13.48:732][259]LogSavePackage: Moving '../../../../../GitHub Projects/MeteorVR/Meteor/Saved/LandingD4DAC793456F67A7DC8E2986A86766D5.tmp' to '../../../../../GitHub Projects/MeteorVR/Meteor/Content/Content/Maps/FinalMaps/Landing.umap'
[2018.04.23-02.13.48:734][259]LogSavePackage: Display: Finished SavePackage ../../../../../GitHub Projects/MeteorVR/Meteor/Content/Content/Maps/FinalMaps/Landing.umap
[2018.04.23-02.13.48:736][259]LogFileHelpers: Saving map 'Landing' took 0.180
[2018.04.23-02.14.18:837][465]Cmd: QUIT_EDITOR
[2018.04.23-02.14.18:859][465]LogWindowsTextInputMethodSystem: Display: IME system now deactivated.
[2018.04.23-02.14.18:876][465]LogExit: Preparing to exit.
[2018.04.23-02.14.19:144][465]LogDirectoryWatcher: A directory notification for 'D:/GitHub Projects/MeteorVR/Meteor/Content/' was aborted.
[2018.04.23-02.14.19:221][465]LogExit: Editor shut down
[2018.04.23-02.14.19:232][465]LogExit: Transaction tracking system shut down
[2018.04.23-02.14.19:411][465]LogDirectoryWatcher: A directory notification for '../../../Engine/Content/' was aborted.
[2018.04.23-02.14.19:411][465]LogDirectoryWatcher: A directory notification for '../../../../../GitHub Projects/MeteorVR/Meteor/Content/' was aborted.
[2018.04.23-02.14.19:412][465]LogDirectoryWatcher: A directory notification for '../../../Engine/Plugins/2D/Paper2D/Content/' was aborted.
[2018.04.23-02.14.19:412][465]LogDirectoryWatcher: A directory notification for '../../../Engine/Plugins/Media/MediaCompositing/Content/' was aborted.
[2018.04.23-02.14.19:412][465]LogDirectoryWatcher: A directory notification for '../../../Engine/Plugins/Runtime/AppleARKit/Content/' was aborted.
[2018.04.23-02.14.19:412][465]LogDirectoryWatcher: A directory notification for '../../../Engine/Plugins/Runtime/Oculus/OculusVR/Content/' was aborted.
[2018.04.23-02.14.19:412][465]LogDirectoryWatcher: A directory notification for '../../../Engine/Plugins/Runtime/Steam/SteamVR/Content/' was aborted.
[2018.04.23-02.14.19:475][465]LogExit: Object subsystem successfully closed.
[2018.04.23-02.14.19:511][465]LogD3D11RHI: Shutdown
[2018.04.23-02.14.19:511][465]LogD3D11RHI: CleanupD3DDevice
[2018.04.23-02.14.19:515][465]LogD3D11RHI: ~FD3D11DynamicRHI
[2018.04.23-02.14.19:523][465]LogModuleManager: Shutting down and abandoning module MaterialEditor (554)
[2018.04.23-02.14.19:523][465]LogModuleManager: Shutting down and abandoning module StaticMeshEditor (552)
[2018.04.23-02.14.19:523][465]LogModuleManager: Shutting down and abandoning module HierarchicalLODOutliner (550)
[2018.04.23-02.14.19:523][465]LogModuleManager: Shutting down and abandoning module SceneOutliner (548)
[2018.04.23-02.14.19:523][465]LogModuleManager: Shutting down and abandoning module WorldBrowser (546)
[2018.04.23-02.14.19:523][465]LogModuleManager: Shutting down and abandoning module AddContentDialog (544)
[2018.04.23-02.14.19:524][465]LogDirectoryWatcher: A directory notification for 'D:/Epic_Games/UE_4.18/FeaturePacks/' was aborted.
[2018.04.23-02.14.19:524][465]LogModuleManager: Shutting down and abandoning module WidgetCarousel (543)
[2018.04.23-02.14.19:524][465]LogModuleManager: Shutting down and abandoning module EditorWidgets (540)
[2018.04.23-02.14.19:525][465]LogModuleManager: Shutting down and abandoning module CollectionManager (538)
[2018.04.23-02.14.19:525][465]LogDirectoryWatcher: A directory notification for 'D:/GitHub Projects/MeteorVR/Meteor/Content/Collections/' was aborted.
[2018.04.23-02.14.19:525][465]LogDirectoryWatcher: A directory notification for 'D:/GitHub Projects/MeteorVR/Meteor/Content/Developers/beaum/Collections/' was aborted.
[2018.04.23-02.14.19:525][465]LogDirectoryWatcher: A directory notification for 'D:/GitHub Projects/MeteorVR/Meteor/Saved/Collections/' was aborted.
[2018.04.23-02.14.19:525][465]LogModuleManager: Shutting down and abandoning module StatsViewer (536)
[2018.04.23-02.14.19:525][465]LogModuleManager: Shutting down and abandoning module FoliageEdit (534)
[2018.04.23-02.14.19:525][465]LogModuleManager: Shutting down and abandoning module LandscapeEditor (532)
[2018.04.23-02.14.19:525][465]LogModuleManager: Shutting down and abandoning module MeshPaintMode (530)
[2018.04.23-02.14.19:525][465]LogModuleManager: Shutting down and abandoning module SceneDepthPickerMode (528)
[2018.04.23-02.14.19:525][465]LogModuleManager: Shutting down and abandoning module ActorPickerMode (526)
[2018.04.23-02.14.19:525][465]LogModuleManager: Shutting down and abandoning module GeometryMode (524)
[2018.04.23-02.14.19:525][465]LogModuleManager: Shutting down and abandoning module TextureAlignMode (522)
[2018.04.23-02.14.19:525][465]LogModuleManager: Shutting down and abandoning module BspMode (520)
[2018.04.23-02.14.19:525][465]LogModuleManager: Shutting down and abandoning module PIEPreviewDeviceProfileSelector (518)
[2018.04.23-02.14.19:525][465]LogModuleManager: Shutting down and abandoning module HardwareSurvey (516)
[2018.04.23-02.14.19:525][465]LogModuleManager: Shutting down and abandoning module SequenceRecorderSections (514)
[2018.04.23-02.14.19:525][465]LogModuleManager: Shutting down and abandoning module AutomationWorker (512)
[2018.04.23-02.14.19:525][465]LogModuleManager: Shutting down and abandoning module MatineeToLevelSequence (510)
[2018.04.23-02.14.19:525][465]LogModuleManager: Shutting down and abandoning module LevelSequenceEditor (508)
[2018.04.23-02.14.19:525][465]LogModuleManager: Shutting down and abandoning module PlacementMode (507)
[2018.04.23-02.14.19:525][465]LogModuleManager: Shutting down and abandoning module WmfMediaFactory (504)
[2018.04.23-02.14.19:525][465]LogModuleManager: Shutting down and abandoning module WmfMediaEditor (502)
[2018.04.23-02.14.19:525][465]LogModuleManager: Shutting down and abandoning module OpenExrWrapper (500)
[2018.04.23-02.14.19:525][465]LogModuleManager: Shutting down and abandoning module ImgMediaFactory (498)
[2018.04.23-02.14.19:525][465]LogModuleManager: Shutting down and abandoning module ImgMediaEditor (496)
[2018.04.23-02.14.19:525][465]LogModuleManager: Shutting down and abandoning module AvfMediaFactory (494)
[2018.04.23-02.14.19:526][465]LogModuleManager: Shutting down and abandoning module AvfMediaEditor (492)
[2018.04.23-02.14.19:526][465]LogModuleManager: Shutting down and abandoning module AndroidMediaFactory (490)
[2018.04.23-02.14.19:526][465]LogModuleManager: Shutting down and abandoning module AndroidMediaEditor (488)
[2018.04.23-02.14.19:526][465]LogModuleManager: Shutting down and abandoning module CharacterAI (486)
[2018.04.23-02.14.19:526][465]LogModuleManager: Shutting down and abandoning module AudioCapture (484)
[2018.04.23-02.14.19:526][465]LogModuleManager: Shutting down and abandoning module SequenceRecorder (483)
[2018.04.23-02.14.19:526][465]LogModuleManager: Shutting down and abandoning module SmartSnapping (480)
[2018.04.23-02.14.19:526][465]LogModuleManager: Shutting down and abandoning module SessionServices (478)
[2018.04.23-02.14.19:526][465]LogModuleManager: Shutting down and abandoning module ViewportSnapping (476)
[2018.04.23-02.14.19:526][465]LogModuleManager: Shutting down and abandoning module ViewportInteraction (474)
[2018.04.23-02.14.19:526][465]LogModuleManager: Shutting down and abandoning module ClothPainter (472)
[2018.04.23-02.14.19:526][465]LogModuleManager: Shutting down and abandoning module SkeletalMeshEditor (471)
[2018.04.23-02.14.19:526][465]LogModuleManager: Shutting down and abandoning module LogVisualizer (468)
[2018.04.23-02.14.19:526][465]LogModuleManager: Shutting down and abandoning module IntroTutorials (466)
[2018.04.23-02.14.19:526][465]LogModuleManager: Shutting down and abandoning module GameProjectGeneration (465)
[2018.04.23-02.14.19:526][465]LogModuleManager: Shutting down and abandoning module IOSPlatformEditor (462)
[2018.04.23-02.14.19:526][465]LogModuleManager: Shutting down and abandoning module HTML5PlatformEditor (460)
[2018.04.23-02.14.19:526][465]LogModuleManager: Shutting down and abandoning module AndroidPlatformEditor (458)
[2018.04.23-02.14.19:526][465]LogModuleManager: Shutting down and abandoning module AndroidDeviceDetection (457)
[2018.04.23-02.14.20:482][465]LogModuleManager: Shutting down and abandoning module WindowsPlatformEditor (454)
[2018.04.23-02.14.20:482][465]LogModuleManager: Shutting down and abandoning module IOSRuntimeSettings (452)
[2018.04.23-02.14.20:482][465]LogModuleManager: Shutting down and abandoning module AndroidRuntimeSettings (450)
[2018.04.23-02.14.20:482][465]LogModuleManager: Shutting down and abandoning module InputBindingEditor (448)
[2018.04.23-02.14.20:482][465]LogModuleManager: Shutting down and abandoning module MergeActors (446)
[2018.04.23-02.14.20:482][465]LogModuleManager: Shutting down and abandoning module SizeMap (444)
[2018.04.23-02.14.20:482][465]LogModuleManager: Shutting down and abandoning module TreeMap (442)
[2018.04.23-02.14.20:482][465]LogModuleManager: Shutting down and abandoning module ReferenceViewer (440)
[2018.04.23-02.14.20:482][465]LogModuleManager: Shutting down and abandoning module LocalizationDashboard (438)
[2018.04.23-02.14.20:482][465]LogModuleManager: Shutting down and abandoning module LocalizationService (437)
[2018.04.23-02.14.20:483][465]LogModuleManager: Shutting down and abandoning module HardwareTargeting (434)
[2018.04.23-02.14.20:483][465]LogModuleManager: Shutting down and abandoning module DeviceProfileEditor (432)
[2018.04.23-02.14.20:483][465]LogModuleManager: Shutting down and abandoning module UndoHistory (430)
[2018.04.23-02.14.20:483][465]LogModuleManager: Shutting down and abandoning module XmlParser (428)
[2018.04.23-02.14.20:483][465]LogModuleManager: Shutting down and abandoning module Blutility (426)
[2018.04.23-02.14.20:483][465]LogModuleManager: Shutting down and abandoning module ProjectSettingsViewer (424)
[2018.04.23-02.14.20:483][465]LogModuleManager: Shutting down and abandoning module ProjectTargetPlatformEditor (423)
[2018.04.23-02.14.20:483][465]LogModuleManager: Shutting down and abandoning module EditorSettingsViewer (420)
[2018.04.23-02.14.20:483][465]LogModuleManager: Shutting down and abandoning module SettingsEditor (418)
[2018.04.23-02.14.20:483][465]LogModuleManager: Shutting down and abandoning module ProjectLauncher (416)
[2018.04.23-02.14.20:483][465]LogModuleManager: Shutting down and abandoning module SessionFrontend (414)
[2018.04.23-02.14.20:483][465]LogModuleManager: Shutting down and abandoning module ProfilerClient (412)
[2018.04.23-02.14.20:483][465]LogModuleManager: Shutting down and abandoning module DeviceManager (410)
[2018.04.23-02.14.20:483][465]LogModuleManager: Shutting down and abandoning module TargetDeviceServices (409)
[2018.04.23-02.14.20:536][465]LogModuleManager: Shutting down and abandoning module AutomationController (406)
[2018.04.23-02.14.20:536][465]LogModuleManager: Shutting down and abandoning module AutomationWindow (404)
[2018.04.23-02.14.20:536][465]LogModuleManager: Shutting down and abandoning module Layers (402)
[2018.04.23-02.14.20:536][465]LogModuleManager: Shutting down and abandoning module ComponentVisualizers (400)
[2018.04.23-02.14.20:536][465]LogModuleManager: Shutting down and abandoning module DetailCustomizations (398)
[2018.04.23-02.14.20:536][465]LogModuleManager: Shutting down and abandoning module PackagesDialog (396)
[2018.04.23-02.14.20:536][465]LogModuleManager: Shutting down and abandoning module Persona (394)
[2018.04.23-02.14.20:536][465]LogModuleManager: Shutting down and abandoning module AdvancedPreviewScene (393)
[2018.04.23-02.14.20:536][465]LogModuleManager: Shutting down and abandoning module AnimGraph (391)
[2018.04.23-02.14.20:536][465]LogModuleManager: Shutting down and abandoning module Kismet (388)
[2018.04.23-02.14.20:538][465]LogModuleManager: Shutting down and abandoning module ClassViewer (386)
[2018.04.23-02.14.20:538][465]LogModuleManager: Shutting down and abandoning module Toolbox (384)
[2018.04.23-02.14.20:539][465]LogModuleManager: Shutting down and abandoning module ModuleUI (382)
[2018.04.23-02.14.20:539][465]LogModuleManager: Shutting down and abandoning module MovieSceneTools (380)
[2018.04.23-02.14.20:539][465]LogModuleManager: Shutting down and abandoning module OutputLog (378)
[2018.04.23-02.14.20:539][465]LogModuleManager: Shutting down and abandoning module GammaUI (376)
[2018.04.23-02.14.20:539][465]LogModuleManager: Shutting down and abandoning module Documentation (374)
[2018.04.23-02.14.20:539][465]LogModuleManager: Shutting down and abandoning module MovieSceneTracks (372)
[2018.04.23-02.14.20:539][465]LogModuleManager: Shutting down and abandoning module MovieScene (370)
[2018.04.23-02.14.20:539][465]LogModuleManager: Shutting down and abandoning module StreamingPauseRendering (368)
[2018.04.23-02.14.20:539][465]LogModuleManager: Shutting down and abandoning module LauncherPlatform (366)
[2018.04.23-02.14.20:539][465]LogModuleManager: Shutting down and abandoning module AnalyticsET (364)
[2018.04.23-02.14.20:539][465]LogModuleManager: Shutting down and abandoning module PortalServices (362)
[2018.04.23-02.14.20:539][465]LogModuleManager: Shutting down and abandoning module PortalRpc (360)
[2018.04.23-02.14.20:539][465]LogModuleManager: Shutting down and abandoning module MessagingRpc (358)
[2018.04.23-02.14.20:539][465]LogModuleManager: Shutting down and abandoning module AIModule (356)
[2018.04.23-02.14.20:539][465]LogModuleManager: Shutting down and abandoning module GameplayDebugger (355)
[2018.04.23-02.14.20:539][465]LogModuleManager: Shutting down and abandoning module AITestSuite (353)
[2018.04.23-02.14.20:539][465]LogModuleManager: Shutting down and abandoning module DesktopPlatform (350)
[2018.04.23-02.14.20:539][465]LogModuleManager: Shutting down and abandoning module ProfilerService (348)
[2018.04.23-02.14.20:636][465]LogModuleManager: Shutting down and abandoning module TaskGraph (346)
[2018.04.23-02.14.20:637][465]LogModuleManager: Shutting down and abandoning module SteamVRController (344)
[2018.04.23-02.14.20:637][465]LogModuleManager: Shutting down and abandoning module ProceduralMeshComponentEditor (342)
[2018.04.23-02.14.20:637][465]LogModuleManager: Shutting down and abandoning module ProceduralMeshComponent (340)
[2018.04.23-02.14.20:637][465]LogModuleManager: Shutting down and abandoning module OculusInput (338)
[2018.04.23-02.14.20:637][465]LogModuleManager: Shutting down and abandoning module MobilePatchingUtils (336)
[2018.04.23-02.14.20:637][465]LogModuleManager: Shutting down and abandoning module CustomMeshComponent (334)
[2018.04.23-02.14.20:637][465]LogModuleManager: Shutting down and abandoning module CableComponent (332)
[2018.04.23-02.14.20:637][465]LogModuleManager: Shutting down and abandoning module ArchVisCharacter (330)
[2018.04.23-02.14.20:637][465]LogModuleManager: Shutting down and abandoning module AndroidPermission (328)
[2018.04.23-02.14.20:637][465]LogModuleManager: Shutting down and abandoning module ActorSequence (324)
[2018.04.23-02.14.20:637][465]LogModuleManager: Shutting down and abandoning module MediaPlayerEditor (322)
[2018.04.23-02.14.20:637][465]LogModuleManager: Shutting down and abandoning module MediaCompositingEditor (320)
[2018.04.23-02.14.20:637][465]LogModuleManager: Shutting down and abandoning module MediaCompositing (318)
[2018.04.23-02.14.20:637][465]LogModuleManager: Shutting down and abandoning module HTML5Networking (316)
[2018.04.23-02.14.20:637][465]LogModuleManager: Shutting down and abandoning module AlembicImporter (314)
[2018.04.23-02.14.20:637][465]LogModuleManager: Shutting down and abandoning module AlembicLibrary (313)
[2018.04.23-02.14.20:638][465]LogModuleManager: Shutting down and abandoning module GeometryCache (312)
[2018.04.23-02.14.20:638][465]LogModuleManager: Shutting down and abandoning module GeometryCacheEd (311)
[2018.04.23-02.14.20:638][465]LogModuleManager: Shutting down and abandoning module SpeedTreeImporter (306)
[2018.04.23-02.14.20:638][465]LogModuleManager: Shutting down and abandoning module PluginBrowser (304)
[2018.04.23-02.14.20:638][465]LogModuleManager: Shutting down and abandoning module MobileLauncherProfileWizard (302)
[2018.04.23-02.14.20:638][465]LogModuleManager: Shutting down and abandoning module VisualStudioSourceCodeAccess (300)
[2018.04.23-02.14.20:638][465]LogModuleManager: Shutting down and abandoning module VisualStudioCodeSourceCodeAccess (298)
[2018.04.23-02.14.20:638][465]LogModuleManager: Shutting down and abandoning module UObjectPlugin (296)
[2018.04.23-02.14.20:638][465]LogModuleManager: Shutting down and abandoning module SubversionSourceControl (294)
[2018.04.23-02.14.20:638][465]LogModuleManager: Shutting down and abandoning module PerforceSourceControl (292)
[2018.04.23-02.14.20:638][465]LogModuleManager: Shutting down and abandoning module GitSourceControl (290)
[2018.04.23-02.14.20:638][465]LogModuleManager: Shutting down and abandoning module SourceControl (289)
[2018.04.23-02.14.20:638][465]LogModuleManager: Shutting down and abandoning module LightPropagationVolumeEditor (286)
[2018.04.23-02.14.20:638][465]LogModuleManager: Shutting down and abandoning module PaperTiledImporter (284)
[2018.04.23-02.14.20:638][465]LogModuleManager: Shutting down and abandoning module PaperSpriteSheetImporter (282)
[2018.04.23-02.14.20:638][465]LogModuleManager: Shutting down and abandoning module Paper2DEditor (280)
[2018.04.23-02.14.20:638][465]LogModuleManager: Shutting down and abandoning module MeshPaint (279)
[2018.04.23-02.14.20:638][465]LogModuleManager: Shutting down and abandoning module LevelEditor (277)
[2018.04.23-02.14.20:639][465]LogModuleManager: Shutting down and abandoning module PixelInspectorModule (276)
[2018.04.23-02.14.20:639][465]LogModuleManager: Shutting down and abandoning module MainFrame (274)
[2018.04.23-02.14.20:639][465]LogModuleManager: Shutting down and abandoning module HotReload (273)
[2018.04.23-02.14.20:639][465]LogModuleManager: Shutting down and abandoning module RuntimePhysXCooking (268)
[2018.04.23-02.14.20:640][465]LogModuleManager: Shutting down and abandoning module PhysXVehiclesEditor (266)
[2018.04.23-02.14.20:640][465]LogModuleManager: Shutting down and abandoning module PhysXVehicles (264)
[2018.04.23-02.14.20:640][465]LogModuleManager: Shutting down and abandoning module OculusEditor (262)
[2018.04.23-02.14.20:640][465]LogModuleManager: Shutting down and abandoning module LocationServicesBPLibrary (260)
[2018.04.23-02.14.20:640][465]LogModuleManager: Shutting down and abandoning module ImmediatePhysicsEditor (258)
[2018.04.23-02.14.20:640][465]LogModuleManager: Shutting down and abandoning module ImmediatePhysics (256)
[2018.04.23-02.14.20:640][465]LogModuleManager: Shutting down and abandoning module UdpMessaging (254)
[2018.04.23-02.14.20:740][465]LogModuleManager: Shutting down and abandoning module TcpMessaging (252)
[2018.04.23-02.14.20:840][465]LogModuleManager: Shutting down and abandoning module GameplayTagsEditor (250)
[2018.04.23-02.14.20:840][465]LogModuleManager: Shutting down and abandoning module FacialAnimationEditor (248)
[2018.04.23-02.14.20:840][465]LogModuleManager: Shutting down and abandoning module FacialAnimation (246)
[2018.04.23-02.14.20:840][465]LogModuleManager: Shutting down and abandoning module AssetManagerEditor (244)
[2018.04.23-02.14.20:840][465]LogModuleManager: Shutting down and abandoning module GraphEditor (243)
[2018.04.23-02.14.20:840][465]LogModuleManager: Shutting down and abandoning module ContentBrowser (241)
[2018.04.23-02.14.20:841][465]LogModuleManager: Shutting down and abandoning module LightPropagationVolumeRuntime (238)
[2018.04.23-02.14.20:841][465]LogModuleManager: Shutting down and abandoning module Paper2D (236)
[2018.04.23-02.14.20:841][465]LogModuleManager: Shutting down and abandoning module WindowsMoviePlayer (234)
[2018.04.23-02.14.20:841][465]LogModuleManager: Shutting down and abandoning module WmfMedia (232)
[2018.04.23-02.14.20:847][465]LogModuleManager: Shutting down and abandoning module ImgMedia (230)
[2018.04.23-02.14.20:847][465]LogModuleManager: Shutting down and abandoning module PacketHandler (228)
[2018.04.23-02.14.20:847][465]LogModuleManager: Shutting down and abandoning module ClothingSystemEditor (226)
[2018.04.23-02.14.20:847][465]LogModuleManager: Shutting down and abandoning module ClothingSystemRuntime (224)
[2018.04.23-02.14.20:847][465]LogModuleManager: Shutting down and abandoning module MediaAssets (222)
[2018.04.23-02.14.20:847][465]LogModuleManager: Shutting down and abandoning module Media (221)
[2018.04.23-02.14.20:853][465]LogModuleManager: Shutting down and abandoning module Overlay (218)
[2018.04.23-02.14.20:853][465]LogModuleManager: Shutting down and abandoning module OverlayEditor (217)
[2018.04.23-02.14.20:853][465]LogModuleManager: Shutting down and abandoning module VREditor (214)
[2018.04.23-02.14.20:853][465]LogModuleManager: Shutting down and abandoning module StringTableEditor (212)
[2018.04.23-02.14.20:853][465]LogModuleManager: Shutting down and abandoning module GameplayTasksEditor (210)
[2018.04.23-02.14.20:853][465]LogModuleManager: Shutting down and abandoning module BehaviorTreeEditor (208)
[2018.04.23-02.14.20:853][465]LogModuleManager: Shutting down and abandoning module FunctionalTesting (206)
[2018.04.23-02.14.20:854][465]LogModuleManager: Shutting down and abandoning module CollisionAnalyzer (204)
[2018.04.23-02.14.20:854][465]LogModuleManager: Shutting down and abandoning module WorkspaceMenuStructure (203)
[2018.04.23-02.14.20:854][465]LogModuleManager: Shutting down and abandoning module UMG (200)
[2018.04.23-02.14.20:854][465]LogModuleManager: Shutting down and abandoning module UMGEditor (199)
[2018.04.23-02.14.20:854][465]LogModuleManager: Shutting down and abandoning module Sequencer (198)
[2018.04.23-02.14.20:854][465]LogModuleManager: Shutting down and abandoning module MessageLog (195)
[2018.04.23-02.14.20:854][465]LogModuleManager: Shutting down and abandoning module SlateReflector (190)
[2018.04.23-02.14.20:854][465]LogModuleManager: Shutting down and abandoning module Slate (188)
[2018.04.23-02.14.20:854][465]LogModuleManager: Shutting down and abandoning module EditorStyle (186)
[2018.04.23-02.14.20:856][465]LogModuleManager: Shutting down and abandoning module MRMesh (184)
[2018.04.23-02.14.20:856][465]LogModuleManager: Shutting down and abandoning module SourceCodeAccess (182)
[2018.04.23-02.14.20:856][465]LogModuleManager: Shutting down and abandoning module HeadMountedDisplay (180)
[2018.04.23-02.14.20:856][465]LogModuleManager: Shutting down and abandoning module XAudio2 (178)
[2018.04.23-02.14.20:856][465]LogModuleManager: Shutting down and abandoning module Networking (176)
[2018.04.23-02.14.20:856][465]LogModuleManager: Shutting down and abandoning module Core (172)
[2018.04.23-02.14.20:856][465]LogModuleManager: Shutting down and abandoning module LevelSequence (168)
[2018.04.23-02.14.20:856][465]LogModuleManager: Shutting down and abandoning module DirectoryWatcher (166)
[2018.04.23-02.14.20:857][465]LogModuleManager: Shutting down and abandoning module KismetCompiler (164)
[2018.04.23-02.14.20:857][465]LogModuleManager: Shutting down and abandoning module MeshUtilities (162)
[2018.04.23-02.14.20:857][465]LogModuleManager: Shutting down and abandoning module MeshMergeUtilities (161)
[2018.04.23-02.14.20:857][465]LogModuleManager: Shutting down and abandoning module MeshReductionInterface (160)
[2018.04.23-02.14.20:857][465]LogModuleManager: Shutting down and abandoning module SimplygonSwarm (159)
[2018.04.23-02.14.20:858][465]LogModuleManager: Shutting down and abandoning module SimplygonMeshReduction (157)
[2018.04.23-02.14.20:858][465]LogModuleManager: Shutting down and abandoning module QuadricMeshReduction (155)
[2018.04.23-02.14.20:858][465]LogModuleManager: Shutting down and abandoning module MaterialBaking (151)
[2018.04.23-02.14.20:858][465]LogModuleManager: Shutting down and abandoning module DerivedDataCache (148)
[2018.04.23-02.14.20:943][465]LogDerivedDataCache: Shutdown
[2018.04.23-02.14.20:943][465]LogModuleManager: Shutting down and abandoning module TargetPlatform (146)
[2018.04.23-02.14.20:943][465]LogModuleManager: Shutting down and abandoning module VulkanShaderFormat (145)
[2018.04.23-02.14.20:943][465]LogModuleManager: Shutting down and abandoning module ShaderFormatVectorVM (143)
[2018.04.23-02.14.20:943][465]LogModuleManager: Shutting down and abandoning module ShaderFormatOpenGL (141)
[2018.04.23-02.14.20:943][465]LogModuleManager: Shutting down and abandoning module ShaderFormatD3D (139)
[2018.04.23-02.14.20:943][465]LogModuleManager: Shutting down and abandoning module MetalShaderFormat (137)
[2018.04.23-02.14.20:943][465]LogModuleManager: Shutting down and abandoning module TextureFormatUncompressed (135)
[2018.04.23-02.14.20:943][465]LogModuleManager: Shutting down and abandoning module TextureFormatPVR (133)
[2018.04.23-02.14.20:943][465]LogModuleManager: Shutting down and abandoning module TextureFormatDXT (131)
[2018.04.23-02.14.20:943][465]LogModuleManager: Shutting down and abandoning module TextureFormatIntelISPCTexComp (129)
[2018.04.23-02.14.20:943][465]LogModuleManager: Shutting down and abandoning module TextureFormatASTC (127)
[2018.04.23-02.14.20:943][465]LogModuleManager: Shutting down and abandoning module ImageWrapper (126)
[2018.04.23-02.14.20:943][465]LogModuleManager: Shutting down and abandoning module TextureFormatAndroid (123)
[2018.04.23-02.14.20:943][465]LogModuleManager: Shutting down and abandoning module AudioFormatOpus (121)
[2018.04.23-02.14.20:943][465]LogModuleManager: Shutting down and abandoning module AudioFormatOgg (119)
[2018.04.23-02.14.20:943][465]LogModuleManager: Shutting down and abandoning module AudioFormatADPCM (117)
[2018.04.23-02.14.20:943][465]LogModuleManager: Shutting down and abandoning module LinuxTargetPlatform (115)
[2018.04.23-02.14.20:943][465]LogModuleManager: Shutting down and abandoning module LinuxServerTargetPlatform (113)
[2018.04.23-02.14.20:943][465]LogModuleManager: Shutting down and abandoning module LinuxNoEditorTargetPlatform (111)
[2018.04.23-02.14.20:943][465]LogModuleManager: Shutting down and abandoning module LinuxClientTargetPlatform (109)
[2018.04.23-02.14.20:943][465]LogModuleManager: Shutting down and abandoning module TVOSTargetPlatform (107)
[2018.04.23-02.14.20:943][465]LogModuleManager: Shutting down and abandoning module Messaging (105)
[2018.04.23-02.14.20:943][465]LogModuleManager: Shutting down and abandoning module IOSTargetPlatform (103)
[2018.04.23-02.14.20:943][465]LogModuleManager: Shutting down and abandoning module HTML5TargetPlatform (101)
[2018.04.23-02.14.20:943][465]LogModuleManager: Shutting down and abandoning module AndroidTargetPlatform (99)
[2018.04.23-02.14.20:943][465]LogModuleManager: Shutting down and abandoning module Android_PVRTCTargetPlatform (97)
[2018.04.23-02.14.20:943][465]LogModuleManager: Shutting down and abandoning module Android_MultiTargetPlatform (95)
[2018.04.23-02.14.20:943][465]LogModuleManager: Shutting down and abandoning module Android_ETC2TargetPlatform (93)
[2018.04.23-02.14.20:943][465]LogModuleManager: Shutting down and abandoning module Android_ETC1TargetPlatform (91)
[2018.04.23-02.14.20:943][465]LogModuleManager: Shutting down and abandoning module Android_DXTTargetPlatform (89)
[2018.04.23-02.14.20:943][465]LogModuleManager: Shutting down and abandoning module Android_ATCTargetPlatform (87)
[2018.04.23-02.14.20:943][465]LogModuleManager: Shutting down and abandoning module Android_ASTCTargetPlatform (85)
[2018.04.23-02.14.20:943][465]LogModuleManager: Shutting down and abandoning module WindowsTargetPlatform (83)
[2018.04.23-02.14.20:943][465]LogModuleManager: Shutting down and abandoning module WindowsServerTargetPlatform (81)
[2018.04.23-02.14.20:944][465]LogModuleManager: Shutting down and abandoning module WindowsNoEditorTargetPlatform (79)
[2018.04.23-02.14.20:944][465]LogModuleManager: Shutting down and abandoning module WindowsClientTargetPlatform (77)
[2018.04.23-02.14.20:944][465]LogModuleManager: Shutting down and abandoning module MacTargetPlatform (75)
[2018.04.23-02.14.20:944][465]LogModuleManager: Shutting down and abandoning module MacServerTargetPlatform (73)
[2018.04.23-02.14.20:944][465]LogModuleManager: Shutting down and abandoning module MacNoEditorTargetPlatform (71)
[2018.04.23-02.14.20:944][465]LogModuleManager: Shutting down and abandoning module MacClientTargetPlatform (69)
[2018.04.23-02.14.20:944][465]LogModuleManager: Shutting down and abandoning module AllDesktopTargetPlatform (67)
[2018.04.23-02.14.20:944][465]LogModuleManager: Shutting down and abandoning module InputCore (64)
[2018.04.23-02.14.20:944][465]LogModuleManager: Shutting down and abandoning module Settings (62)
[2018.04.23-02.14.20:944][465]LogModuleManager: Shutting down and abandoning module PhysXCooking (60)
[2018.04.23-02.14.20:944][465]LogModuleManager: Shutting down and abandoning module SteamVR (58)
[2018.04.23-02.14.20:944][465]LogModuleManager: Shutting down and abandoning module OculusHMD (56)
[2018.04.23-02.14.20:944][465]LogModuleManager: Shutting down and abandoning module ExampleDeviceProfileSelector (54)
[2018.04.23-02.14.20:944][465]LogModuleManager: Shutting down and abandoning module AppleARKit (52)
[2018.04.23-02.14.20:944][465]LogModuleManager: Shutting down and abandoning module AugmentedReality (51)
[2018.04.23-02.14.20:944][465]LogModuleManager: Shutting down and abandoning module OnlineBlueprintSupport (48)
[2018.04.23-02.14.20:944][465]LogModuleManager: Shutting down and abandoning module OnlineSubsystem (44)
[2018.04.23-02.14.20:944][465]LogModuleManager: Shutting down and abandoning module XMPP (43)
[2018.04.23-02.14.20:944][465]LogModuleManager: Shutting down and abandoning module HTTP (41)
[2018.04.23-02.14.20:944][465]LogHttp: Display: Http module shutting down, but needs to wait on 1 outstanding Http requests:
[2018.04.23-02.14.20:944][465]LogHttp: Display: 	verb=[POST] url=[https://datarouter.ol.epicgames.com/datarouter/api/v1/public/data?SessionID=%7B20A93E87-4E3C-BFD4-6988-77B2DB3D5919%7D&AppID=UEEditor.Rocket.Release&AppVersion=4.18.3-3832480%2B%2B%2BUE4%2BRelease-4.18&UserID=aff89b5c48f82b63a9393b8b04944aea%7Ccc48a62dc2c543ee972089c504f3b57d%7Cf7e439e7-4cab-4941-8fd7-f55c8d6848aa&AppEnvironment=datacollector-binary&UploadType=eteventstream] status=Processing
[2018.04.23-02.14.20:979][465]LogModuleManager: Shutting down and abandoning module SSL (40)
[2018.04.23-02.14.20:980][465]LogModuleManager: Shutting down and abandoning module AnimationModifiers (36)
[2018.04.23-02.14.20:980][465]LogModuleManager: Shutting down and abandoning module PropertyEditor (35)
[2018.04.23-02.14.20:980][465]LogModuleManager: Shutting down and abandoning module AudioEditor (32)
[2018.04.23-02.14.20:980][465]LogModuleManager: Shutting down and abandoning module TextureCompressor (30)
[2018.04.23-02.14.20:980][465]LogModuleManager: Shutting down and abandoning module ShaderCore (28)
[2018.04.23-02.14.20:980][465]LogModuleManager: Shutting down and abandoning module Landscape (26)
[2018.04.23-02.14.20:980][465]LogModuleManager: Shutting down and abandoning module SlateRHIRenderer (24)
[2018.04.23-02.14.20:982][465]LogModuleManager: Shutting down and abandoning module OpenGLDrv (22)
[2018.04.23-02.14.20:982][465]LogModuleManager: Shutting down and abandoning module D3D11RHI (20)
[2018.04.23-02.14.20:982][465]LogModuleManager: Shutting down and abandoning module AnimGraphRuntime (18)
[2018.04.23-02.14.20:982][465]LogModuleManager: Shutting down and abandoning module Renderer (16)
[2018.04.23-02.14.20:982][465]LogModuleManager: Shutting down and abandoning module Engine (14)
[2018.04.23-02.14.20:982][465]LogModuleManager: Shutting down and abandoning module CoreUObject (12)
[2018.04.23-02.14.20:982][465]LogModuleManager: Shutting down and abandoning module NetworkFile (10)
[2018.04.23-02.14.20:982][465]LogModuleManager: Shutting down and abandoning module CookedIterativeFile (8)
[2018.04.23-02.14.20:982][465]LogModuleManager: Shutting down and abandoning module StreamingFile (6)
[2018.04.23-02.14.20:982][465]LogModuleManager: Shutting down and abandoning module SandboxFile (4)
[2018.04.23-02.14.20:982][465]LogModuleManager: Shutting down and abandoning module PakFile (2)
[2018.04.23-02.14.20:986][465]LogExit: Exiting.
[2018.04.23-02.14.21:019][465]Log file closed, 04/22/18 22:14:21
