Log file open, 02/09/18 16:28:39
LogWindows: Failed to load 'aqProf.dll' (GetLastError=126)
LogWindows: File 'aqProf.dll' does not exist
LogWindows: Failed to load 'VtuneApi.dll' (GetLastError=126)
LogWindows: File 'VtuneApi.dll' does not exist
LogWindows: Failed to load 'VtuneApi32e.dll' (GetLastError=126)
LogWindows: File 'VtuneApi32e.dll' does not exist
LogInit: Display: Running engine for game: Meteor
LogPlatformFile: Not using cached read wrapper
LogInit: Display: RandInit(527783064) SRandInit(527783064).
LogInit: Read version file with build ID '3709383'
LogInit: Overriding engine version to CL 3832480, compatible CL 3709383
LogInit: Registered custom module enumerator with build ID '3709383'
LogTaskGraph: Started task graph with 5 named threads and 14 total threads with 3 sets of task threads.
LogStats: Stats thread started at 0.188474
LogD3D11RHI: Aftermath initialized
LogModuleManager: Display: Found up-to-date module file ../../../Engine/Plugins/2D/Paper2D/Binaries/Win64/UE4Editor-Paper2D.dll (API version 3709383).
LogModuleManager: Display: Found up-to-date module file ../../../Engine/Plugins/2D/Paper2D/Binaries/Win64/UE4Editor-Paper2DEditor.dll (API version 3709383).
LogModuleManager: Display: Found up-to-date module file ../../../Engine/Plugins/2D/Paper2D/Binaries/Win64/UE4Editor-PaperSpriteSheetImporter.dll (API version 3709383).
LogModuleManager: Display: Found up-to-date module file ../../../Engine/Plugins/2D/Paper2D/Binaries/Win64/UE4Editor-PaperTiledImporter.dll (API version 3709383).
LogModuleManager: Display: Found up-to-date module file ../../../Engine/Plugins/2D/Paper2D/Binaries/Win64/UE4Editor-SmartSnapping.dll (API version 3709383).
LogModuleManager: Display: Found up-to-date module file ../../../Engine/Plugins/Blendables/LightPropagationVolume/Binaries/Win64/UE4Editor-LightPropagationVolumeRuntime.dll (API version 3709383).
LogModuleManager: Display: Found up-to-date module file ../../../Engine/Plugins/Blendables/LightPropagationVolume/Binaries/Win64/UE4Editor-LightPropagationVolumeEditor.dll (API version 3709383).
LogModuleManager: Display: Found up-to-date module file ../../../Engine/Plugins/Developer/GitSourceControl/Binaries/Win64/UE4Editor-GitSourceControl.dll (API version 3709383).
LogModuleManager: Display: Found up-to-date module file ../../../Engine/Plugins/Developer/PerforceSourceControl/Binaries/Win64/UE4Editor-PerforceSourceControl.dll (API version 3709383).
LogModuleManager: Display: Found up-to-date module file ../../../Engine/Plugins/Developer/SubversionSourceControl/Binaries/Win64/UE4Editor-SubversionSourceControl.dll (API version 3709383).
LogModuleManager: Display: Found up-to-date module file ../../../Engine/Plugins/Developer/UObjectPlugin/Binaries/Win64/UE4Editor-UObjectPlugin.dll (API version 3709383).
LogModuleManager: Display: Found up-to-date module file ../../../Engine/Plugins/Developer/VisualStudioCodeSourceCodeAccess/Binaries/Win64/UE4Editor-VisualStudioCodeSourceCodeAccess.dll (API version 3709383).
LogModuleManager: Display: Found up-to-date module file ../../../Engine/Plugins/Developer/VisualStudioSourceCodeAccess/Binaries/Win64/UE4Editor-VisualStudioSourceCodeAccess.dll (API version 3709383).
LogModuleManager: Display: Found up-to-date module file ../../../Engine/Plugins/Editor/AssetManagerEditor/Binaries/Win64/UE4Editor-AssetManagerEditor.dll (API version 3709383).
LogModuleManager: Display: Found up-to-date module file ../../../Engine/Plugins/Editor/AudioCapture/Binaries/Win64/UE4Editor-AudioCapture.dll (API version 3709383).
LogModuleManager: Display: Found up-to-date module file ../../../Engine/Plugins/Editor/FacialAnimation/Binaries/Win64/UE4Editor-FacialAnimation.dll (API version 3709383).
LogModuleManager: Display: Found up-to-date module file ../../../Engine/Plugins/Editor/FacialAnimation/Binaries/Win64/UE4Editor-FacialAnimationEditor.dll (API version 3709383).
LogModuleManager: Display: Found up-to-date module file ../../../Engine/Plugins/Editor/GameplayTagsEditor/Binaries/Win64/UE4Editor-GameplayTagsEditor.dll (API version 3709383).
LogModuleManager: Display: Found up-to-date module file ../../../Engine/Plugins/Editor/MobileLauncherProfileWizard/Binaries/Win64/UE4Editor-MobileLauncherProfileWizard.dll (API version 3709383).
LogModuleManager: Display: Found up-to-date module file ../../../Engine/Plugins/Editor/PluginBrowser/Binaries/Win64/UE4Editor-PluginBrowser.dll (API version 3709383).
LogModuleManager: Display: Found up-to-date module file ../../../Engine/Plugins/Editor/SpeedTreeImporter/Binaries/Win64/UE4Editor-SpeedTreeImporter.dll (API version 3709383).
LogModuleManager: Display: Found up-to-date module file ../../../Engine/Plugins/Experimental/AlembicImporter/Binaries/Win64/UE4Editor-AlembicImporter.dll (API version 3709383).
LogModuleManager: Display: Found up-to-date module file ../../../Engine/Plugins/Experimental/AlembicImporter/Binaries/Win64/UE4Editor-AlembicLibrary.dll (API version 3709383).
LogModuleManager: Display: Found up-to-date module file ../../../Engine/Plugins/Experimental/CharacterAI/Binaries/Win64/UE4Editor-CharacterAI.dll (API version 3709383).
LogModuleManager: Display: Found up-to-date module file ../../../Engine/Plugins/Experimental/HTML5Networking/Binaries/Win64/UE4Editor-HTML5Networking.dll (API version 3709383).
LogModuleManager: Display: Found up-to-date module file ../../../Engine/Plugins/Media/AndroidMedia/Binaries/Win64/UE4Editor-AndroidMediaEditor.dll (API version 3709383).
LogModuleManager: Display: Found up-to-date module file ../../../Engine/Plugins/Media/AndroidMedia/Binaries/Win64/UE4Editor-AndroidMediaFactory.dll (API version 3709383).
LogModuleManager: Display: Found up-to-date module file ../../../Engine/Plugins/Media/AvfMedia/Binaries/Win64/UE4Editor-AvfMediaEditor.dll (API version 3709383).
LogModuleManager: Display: Found up-to-date module file ../../../Engine/Plugins/Media/AvfMedia/Binaries/Win64/UE4Editor-AvfMediaFactory.dll (API version 3709383).
LogModuleManager: Display: Found up-to-date module file ../../../Engine/Plugins/Media/AvfMedia/Binaries/Win64/UE4Editor-AvfMediaFactory.dll (API version 3709383).
LogModuleManager: Display: Found up-to-date module file ../../../Engine/Plugins/Media/ImgMedia/Binaries/Win64/UE4Editor-ImgMedia.dll (API version 3709383).
LogModuleManager: Display: Found up-to-date module file ../../../Engine/Plugins/Media/ImgMedia/Binaries/Win64/UE4Editor-ImgMediaEditor.dll (API version 3709383).
LogModuleManager: Display: Found up-to-date module file ../../../Engine/Plugins/Media/ImgMedia/Binaries/Win64/UE4Editor-ImgMediaFactory.dll (API version 3709383).
LogModuleManager: Display: Found up-to-date module file ../../../Engine/Plugins/Media/ImgMedia/Binaries/Win64/UE4Editor-ImgMediaFactory.dll (API version 3709383).
LogModuleManager: Display: Found up-to-date module file ../../../Engine/Plugins/Media/ImgMedia/Binaries/Win64/UE4Editor-OpenExrWrapper.dll (API version 3709383).
LogModuleManager: Display: Found up-to-date module file ../../../Engine/Plugins/Media/MediaCompositing/Binaries/Win64/UE4Editor-MediaCompositing.dll (API version 3709383).
LogModuleManager: Display: Found up-to-date module file ../../../Engine/Plugins/Media/MediaCompositing/Binaries/Win64/UE4Editor-MediaCompositingEditor.dll (API version 3709383).
LogModuleManager: Display: Found up-to-date module file ../../../Engine/Plugins/Media/MediaPlayerEditor/Binaries/Win64/UE4Editor-MediaPlayerEditor.dll (API version 3709383).
LogModuleManager: Display: Found up-to-date module file ../../../Engine/Plugins/Media/WmfMedia/Binaries/Win64/UE4Editor-WmfMedia.dll (API version 3709383).
LogModuleManager: Display: Found up-to-date module file ../../../Engine/Plugins/Media/WmfMedia/Binaries/Win64/UE4Editor-WmfMediaEditor.dll (API version 3709383).
LogModuleManager: Display: Found up-to-date module file ../../../Engine/Plugins/Media/WmfMedia/Binaries/Win64/UE4Editor-WmfMediaFactory.dll (API version 3709383).
LogModuleManager: Display: Found up-to-date module file ../../../Engine/Plugins/Media/WmfMedia/Binaries/Win64/UE4Editor-WmfMediaFactory.dll (API version 3709383).
LogModuleManager: Display: Found up-to-date module file ../../../Engine/Plugins/Messaging/TcpMessaging/Binaries/Win64/UE4Editor-TcpMessaging.dll (API version 3709383).
LogModuleManager: Display: Found up-to-date module file ../../../Engine/Plugins/Messaging/UdpMessaging/Binaries/Win64/UE4Editor-UdpMessaging.dll (API version 3709383).
LogModuleManager: Display: Found up-to-date module file ../../../Engine/Plugins/MovieScene/ActorSequence/Binaries/Win64/UE4Editor-ActorSequence.dll (API version 3709383).
LogModuleManager: Display: Found up-to-date module file ../../../Engine/Plugins/MovieScene/LevelSequenceEditor/Binaries/Win64/UE4Editor-LevelSequenceEditor.dll (API version 3709383).
LogModuleManager: Display: Found up-to-date module file ../../../Engine/Plugins/MovieScene/MatineeToLevelSequence/Binaries/Win64/UE4Editor-MatineeToLevelSequence.dll (API version 3709383).
LogModuleManager: Display: Found up-to-date module file ../../../Engine/Plugins/Online/OnlineSubsystem/Binaries/Win64/UE4Editor-OnlineSubsystem.dll (API version 3709383).
LogModuleManager: Display: Found up-to-date module file ../../../Engine/Plugins/Runtime/AndroidPermission/Binaries/Win64/UE4Editor-AndroidPermission.dll (API version 3709383).
LogModuleManager: Display: Found up-to-date module file ../../../Engine/Plugins/Online/OnlineSubsystemNull/Binaries/Win64/UE4Editor-OnlineSubsystemNull.dll (API version 3709383).
LogModuleManager: Display: Found up-to-date module file ../../../Engine/Plugins/Online/OnlineSubsystemUtils/Binaries/Win64/UE4Editor-OnlineSubsystemUtils.dll (API version 3709383).
LogModuleManager: Display: Found up-to-date module file ../../../Engine/Plugins/Online/OnlineSubsystemUtils/Binaries/Win64/UE4Editor-OnlineBlueprintSupport.dll (API version 3709383).
LogModuleManager: Display: Found up-to-date module file ../../../Engine/Plugins/Runtime/AndroidDeviceProfileSelector/Binaries/Win64/UE4Editor-AndroidDeviceProfileSelector.dll (API version 3709383).
LogModuleManager: Display: Found up-to-date module file ../../../Engine/Plugins/Runtime/AppleARKit/Binaries/Win64/UE4Editor-AppleARKit.dll (API version 3709383).
LogModuleManager: Display: Found up-to-date module file ../../../Engine/Plugins/Runtime/ArchVisCharacter/Binaries/Win64/UE4Editor-ArchVisCharacter.dll (API version 3709383).
LogModuleManager: Display: Found up-to-date module file ../../../Engine/Plugins/Runtime/CableComponent/Binaries/Win64/UE4Editor-CableComponent.dll (API version 3709383).
LogModuleManager: Display: Found up-to-date module file ../../../Engine/Plugins/Runtime/CustomMeshComponent/Binaries/Win64/UE4Editor-CustomMeshComponent.dll (API version 3709383).
LogModuleManager: Display: Found up-to-date module file ../../../Engine/Plugins/Runtime/ExampleDeviceProfileSelector/Binaries/Win64/UE4Editor-ExampleDeviceProfileSelector.dll (API version 3709383).
LogModuleManager: Display: Found up-to-date module file ../../../Engine/Plugins/Runtime/ImmediatePhysics/Binaries/Win64/UE4Editor-ImmediatePhysics.dll (API version 3709383).
LogModuleManager: Display: Found up-to-date module file ../../../Engine/Plugins/Runtime/ImmediatePhysics/Binaries/Win64/UE4Editor-ImmediatePhysicsEditor.dll (API version 3709383).
LogModuleManager: Display: Found up-to-date module file ../../../Engine/Plugins/Runtime/LocationServicesBPLibrary/Binaries/Win64/UE4Editor-LocationServicesBPLibrary.dll (API version 3709383).
LogModuleManager: Display: Found up-to-date module file ../../../Engine/Plugins/Runtime/MobilePatchingUtils/Binaries/Win64/UE4Editor-MobilePatchingUtils.dll (API version 3709383).
LogModuleManager: Display: Found up-to-date module file ../../../Engine/Plugins/Runtime/Oculus/OculusVR/Binaries/Win64/UE4Editor-OculusHMD.dll (API version 3709383).
LogModuleManager: Display: Found up-to-date module file ../../../Engine/Plugins/Runtime/Oculus/OculusVR/Binaries/Win64/UE4Editor-OculusInput.dll (API version 3709383).
LogModuleManager: Display: Found up-to-date module file ../../../Engine/Plugins/Runtime/Oculus/OculusVR/Binaries/Win64/UE4Editor-OculusEditor.dll (API version 3709383).
LogModuleManager: Display: Found up-to-date module file ../../../Engine/Plugins/Runtime/PhysXVehicles/Binaries/Win64/UE4Editor-PhysXVehicles.dll (API version 3709383).
LogModuleManager: Display: Found up-to-date module file ../../../Engine/Plugins/Runtime/PhysXVehicles/Binaries/Win64/UE4Editor-PhysXVehiclesEditor.dll (API version 3709383).
LogModuleManager: Display: Found up-to-date module file ../../../Engine/Plugins/Runtime/ProceduralMeshComponent/Binaries/Win64/UE4Editor-ProceduralMeshComponent.dll (API version 3709383).
LogModuleManager: Display: Found up-to-date module file ../../../Engine/Plugins/Runtime/ProceduralMeshComponent/Binaries/Win64/UE4Editor-ProceduralMeshComponentEditor.dll (API version 3709383).
LogModuleManager: Display: Found up-to-date module file ../../../Engine/Plugins/Runtime/RuntimePhysXCooking/Binaries/Win64/UE4Editor-RuntimePhysXCooking.dll (API version 3709383).
LogModuleManager: Display: Found up-to-date module file ../../../Engine/Plugins/Runtime/Steam/SteamVR/Binaries/Win64/UE4Editor-SteamVR.dll (API version 3709383).
LogModuleManager: Display: Found up-to-date module file ../../../Engine/Plugins/Runtime/Steam/SteamVR/Binaries/Win64/UE4Editor-SteamVRController.dll (API version 3709383).
LogModuleManager: Display: Found up-to-date module file ../../../Engine/Plugins/Runtime/WindowsMoviePlayer/Binaries/Win64/UE4Editor-WindowsMoviePlayer.dll (API version 3709383).
LogPluginManager: Mounting plugin Paper2D
LogPluginManager: Mounting plugin LightPropagationVolume
LogPluginManager: Mounting plugin CodeLiteSourceCodeAccess
LogPluginManager: Mounting plugin GitSourceControl
LogPluginManager: Mounting plugin KDevelopSourceCodeAccess
LogPluginManager: Mounting plugin NullSourceCodeAccess
LogPluginManager: Mounting plugin PerforceSourceControl
LogPluginManager: Mounting plugin SubversionSourceControl
LogPluginManager: Mounting plugin UObjectPlugin
LogPluginManager: Mounting plugin VisualStudioCodeSourceCodeAccess
LogPluginManager: Mounting plugin VisualStudioSourceCodeAccess
LogPluginManager: Mounting plugin XCodeSourceCodeAccess
LogPluginManager: Mounting plugin AssetManagerEditor
LogPluginManager: Mounting plugin AudioCapture
LogPluginManager: Mounting plugin FacialAnimation
LogPluginManager: Mounting plugin GameplayTagsEditor
LogPluginManager: Mounting plugin MobileLauncherProfileWizard
LogPluginManager: Mounting plugin PluginBrowser
LogPluginManager: Mounting plugin SpeedTreeImporter
LogPluginManager: Mounting plugin AlembicImporter
LogPluginManager: Mounting plugin CharacterAI
LogPluginManager: Mounting plugin HTML5Networking
LogPluginManager: Mounting plugin AndroidMedia
LogPluginManager: Mounting plugin AvfMedia
LogPluginManager: Mounting plugin ImgMedia
LogPluginManager: Mounting plugin MediaCompositing
LogPluginManager: Mounting plugin MediaPlayerEditor
LogPluginManager: Mounting plugin WmfMedia
LogPluginManager: Mounting plugin TcpMessaging
LogPluginManager: Mounting plugin UdpMessaging
LogPluginManager: Mounting plugin ActorSequence
LogPluginManager: Mounting plugin LevelSequenceEditor
LogPluginManager: Mounting plugin MatineeToLevelSequence
LogPluginManager: Mounting plugin OnlineSubsystemGooglePlay
LogPluginManager: Mounting plugin OnlineSubsystemIOS
LogPluginManager: Mounting plugin OnlineSubsystem
LogPluginManager: Mounting plugin OnlineSubsystemNull
LogPluginManager: Mounting plugin OnlineSubsystemUtils
LogPluginManager: Mounting plugin AndroidDeviceProfileSelector
LogPluginManager: Mounting plugin AndroidMoviePlayer
LogPluginManager: Mounting plugin AndroidPermission
LogPluginManager: Mounting plugin AppleARKit
LogPluginManager: Mounting plugin AppleMoviePlayer
LogPluginManager: Mounting plugin ArchVisCharacter
LogPluginManager: Mounting plugin CableComponent
LogPluginManager: Mounting plugin CustomMeshComponent
LogPluginManager: Mounting plugin ExampleDeviceProfileSelector
LogPluginManager: Mounting plugin GoogleCloudMessaging
LogPluginManager: Mounting plugin ImmediatePhysics
LogPluginManager: Mounting plugin IOSDeviceProfileSelector
LogPluginManager: Mounting plugin LinuxDeviceProfileSelector
LogPluginManager: Mounting plugin LocationServicesBPLibrary
LogPluginManager: Mounting plugin MobilePatchingUtils
LogPluginManager: Mounting plugin OculusVR
LogPluginManager: Plugin shader directory ../../../Engine/Plugins/Runtime/Oculus/OculusVR/Shaders found
LogPluginManager: Mapping shader source directory ../../../Engine/Plugins/Runtime/Oculus/OculusVR/Shaders to virtual directory /Plugin/OculusVR
LogPluginManager: Mounting plugin PhysXVehicles
LogPluginManager: Mounting plugin ProceduralMeshComponent
LogPluginManager: Mounting plugin RuntimePhysXCooking
LogPluginManager: Mounting plugin SteamVR
LogPluginManager: Mounting plugin WindowsMoviePlayer
LogInit: Using libcurl 7.47.1
LogInit:  - built for x86_64-pc-win32
LogInit:  - supports SSL with OpenSSL/1.0.2g
LogInit:  - supports HTTP deflate (compression) using libz 1.2.8
LogInit:  - other features:
LogInit:      CURL_VERSION_SSL
LogInit:      CURL_VERSION_LIBZ
LogInit:      CURL_VERSION_IPV6
LogInit:      CURL_VERSION_ASYNCHDNS
LogInit:      CURL_VERSION_LARGEFILE
LogInit:      CURL_VERSION_IDN
LogInit:  CurlRequestOptions (configurable via config and command line):
LogInit:  - bVerifyPeer = false  - Libcurl will NOT verify peer certificate
LogInit:  - bUseHttpProxy = false  - Libcurl will NOT use HTTP proxy
LogInit:  - bDontReuseConnections = false  - Libcurl will reuse connections
LogInit:  - CertBundlePath = nullptr  - Libcurl will use whatever was configured at build time.
LogHMD: Failed initializing OVRPlugin 1.19.0
LogInit: Build: ++UE4+Release-4.18-CL-3832480
LogInit: Engine Version: 4.18.3-3832480+++UE4+Release-4.18
LogInit: Compatible Engine Version: 4.18.0-3709383+++UE4+Release-4.18
LogInit: Net CL: 3709383
LogDevObjectVersion: Number of dev versions registered: 16
LogDevObjectVersion:   Dev-Blueprints (B0D832E4-1F89-4F0D-ACCF-7EB736FD4AA2): 10
LogDevObjectVersion:   Dev-Build (E1C64328-A22C-4D53-A36C-8E866417BD8C): 0
LogDevObjectVersion:   Dev-Core (375EC13C-06E4-48FB-B500-84F0262A717E): 2
LogDevObjectVersion:   Dev-Editor (E4B068ED-F494-42E9-A231-DA0B2E46BB41): 20
LogDevObjectVersion:   Dev-Framework (CFFC743F-43B0-4480-9391-14DF171D2073): 30
LogDevObjectVersion:   Dev-Mobile (B02B49B5-BB20-44E9-A304-32B752E40360): 0
LogDevObjectVersion:   Dev-Networking (A4E4105C-59A1-49B5-A7C5-40C4547EDFEE): 0
LogDevObjectVersion:   Dev-Online (39C831C9-5AE6-47DC-9A44-9C173E1C8E7C): 0
LogDevObjectVersion:   Dev-Physics (78F01B33-EBEA-4F98-B9B4-84EACCB95AA2): 0
LogDevObjectVersion:   Dev-Platform (6631380F-2D4D-43E0-8009-CF276956A95A): 0
LogDevObjectVersion:   Dev-Rendering (12F88B9F-8875-4AFC-A67C-D90C383ABD29): 20
LogDevObjectVersion:   Dev-Sequencer (7B5AE74C-D270-4C10-A958-57980B212A5A): 4
LogDevObjectVersion:   Dev-VR (D7296918-1DD6-4BDD-9DE2-64A83CC13884): 0
LogDevObjectVersion:   Dev-LoadTimes (C2A15278-BFE7-4AFE-6C17-90FF531DF755): 1
LogDevObjectVersion:   Private-Geometry (6EACA3D4-40EC-4CC1-B786-8BED09428FC5): 1
LogDevObjectVersion:   Dev-AnimPhys (29E575DD-E0A3-4627-9D10-D276232CDCEA): 12
LogInit: Compiled (64-bit): Jan 12 2018 02:04:55
LogInit: Compiled with Visual C++: 19.00.24215.01
LogInit: Build Configuration: Development
LogInit: Branch Name: ++UE4+Release-4.18
LogInit: Command line:  
LogInit: Base directory: C:/Program Files/Epic Games/UE_4.18/Engine/Binaries/Win64/
LogInit: Installed Engine Build: 1
LogInit: Presizing for max 8388607 objects, including 0 objects not considered by GC, pre-allocating 0 bytes for permanent pool.
LogInit: Object subsystem initialized
[2018.02.09-21.28.41:510][  0]LogInit: Selected Device Profile: [Windows]
[2018.02.09-21.28.41:510][  0]LogInit: Applying CVar settings loaded from the selected device profile: [Windows]
[2018.02.09-21.28.41:523][  0]LogInit: Computer: MAGICVR03
[2018.02.09-21.28.41:523][  0]LogInit: User: MagicUser
[2018.02.09-21.28.41:523][  0]LogInit: CPU Page size=4096, Cores=4
[2018.02.09-21.28.41:523][  0]LogInit: High frequency timer resolution =3.613275 MHz
[2018.02.09-21.28.41:523][  0]LogMemory: Memory total: Physical=15.9GB (16GB approx)
[2018.02.09-21.28.41:523][  0]LogMemory: Platform Memory Stats for Windows
[2018.02.09-21.28.41:523][  0]LogMemory: Process Physical Memory: 276.27 MB used, 276.27 MB peak
[2018.02.09-21.28.41:523][  0]LogMemory: Process Virtual Memory: 274.54 MB used, 274.54 MB peak
[2018.02.09-21.28.41:523][  0]LogMemory: Physical Memory: 5154.61 MB used,  11147.55 MB free, 16302.16 MB total
[2018.02.09-21.28.41:523][  0]LogMemory: Virtual Memory: 692.53 MB used,  11147.55 MB free, 134217728.00 MB total
[2018.02.09-21.28.41:712][  0]LogInit: Using OS detected language (en-US).
[2018.02.09-21.28.41:712][  0]LogInit: Using OS detected locale (en-US).
[2018.02.09-21.28.41:715][  0]LogTextLocalizationManager: No specific localization for 'en-US' exists, so the 'en' localization will be used.
[2018.02.09-21.28.42:082][  0]LogInit: Setting process to per monitor DPI aware
[2018.02.09-21.28.42:338][  0]LogD3D11RHI: D3D11 adapters:
[2018.02.09-21.28.42:385][  0]LogD3D11RHI:    0. 'NVIDIA GeForce GTX 1060 6GB' (Feature Level 11_0)
[2018.02.09-21.28.42:385][  0]LogD3D11RHI:       6061/0/8151 MB DedicatedVideo/DedicatedSystem/SharedSystem, Outputs:1, VendorId:0x10de
[2018.02.09-21.28.42:386][  0]LogD3D11RHI:    1. 'Microsoft Basic Render Driver' (Feature Level 11_0)
[2018.02.09-21.28.42:386][  0]LogD3D11RHI:       0/0/8151 MB DedicatedVideo/DedicatedSystem/SharedSystem, Outputs:0, VendorId:0x1414
[2018.02.09-21.28.42:387][  0]LogD3D11RHI: Chosen D3D11 Adapter: 0
[2018.02.09-21.28.42:393][  0]LogD3D11RHI: Creating new Direct3DDevice
[2018.02.09-21.28.42:393][  0]LogD3D11RHI:     GPU DeviceId: 0x1c03 (for the marketing name, search the web for "GPU Device Id")
[2018.02.09-21.28.42:393][  0]LogWindows: EnumDisplayDevices:
[2018.02.09-21.28.42:393][  0]LogWindows:    0. 'NVIDIA GeForce GTX 1060 6GB' (P:1 D:1)
[2018.02.09-21.28.42:393][  0]LogWindows:    1. 'NVIDIA GeForce GTX 1060 6GB' (P:0 D:0)
[2018.02.09-21.28.42:393][  0]LogWindows:    2. 'NVIDIA GeForce GTX 1060 6GB' (P:0 D:0)
[2018.02.09-21.28.42:393][  0]LogWindows:    3. 'NVIDIA GeForce GTX 1060 6GB' (P:0 D:0)
[2018.02.09-21.28.42:393][  0]LogWindows: DebugString: FoundDriverCount:4 
[2018.02.09-21.28.42:393][  0]LogD3D11RHI:     Adapter Name: NVIDIA GeForce GTX 1060 6GB
[2018.02.09-21.28.42:393][  0]LogD3D11RHI:   Driver Version: 388.13 (internal:23.21.13.8813, unified:388.13)
[2018.02.09-21.28.42:393][  0]LogD3D11RHI:      Driver Date: 10-27-2017
[2018.02.09-21.28.42:393][  0]LogRHI: Texture pool is 4242 MB (70% of 6061 MB)
[2018.02.09-21.28.42:427][  0]LogD3D11RHI: Async texture creation enabled
[2018.02.09-21.28.42:439][  0]LogD3D11RHI: GPU Timing Frequency: 1000.000000 (Debug: 2 1)
[2018.02.09-21.28.42:484][  0]LogShaderCompilers: Guid format shader working directory is -32 characters bigger than the processId version (../../../../../../Users/MagicUser/Documents/Unreal Projects/MeteorVR-master/Meteor/Intermediate/Shaders/WorkingDirectory/9656/).
[2018.02.09-21.28.42:484][  0]LogShaderCompilers: Cleaned the shader compiler working directory 'C:/Users/MagicUser/AppData/Local/Temp/UnrealShaderWorkingDir/8D2657BA49A50EAFD3D3DDAB2C5945AC/'.
[2018.02.09-21.28.42:484][  0]LogShaderCompilers: Display: Using Local Shader Compiler.
[2018.02.09-21.28.43:498][  0]LogTemp: Display: Loaded TP AllDesktopTargetPlatform
[2018.02.09-21.28.43:563][  0]LogTemp: Display: Loaded TP MacClientTargetPlatform
[2018.02.09-21.28.43:629][  0]LogTemp: Display: Loaded TP MacNoEditorTargetPlatform
[2018.02.09-21.28.43:694][  0]LogTemp: Display: Loaded TP MacServerTargetPlatform
[2018.02.09-21.28.43:759][  0]LogTemp: Display: Loaded TP MacTargetPlatform
[2018.02.09-21.28.43:823][  0]LogTemp: Display: Loaded TP WindowsClientTargetPlatform
[2018.02.09-21.28.43:886][  0]LogTemp: Display: Loaded TP WindowsNoEditorTargetPlatform
[2018.02.09-21.28.43:949][  0]LogTemp: Display: Loaded TP WindowsServerTargetPlatform
[2018.02.09-21.28.44:006][  0]LogTemp: Display: Loaded TP WindowsTargetPlatform
[2018.02.09-21.28.44:066][  0]LogTemp: Display: Loaded TP Android_ASTCTargetPlatform
[2018.02.09-21.28.44:128][  0]LogTemp: Display: Loaded TP Android_ATCTargetPlatform
[2018.02.09-21.28.44:190][  0]LogTemp: Display: Loaded TP Android_DXTTargetPlatform
[2018.02.09-21.28.44:253][  0]LogTemp: Display: Loaded TP Android_ETC1TargetPlatform
[2018.02.09-21.28.44:316][  0]LogTemp: Display: Loaded TP Android_ETC2TargetPlatform
[2018.02.09-21.28.44:440][  0]LogTemp: Display: Loaded TP Android_MultiTargetPlatform
[2018.02.09-21.28.44:440][  0]LogTemp: Display: Loaded TP Android_PVRTCTargetPlatform
[2018.02.09-21.28.44:504][  0]LogTemp: Display: Loaded TP AndroidTargetPlatform
[2018.02.09-21.28.44:556][  0]LogTemp: Display: Loaded TP HTML5TargetPlatform
[2018.02.09-21.28.44:667][  0]LogTemp: Display: Loaded TP IOSTargetPlatform
[2018.02.09-21.28.44:701][  0]LogTemp: Display: Loaded TP TVOSTargetPlatform
[2018.02.09-21.28.44:767][  0]LogTemp: Display: Loaded TP LinuxClientTargetPlatform
[2018.02.09-21.28.44:829][  0]LogTemp: Display: Loaded TP LinuxNoEditorTargetPlatform
[2018.02.09-21.28.44:890][  0]LogTemp: Display: Loaded TP LinuxServerTargetPlatform
[2018.02.09-21.28.44:951][  0]LogTemp: Display: Loaded TP LinuxTargetPlatform
[2018.02.09-21.28.44:951][  0]LogTargetPlatformManager: Display: Building Assets For Windows
[2018.02.09-21.28.45:546][  0]LogDerivedDataCache: Display: Max Cache Size: 512 MB
[2018.02.09-21.28.45:637][  0]LogDerivedDataCache: Loaded boot cache 0.09s 78MB C:/Users/MagicUser/AppData/Local/UnrealEngine/4.18/DerivedDataCache/Boot.ddc.
[2018.02.09-21.28.45:637][  0]LogDerivedDataCache: Display: Loaded Boot cache: C:/Users/MagicUser/AppData/Local/UnrealEngine/4.18/DerivedDataCache/Boot.ddc
[2018.02.09-21.28.45:637][  0]LogDerivedDataCache: FDerivedDataBackendGraph:  Pak pak cache file ../../../../../../Users/MagicUser/Documents/Unreal Projects/MeteorVR-master/Meteor/DerivedDataCache/DDC.ddp not found, will not use a pak cache.
[2018.02.09-21.28.45:637][  0]LogDerivedDataCache: Unable to find inner node Pak for hierarchical cache Hierarchy.
[2018.02.09-21.28.45:637][  0]LogDerivedDataCache: FDerivedDataBackendGraph:  CompressedPak pak cache file ../../../../../../Users/MagicUser/Documents/Unreal Projects/MeteorVR-master/Meteor/DerivedDataCache/Compressed.ddp not found, will not use a pak cache.
[2018.02.09-21.28.45:637][  0]LogDerivedDataCache: Unable to find inner node CompressedPak for hierarchical cache Hierarchy.
[2018.02.09-21.28.45:652][  0]LogDerivedDataCache: Display: Pak cache opened for reading ../../../Engine/DerivedDataCache/Compressed.ddp.
[2018.02.09-21.28.45:664][  0]LogDerivedDataCache: Using Local data cache path C:/Users/MagicUser/AppData/Local/UnrealEngine/Common/DerivedDataCache: Writable
[2018.02.09-21.28.45:675][  0]LogMaterial: Verifying Global Shaders for PCD3D_SM5
[2018.02.09-21.28.45:675][  0]LogSlate: Using Freetype 2.6.0
[2018.02.09-21.28.45:676][  0]LogSlate: SlateFontCache - WITH_FREETYPE: 1, WITH_HARFBUZZ: 1
[2018.02.09-21.28.45:676][  0]LogSlate: SlateFontCache - WITH_FREETYPE: 1, WITH_HARFBUZZ: 1
[2018.02.09-21.28.46:092][  0]LogInit: Selected Device Profile: [Windows]
[2018.02.09-21.28.46:481][  0]LogSimplygon: Simplygon DLL not present - disabling.
[2018.02.09-21.28.46:534][  0]LogMeshReduction: Using SimplygonSwarm for distributed automatic mesh merging
[2018.02.09-21.28.46:534][  0]LogMeshReduction: Using QuadricMeshReduction for automatic static mesh reduction
[2018.02.09-21.28.46:534][  0]LogMeshReduction: No automatic skeletal mesh reduction module available
[2018.02.09-21.28.46:534][  0]LogMeshReduction: No automatic mesh merging module available
[2018.02.09-21.28.46:534][  0]LogMeshMerging: No automatic mesh merging module available
[2018.02.09-21.28.46:563][  0]LogNetVersion: Meteor , NetCL: 3709383, EngineNetVer: 2, GameNetVer: 0 (Checksum: 2481781071)
[2018.02.09-21.28.46:744][  0]LogAssetRegistry: FAssetRegistry took 0.0263 seconds to start up
[2018.02.09-21.28.47:296][  0]LogPackageLocalizationCache: Processed 7 localized package path(s) for 2 prioritized culture(s) in 0.072299 seconds
[2018.02.09-21.28.47:301][  0]LogUObjectArray: 35870 objects as part of root set at end of initial load.
[2018.02.09-21.28.47:301][  0]LogUObjectAllocator: 7363704 out of 0 bytes used by permanent object pool.
[2018.02.09-21.28.47:301][  0]LogUObjectArray: CloseDisregardForGC: 0/0 objects in disregard for GC pool
[2018.02.09-21.28.47:371][  0]LogInit: WinSock: version 1.1 (2.2), MaxSocks=32767, MaxUdp=65467
[2018.02.09-21.28.50:404][  0]LogTcpMessaging: Initializing TcpMessaging bridge
[2018.02.09-21.28.50:456][  0]LogUdpMessaging: Initializing bridge on interface 0.0.0.0:0 to multicast group 230.0.0.1:6666.
[2018.02.09-21.28.51:281][  0]LogMaterial: Uniform references updated for custom material expression Custom.
[2018.02.09-21.28.51:796][  0]SourceControl: Source control is disabled
[2018.02.09-21.28.51:796][  0]SourceControl: Source control is disabled
[2018.02.09-21.28.51:865][  0]SourceControl: Source control is disabled
[2018.02.09-21.28.51:933][  0]SourceControl: Source control is disabled
[2018.02.09-21.28.52:980][  0]LogAndroidPermission: UAndroidPermissionCallbackProxy::GetInstance
[2018.02.09-21.28.53:320][  0]LogOcInput: OculusInput pre-init called
[2018.02.09-21.28.53:677][  0]LogEngine: Initializing Engine...
[2018.02.09-21.28.55:353][  0]LogHMD: SteamVR initialized.  Driver: lighthouse  Display: LHR-590B0534
[2018.02.09-21.28.55:616][  0]LogStats: UGameplayTagsManager::ConstructGameplayTagTree: Construct from data asset -  0.000 s
[2018.02.09-21.28.55:616][  0]LogStats: UGameplayTagsManager::ConstructGameplayTagTree: GameplayTagTreeChangedEvent.Broadcast -  0.000 s
[2018.02.09-21.28.55:802][  0]LogAIModule: Creating AISystem for world Untitled
[2018.02.09-21.28.55:821][  0]LogInit: XAudio2 using 'HTC-VIVE-0 (NVIDIA High Definition Audio)' : 2 channels at 48 kHz using 16 bits per sample (channel mask 0x3)
[2018.02.09-21.28.55:832][  0]LogInit: FAudioDevice initialized.
[2018.02.09-21.28.55:956][  0]LogDerivedDataCache: Saved boot cache 0.12s 78MB C:/Users/MagicUser/AppData/Local/UnrealEngine/4.18/DerivedDataCache/Boot.ddc.
[2018.02.09-21.28.55:970][  0]LogInit: Texture streaming: Enabled
[2018.02.09-21.28.56:101][  0]LogEngineSessionManager: EngineSessionManager initialized
[2018.02.09-21.28.56:271][  0]LogInit: Transaction tracking system initialized
[2018.02.09-21.28.56:688][  0]BlueprintLog: New page: Editor Load
[2018.02.09-21.28.57:870][  0]LocalizationService: Localization service is disabled
[2018.02.09-21.28.58:847][  0]LogConsoleResponse: Display: 
[2018.02.09-21.28.59:043][  0]LogCook: Display: Max memory allowance for cook 16384mb min free memory 0mb
[2018.02.09-21.28.59:043][  0]LogCook: Display: Mobile HDR setting 1
[2018.02.09-21.28.59:043][  0]LogGameplayTags: Display: UGameplayTagsManager::DoneAddingNativeTags. DelegateIsBound: 0
[2018.02.09-21.28.59:741][  0]LogFileCache: Scanning file cache for directory 'C:/Users/MagicUser/Documents/Unreal Projects/MeteorVR-master/Meteor/Content/' took 0.02s
[2018.02.09-21.29.00:622][  0]SourceControl: Source control is disabled
[2018.02.09-21.29.00:622][  0]Cmd: MAP LOAD FILE="../../../Engine/Content/Maps/Templates/Template_Default.umap" TEMPLATE=1 SHOWPROGRESS=1 FEATURELEVEL=3
[2018.02.09-21.29.00:623][  0]LightingResults: New page: Lighting Build
[2018.02.09-21.29.00:678][  0]MapCheck: New page: Map Check
[2018.02.09-21.29.00:678][  0]LightingResults: New page: Lighting Build
[2018.02.09-21.29.00:939][  0]LogAIModule: Creating AISystem for world Untitled_1
[2018.02.09-21.29.00:946][  0]LogEditorServer: Finished looking for orphan Actors (0.000 secs)
[2018.02.09-21.29.00:955][  0]Cmd: MAP CHECKDEP NOCLEARLOG
[2018.02.09-21.29.01:016][  0]MapCheck: Map check complete: 0 Error(s), 0 Warning(s), took 60.606ms to complete.
[2018.02.09-21.29.01:016][  0]LogFileHelpers: Loading map 'Template_Default' took 0.394
[2018.02.09-21.29.01:162][  0]LogCollectionManager: Loaded 0 collections in 0.001960 seconds
[2018.02.09-21.29.01:255][  0]LogFileCache: Scanning file cache for directory 'C:/Users/MagicUser/Documents/Unreal Projects/MeteorVR-master/Meteor/Saved/Collections/' took 0.01s
[2018.02.09-21.29.01:255][  0]LogFileCache: Scanning file cache for directory 'C:/Users/MagicUser/Documents/Unreal Projects/MeteorVR-master/Meteor/Content/Developers/MagicUser/Collections/' took 0.01s
[2018.02.09-21.29.01:255][  0]LogFileCache: Scanning file cache for directory 'C:/Users/MagicUser/Documents/Unreal Projects/MeteorVR-master/Meteor/Content/Collections/' took 0.01s
[2018.02.09-21.29.01:255][  0]LogCollectionManager: Rebuilt the GUID cache for 0 collections in 0.000001 seconds
[2018.02.09-21.29.01:265][  0]LogContentBrowser: Native class hierarchy populated in 0.0093 seconds. Added 2363 classes and 519 folders.
[2018.02.09-21.29.01:350][  0]LogContentBrowser: Native class hierarchy updated for 'WidgetCarousel' in 0.0002 seconds. Added 0 classes and 0 folders.
[2018.02.09-21.29.01:397][  0]LogContentBrowser: Native class hierarchy updated for 'AddContentDialog' in 0.0002 seconds. Added 0 classes and 0 folders.
[2018.02.09-21.29.01:454][  0]LogContentBrowser: Native class hierarchy updated for 'SceneOutliner' in 0.0003 seconds. Added 1 classes and 2 folders.
[2018.02.09-21.29.01:520][  0]LogSlate: Took 0.000269 seconds to synchronously load lazily loaded font '../../../Engine/Content/Slate/Fonts/Roboto-Regular.ttf' (155K)
[2018.02.09-21.29.01:523][  0]LogSlate: Took 0.000193 seconds to synchronously load lazily loaded font '../../../Engine/Content/Slate/Fonts/Roboto-Bold.ttf' (160K)
[2018.02.09-21.29.01:528][  0]LogSlate: Took 0.000176 seconds to synchronously load lazily loaded font '../../../Engine/Content/Editor/Slate/Fonts/FontAwesome.ttf' (139K)
[2018.02.09-21.29.01:631][  0]LogRenderer: Reallocating scene render targets to support 1156x584 Format 10 NumSamples 1 (Frame:1).
[2018.02.09-21.29.01:794][  0]LogContentBrowser: Native class hierarchy updated for 'HierarchicalLODOutliner' in 0.0003 seconds. Added 1 classes and 2 folders.
[2018.02.09-21.29.01:794][  0]LogLoad: (Engine Initialization) Total time: 22.97 seconds
[2018.02.09-21.29.01:794][  0]LogLoad: (Engine Initialization) Total Blueprint compile time: 0.00 seconds
[2018.02.09-21.29.01:795][  0]LogExternalProfiler: Found external profiler: VSPerf
[2018.02.09-21.29.01:795][  0]LogExternalProfiler: Using external profiler: VSPerf
[2018.02.09-21.29.02:154][  0]LogContentStreaming: Texture pool size now 1000 MB
[2018.02.09-21.29.02:197][  0]LogSlate: Took 0.000217 seconds to synchronously load lazily loaded font '../../../Engine/Content/Slate/Fonts/Roboto-Light.ttf' (159K)
[2018.02.09-21.29.02:474][  1]LogAssetRegistry: Asset discovery search completed in 15.7522 seconds
[2018.02.09-21.29.02:476][  1]LogCollectionManager: Rebuilt the object cache for 0 collections in 0.000000 seconds (found 0 objects)
[2018.02.09-21.29.02:476][  1]LogCollectionManager: Fixed up redirectors for 0 collections in 0.000041 seconds (updated 0 objects)
[2018.02.09-21.29.03:136][  3]LogSlate: Took 0.000298 seconds to synchronously load lazily loaded font '../../../Engine/Content/Slate/Fonts/Roboto-Light.ttf' (159K)
[2018.02.09-21.29.13:994][522]LogSlate: Took 0.000165 seconds to synchronously load lazily loaded font '../../../Engine/Content/Slate/Fonts/Roboto-Light.ttf' (159K)
[2018.02.09-21.29.14:572][522]LogAIModule: Creating AISystem for world Main
[2018.02.09-21.29.14:593][522]Cmd: MAP LOAD FILE="../../../../../../Users/MagicUser/Documents/Unreal Projects/MeteorVR-master/Meteor/Content/Content/Maps/TestMaps/Main.umap" TEMPLATE=0 SHOWPROGRESS=1 FEATURELEVEL=3
[2018.02.09-21.29.14:593][522]LightingResults: New page: Lighting Build
[2018.02.09-21.29.14:594][522]LoadErrors: New page: Loading map: Main.umap
[2018.02.09-21.29.14:595][522]MapCheck: New page: Map Check
[2018.02.09-21.29.14:595][522]LightingResults: New page: Lighting Build
[2018.02.09-21.29.14:665][522]LogEditorServer: Finished looking for orphan Actors (0.000 secs)
[2018.02.09-21.29.14:708][522]Cmd: MAP CHECKDEP NOCLEARLOG
[2018.02.09-21.29.14:779][522]MapCheck: Map check complete: 0 Error(s), 0 Warning(s), took 71.09ms to complete.
[2018.02.09-21.29.14:780][522]LogFileHelpers: Loading map 'Main' took 0.188
[2018.02.09-21.29.15:864][601]LogContentBrowser: Native class hierarchy updated for 'BlueprintGraph' in 0.0007 seconds. Added 116 classes and 0 folders.
[2018.02.09-21.29.17:973][601]LogSlate: Took 0.000233 seconds to synchronously load lazily loaded font '../../../Engine/Content/Editor/Slate/Fonts/Roboto-BoldCondensed.ttf' (158K)
[2018.02.09-21.29.18:098][602]LogSlate: Took 0.000213 seconds to synchronously load lazily loaded font '../../../Engine/Content/Editor/Slate/Fonts/Roboto-Italic.ttf' (157K)
[2018.02.09-21.30.51:277][929]LogSavePackage: Save=171.18ms
[2018.02.09-21.30.51:278][929]LogSavePackage: Moving '../../../../../../Users/MagicUser/Documents/Unreal Projects/MeteorVR-master/Meteor/Saved/MotionControllerPawnE88BF622409B6E9C7567EAA6C3FACE3A.tmp' to '../../../../../../Users/MagicUser/Documents/Unreal Projects/MeteorVR-master/Meteor/Content/VirtualRealityBP/Blueprints/MotionControllerPawn.uasset'
[2018.02.09-21.30.51:281][929]LogSavePackage: Display: Finished SavePackage ../../../../../../Users/MagicUser/Documents/Unreal Projects/MeteorVR-master/Meteor/Content/VirtualRealityBP/Blueprints/MotionControllerPawn.uasset
[2018.02.09-21.30.51:574][962]BlueprintLog: New page: Compile MotionControllerPawn
[2018.02.09-21.30.55:872][406]LogSavePackage: Save=69.84ms
[2018.02.09-21.30.55:872][406]LogSavePackage: Moving '../../../../../../Users/MagicUser/Documents/Unreal Projects/MeteorVR-master/Meteor/Saved/Main439595B6496A437E922491AE6C9C5ADC.tmp' to '../../../../../../Users/MagicUser/Documents/Unreal Projects/MeteorVR-master/Meteor/Content/Content/Maps/TestMaps/Main.umap'
[2018.02.09-21.30.55:876][406]LogSavePackage: Display: Finished SavePackage ../../../../../../Users/MagicUser/Documents/Unreal Projects/MeteorVR-master/Meteor/Content/Content/Maps/TestMaps/Main.umap
[2018.02.09-21.30.55:965][406]LogSavePackage: Save=31.94ms
[2018.02.09-21.30.55:965][406]LogSavePackage: Moving '../../../../../../Users/MagicUser/Documents/Unreal Projects/MeteorVR-master/Meteor/Saved/Main_BuiltDataC9D5F00044340ABBF839DEB487098D3B.tmp' to '../../../../../../Users/MagicUser/Documents/Unreal Projects/MeteorVR-master/Meteor/Content/Content/Maps/TestMaps/Main_BuiltData.uasset'
[2018.02.09-21.30.55:967][406]LogSavePackage: Display: Finished SavePackage ../../../../../../Users/MagicUser/Documents/Unreal Projects/MeteorVR-master/Meteor/Content/Content/Maps/TestMaps/Main_BuiltData.uasset
[2018.02.09-21.30.57:309][563]LogTemp: Repeating last play command: VR Preview
[2018.02.09-21.30.57:389][563]LogPlayLevel: PlayLevel: No blueprints needed recompiling
[2018.02.09-21.30.57:389][563]PIE: New page: PIE session: Main (Feb 9, 2018, 11:30:57 AM)
[2018.02.09-21.30.57:389][563]LogPlayLevel: Creating play world package: /Game/Content/Maps/TestMaps/UEDPIE_0_Main
[2018.02.09-21.30.57:395][563]LogPlayLevel: PIE: StaticDuplicateObject took: (0.006183s)
[2018.02.09-21.30.57:396][563]LogAIModule: Creating AISystem for world Main
[2018.02.09-21.30.57:396][563]LogPlayLevel: PIE: World Init took: (0.000768s)
[2018.02.09-21.30.57:396][563]LogPlayLevel: PIE: Created PIE world by copying editor world from /Game/Content/Maps/TestMaps/Main.Main to /Game/Content/Maps/TestMaps/UEDPIE_0_Main.Main (0.007260s)
[2018.02.09-21.30.57:430][563]LogInit: XAudio2 using 'HTC-VIVE-0 (NVIDIA High Definition Audio)' : 2 channels at 48 kHz using 16 bits per sample (channel mask 0x3)
[2018.02.09-21.30.57:438][563]LogInit: FAudioDevice initialized.
[2018.02.09-21.30.57:523][563]LogLoad: Game class is 'GameModeBase'
[2018.02.09-21.30.57:525][563]LogWorld: Bringing World /Game/Content/Maps/TestMaps/UEDPIE_0_Main.Main up for play (max tick rate 0) at 2018.02.09-16.30.57
[2018.02.09-21.30.57:526][563]LogWorld: Bringing up level for play took: 0.002472
[2018.02.09-21.30.57:585][563]LogContentBrowser: Native class hierarchy updated for 'MovieSceneCapture' in 0.0003 seconds. Added 11 classes and 0 folders.
[2018.02.09-21.30.57:587][563]LogUnrealMath: Error: FMatrix::InverseFast(), trying to invert a NIL matrix, this results in NaNs! Use Inverse() instead.
[2018.02.09-21.30.57:587][563]LogOutputDevice: Warning: 

Script Stack:
BP_MotionController_C.SetupRoomScaleOutline
BP_MotionController_C.ExecuteUbergraph_BP_MotionController
BP_MotionController_C.ReceiveBeginPlay
MotionControllerPawn_C.ExecuteUbergraph_MotionControllerPawn
MotionControllerPawn_C.ReceiveBeginPlay

[2018.02.09-21.30.57:722][563]LogStats: FPlatformStackWalk::StackWalkAndDump -  0.135 s
[2018.02.09-21.30.57:722][563]LogOutputDevice: Error: === Handled ensure: ===
[2018.02.09-21.30.57:723][563]LogOutputDevice: Error: 
[2018.02.09-21.30.57:723][563]LogOutputDevice: Error: Ensure condition failed: false [File:D:\Build\++UE4+Release-4.18+Compile\Sync\Engine\Source\Runtime\Core\Private\Math\Matrix.cpp] [Line: 8]
[2018.02.09-21.30.57:723][563]LogOutputDevice: Error: FMatrix::InverseFast(), trying to invert a NIL matrix, this results in NaNs! Use Inverse() instead.
[2018.02.09-21.30.57:723][563]LogOutputDevice: Error: Stack: 
[2018.02.09-21.30.57:723][563]LogOutputDevice: Error: [Callstack] 0x000000002D7A2786 UE4Editor-Core.dll!UnknownFunction []
[2018.02.09-21.30.57:723][563]LogOutputDevice: Error: [Callstack] 0x000000002D54123A UE4Editor-Core.dll!UnknownFunction []
[2018.02.09-21.30.57:723][563]LogOutputDevice: Error: [Callstack] 0x000000002D55B906 UE4Editor-Core.dll!UnknownFunction []
[2018.02.09-21.30.57:723][563]LogOutputDevice: Error: [Callstack] 0x000000002D541651 UE4Editor-Core.dll!UnknownFunction []
[2018.02.09-21.30.57:723][563]LogOutputDevice: Error: [Callstack] 0x0000000012B92F9B UE4Editor-Engine.dll!UnknownFunction []
[2018.02.09-21.30.57:723][563]LogOutputDevice: Error: [Callstack] 0x000000001350DE63 UE4Editor-Engine.dll!UnknownFunction []
[2018.02.09-21.30.57:723][563]LogOutputDevice: Error: [Callstack] 0x0000000013545F84 UE4Editor-Engine.dll!UnknownFunction []
[2018.02.09-21.30.57:723][563]LogOutputDevice: Error: [Callstack] 0x000000002CE85264 UE4Editor-CoreUObject.dll!UnknownFunction []
[2018.02.09-21.30.57:723][563]LogOutputDevice: Error: [Callstack] 0x000000002D049B74 UE4Editor-CoreUObject.dll!UnknownFunction []
[2018.02.09-21.30.57:723][563]LogOutputDevice: Error: [Callstack] 0x000000002D05FA41 UE4Editor-CoreUObject.dll!UnknownFunction []
[2018.02.09-21.30.57:723][563]LogOutputDevice: Error: [Callstack] 0x000000002D061B72 UE4Editor-CoreUObject.dll!UnknownFunction []
[2018.02.09-21.30.57:723][563]LogOutputDevice: Error: [Callstack] 0x000000002D04A57E UE4Editor-CoreUObject.dll!UnknownFunction []
[2018.02.09-21.30.57:723][563]LogOutputDevice: Error: [Callstack] 0x000000002D061B72 UE4Editor-CoreUObject.dll!UnknownFunction []
[2018.02.09-21.30.57:723][563]LogOutputDevice: Error: [Callstack] 0x000000002D04A57E UE4Editor-CoreUObject.dll!UnknownFunction []
[2018.02.09-21.30.57:723][563]LogOutputDevice: Error: [Callstack] 0x000000002D061B72 UE4Editor-CoreUObject.dll!UnknownFunction []
[2018.02.09-21.30.57:723][563]LogOutputDevice: Error: [Callstack] 0x000000002CE85264 UE4Editor-CoreUObject.dll!UnknownFunction []
[2018.02.09-21.30.57:723][563]LogOutputDevice: Error: [Callstack] 0x000000002D060F66 UE4Editor-CoreUObject.dll!UnknownFunction []
[2018.02.09-21.30.57:723][563]LogOutputDevice: Error: [Callstack] 0x0000000012C7E64B UE4Editor-Engine.dll!UnknownFunction []
[2018.02.09-21.30.57:723][563]LogOutputDevice: Error: [Callstack] 0x0000000012C3F79B UE4Editor-Engine.dll!UnknownFunction []
[2018.02.09-21.30.57:723][563]LogOutputDevice: Error: [Callstack] 0x0000000012C4CAEB UE4Editor-Engine.dll!UnknownFunction []
[2018.02.09-21.30.57:723][563]LogOutputDevice: Error: [Callstack] 0x0000000012C7A30A UE4Editor-Engine.dll!UnknownFunction []
[2018.02.09-21.30.57:723][563]LogOutputDevice: Error: [Callstack] 0x0000000012C5A0B3 UE4Editor-Engine.dll!UnknownFunction []
[2018.02.09-21.30.57:723][563]LogOutputDevice: Error: [Callstack] 0x00000000133939B9 UE4Editor-Engine.dll!UnknownFunction []
[2018.02.09-21.30.57:723][563]LogOutputDevice: Error: [Callstack] 0x0000000012CB47D6 UE4Editor-Engine.dll!UnknownFunction []
[2018.02.09-21.30.57:723][563]LogOutputDevice: Error: [Callstack] 0x000000002CE85264 UE4Editor-CoreUObject.dll!UnknownFunction []
[2018.02.09-21.30.57:723][563]LogOutputDevice: Error: [Callstack] 0x000000002D049B74 UE4Editor-CoreUObject.dll!UnknownFunction []
[2018.02.09-21.30.57:723][563]LogOutputDevice: Error: [Callstack] 0x000000002D05FA41 UE4Editor-CoreUObject.dll!UnknownFunction []
[2018.02.09-21.30.57:723][563]LogOutputDevice: Error: [Callstack] 0x000000002D088B04 UE4Editor-CoreUObject.dll!UnknownFunction []
[2018.02.09-21.30.57:723][563]LogOutputDevice: Error: [Callstack] 0x000000002D061B72 UE4Editor-CoreUObject.dll!UnknownFunction []
[2018.02.09-21.30.57:723][563]LogOutputDevice: Error: [Callstack] 0x000000002D04A57E UE4Editor-CoreUObject.dll!UnknownFunction []
[2018.02.09-21.30.57:723][563]LogOutputDevice: Error: [Callstack] 0x000000002D061B72 UE4Editor-CoreUObject.dll!UnknownFunction []
[2018.02.09-21.30.57:723][563]LogOutputDevice: Error: [Callstack] 0x000000002CE85264 UE4Editor-CoreUObject.dll!UnknownFunction []
[2018.02.09-21.30.57:723][563]LogOutputDevice: Error: [Callstack] 0x000000002D060F66 UE4Editor-CoreUObject.dll!UnknownFunction []
[2018.02.09-21.30.57:723][563]LogOutputDevice: Error: [Callstack] 0x0000000012C7E64B UE4Editor-Engine.dll!UnknownFunction []
[2018.02.09-21.30.57:723][563]LogOutputDevice: Error: [Callstack] 0x0000000012C3F79B UE4Editor-Engine.dll!UnknownFunction []
[2018.02.09-21.30.57:723][563]LogOutputDevice: Error: [Callstack] 0x0000000012C4CAEB UE4Editor-Engine.dll!UnknownFunction []
[2018.02.09-21.30.57:723][563]LogOutputDevice: Error: [Callstack] 0x0000000013E45790 UE4Editor-Engine.dll!UnknownFunction []
[2018.02.09-21.30.57:723][563]LogOutputDevice: Error: [Callstack] 0x000000001339DAC1 UE4Editor-Engine.dll!UnknownFunction []
[2018.02.09-21.30.57:723][563]LogOutputDevice: Error: [Callstack] 0x0000000013E306AE UE4Editor-Engine.dll!UnknownFunction []
[2018.02.09-21.30.57:723][563]LogOutputDevice: Error: [Callstack] 0x00000000133C04CE UE4Editor-Engine.dll!UnknownFunction []
[2018.02.09-21.30.57:723][563]LogOutputDevice: Error: [Callstack] 0x000000002469B235 UE4Editor-UnrealEd.dll!UnknownFunction []
[2018.02.09-21.30.57:723][563]LogOutputDevice: Error: [Callstack] 0x00000000246C556E UE4Editor-UnrealEd.dll!UnknownFunction []
[2018.02.09-21.30.57:723][563]LogOutputDevice: Error: [Callstack] 0x00000000246E192F UE4Editor-UnrealEd.dll!UnknownFunction []
[2018.02.09-21.30.57:723][563]LogOutputDevice: Error: [Callstack] 0x0000000024136024 UE4Editor-UnrealEd.dll!UnknownFunction []
[2018.02.09-21.30.57:723][563]LogOutputDevice: Error: [Callstack] 0x00000000249E4AC6 UE4Editor-UnrealEd.dll!UnknownFunction []
[2018.02.09-21.30.57:723][563]LogOutputDevice: Error: [Callstack] 0x0000000038035A26 UE4Editor.exe!UnknownFunction []
[2018.02.09-21.30.57:723][563]LogOutputDevice: Error: [Callstack] 0x0000000038045430 UE4Editor.exe!UnknownFunction []
[2018.02.09-21.30.57:723][563]LogOutputDevice: Error: [Callstack] 0x00000000380454AA UE4Editor.exe!UnknownFunction []
[2018.02.09-21.30.57:723][563]LogOutputDevice: Error: [Callstack] 0x0000000038052379 UE4Editor.exe!UnknownFunction []
[2018.02.09-21.30.57:723][563]LogOutputDevice: Error: [Callstack] 0x0000000038053D57 UE4Editor.exe!UnknownFunction []
[2018.02.09-21.30.57:723][563]LogOutputDevice: Error: [Callstack] 0x0000000058B92774 KERNEL32.DLL!UnknownFunction []
[2018.02.09-21.30.57:723][563]LogOutputDevice: Error: [Callstack] 0x0000000059C30D51 ntdll.dll!UnknownFunction []
[2018.02.09-21.30.57:723][563]LogOutputDevice: Error: 
[2018.02.09-21.30.57:725][563]LogStats:                SubmitErrorReport -  0.000 s
[2018.02.09-21.30.58:083][563]LogStats:                    SendNewReport -  0.359 s
[2018.02.09-21.30.58:084][563]LogStats:             FDebug::EnsureFailed -  0.497 s
[2018.02.09-21.30.58:084][563]LogUnrealMath: Error: FMatrix::InverseFast(), trying to invert a NIL matrix, this results in NaNs! Use Inverse() instead.
[2018.02.09-21.30.58:084][563]LogUnrealMath: Error: FMatrix::InverseFast(), trying to invert a NIL matrix, this results in NaNs! Use Inverse() instead.
[2018.02.09-21.30.58:084][563]LogUnrealMath: Error: FMatrix::InverseFast(), trying to invert a NIL matrix, this results in NaNs! Use Inverse() instead.
[2018.02.09-21.30.58:084][563]LogBlueprint: Warning: SetRelativeScale3D : Invalid Scale entered (X=0.000 Y=-nan(ind) Z=70.000). Resetting to 1.f.
[2018.02.09-21.30.58:085][563]LogUnrealMath: Error: FMatrix::InverseFast(), trying to invert a NIL matrix, this results in NaNs! Use Inverse() instead.
[2018.02.09-21.30.58:085][563]LogUnrealMath: Error: FMatrix::InverseFast(), trying to invert a NIL matrix, this results in NaNs! Use Inverse() instead.
[2018.02.09-21.30.58:085][563]LogUnrealMath: Error: FMatrix::InverseFast(), trying to invert a NIL matrix, this results in NaNs! Use Inverse() instead.
[2018.02.09-21.30.58:085][563]LogUnrealMath: Error: FMatrix::InverseFast(), trying to invert a NIL matrix, this results in NaNs! Use Inverse() instead.
[2018.02.09-21.30.58:085][563]LogBlueprint: Warning: SetRelativeScale3D : Invalid Scale entered (X=0.000 Y=-nan(ind) Z=70.000). Resetting to 1.f.
[2018.02.09-21.30.58:090][563]PIE: Play in editor start time for /Game/Content/Maps/TestMaps/UEDPIE_0_Main -0.166
[2018.02.09-21.30.58:143][564]LogRenderer: Reallocating scene render targets to support 2160x1200 Format 10 NumSamples 1 (Frame:1).
[2018.02.09-21.31.32:551][856]LogTemp: Repeating last play command: VR Preview
[2018.02.09-21.31.32:575][856]LogPlayLevel: PlayLevel: No blueprints needed recompiling
[2018.02.09-21.31.32:575][856]PIE: New page: PIE session: Main (Feb 9, 2018, 11:31:32 AM)
[2018.02.09-21.31.32:575][856]LogPlayLevel: Creating play world package: /Game/Content/Maps/TestMaps/UEDPIE_0_Main
[2018.02.09-21.31.32:580][856]LogPlayLevel: PIE: StaticDuplicateObject took: (0.005247s)
[2018.02.09-21.31.32:581][856]LogAIModule: Creating AISystem for world Main
[2018.02.09-21.31.32:581][856]LogPlayLevel: PIE: World Init took: (0.000653s)
[2018.02.09-21.31.32:581][856]LogPlayLevel: PIE: Created PIE world by copying editor world from /Game/Content/Maps/TestMaps/Main.Main to /Game/Content/Maps/TestMaps/UEDPIE_0_Main.Main (0.006182s)
[2018.02.09-21.31.32:615][856]LogInit: XAudio2 using 'HTC-VIVE-0 (NVIDIA High Definition Audio)' : 2 channels at 48 kHz using 16 bits per sample (channel mask 0x3)
[2018.02.09-21.31.32:623][856]LogInit: FAudioDevice initialized.
[2018.02.09-21.31.32:710][856]LogLoad: Game class is 'GameModeBase'
[2018.02.09-21.31.32:712][856]LogWorld: Bringing World /Game/Content/Maps/TestMaps/UEDPIE_0_Main.Main up for play (max tick rate 0) at 2018.02.09-16.31.32
[2018.02.09-21.31.32:713][856]LogWorld: Bringing up level for play took: 0.002476
[2018.02.09-21.31.32:723][856]PIE: Play in editor start time for /Game/Content/Maps/TestMaps/UEDPIE_0_Main 0.468
[2018.02.09-21.32.14:394][564]LogBlueprintDebug: Warning: Hit breakpoint on node 'K2Node_InputKey', from offset 576
[2018.02.09-21.32.14:394][564]LogBlueprintDebug: 
Script call stack:
	Function /Game/VirtualRealityBP/Blueprints/MotionControllerPawn.MotionControllerPawn_C:InpActEvt_MotionController_Left_Trigger_K2Node_InputKeyEvent_4
	Function /Game/VirtualRealityBP/Blueprints/MotionControllerPawn.MotionControllerPawn_C:ExecuteUbergraph_MotionControllerPawn

[2018.02.09-21.32.14:417][564]LogHMD: Warning:  SteamVR Compositor had an error on present (108)
[2018.02.09-21.32.14:418][564]LogHMD: Warning:  SteamVR Compositor had an error on present (108)
[2018.02.09-21.32.14:418][564]LogHMD: Warning:  SteamVR Compositor had an error on present (108)
[2018.02.09-21.32.19:224][564]LogHMD: Warning:  SteamVR Compositor had an error on present (108)
[2018.02.09-21.32.25:356][217]LogSavePackage: Save=172.79ms
[2018.02.09-21.32.25:356][217]LogSavePackage: Moving '../../../../../../Users/MagicUser/Documents/Unreal Projects/MeteorVR-master/Meteor/Saved/MotionControllerPawn06C38FEF4AE64BA530EBABA309466B74.tmp' to '../../../../../../Users/MagicUser/Documents/Unreal Projects/MeteorVR-master/Meteor/Content/VirtualRealityBP/Blueprints/MotionControllerPawn.uasset'
[2018.02.09-21.32.25:360][217]LogSavePackage: Display: Finished SavePackage ../../../../../../Users/MagicUser/Documents/Unreal Projects/MeteorVR-master/Meteor/Content/VirtualRealityBP/Blueprints/MotionControllerPawn.uasset
[2018.02.09-21.32.48:328][961]LogTemp: Repeating last play command: VR Preview
[2018.02.09-21.32.48:352][961]LogPlayLevel: PlayLevel: No blueprints needed recompiling
[2018.02.09-21.32.48:352][961]PIE: New page: PIE session: Main (Feb 9, 2018, 11:32:48 AM)
[2018.02.09-21.32.48:352][961]LogPlayLevel: Creating play world package: /Game/Content/Maps/TestMaps/UEDPIE_0_Main
[2018.02.09-21.32.48:358][961]LogPlayLevel: PIE: StaticDuplicateObject took: (0.005824s)
[2018.02.09-21.32.48:359][961]LogAIModule: Creating AISystem for world Main
[2018.02.09-21.32.48:359][961]LogPlayLevel: PIE: World Init took: (0.000739s)
[2018.02.09-21.32.48:359][961]LogPlayLevel: PIE: Created PIE world by copying editor world from /Game/Content/Maps/TestMaps/Main.Main to /Game/Content/Maps/TestMaps/UEDPIE_0_Main.Main (0.006852s)
[2018.02.09-21.32.48:395][961]LogInit: XAudio2 using 'HTC-VIVE-0 (NVIDIA High Definition Audio)' : 2 channels at 48 kHz using 16 bits per sample (channel mask 0x3)
[2018.02.09-21.32.48:402][961]LogInit: FAudioDevice initialized.
[2018.02.09-21.32.48:469][961]LogLoad: Game class is 'GameModeBase'
[2018.02.09-21.32.48:472][961]LogWorld: Bringing World /Game/Content/Maps/TestMaps/UEDPIE_0_Main.Main up for play (max tick rate 0) at 2018.02.09-16.32.48
[2018.02.09-21.32.48:473][961]LogWorld: Bringing up level for play took: 0.002659
[2018.02.09-21.32.48:478][961]PIE: Play in editor start time for /Game/Content/Maps/TestMaps/UEDPIE_0_Main 0.223
[2018.02.09-21.36.22:096][156]LogSavePackage: Save=374.18ms
[2018.02.09-21.36.22:096][156]LogSavePackage: Moving '../../../../../../Users/MagicUser/Documents/Unreal Projects/MeteorVR-master/Meteor/Saved/BP_MotionControllerC86D14B1428FFEC3D8ADA8A64E8E9C76.tmp' to '../../../../../../Users/MagicUser/Documents/Unreal Projects/MeteorVR-master/Meteor/Content/VirtualRealityBP/Blueprints/BP_MotionController.uasset'
[2018.02.09-21.36.22:099][156]LogSavePackage: Display: Finished SavePackage ../../../../../../Users/MagicUser/Documents/Unreal Projects/MeteorVR-master/Meteor/Content/VirtualRealityBP/Blueprints/BP_MotionController.uasset
[2018.02.09-21.36.22:435][193]BlueprintLog: New page: Compile BP_MotionController
[2018.02.09-21.36.23:853][281]LogTemp: Repeating last play command: VR Preview
[2018.02.09-21.36.23:877][281]BlueprintLog: New page: Pre-Play auto-recompile
[2018.02.09-21.36.23:912][281]LogPlayLevel: [PlayLevel] Compiling MotionControllerPawn before play...
[2018.02.09-21.36.23:961][281]LogBlueprint: Error: [Compiler MotionControllerPawn] This blueprint (self) is not a WidgetInteractionComponent, therefore ' Target ' must have a connection.
[2018.02.09-21.36.23:961][281]LogBlueprint: Error: [Compiler MotionControllerPawn] This blueprint (self) is not a WidgetInteractionComponent, therefore ' Target ' must have a connection.
[2018.02.09-21.36.23:965][281]LogBlueprint: Warning: [Compiler MotionControllerPawn] [0465.14] Compile of MotionControllerPawn failed. 2 Fatal Issue(s) 0 Warning(s) [in 54 ms] (/Game/VirtualRealityBP/Blueprints/MotionControllerPawn.MotionControllerPawn)
[2018.02.09-21.36.24:112][281]LogPlayLevel: PlayLevel: Blueprint regeneration took 234 ms (1 blueprints)
[2018.02.09-21.36.24:112][281]BlueprintLog: Blueprint MotionControllerPawn failed to compile
[2018.02.09-21.36.33:189][379]BlueprintLog: New page: Compile MotionControllerPawn
[2018.02.09-21.36.33:264][379]LogBlueprint: Error: [Compiler MotionControllerPawn] This blueprint (self) is not a WidgetInteractionComponent, therefore ' Target ' must have a connection.
[2018.02.09-21.36.33:265][379]LogBlueprint: Error: [Compiler MotionControllerPawn] This blueprint (self) is not a WidgetInteractionComponent, therefore ' Target ' must have a connection.
[2018.02.09-21.36.33:396][379]LogBlueprint: Warning: [Compiler MotionControllerPawn] [0474.57] Compile of MotionControllerPawn failed. 2 Fatal Issue(s) 0 Warning(s) [in 207 ms] (/Game/VirtualRealityBP/Blueprints/MotionControllerPawn.MotionControllerPawn)
[2018.02.09-21.36.44:549][424]LogEditorTransaction: Undo Edit Show Debug
[2018.02.09-21.37.09:977][208]LogEditorTransaction: Undo Move Nodes
[2018.02.09-21.37.10:622][242]LogEditorTransaction: Undo Paste clipboard contents
[2018.02.09-21.37.27:842][232]LogSavePackage: Save=381.12ms
[2018.02.09-21.37.27:842][232]LogSavePackage: Moving '../../../../../../Users/MagicUser/Documents/Unreal Projects/MeteorVR-master/Meteor/Saved/BP_MotionControllerDFD0520946BB78FA97A9E0A37AB1F324.tmp' to '../../../../../../Users/MagicUser/Documents/Unreal Projects/MeteorVR-master/Meteor/Content/VirtualRealityBP/Blueprints/BP_MotionController.uasset'
[2018.02.09-21.37.27:845][232]LogSavePackage: Display: Finished SavePackage ../../../../../../Users/MagicUser/Documents/Unreal Projects/MeteorVR-master/Meteor/Content/VirtualRealityBP/Blueprints/BP_MotionController.uasset
[2018.02.09-21.37.28:223][278]BlueprintLog: New page: Compile BP_MotionController
[2018.02.09-21.37.31:359][829]LogSavePackage: Save=157.34ms
[2018.02.09-21.37.31:359][829]LogSavePackage: Moving '../../../../../../Users/MagicUser/Documents/Unreal Projects/MeteorVR-master/Meteor/Saved/MotionControllerPawnBADF872E4E0C2AAEAB41A9BD1466A1C7.tmp' to '../../../../../../Users/MagicUser/Documents/Unreal Projects/MeteorVR-master/Meteor/Content/VirtualRealityBP/Blueprints/MotionControllerPawn.uasset'
[2018.02.09-21.37.31:362][829]LogSavePackage: Display: Finished SavePackage ../../../../../../Users/MagicUser/Documents/Unreal Projects/MeteorVR-master/Meteor/Content/VirtualRealityBP/Blueprints/MotionControllerPawn.uasset
[2018.02.09-21.37.31:951][300]BlueprintLog: New page: Compile MotionControllerPawn
[2018.02.09-21.37.35:827][452]LogTemp: Repeating last play command: VR Preview
[2018.02.09-21.37.35:870][452]LogPlayLevel: PlayLevel: No blueprints needed recompiling
[2018.02.09-21.37.35:870][452]PIE: New page: PIE session: Main (Feb 9, 2018, 11:37:35 AM)
[2018.02.09-21.37.35:870][452]LogPlayLevel: Creating play world package: /Game/Content/Maps/TestMaps/UEDPIE_0_Main
[2018.02.09-21.37.35:877][452]LogPlayLevel: PIE: StaticDuplicateObject took: (0.006847s)
[2018.02.09-21.37.35:877][452]LogAIModule: Creating AISystem for world Main
[2018.02.09-21.37.35:878][452]LogPlayLevel: PIE: World Init took: (0.000753s)
[2018.02.09-21.37.35:878][452]LogPlayLevel: PIE: Created PIE world by copying editor world from /Game/Content/Maps/TestMaps/Main.Main to /Game/Content/Maps/TestMaps/UEDPIE_0_Main.Main (0.007898s)
[2018.02.09-21.37.35:915][452]LogInit: XAudio2 using 'HTC-VIVE-0 (NVIDIA High Definition Audio)' : 2 channels at 48 kHz using 16 bits per sample (channel mask 0x3)
[2018.02.09-21.37.35:923][452]LogInit: FAudioDevice initialized.
[2018.02.09-21.37.36:014][452]LogLoad: Game class is 'GameModeBase'
[2018.02.09-21.37.36:017][452]LogWorld: Bringing World /Game/Content/Maps/TestMaps/UEDPIE_0_Main.Main up for play (max tick rate 0) at 2018.02.09-16.37.36
[2018.02.09-21.37.36:017][452]LogWorld: Bringing up level for play took: 0.002869
[2018.02.09-21.37.36:028][452]PIE: Play in editor start time for /Game/Content/Maps/TestMaps/UEDPIE_0_Main -0.227
[2018.02.09-21.38.08:831][542]LogSavePackage: Save=378.77ms
[2018.02.09-21.38.08:831][542]LogSavePackage: Moving '../../../../../../Users/MagicUser/Documents/Unreal Projects/MeteorVR-master/Meteor/Saved/BP_MotionController1C993D4A40DE2FF25FEAD89EEF83ACFE.tmp' to '../../../../../../Users/MagicUser/Documents/Unreal Projects/MeteorVR-master/Meteor/Content/VirtualRealityBP/Blueprints/BP_MotionController.uasset'
[2018.02.09-21.38.08:835][542]LogSavePackage: Display: Finished SavePackage ../../../../../../Users/MagicUser/Documents/Unreal Projects/MeteorVR-master/Meteor/Content/VirtualRealityBP/Blueprints/BP_MotionController.uasset
[2018.02.09-21.38.09:179][579]BlueprintLog: New page: Compile BP_MotionController
[2018.02.09-21.38.10:588][672]LogTemp: Repeating last play command: VR Preview
[2018.02.09-21.38.10:612][672]LogPlayLevel: PlayLevel: No blueprints needed recompiling
[2018.02.09-21.38.10:612][672]PIE: New page: PIE session: Main (Feb 9, 2018, 11:38:10 AM)
[2018.02.09-21.38.10:612][672]LogPlayLevel: Creating play world package: /Game/Content/Maps/TestMaps/UEDPIE_0_Main
[2018.02.09-21.38.10:617][672]LogPlayLevel: PIE: StaticDuplicateObject took: (0.005498s)
[2018.02.09-21.38.10:618][672]LogAIModule: Creating AISystem for world Main
[2018.02.09-21.38.10:618][672]LogPlayLevel: PIE: World Init took: (0.000686s)
[2018.02.09-21.38.10:618][672]LogPlayLevel: PIE: Created PIE world by copying editor world from /Game/Content/Maps/TestMaps/Main.Main to /Game/Content/Maps/TestMaps/UEDPIE_0_Main.Main (0.006447s)
[2018.02.09-21.38.10:656][672]LogInit: XAudio2 using 'HTC-VIVE-0 (NVIDIA High Definition Audio)' : 2 channels at 48 kHz using 16 bits per sample (channel mask 0x3)
[2018.02.09-21.38.10:664][672]LogInit: FAudioDevice initialized.
[2018.02.09-21.38.10:753][672]LogLoad: Game class is 'GameModeBase'
[2018.02.09-21.38.10:756][672]LogWorld: Bringing World /Game/Content/Maps/TestMaps/UEDPIE_0_Main.Main up for play (max tick rate 0) at 2018.02.09-16.38.10
[2018.02.09-21.38.10:756][672]LogWorld: Bringing up level for play took: 0.002541
[2018.02.09-21.38.10:767][672]PIE: Play in editor start time for /Game/Content/Maps/TestMaps/UEDPIE_0_Main 0.512
[2018.02.09-21.39.06:830][774]LogTemp: Repeating last play command: VR Preview
[2018.02.09-21.39.06:854][774]BlueprintLog: New page: Pre-Play auto-recompile
[2018.02.09-21.39.06:931][774]LogPlayLevel: [PlayLevel] Compiling BP_MotionController before play...
[2018.02.09-21.39.07:392][774]LogPlayLevel: PlayLevel: Blueprint regeneration took 538 ms (1 blueprints)
[2018.02.09-21.39.07:393][774]PIE: New page: PIE session: Main (Feb 9, 2018, 11:39:07 AM)
[2018.02.09-21.39.07:393][774]LogPlayLevel: Creating play world package: /Game/Content/Maps/TestMaps/UEDPIE_0_Main
[2018.02.09-21.39.07:399][774]LogPlayLevel: PIE: StaticDuplicateObject took: (0.005975s)
[2018.02.09-21.39.07:399][774]LogAIModule: Creating AISystem for world Main
[2018.02.09-21.39.07:400][774]LogPlayLevel: PIE: World Init took: (0.000905s)
[2018.02.09-21.39.07:400][774]LogPlayLevel: PIE: Created PIE world by copying editor world from /Game/Content/Maps/TestMaps/Main.Main to /Game/Content/Maps/TestMaps/UEDPIE_0_Main.Main (0.007371s)
[2018.02.09-21.39.07:435][774]LogInit: XAudio2 using 'HTC-VIVE-0 (NVIDIA High Definition Audio)' : 2 channels at 48 kHz using 16 bits per sample (channel mask 0x3)
[2018.02.09-21.39.07:443][774]LogInit: FAudioDevice initialized.
[2018.02.09-21.39.07:535][774]LogLoad: Game class is 'GameModeBase'
[2018.02.09-21.39.07:538][774]LogWorld: Bringing World /Game/Content/Maps/TestMaps/UEDPIE_0_Main.Main up for play (max tick rate 0) at 2018.02.09-16.39.07
[2018.02.09-21.39.07:539][774]LogWorld: Bringing up level for play took: 0.002630
[2018.02.09-21.39.07:549][774]PIE: Play in editor start time for /Game/Content/Maps/TestMaps/UEDPIE_0_Main 1.295
[2018.02.09-21.39.49:262][ 23]LogSavePackage: Save=387.16ms
[2018.02.09-21.39.49:262][ 23]LogSavePackage: Moving '../../../../../../Users/MagicUser/Documents/Unreal Projects/MeteorVR-master/Meteor/Saved/BP_MotionController69C790894A38137B876F0794D02D6B08.tmp' to '../../../../../../Users/MagicUser/Documents/Unreal Projects/MeteorVR-master/Meteor/Content/VirtualRealityBP/Blueprints/BP_MotionController.uasset'
[2018.02.09-21.39.49:265][ 23]LogSavePackage: Display: Finished SavePackage ../../../../../../Users/MagicUser/Documents/Unreal Projects/MeteorVR-master/Meteor/Content/VirtualRealityBP/Blueprints/BP_MotionController.uasset
