Log file open, 03/30/18 10:15:06
LogWindows: Failed to load 'aqProf.dll' (GetLastError=126)
LogWindows: File 'aqProf.dll' does not exist
LogWindows: Failed to load 'VtuneApi.dll' (GetLastError=126)
LogWindows: File 'VtuneApi.dll' does not exist
LogWindows: Failed to load 'VtuneApi32e.dll' (GetLastError=126)
LogWindows: File 'VtuneApi32e.dll' does not exist
LogInit: Display: Running engine for game: Meteor
LogPlatformFile: Not using cached read wrapper
LogInit: Display: RandInit(-2096086140) SRandInit(-2096086140).
LogInit: Read version file with build ID '3709383'
LogInit: Overriding engine version to CL 3754814, compatible CL 3709383
LogInit: Registered custom module enumerator with build ID '3709383'
LogTaskGraph: Started task graph with 5 named threads and 8 total threads with 3 sets of task threads.
LogStats: Stats thread started at 0.216792
LogD3D11RHI: Aftermath initialized
LogModuleManager: Display: Found up-to-date module file ../../../Engine/Plugins/2D/Paper2D/Binaries/Win64/UE4Editor-Paper2D.dll (API version 3709383).
LogModuleManager: Display: Found up-to-date module file ../../../Engine/Plugins/2D/Paper2D/Binaries/Win64/UE4Editor-Paper2DEditor.dll (API version 3709383).
LogModuleManager: Display: Found up-to-date module file ../../../Engine/Plugins/2D/Paper2D/Binaries/Win64/UE4Editor-PaperSpriteSheetImporter.dll (API version 3709383).
LogModuleManager: Display: Found up-to-date module file ../../../Engine/Plugins/2D/Paper2D/Binaries/Win64/UE4Editor-PaperTiledImporter.dll (API version 3709383).
LogModuleManager: Display: Found up-to-date module file ../../../Engine/Plugins/2D/Paper2D/Binaries/Win64/UE4Editor-SmartSnapping.dll (API version 3709383).
LogModuleManager: Display: Found up-to-date module file ../../../Engine/Plugins/Blendables/LightPropagationVolume/Binaries/Win64/UE4Editor-LightPropagationVolumeRuntime.dll (API version 3709383).
LogModuleManager: Display: Found up-to-date module file ../../../Engine/Plugins/Blendables/LightPropagationVolume/Binaries/Win64/UE4Editor-LightPropagationVolumeEditor.dll (API version 3709383).
LogModuleManager: Display: Found up-to-date module file ../../../Engine/Plugins/Developer/GitSourceControl/Binaries/Win64/UE4Editor-GitSourceControl.dll (API version 3709383).
LogModuleManager: Display: Found up-to-date module file ../../../Engine/Plugins/Developer/PerforceSourceControl/Binaries/Win64/UE4Editor-PerforceSourceControl.dll (API version 3709383).
LogModuleManager: Display: Found up-to-date module file ../../../Engine/Plugins/Developer/SubversionSourceControl/Binaries/Win64/UE4Editor-SubversionSourceControl.dll (API version 3709383).
LogModuleManager: Display: Found up-to-date module file ../../../Engine/Plugins/Developer/UObjectPlugin/Binaries/Win64/UE4Editor-UObjectPlugin.dll (API version 3709383).
LogModuleManager: Display: Found up-to-date module file ../../../Engine/Plugins/Developer/VisualStudioCodeSourceCodeAccess/Binaries/Win64/UE4Editor-VisualStudioCodeSourceCodeAccess.dll (API version 3709383).
LogModuleManager: Display: Found up-to-date module file ../../../Engine/Plugins/Developer/VisualStudioSourceCodeAccess/Binaries/Win64/UE4Editor-VisualStudioSourceCodeAccess.dll (API version 3709383).
LogModuleManager: Display: Found up-to-date module file ../../../Engine/Plugins/Editor/AssetManagerEditor/Binaries/Win64/UE4Editor-AssetManagerEditor.dll (API version 3709383).
LogModuleManager: Display: Found up-to-date module file ../../../Engine/Plugins/Editor/AudioCapture/Binaries/Win64/UE4Editor-AudioCapture.dll (API version 3709383).
LogModuleManager: Display: Found up-to-date module file ../../../Engine/Plugins/Editor/FacialAnimation/Binaries/Win64/UE4Editor-FacialAnimation.dll (API version 3709383).
LogModuleManager: Display: Found up-to-date module file ../../../Engine/Plugins/Editor/FacialAnimation/Binaries/Win64/UE4Editor-FacialAnimationEditor.dll (API version 3709383).
LogModuleManager: Display: Found up-to-date module file ../../../Engine/Plugins/Editor/GameplayTagsEditor/Binaries/Win64/UE4Editor-GameplayTagsEditor.dll (API version 3709383).
LogModuleManager: Display: Found up-to-date module file ../../../Engine/Plugins/Editor/MobileLauncherProfileWizard/Binaries/Win64/UE4Editor-MobileLauncherProfileWizard.dll (API version 3709383).
LogModuleManager: Display: Found up-to-date module file ../../../Engine/Plugins/Editor/PluginBrowser/Binaries/Win64/UE4Editor-PluginBrowser.dll (API version 3709383).
LogModuleManager: Display: Found up-to-date module file ../../../Engine/Plugins/Editor/SpeedTreeImporter/Binaries/Win64/UE4Editor-SpeedTreeImporter.dll (API version 3709383).
LogModuleManager: Display: Found up-to-date module file ../../../Engine/Plugins/Experimental/AlembicImporter/Binaries/Win64/UE4Editor-AlembicImporter.dll (API version 3709383).
LogModuleManager: Display: Found up-to-date module file ../../../Engine/Plugins/Experimental/AlembicImporter/Binaries/Win64/UE4Editor-AlembicLibrary.dll (API version 3709383).
LogModuleManager: Display: Found up-to-date module file ../../../Engine/Plugins/Experimental/CharacterAI/Binaries/Win64/UE4Editor-CharacterAI.dll (API version 3709383).
LogModuleManager: Display: Found up-to-date module file ../../../Engine/Plugins/Experimental/HTML5Networking/Binaries/Win64/UE4Editor-HTML5Networking.dll (API version 3709383).
LogModuleManager: Display: Found up-to-date module file ../../../Engine/Plugins/Media/AndroidMedia/Binaries/Win64/UE4Editor-AndroidMediaEditor.dll (API version 3709383).
LogModuleManager: Display: Found up-to-date module file ../../../Engine/Plugins/Media/AndroidMedia/Binaries/Win64/UE4Editor-AndroidMediaFactory.dll (API version 3709383).
LogModuleManager: Display: Found up-to-date module file ../../../Engine/Plugins/Media/AvfMedia/Binaries/Win64/UE4Editor-AvfMediaEditor.dll (API version 3709383).
LogModuleManager: Display: Found up-to-date module file ../../../Engine/Plugins/Media/AvfMedia/Binaries/Win64/UE4Editor-AvfMediaFactory.dll (API version 3709383).
LogModuleManager: Display: Found up-to-date module file ../../../Engine/Plugins/Media/AvfMedia/Binaries/Win64/UE4Editor-AvfMediaFactory.dll (API version 3709383).
LogModuleManager: Display: Found up-to-date module file ../../../Engine/Plugins/Media/ImgMedia/Binaries/Win64/UE4Editor-ImgMedia.dll (API version 3709383).
LogModuleManager: Display: Found up-to-date module file ../../../Engine/Plugins/Media/ImgMedia/Binaries/Win64/UE4Editor-ImgMediaEditor.dll (API version 3709383).
LogModuleManager: Display: Found up-to-date module file ../../../Engine/Plugins/Media/ImgMedia/Binaries/Win64/UE4Editor-ImgMediaFactory.dll (API version 3709383).
LogModuleManager: Display: Found up-to-date module file ../../../Engine/Plugins/Media/ImgMedia/Binaries/Win64/UE4Editor-ImgMediaFactory.dll (API version 3709383).
LogModuleManager: Display: Found up-to-date module file ../../../Engine/Plugins/Media/ImgMedia/Binaries/Win64/UE4Editor-OpenExrWrapper.dll (API version 3709383).
LogModuleManager: Display: Found up-to-date module file ../../../Engine/Plugins/Media/MediaCompositing/Binaries/Win64/UE4Editor-MediaCompositing.dll (API version 3709383).
LogModuleManager: Display: Found up-to-date module file ../../../Engine/Plugins/Media/MediaCompositing/Binaries/Win64/UE4Editor-MediaCompositingEditor.dll (API version 3709383).
LogModuleManager: Display: Found up-to-date module file ../../../Engine/Plugins/Media/MediaPlayerEditor/Binaries/Win64/UE4Editor-MediaPlayerEditor.dll (API version 3709383).
LogModuleManager: Display: Found up-to-date module file ../../../Engine/Plugins/Media/WmfMedia/Binaries/Win64/UE4Editor-WmfMedia.dll (API version 3709383).
LogModuleManager: Display: Found up-to-date module file ../../../Engine/Plugins/Media/WmfMedia/Binaries/Win64/UE4Editor-WmfMediaEditor.dll (API version 3709383).
LogModuleManager: Display: Found up-to-date module file ../../../Engine/Plugins/Media/WmfMedia/Binaries/Win64/UE4Editor-WmfMediaFactory.dll (API version 3709383).
LogModuleManager: Display: Found up-to-date module file ../../../Engine/Plugins/Media/WmfMedia/Binaries/Win64/UE4Editor-WmfMediaFactory.dll (API version 3709383).
LogModuleManager: Display: Found up-to-date module file ../../../Engine/Plugins/Messaging/TcpMessaging/Binaries/Win64/UE4Editor-TcpMessaging.dll (API version 3709383).
LogModuleManager: Display: Found up-to-date module file ../../../Engine/Plugins/Messaging/UdpMessaging/Binaries/Win64/UE4Editor-UdpMessaging.dll (API version 3709383).
LogModuleManager: Display: Found up-to-date module file ../../../Engine/Plugins/MovieScene/ActorSequence/Binaries/Win64/UE4Editor-ActorSequence.dll (API version 3709383).
LogModuleManager: Display: Found up-to-date module file ../../../Engine/Plugins/MovieScene/LevelSequenceEditor/Binaries/Win64/UE4Editor-LevelSequenceEditor.dll (API version 3709383).
LogModuleManager: Display: Found up-to-date module file ../../../Engine/Plugins/MovieScene/MatineeToLevelSequence/Binaries/Win64/UE4Editor-MatineeToLevelSequence.dll (API version 3709383).
LogModuleManager: Display: Found up-to-date module file ../../../Engine/Plugins/Online/OnlineSubsystem/Binaries/Win64/UE4Editor-OnlineSubsystem.dll (API version 3709383).
LogModuleManager: Display: Found up-to-date module file ../../../Engine/Plugins/Runtime/AndroidPermission/Binaries/Win64/UE4Editor-AndroidPermission.dll (API version 3709383).
LogModuleManager: Display: Found up-to-date module file ../../../Engine/Plugins/Online/OnlineSubsystemNull/Binaries/Win64/UE4Editor-OnlineSubsystemNull.dll (API version 3709383).
LogModuleManager: Display: Found up-to-date module file ../../../Engine/Plugins/Online/OnlineSubsystemUtils/Binaries/Win64/UE4Editor-OnlineSubsystemUtils.dll (API version 3709383).
LogModuleManager: Display: Found up-to-date module file ../../../Engine/Plugins/Online/OnlineSubsystemUtils/Binaries/Win64/UE4Editor-OnlineBlueprintSupport.dll (API version 3709383).
LogModuleManager: Display: Found up-to-date module file ../../../Engine/Plugins/Runtime/AndroidDeviceProfileSelector/Binaries/Win64/UE4Editor-AndroidDeviceProfileSelector.dll (API version 3709383).
LogModuleManager: Display: Found up-to-date module file ../../../Engine/Plugins/Runtime/AppleARKit/Binaries/Win64/UE4Editor-AppleARKit.dll (API version 3709383).
LogModuleManager: Display: Found up-to-date module file ../../../Engine/Plugins/Runtime/ArchVisCharacter/Binaries/Win64/UE4Editor-ArchVisCharacter.dll (API version 3709383).
LogModuleManager: Display: Found up-to-date module file ../../../Engine/Plugins/Runtime/CableComponent/Binaries/Win64/UE4Editor-CableComponent.dll (API version 3709383).
LogModuleManager: Display: Found up-to-date module file ../../../Engine/Plugins/Runtime/CustomMeshComponent/Binaries/Win64/UE4Editor-CustomMeshComponent.dll (API version 3709383).
LogModuleManager: Display: Found up-to-date module file ../../../Engine/Plugins/Runtime/ExampleDeviceProfileSelector/Binaries/Win64/UE4Editor-ExampleDeviceProfileSelector.dll (API version 3709383).
LogModuleManager: Display: Found up-to-date module file ../../../Engine/Plugins/Runtime/ImmediatePhysics/Binaries/Win64/UE4Editor-ImmediatePhysics.dll (API version 3709383).
LogModuleManager: Display: Found up-to-date module file ../../../Engine/Plugins/Runtime/ImmediatePhysics/Binaries/Win64/UE4Editor-ImmediatePhysicsEditor.dll (API version 3709383).
LogModuleManager: Display: Found up-to-date module file ../../../Engine/Plugins/Runtime/LocationServicesBPLibrary/Binaries/Win64/UE4Editor-LocationServicesBPLibrary.dll (API version 3709383).
LogModuleManager: Display: Found up-to-date module file ../../../Engine/Plugins/Runtime/MobilePatchingUtils/Binaries/Win64/UE4Editor-MobilePatchingUtils.dll (API version 3709383).
LogModuleManager: Display: Found up-to-date module file ../../../Engine/Plugins/Runtime/Oculus/OculusVR/Binaries/Win64/UE4Editor-OculusHMD.dll (API version 3709383).
LogModuleManager: Display: Found up-to-date module file ../../../Engine/Plugins/Runtime/Oculus/OculusVR/Binaries/Win64/UE4Editor-OculusInput.dll (API version 3709383).
LogModuleManager: Display: Found up-to-date module file ../../../Engine/Plugins/Runtime/Oculus/OculusVR/Binaries/Win64/UE4Editor-OculusEditor.dll (API version 3709383).
LogModuleManager: Display: Found up-to-date module file ../../../Engine/Plugins/Runtime/PhysXVehicles/Binaries/Win64/UE4Editor-PhysXVehicles.dll (API version 3709383).
LogModuleManager: Display: Found up-to-date module file ../../../Engine/Plugins/Runtime/PhysXVehicles/Binaries/Win64/UE4Editor-PhysXVehiclesEditor.dll (API version 3709383).
LogModuleManager: Display: Found up-to-date module file ../../../Engine/Plugins/Runtime/ProceduralMeshComponent/Binaries/Win64/UE4Editor-ProceduralMeshComponent.dll (API version 3709383).
LogModuleManager: Display: Found up-to-date module file ../../../Engine/Plugins/Runtime/ProceduralMeshComponent/Binaries/Win64/UE4Editor-ProceduralMeshComponentEditor.dll (API version 3709383).
LogModuleManager: Display: Found up-to-date module file ../../../Engine/Plugins/Runtime/RuntimePhysXCooking/Binaries/Win64/UE4Editor-RuntimePhysXCooking.dll (API version 3709383).
LogModuleManager: Display: Found up-to-date module file ../../../Engine/Plugins/Runtime/Steam/SteamVR/Binaries/Win64/UE4Editor-SteamVR.dll (API version 3709383).
LogModuleManager: Display: Found up-to-date module file ../../../Engine/Plugins/Runtime/Steam/SteamVR/Binaries/Win64/UE4Editor-SteamVRController.dll (API version 3709383).
LogModuleManager: Display: Found up-to-date module file ../../../Engine/Plugins/Runtime/WindowsMoviePlayer/Binaries/Win64/UE4Editor-WindowsMoviePlayer.dll (API version 3709383).
LogPluginManager: Mounting plugin Paper2D
LogPluginManager: Mounting plugin LightPropagationVolume
LogPluginManager: Mounting plugin CodeLiteSourceCodeAccess
LogPluginManager: Mounting plugin GitSourceControl
LogPluginManager: Mounting plugin KDevelopSourceCodeAccess
LogPluginManager: Mounting plugin NullSourceCodeAccess
LogPluginManager: Mounting plugin PerforceSourceControl
LogPluginManager: Mounting plugin SubversionSourceControl
LogPluginManager: Mounting plugin UObjectPlugin
LogPluginManager: Mounting plugin VisualStudioCodeSourceCodeAccess
LogPluginManager: Mounting plugin VisualStudioSourceCodeAccess
LogPluginManager: Mounting plugin XCodeSourceCodeAccess
LogPluginManager: Mounting plugin AssetManagerEditor
LogPluginManager: Mounting plugin AudioCapture
LogPluginManager: Mounting plugin FacialAnimation
LogPluginManager: Mounting plugin GameplayTagsEditor
LogPluginManager: Mounting plugin MobileLauncherProfileWizard
LogPluginManager: Mounting plugin PluginBrowser
LogPluginManager: Mounting plugin SpeedTreeImporter
LogPluginManager: Mounting plugin AlembicImporter
LogPluginManager: Mounting plugin CharacterAI
LogPluginManager: Mounting plugin HTML5Networking
LogPluginManager: Mounting plugin AndroidMedia
LogPluginManager: Mounting plugin AvfMedia
LogPluginManager: Mounting plugin ImgMedia
LogPluginManager: Mounting plugin MediaCompositing
LogPluginManager: Mounting plugin MediaPlayerEditor
LogPluginManager: Mounting plugin WmfMedia
LogPluginManager: Mounting plugin TcpMessaging
LogPluginManager: Mounting plugin UdpMessaging
LogPluginManager: Mounting plugin ActorSequence
LogPluginManager: Mounting plugin LevelSequenceEditor
LogPluginManager: Mounting plugin MatineeToLevelSequence
LogPluginManager: Mounting plugin OnlineSubsystemGooglePlay
LogPluginManager: Mounting plugin OnlineSubsystemIOS
LogPluginManager: Mounting plugin OnlineSubsystem
LogPluginManager: Mounting plugin OnlineSubsystemNull
LogPluginManager: Mounting plugin OnlineSubsystemUtils
LogPluginManager: Mounting plugin AndroidDeviceProfileSelector
LogPluginManager: Mounting plugin AndroidMoviePlayer
LogPluginManager: Mounting plugin AndroidPermission
LogPluginManager: Mounting plugin AppleARKit
LogPluginManager: Mounting plugin AppleMoviePlayer
LogPluginManager: Mounting plugin ArchVisCharacter
LogPluginManager: Mounting plugin CableComponent
LogPluginManager: Mounting plugin CustomMeshComponent
LogPluginManager: Mounting plugin ExampleDeviceProfileSelector
LogPluginManager: Mounting plugin GoogleCloudMessaging
LogPluginManager: Mounting plugin ImmediatePhysics
LogPluginManager: Mounting plugin IOSDeviceProfileSelector
LogPluginManager: Mounting plugin LinuxDeviceProfileSelector
LogPluginManager: Mounting plugin LocationServicesBPLibrary
LogPluginManager: Mounting plugin MobilePatchingUtils
LogPluginManager: Mounting plugin OculusVR
LogPluginManager: Plugin shader directory ../../../Engine/Plugins/Runtime/Oculus/OculusVR/Shaders found
LogPluginManager: Mapping shader source directory ../../../Engine/Plugins/Runtime/Oculus/OculusVR/Shaders to virtual directory /Plugin/OculusVR
LogPluginManager: Mounting plugin PhysXVehicles
LogPluginManager: Mounting plugin ProceduralMeshComponent
LogPluginManager: Mounting plugin RuntimePhysXCooking
LogPluginManager: Mounting plugin SteamVR
LogPluginManager: Mounting plugin WindowsMoviePlayer
LogInit: Using libcurl 7.47.1
LogInit:  - built for x86_64-pc-win32
LogInit:  - supports SSL with OpenSSL/1.0.2g
LogInit:  - supports HTTP deflate (compression) using libz 1.2.8
LogInit:  - other features:
LogInit:      CURL_VERSION_SSL
LogInit:      CURL_VERSION_LIBZ
LogInit:      CURL_VERSION_IPV6
LogInit:      CURL_VERSION_ASYNCHDNS
LogInit:      CURL_VERSION_LARGEFILE
LogInit:      CURL_VERSION_IDN
LogInit:  CurlRequestOptions (configurable via config and command line):
LogInit:  - bVerifyPeer = false  - Libcurl will NOT verify peer certificate
LogInit:  - bUseHttpProxy = false  - Libcurl will NOT use HTTP proxy
LogInit:  - bDontReuseConnections = false  - Libcurl will reuse connections
LogInit:  - CertBundlePath = nullptr  - Libcurl will use whatever was configured at build time.
LogInit: Build: ++UE4+Release-4.18-CL-3754814
LogInit: Engine Version: 4.18.1-3754814+++UE4+Release-4.18
LogInit: Compatible Engine Version: 4.18.0-3709383+++UE4+Release-4.18
LogInit: Net CL: 3709383
LogDevObjectVersion: Number of dev versions registered: 16
LogDevObjectVersion:   Dev-Blueprints (B0D832E4-1F89-4F0D-ACCF-7EB736FD4AA2): 10
LogDevObjectVersion:   Dev-Build (E1C64328-A22C-4D53-A36C-8E866417BD8C): 0
LogDevObjectVersion:   Dev-Core (375EC13C-06E4-48FB-B500-84F0262A717E): 2
LogDevObjectVersion:   Dev-Editor (E4B068ED-F494-42E9-A231-DA0B2E46BB41): 20
LogDevObjectVersion:   Dev-Framework (CFFC743F-43B0-4480-9391-14DF171D2073): 30
LogDevObjectVersion:   Dev-Mobile (B02B49B5-BB20-44E9-A304-32B752E40360): 0
LogDevObjectVersion:   Dev-Networking (A4E4105C-59A1-49B5-A7C5-40C4547EDFEE): 0
LogDevObjectVersion:   Dev-Online (39C831C9-5AE6-47DC-9A44-9C173E1C8E7C): 0
LogDevObjectVersion:   Dev-Physics (78F01B33-EBEA-4F98-B9B4-84EACCB95AA2): 0
LogDevObjectVersion:   Dev-Platform (6631380F-2D4D-43E0-8009-CF276956A95A): 0
LogDevObjectVersion:   Dev-Rendering (12F88B9F-8875-4AFC-A67C-D90C383ABD29): 20
LogDevObjectVersion:   Dev-Sequencer (7B5AE74C-D270-4C10-A958-57980B212A5A): 4
LogDevObjectVersion:   Dev-VR (D7296918-1DD6-4BDD-9DE2-64A83CC13884): 0
LogDevObjectVersion:   Dev-LoadTimes (C2A15278-BFE7-4AFE-6C17-90FF531DF755): 1
LogDevObjectVersion:   Private-Geometry (6EACA3D4-40EC-4CC1-B786-8BED09428FC5): 1
LogDevObjectVersion:   Dev-AnimPhys (29E575DD-E0A3-4627-9D10-D276232CDCEA): 12
LogInit: Compiled (64-bit): Nov 14 2017 02:05:55
LogInit: Compiled with Visual C++: 19.00.24215.01
LogInit: Build Configuration: Development
LogInit: Branch Name: ++UE4+Release-4.18
LogInit: Command line:  
LogInit: Base directory: C:/Program Files/Epic Games/UE_4.18/Engine/Binaries/Win64/
LogInit: Installed Engine Build: 1
LogInit: Presizing for max 8388607 objects, including 0 objects not considered by GC, pre-allocating 0 bytes for permanent pool.
LogInit: Object subsystem initialized
[2018.03.30-14.15.10:607][  0]LogInit: Selected Device Profile: [Windows]
[2018.03.30-14.15.10:607][  0]LogInit: Applying CVar settings loaded from the selected device profile: [Windows]
[2018.03.30-14.15.10:656][  0]LogInit: Computer: IGM2350-11
[2018.03.30-14.15.10:656][  0]LogInit: User: bcm2463
[2018.03.30-14.15.10:656][  0]LogInit: CPU Page size=4096, Cores=2
[2018.03.30-14.15.10:656][  0]LogInit: High frequency timer resolution =3.515625 MHz
[2018.03.30-14.15.10:656][  0]LogMemory: Memory total: Physical=15.9GB (16GB approx)
[2018.03.30-14.15.10:656][  0]LogMemory: Platform Memory Stats for Windows
[2018.03.30-14.15.10:656][  0]LogMemory: Process Physical Memory: 273.98 MB used, 273.98 MB peak
[2018.03.30-14.15.10:656][  0]LogMemory: Process Virtual Memory: 269.13 MB used, 269.13 MB peak
[2018.03.30-14.15.10:656][  0]LogMemory: Physical Memory: 3623.73 MB used,  12644.57 MB free, 16268.30 MB total
[2018.03.30-14.15.10:656][  0]LogMemory: Virtual Memory: 674.00 MB used,  12644.57 MB free, 134217728.00 MB total
[2018.03.30-14.15.11:076][  0]LogInit: Using OS detected language (en-US).
[2018.03.30-14.15.11:076][  0]LogInit: Using OS detected locale (en-US).
[2018.03.30-14.15.11:139][  0]LogTextLocalizationManager: No specific localization for 'en-US' exists, so the 'en' localization will be used.
[2018.03.30-14.15.11:658][  0]LogInit: Setting process to per monitor DPI aware
[2018.03.30-14.15.14:177][  0]LogD3D11RHI: D3D11 adapters:
[2018.03.30-14.15.14:215][  0]LogD3D11RHI:    0. 'NVIDIA GeForce GTX 780' (Feature Level 11_0)
[2018.03.30-14.15.14:215][  0]LogD3D11RHI:       3039/0/8134 MB DedicatedVideo/DedicatedSystem/SharedSystem, Outputs:2, VendorId:0x10de
[2018.03.30-14.15.14:223][  0]LogD3D11RHI:    1. 'Intel(R) HD Graphics 4600' (Feature Level 11_0)
[2018.03.30-14.15.14:223][  0]LogD3D11RHI:       112/0/2048 MB DedicatedVideo/DedicatedSystem/SharedSystem, Outputs:0, VendorId:0x8086
[2018.03.30-14.15.14:236][  0]LogD3D11RHI:    2. 'Microsoft Basic Render Driver' (Feature Level 11_0)
[2018.03.30-14.15.14:236][  0]LogD3D11RHI:       0/0/8134 MB DedicatedVideo/DedicatedSystem/SharedSystem, Outputs:0, VendorId:0x1414
[2018.03.30-14.15.14:236][  0]LogD3D11RHI: Chosen D3D11 Adapter: 0
[2018.03.30-14.15.14:240][  0]LogD3D11RHI: Creating new Direct3DDevice
[2018.03.30-14.15.14:240][  0]LogD3D11RHI:     GPU DeviceId: 0x1004 (for the marketing name, search the web for "GPU Device Id")
[2018.03.30-14.15.14:240][  0]LogWindows: EnumDisplayDevices:
[2018.03.30-14.15.14:240][  0]LogWindows:    0. 'NVIDIA GeForce GTX 780' (P:1 D:1)
[2018.03.30-14.15.14:241][  0]LogWindows:    1. 'NVIDIA GeForce GTX 780' (P:0 D:1)
[2018.03.30-14.15.14:241][  0]LogWindows:    2. 'NVIDIA GeForce GTX 780' (P:0 D:0)
[2018.03.30-14.15.14:241][  0]LogWindows:    3. 'NVIDIA GeForce GTX 780' (P:0 D:0)
[2018.03.30-14.15.14:241][  0]LogWindows:    4. 'Intel(R) HD Graphics 4600' (P:0 D:0)
[2018.03.30-14.15.14:241][  0]LogWindows:    5. 'Intel(R) HD Graphics 4600' (P:0 D:0)
[2018.03.30-14.15.14:241][  0]LogWindows:    6. 'Intel(R) HD Graphics 4600' (P:0 D:0)
[2018.03.30-14.15.14:241][  0]LogWindows: DebugString: GetVideoDriverDetailsInvalid PrimaryIsNotTheChoosenAdapter GetVideoDriverDetailsInvalid PrimaryIsNotTheChoosenAdapter GetVideoDriverDetailsInvalid PrimaryIsNotTheChoosenAdapter GetVideoDriverDetailsInvalid PrimaryIsNotTheChoosenAdapter GetVideoDriverDetailsInvalid PrimaryIsNotTheChoosenAdapter GetVideoDriverDetailsInvalid PrimaryIsNotTheChoosenAdapter GetVideoDriverDetailsInvalid PrimaryIsNotTheChoosenAdapter FoundDriverCount:0 
[2018.03.30-14.15.14:241][  0]LogD3D11RHI:     Adapter Name: NVIDIA GeForce GTX 780
[2018.03.30-14.15.14:241][  0]LogD3D11RHI:   Driver Version: Unknown (internal:Unknown, unified:Unknown)
[2018.03.30-14.15.14:241][  0]LogD3D11RHI:      Driver Date: Unknown
[2018.03.30-14.15.14:241][  0]LogRHI: Texture pool is 2127 MB (70% of 3039 MB)
[2018.03.30-14.15.14:262][  0]LogD3D11RHI: Async texture creation enabled
[2018.03.30-14.15.14:275][  0]LogD3D11RHI: GPU Timing Frequency: 1000.000000 (Debug: 2 1)
[2018.03.30-14.15.14:278][  0]LogShaderCompilers: Guid format shader working directory is 6 characters bigger than the processId version (Z:/IGMProfile/Desktop/GitHub/MeteorVR/Meteor/Intermediate/Shaders/WorkingDirectory/11248/).
[2018.03.30-14.15.14:278][  0]LogShaderCompilers: Cleaned the shader compiler working directory 'D:/Profiles/bcm2463/AppData/Local/Temp/UnrealShaderWorkingDir/8F2AAC6D4D646792CBE151AC918D8067/'.
[2018.03.30-14.15.14:279][  0]LogShaderCompilers: Display: Using Local Shader Compiler.
[2018.03.30-14.15.17:502][  0]LogTemp: Display: Loaded TP AllDesktopTargetPlatform
[2018.03.30-14.15.17:552][  0]LogTemp: Display: Loaded TP MacClientTargetPlatform
[2018.03.30-14.15.17:606][  0]LogTemp: Display: Loaded TP MacNoEditorTargetPlatform
[2018.03.30-14.15.17:662][  0]LogTemp: Display: Loaded TP MacServerTargetPlatform
[2018.03.30-14.15.17:727][  0]LogTemp: Display: Loaded TP MacTargetPlatform
[2018.03.30-14.15.17:793][  0]LogTemp: Display: Loaded TP WindowsClientTargetPlatform
[2018.03.30-14.15.17:848][  0]LogTemp: Display: Loaded TP WindowsNoEditorTargetPlatform
[2018.03.30-14.15.17:906][  0]LogTemp: Display: Loaded TP WindowsServerTargetPlatform
[2018.03.30-14.15.17:949][  0]LogTemp: Display: Loaded TP WindowsTargetPlatform
[2018.03.30-14.15.18:009][  0]LogTemp: Display: Loaded TP Android_ASTCTargetPlatform
[2018.03.30-14.15.18:060][  0]LogTemp: Display: Loaded TP Android_ATCTargetPlatform
[2018.03.30-14.15.18:110][  0]LogTemp: Display: Loaded TP Android_DXTTargetPlatform
[2018.03.30-14.15.18:163][  0]LogTemp: Display: Loaded TP Android_ETC1TargetPlatform
[2018.03.30-14.15.18:211][  0]LogTemp: Display: Loaded TP Android_ETC2TargetPlatform
[2018.03.30-14.15.18:315][  0]LogTemp: Display: Loaded TP Android_MultiTargetPlatform
[2018.03.30-14.15.18:315][  0]LogTemp: Display: Loaded TP Android_PVRTCTargetPlatform
[2018.03.30-14.15.18:373][  0]LogTemp: Display: Loaded TP AndroidTargetPlatform
[2018.03.30-14.15.18:410][  0]LogTemp: Display: Loaded TP HTML5TargetPlatform
[2018.03.30-14.15.18:536][  0]LogTemp: Display: Loaded TP IOSTargetPlatform
[2018.03.30-14.15.18:570][  0]LogTemp: Display: Loaded TP TVOSTargetPlatform
[2018.03.30-14.15.18:623][  0]LogTemp: Display: Loaded TP LinuxClientTargetPlatform
[2018.03.30-14.15.18:671][  0]LogTemp: Display: Loaded TP LinuxNoEditorTargetPlatform
[2018.03.30-14.15.18:730][  0]LogTemp: Display: Loaded TP LinuxServerTargetPlatform
[2018.03.30-14.15.18:795][  0]LogTemp: Display: Loaded TP LinuxTargetPlatform
[2018.03.30-14.15.18:795][  0]LogTargetPlatformManager: Display: Building Assets For Windows
[2018.03.30-14.15.19:871][  0]LogDerivedDataCache: Display: Max Cache Size: 512 MB
[2018.03.30-14.15.20:177][  0]LogDerivedDataCache: Loaded boot cache 0.31s 78MB D:/Profiles/bcm2463/AppData/Local/UnrealEngine/4.18/DerivedDataCache/Boot.ddc.
[2018.03.30-14.15.20:177][  0]LogDerivedDataCache: Display: Loaded Boot cache: D:/Profiles/bcm2463/AppData/Local/UnrealEngine/4.18/DerivedDataCache/Boot.ddc
[2018.03.30-14.15.20:178][  0]LogDerivedDataCache: FDerivedDataBackendGraph:  Pak pak cache file Z:/IGMProfile/Desktop/GitHub/MeteorVR/Meteor/DerivedDataCache/DDC.ddp not found, will not use a pak cache.
[2018.03.30-14.15.20:178][  0]LogDerivedDataCache: Unable to find inner node Pak for hierarchical cache Hierarchy.
[2018.03.30-14.15.20:178][  0]LogDerivedDataCache: FDerivedDataBackendGraph:  CompressedPak pak cache file Z:/IGMProfile/Desktop/GitHub/MeteorVR/Meteor/DerivedDataCache/Compressed.ddp not found, will not use a pak cache.
[2018.03.30-14.15.20:178][  0]LogDerivedDataCache: Unable to find inner node CompressedPak for hierarchical cache Hierarchy.
[2018.03.30-14.15.20:208][  0]LogDerivedDataCache: Display: Pak cache opened for reading ../../../Engine/DerivedDataCache/Compressed.ddp.
[2018.03.30-14.15.20:221][  0]LogDerivedDataCache: Using Local data cache path D:/Profiles/bcm2463/AppData/Local/UnrealEngine/Common/DerivedDataCache: Writable
[2018.03.30-14.15.20:235][  0]LogMaterial: Verifying Global Shaders for PCD3D_SM5
[2018.03.30-14.15.20:236][  0]LogSlate: Using Freetype 2.6.0
[2018.03.30-14.15.20:253][  0]LogSlate: SlateFontCache - WITH_FREETYPE: 1, WITH_HARFBUZZ: 1
[2018.03.30-14.15.20:253][  0]LogSlate: SlateFontCache - WITH_FREETYPE: 1, WITH_HARFBUZZ: 1
[2018.03.30-14.15.25:980][  0]LogInit: Selected Device Profile: [Windows]
[2018.03.30-14.15.26:622][  0]LogSimplygon: Simplygon DLL not present - disabling.
[2018.03.30-14.15.26:660][  0]LogMeshReduction: Using SimplygonSwarm for distributed automatic mesh merging
[2018.03.30-14.15.26:660][  0]LogMeshReduction: Using QuadricMeshReduction for automatic static mesh reduction
[2018.03.30-14.15.26:660][  0]LogMeshReduction: No automatic skeletal mesh reduction module available
[2018.03.30-14.15.26:660][  0]LogMeshReduction: No automatic mesh merging module available
[2018.03.30-14.15.26:660][  0]LogMeshMerging: No automatic mesh merging module available
[2018.03.30-14.15.26:716][  0]LogNetVersion: Meteor , NetCL: 3709383, EngineNetVer: 2, GameNetVer: 0 (Checksum: 2481781071)
[2018.03.30-14.15.27:110][  0]LogAssetRegistry: FAssetRegistry took 0.0293 seconds to start up
[2018.03.30-14.15.28:952][  0]LogPackageLocalizationCache: Processed 7 localized package path(s) for 2 prioritized culture(s) in 0.565651 seconds
[2018.03.30-14.15.28:957][  0]LogUObjectArray: 35900 objects as part of root set at end of initial load.
[2018.03.30-14.15.28:957][  0]LogUObjectAllocator: 7372016 out of 0 bytes used by permanent object pool.
[2018.03.30-14.15.28:957][  0]LogUObjectArray: CloseDisregardForGC: 0/0 objects in disregard for GC pool
[2018.03.30-14.15.29:004][  0]LogInit: WinSock: version 1.1 (2.2), MaxSocks=32767, MaxUdp=65467
[2018.03.30-14.15.34:343][  0]LogTcpMessaging: Initializing TcpMessaging bridge
[2018.03.30-14.15.34:389][  0]LogUdpMessaging: Initializing bridge on interface 0.0.0.0:0 to multicast group 230.0.0.1:6666.
[2018.03.30-14.15.34:389][  0]LogDirectoryWatcher: A directory notification failed for 'Z:/IGMProfile/Desktop/GitHub/MeteorVR/Meteor/Content/' because it was empty or there was a buffer overflow. Attemping another request...
[2018.03.30-14.15.35:183][  0]LogMaterial: Uniform references updated for custom material expression Custom.
[2018.03.30-14.15.35:805][  0]SourceControl: Source control is disabled
[2018.03.30-14.15.35:805][  0]SourceControl: Source control is disabled
[2018.03.30-14.15.35:868][  0]SourceControl: Source control is disabled
[2018.03.30-14.15.35:930][  0]SourceControl: Source control is disabled
[2018.03.30-14.15.36:931][  0]LogAndroidPermission: UAndroidPermissionCallbackProxy::GetInstance
[2018.03.30-14.15.37:242][  0]LogOcInput: OculusInput pre-init called
[2018.03.30-14.15.37:613][  0]LogEngine: Initializing Engine...
[2018.03.30-14.15.37:616][  0]LogHMD: Failed to initialize OpenVR with code 110
[2018.03.30-14.15.38:064][  0]LogStats: UGameplayTagsManager::ConstructGameplayTagTree: Construct from data asset -  0.000 s
[2018.03.30-14.15.38:064][  0]LogStats: UGameplayTagsManager::ConstructGameplayTagTree: GameplayTagTreeChangedEvent.Broadcast -  0.000 s
[2018.03.30-14.15.38:206][  0]LogAIModule: Creating AISystem for world Untitled
[2018.03.30-14.15.38:225][  0]LogInit: XAudio2 using 'Digital Audio (S/PDIF) (2- High Definition Audio Device)' : 2 channels at 48 kHz using 16 bits per sample (channel mask 0x3)
[2018.03.30-14.15.38:303][  0]LogInit: FAudioDevice initialized.
[2018.03.30-14.15.38:386][  0]LogDerivedDataCache: Saved boot cache 0.08s 78MB D:/Profiles/bcm2463/AppData/Local/UnrealEngine/4.18/DerivedDataCache/Boot.ddc.
[2018.03.30-14.15.38:397][  0]LogInit: Texture streaming: Enabled
[2018.03.30-14.15.38:506][  0]LogEngineSessionManager: EngineSessionManager initialized
[2018.03.30-14.15.39:406][  0]LogInit: Transaction tracking system initialized
[2018.03.30-14.15.39:738][  0]BlueprintLog: New page: Editor Load
[2018.03.30-14.15.40:776][  0]LocalizationService: Localization service is disabled
[2018.03.30-14.15.41:693][  0]LogConsoleResponse: Display: 
[2018.03.30-14.15.42:574][  0]LogCook: Display: Max memory allowance for cook 16384mb min free memory 0mb
[2018.03.30-14.15.42:574][  0]LogCook: Display: Mobile HDR setting 1
[2018.03.30-14.15.42:574][  0]LogGameplayTags: Display: UGameplayTagsManager::DoneAddingNativeTags. DelegateIsBound: 0
[2018.03.30-14.15.44:385][  0]LogFileCache: Scanning file cache for directory 'Z:/IGMProfile/Desktop/GitHub/MeteorVR/Meteor/Content/' took 0.56s
[2018.03.30-14.15.44:444][  0]SourceControl: Source control is disabled
[2018.03.30-14.15.44:444][  0]Cmd: MAP LOAD FILE="Z:/IGMProfile/Desktop/GitHub/MeteorVR/Meteor/Content/Content/Maps/TestMaps/CombinationTesting.umap" TEMPLATE=0 SHOWPROGRESS=1 FEATURELEVEL=3
[2018.03.30-14.15.44:472][  0]LightingResults: New page: Lighting Build
[2018.03.30-14.15.44:519][  0]MapCheck: New page: Map Check
[2018.03.30-14.15.44:519][  0]LightingResults: New page: Lighting Build
[2018.03.30-14.15.48:549][  0]LogAIModule: Creating AISystem for world CombinationTesting
[2018.03.30-14.15.48:566][  0]LogEditorServer: Finished looking for orphan Actors (0.000 secs)
[2018.03.30-14.15.48:591][  0]Cmd: MAP CHECKDEP NOCLEARLOG
[2018.03.30-14.15.48:673][  0]MapCheck: Map check complete: 0 Error(s), 0 Warning(s), took 81.186ms to complete.
[2018.03.30-14.15.48:673][  0]LogFileHelpers: Loading map 'CombinationTesting' took 4.229
[2018.03.30-14.15.48:866][  0]LogCollectionManager: Loaded 0 collections in 0.003473 seconds
[2018.03.30-14.15.48:972][  0]LogFileCache: Scanning file cache for directory 'Z:/IGMProfile/Desktop/GitHub/MeteorVR/Meteor/Saved/Collections/' took 0.01s
[2018.03.30-14.15.48:972][  0]LogFileCache: Scanning file cache for directory 'Z:/IGMProfile/Desktop/GitHub/MeteorVR/Meteor/Content/Developers/bcm2463/Collections/' took 0.01s
[2018.03.30-14.15.48:972][  0]LogFileCache: Scanning file cache for directory 'Z:/IGMProfile/Desktop/GitHub/MeteorVR/Meteor/Content/Collections/' took 0.01s
[2018.03.30-14.15.48:972][  0]LogCollectionManager: Rebuilt the GUID cache for 0 collections in 0.000000 seconds
[2018.03.30-14.15.48:984][  0]LogContentBrowser: Native class hierarchy populated in 0.0117 seconds. Added 2363 classes and 519 folders.
[2018.03.30-14.15.49:062][  0]LogContentBrowser: Native class hierarchy updated for 'WidgetCarousel' in 0.0003 seconds. Added 0 classes and 0 folders.
[2018.03.30-14.15.49:488][  0]LogContentBrowser: Native class hierarchy updated for 'AddContentDialog' in 0.0004 seconds. Added 0 classes and 0 folders.
[2018.03.30-14.15.49:538][  0]LogContentBrowser: Native class hierarchy updated for 'SceneOutliner' in 0.0003 seconds. Added 1 classes and 2 folders.
[2018.03.30-14.15.49:579][  0]LogSlate: Took 0.011496 seconds to synchronously load lazily loaded font '../../../Engine/Content/Slate/Fonts/Roboto-Regular.ttf' (155K)
[2018.03.30-14.15.49:588][  0]LogSlate: Took 0.005859 seconds to synchronously load lazily loaded font '../../../Engine/Content/Slate/Fonts/Roboto-Bold.ttf' (160K)
[2018.03.30-14.15.49:600][  0]LogSlate: Took 0.006197 seconds to synchronously load lazily loaded font '../../../Engine/Content/Editor/Slate/Fonts/FontAwesome.ttf' (139K)
[2018.03.30-14.15.49:799][  0]LogRenderer: Reallocating scene render targets to support 960x556 Format 10 NumSamples 1 (Frame:1).
[2018.03.30-14.15.49:967][  0]LogContentBrowser: Native class hierarchy updated for 'HierarchicalLODOutliner' in 0.0003 seconds. Added 1 classes and 2 folders.
[2018.03.30-14.15.49:967][  0]LogLoad: (Engine Initialization) Total time: 46.83 seconds
[2018.03.30-14.15.49:967][  0]LogLoad: (Engine Initialization) Total Blueprint compile time: 0.00 seconds
[2018.03.30-14.15.49:967][  0]LogExternalProfiler: Found external profiler: VSPerf
[2018.03.30-14.15.49:967][  0]LogExternalProfiler: Using external profiler: VSPerf
[2018.03.30-14.15.50:341][  0]LogDirectoryWatcher: A directory notification failed for 'Z:/IGMProfile/Desktop/GitHub/MeteorVR/Meteor/Content/' because it was empty or there was a buffer overflow. Attemping another request...
[2018.03.30-14.15.50:342][  0]LogDirectoryWatcher: A directory notification failed for 'Z:/IGMProfile/Desktop/GitHub/MeteorVR/Meteor/Content/', and we were unable to create a new request.
[2018.03.30-14.15.50:342][  0]LogDirectoryWatcher: A directory notification failed for 'Z:/IGMProfile/Desktop/GitHub/MeteorVR/Meteor/Saved/Collections/' because it was empty or there was a buffer overflow. Attemping another request...
[2018.03.30-14.15.50:343][  0]LogDirectoryWatcher: A directory notification failed for 'Z:/IGMProfile/Desktop/GitHub/MeteorVR/Meteor/Content/Developers/bcm2463/Collections/' because it was empty or there was a buffer overflow. Attemping another request...
[2018.03.30-14.15.50:343][  0]LogDirectoryWatcher: A directory notification failed for 'Z:/IGMProfile/Desktop/GitHub/MeteorVR/Meteor/Content/Collections/' because it was empty or there was a buffer overflow. Attemping another request...
[2018.03.30-14.15.50:344][  0]LogContentStreaming: Texture pool size now 1000 MB
[2018.03.30-14.15.50:380][  0]LogSlate: Took 0.005101 seconds to synchronously load lazily loaded font '../../../Engine/Content/Slate/Fonts/Roboto-Light.ttf' (159K)
[2018.03.30-14.15.50:640][  1]LogFileCache: Retrieving MD5 hashes for directory 'Z:/IGMProfile/Desktop/GitHub/MeteorVR/Meteor/Content/' took 0.32s
[2018.03.30-14.15.50:662][  1]LogAssetRegistry: Asset discovery search completed in 23.5737 seconds
[2018.03.30-14.15.50:665][  1]LogCollectionManager: Rebuilt the object cache for 0 collections in 0.000001 seconds (found 0 objects)
[2018.03.30-14.15.50:665][  1]LogCollectionManager: Fixed up redirectors for 0 collections in 0.000088 seconds (updated 0 objects)
[2018.03.30-14.15.50:665][  1]LogDirectoryWatcher: A directory notification failed for 'Z:/IGMProfile/Desktop/GitHub/MeteorVR/Meteor/Saved/Collections/' because it was empty or there was a buffer overflow. Attemping another request...
[2018.03.30-14.15.50:667][  1]LogDirectoryWatcher: A directory notification failed for 'Z:/IGMProfile/Desktop/GitHub/MeteorVR/Meteor/Saved/Collections/', and we were unable to create a new request.
[2018.03.30-14.15.50:667][  1]LogDirectoryWatcher: A directory notification failed for 'Z:/IGMProfile/Desktop/GitHub/MeteorVR/Meteor/Content/Developers/bcm2463/Collections/' because it was empty or there was a buffer overflow. Attemping another request...
[2018.03.30-14.15.50:668][  1]LogDirectoryWatcher: A directory notification failed for 'Z:/IGMProfile/Desktop/GitHub/MeteorVR/Meteor/Content/Developers/bcm2463/Collections/', and we were unable to create a new request.
[2018.03.30-14.15.50:668][  1]LogDirectoryWatcher: A directory notification failed for 'Z:/IGMProfile/Desktop/GitHub/MeteorVR/Meteor/Content/Collections/' because it was empty or there was a buffer overflow. Attemping another request...
[2018.03.30-14.15.50:669][  1]LogDirectoryWatcher: A directory notification failed for 'Z:/IGMProfile/Desktop/GitHub/MeteorVR/Meteor/Content/Collections/', and we were unable to create a new request.
[2018.03.30-14.15.51:309][  3]LogSlate: Took 0.000272 seconds to synchronously load lazily loaded font '../../../Engine/Content/Slate/Fonts/Roboto-Light.ttf' (159K)
[2018.03.30-14.15.56:414][ 26]LogSlate: Took 0.000187 seconds to synchronously load lazily loaded font '../../../Engine/Content/Slate/Fonts/Roboto-Light.ttf' (159K)
[2018.03.30-14.15.56:889][ 26]LogContentBrowser: Native class hierarchy updated for 'BlueprintGraph' in 0.0013 seconds. Added 116 classes and 0 folders.
[2018.03.30-14.15.58:783][ 26]LogSlate: Took 0.005746 seconds to synchronously load lazily loaded font '../../../Engine/Content/Editor/Slate/Fonts/Roboto-BoldCondensed.ttf' (158K)
[2018.03.30-14.15.59:261][ 27]LogSlate: Took 0.005307 seconds to synchronously load lazily loaded font '../../../Engine/Content/Editor/Slate/Fonts/Roboto-Italic.ttf' (157K)
[2018.03.30-14.17.31:824][864]Cmd: OBJ SAVEPACKAGE PACKAGE="/Game/Content/Blueprints/BP_RibCageBroken" FILE="Z:/IGMProfile/Desktop/GitHub/MeteorVR/Meteor/Content/Content/Blueprints/BP_RibCageBroken.uasset" SILENT=true
[2018.03.30-14.17.31:997][864]LogSavePackage: Save=64.85ms
[2018.03.30-14.17.31:997][864]LogSavePackage: Moving 'Z:/IGMProfile/Desktop/GitHub/MeteorVR/Meteor/Saved/BP_RibCageBroken49CE2B54402B7A59F11B1AA14997B4AA.tmp' to 'Z:/IGMProfile/Desktop/GitHub/MeteorVR/Meteor/Content/Content/Blueprints/BP_RibCageBroken.uasset'
[2018.03.30-14.17.32:035][864]LogSavePackage: Display: Finished SavePackage Z:/IGMProfile/Desktop/GitHub/MeteorVR/Meteor/Content/Content/Blueprints/BP_RibCageBroken.uasset
[2018.03.30-14.17.32:794][955]BlueprintLog: New page: Compile BP_RibCageBroken
[2018.03.30-14.17.37:397][320]LogSavePackage: Save=474.82ms
[2018.03.30-14.17.37:397][320]LogSavePackage: Moving 'Z:/IGMProfile/Desktop/GitHub/MeteorVR/Meteor/Saved/CombinationTestingC9F0A2934B7A24F41D47F089B5977A9F.tmp' to 'Z:/IGMProfile/Desktop/GitHub/MeteorVR/Meteor/Content/Content/Maps/TestMaps/CombinationTesting.umap'
[2018.03.30-14.17.37:468][320]LogSavePackage: Display: Finished SavePackage Z:/IGMProfile/Desktop/GitHub/MeteorVR/Meteor/Content/Content/Maps/TestMaps/CombinationTesting.umap
[2018.03.30-14.17.37:696][320]LogSavePackage: Save=82.28ms
[2018.03.30-14.17.37:696][320]LogSavePackage: Moving 'Z:/IGMProfile/Desktop/GitHub/MeteorVR/Meteor/Saved/CombinationTesting_BuiltData30E3B8874E3300CCFFEE50A22EAB7C11.tmp' to 'Z:/IGMProfile/Desktop/GitHub/MeteorVR/Meteor/Content/Content/Maps/TestMaps/CombinationTesting_BuiltData.uasset'
[2018.03.30-14.17.37:759][320]LogSavePackage: Display: Finished SavePackage Z:/IGMProfile/Desktop/GitHub/MeteorVR/Meteor/Content/Content/Maps/TestMaps/CombinationTesting_BuiltData.uasset
[2018.03.30-14.18.09:821][141]LogRenderer: Reallocating scene render targets to support 1000x688 Format 10 NumSamples 1 (Frame:1).
[2018.03.30-14.19.16:748][644]LogBlueprint: Warning: [Compiler ] Pasted node  CustomEvent   conflicted with  On Clicked (Slot_05)  and was replaced as a Custom Event!
[2018.03.30-14.19.26:049][694]LogBlueprint: Warning: [Compiler ] Pasted node  CustomEvent_1   conflicted with  On Clicked (Slot_05)  and was replaced as a Custom Event!
[2018.03.30-14.19.33:030][431]LogBlueprint: Warning: [Compiler ] Pasted node  CustomEvent_2   conflicted with  On Clicked (Slot_05)  and was replaced as a Custom Event!
[2018.03.30-14.19.59:465][290]LogBlueprint: Warning: [Compiler ] Pasted node  CustomEvent_3   conflicted with  On Clicked (Slot_05)  and was replaced as a Custom Event!
[2018.03.30-14.20.08:452][187]LogBlueprint: Warning: [Compiler ] Pasted node  CustomEvent_4   conflicted with  On Clicked (Slot_05)  and was replaced as a Custom Event!
[2018.03.30-14.20.14:697][830]LogBlueprint: Warning: [Compiler ] Pasted node  CustomEvent_5   conflicted with  On Clicked (Slot_05)  and was replaced as a Custom Event!
[2018.03.30-14.20.21:521][517]LogBlueprint: Warning: [Compiler ] Pasted node  CustomEvent_6   conflicted with  On Clicked (Slot_05)  and was replaced as a Custom Event!
[2018.03.30-14.20.28:443][184]LogBlueprint: Warning: [Compiler ] Pasted node  CustomEvent_7   conflicted with  On Clicked (Slot_05)  and was replaced as a Custom Event!
[2018.03.30-14.21.35:396][889]Cmd: OBJ SAVEPACKAGE PACKAGE="/Game/Content/Blueprints/UMG/InventoryMenu" FILE="Z:/IGMProfile/Desktop/GitHub/MeteorVR/Meteor/Content/Content/Blueprints/UMG/InventoryMenu.uasset" SILENT=true
[2018.03.30-14.21.36:498][889]LogSlate: Took 0.000239 seconds to synchronously load lazily loaded font '../../../Engine/Content/Slate/Fonts/Roboto-Regular.ttf' (155K)
[2018.03.30-14.21.38:201][889]LogSavePackage: Save=2594.70ms
[2018.03.30-14.21.38:201][889]LogSavePackage: Moving 'Z:/IGMProfile/Desktop/GitHub/MeteorVR/Meteor/Saved/InventoryMenuB84E3F764D82FED32DFFB0B6A8343BAB.tmp' to 'Z:/IGMProfile/Desktop/GitHub/MeteorVR/Meteor/Content/Content/Blueprints/UMG/InventoryMenu.uasset'
[2018.03.30-14.21.38:241][889]LogSavePackage: Display: Finished SavePackage Z:/IGMProfile/Desktop/GitHub/MeteorVR/Meteor/Content/Content/Blueprints/UMG/InventoryMenu.uasset
[2018.03.30-14.22.46:951][907]LogBlueprint: Warning: [Compiler ] Pasted node  CustomEvent   conflicted with  On Clicked (Slot_05)  and was replaced as a Custom Event!
[2018.03.30-14.22.49:092][ 96]LogBlueprint: Warning: [Compiler ] Pasted node  CustomEvent_1   conflicted with  On Clicked (Slot_05)  and was replaced as a Custom Event!
[2018.03.30-14.23.19:198][494]Cmd: OBJ SAVEPACKAGE PACKAGE="/Game/Content/Blueprints/UMG/InventoryMenu" FILE="Z:/IGMProfile/Desktop/GitHub/MeteorVR/Meteor/Content/Content/Blueprints/UMG/InventoryMenu.uasset" SILENT=true
[2018.03.30-14.23.22:019][494]LogSavePackage: Save=2745.15ms
[2018.03.30-14.23.22:019][494]LogSavePackage: Moving 'Z:/IGMProfile/Desktop/GitHub/MeteorVR/Meteor/Saved/InventoryMenu5CCAAEE748C7F1214FFD4BB3A601D7DF.tmp' to 'Z:/IGMProfile/Desktop/GitHub/MeteorVR/Meteor/Content/Content/Blueprints/UMG/InventoryMenu.uasset'
[2018.03.30-14.23.22:131][494]LogSavePackage: Display: Finished SavePackage Z:/IGMProfile/Desktop/GitHub/MeteorVR/Meteor/Content/Content/Blueprints/UMG/InventoryMenu.uasset
[2018.03.30-14.23.22:615][552]BlueprintLog: New page: Compile InventoryMenu
[2018.03.30-14.25.47:458][ 22]Cmd: OBJ SAVEPACKAGE PACKAGE="/Game/Content/Blueprints/UMG/InventoryMenu" FILE="Z:/IGMProfile/Desktop/GitHub/MeteorVR/Meteor/Content/Content/Blueprints/UMG/InventoryMenu.uasset" SILENT=true
[2018.03.30-14.25.50:148][ 22]LogSavePackage: Save=2615.48ms
[2018.03.30-14.25.50:148][ 22]LogSavePackage: Moving 'Z:/IGMProfile/Desktop/GitHub/MeteorVR/Meteor/Saved/InventoryMenuE5A0DB204ED9FF10B9009A842E9F53FC.tmp' to 'Z:/IGMProfile/Desktop/GitHub/MeteorVR/Meteor/Content/Content/Blueprints/UMG/InventoryMenu.uasset'
[2018.03.30-14.25.50:187][ 22]LogSavePackage: Display: Finished SavePackage Z:/IGMProfile/Desktop/GitHub/MeteorVR/Meteor/Content/Content/Blueprints/UMG/InventoryMenu.uasset
[2018.03.30-14.25.50:614][ 73]BlueprintLog: New page: Compile InventoryMenu
[2018.03.30-14.27.59:446][975]Cmd: OBJ SAVEPACKAGE PACKAGE="/Game/Content/Blueprints/UMG/InventoryMenu" FILE="Z:/IGMProfile/Desktop/GitHub/MeteorVR/Meteor/Content/Content/Blueprints/UMG/InventoryMenu.uasset" SILENT=true
[2018.03.30-14.28.02:138][975]LogSavePackage: Save=2549.69ms
[2018.03.30-14.28.02:138][975]LogSavePackage: Moving 'Z:/IGMProfile/Desktop/GitHub/MeteorVR/Meteor/Saved/InventoryMenu41C3C62240CF18850B6016A702B6AF82.tmp' to 'Z:/IGMProfile/Desktop/GitHub/MeteorVR/Meteor/Content/Content/Blueprints/UMG/InventoryMenu.uasset'
[2018.03.30-14.28.02:186][975]LogSavePackage: Display: Finished SavePackage Z:/IGMProfile/Desktop/GitHub/MeteorVR/Meteor/Content/Content/Blueprints/UMG/InventoryMenu.uasset
[2018.03.30-14.28.02:541][ 17]BlueprintLog: New page: Compile InventoryMenu
[2018.03.30-14.29.05:551][ 51]Cmd: OBJ SAVEPACKAGE PACKAGE="/Game/Content/Blueprints/UMG/InventoryMenu" FILE="Z:/IGMProfile/Desktop/GitHub/MeteorVR/Meteor/Content/Content/Blueprints/UMG/InventoryMenu.uasset" SILENT=true
[2018.03.30-14.29.08:062][ 51]LogSavePackage: Save=2433.46ms
[2018.03.30-14.29.08:062][ 51]LogSavePackage: Moving 'Z:/IGMProfile/Desktop/GitHub/MeteorVR/Meteor/Saved/InventoryMenu9D2EBFC5449F1BE4A2AF60850F9A2E7B.tmp' to 'Z:/IGMProfile/Desktop/GitHub/MeteorVR/Meteor/Content/Content/Blueprints/UMG/InventoryMenu.uasset'
[2018.03.30-14.29.08:102][ 51]LogSavePackage: Display: Finished SavePackage Z:/IGMProfile/Desktop/GitHub/MeteorVR/Meteor/Content/Content/Blueprints/UMG/InventoryMenu.uasset
[2018.03.30-14.29.08:598][107]BlueprintLog: New page: Compile InventoryMenu
[2018.03.30-14.29.30:424][639]Cmd: OBJ SAVEPACKAGE PACKAGE="/Game/Content/Blueprints/UMG/InventoryMenu" FILE="Z:/IGMProfile/Desktop/GitHub/MeteorVR/Meteor/Content/Content/Blueprints/UMG/InventoryMenu.uasset" SILENT=true
[2018.03.30-14.29.33:053][639]LogSavePackage: Save=2542.61ms
[2018.03.30-14.29.33:053][639]LogSavePackage: Moving 'Z:/IGMProfile/Desktop/GitHub/MeteorVR/Meteor/Saved/InventoryMenuBA1EE82B4659AEFE96913C99422F2D68.tmp' to 'Z:/IGMProfile/Desktop/GitHub/MeteorVR/Meteor/Content/Content/Blueprints/UMG/InventoryMenu.uasset'
[2018.03.30-14.29.33:124][639]LogSavePackage: Display: Finished SavePackage Z:/IGMProfile/Desktop/GitHub/MeteorVR/Meteor/Content/Content/Blueprints/UMG/InventoryMenu.uasset
[2018.03.30-14.29.33:534][688]BlueprintLog: New page: Compile InventoryMenu
[2018.03.30-14.31.10:038][ 54]Cmd: OBJ SAVEPACKAGE PACKAGE="/Game/Content/Blueprints/BP_RibCageFull" FILE="Z:/IGMProfile/Desktop/GitHub/MeteorVR/Meteor/Content/Content/Blueprints/BP_RibCageFull.uasset" SILENT=true
[2018.03.30-14.32.20:826][ 54]LogSavePackage: Save=35109.75ms
[2018.03.30-14.32.20:826][ 54]LogSavePackage: Moving 'Z:/IGMProfile/Desktop/GitHub/MeteorVR/Meteor/Saved/BP_RibCageFull19EC225D4D74B547800888A99FAF6FCF.tmp' to 'Z:/IGMProfile/Desktop/GitHub/MeteorVR/Meteor/Content/Content/Blueprints/BP_RibCageFull.uasset'
[2018.03.30-14.32.20:869][ 54]LogSavePackage: Display: Finished SavePackage Z:/IGMProfile/Desktop/GitHub/MeteorVR/Meteor/Content/Content/Blueprints/BP_RibCageFull.uasset
[2018.03.30-14.37.06:403][133]LogActorComponent: UnregisterComponent: (/Engine/Transient.EditorFloorComp) Not registered. Aborting.
[2018.03.30-14.40.42:263][131]Cmd: OBJ SAVEPACKAGE PACKAGE="/Game/Content/Blueprints/UMG/InventoryMenu" FILE="Z:/IGMProfile/Desktop/GitHub/MeteorVR/Meteor/Content/Content/Blueprints/UMG/InventoryMenu.uasset" SILENT=true
[2018.03.30-14.40.44:377][131]LogSavePackage: Save=2011.37ms
[2018.03.30-14.40.44:378][131]LogSavePackage: Moving 'Z:/IGMProfile/Desktop/GitHub/MeteorVR/Meteor/Saved/InventoryMenu77FF09094F261F9C6FAE7197741EFC89.tmp' to 'Z:/IGMProfile/Desktop/GitHub/MeteorVR/Meteor/Content/Content/Blueprints/UMG/InventoryMenu.uasset'
[2018.03.30-14.40.44:415][131]LogSavePackage: Display: Finished SavePackage Z:/IGMProfile/Desktop/GitHub/MeteorVR/Meteor/Content/Content/Blueprints/UMG/InventoryMenu.uasset
[2018.03.30-14.40.44:887][185]BlueprintLog: New page: Compile InventoryMenu
[2018.03.30-14.45.16:013][720]LogSavePackage: Save=1661.62ms
[2018.03.30-14.45.16:013][720]LogSavePackage: Moving 'Z:/IGMProfile/Desktop/GitHub/MeteorVR/Meteor/Saved/BP_MotionControllerF5A3D5AD470C064D3F39F2A80D43D99E.tmp' to 'Z:/IGMProfile/Desktop/GitHub/MeteorVR/Meteor/Content/VirtualRealityBP/Blueprints/BP_MotionController.uasset'
[2018.03.30-14.45.16:044][720]LogSavePackage: Display: Finished SavePackage Z:/IGMProfile/Desktop/GitHub/MeteorVR/Meteor/Content/VirtualRealityBP/Blueprints/BP_MotionController.uasset
[2018.03.30-14.45.16:489][771]BlueprintLog: New page: Compile BP_MotionController
[2018.03.30-14.45.20:186][ 68]LogSavePackage: Save=405.24ms
[2018.03.30-14.45.20:186][ 68]LogSavePackage: Moving 'Z:/IGMProfile/Desktop/GitHub/MeteorVR/Meteor/Saved/CombinationTesting1560F2C8416D302CEDF46A988E599A19.tmp' to 'Z:/IGMProfile/Desktop/GitHub/MeteorVR/Meteor/Content/Content/Maps/TestMaps/CombinationTesting.umap'
[2018.03.30-14.45.20:243][ 68]LogSavePackage: Display: Finished SavePackage Z:/IGMProfile/Desktop/GitHub/MeteorVR/Meteor/Content/Content/Maps/TestMaps/CombinationTesting.umap
[2018.03.30-14.45.20:470][ 68]LogSavePackage: Save=72.40ms
[2018.03.30-14.45.20:470][ 68]LogSavePackage: Moving 'Z:/IGMProfile/Desktop/GitHub/MeteorVR/Meteor/Saved/CombinationTesting_BuiltDataC19604D048432F2D8B78CC91F4FBDF58.tmp' to 'Z:/IGMProfile/Desktop/GitHub/MeteorVR/Meteor/Content/Content/Maps/TestMaps/CombinationTesting_BuiltData.uasset'
[2018.03.30-14.45.20:553][ 68]LogSavePackage: Display: Finished SavePackage Z:/IGMProfile/Desktop/GitHub/MeteorVR/Meteor/Content/Content/Maps/TestMaps/CombinationTesting_BuiltData.uasset
[2018.03.30-14.46.50:503][572]LogSlate: Took 0.006139 seconds to synchronously load lazily loaded font '../../../Engine/Content/Editor/Slate/Fonts/Roboto-BoldCondensedItalic.ttf' (160K)
[2018.03.30-14.47.40:583][262]LogSavePackage: Save=1592.14ms
[2018.03.30-14.47.40:583][262]LogSavePackage: Moving 'Z:/IGMProfile/Desktop/GitHub/MeteorVR/Meteor/Saved/BP_MotionController1CF258834F99B0B669E03B800C0DC403.tmp' to 'Z:/IGMProfile/Desktop/GitHub/MeteorVR/Meteor/Content/VirtualRealityBP/Blueprints/BP_MotionController.uasset'
[2018.03.30-14.47.40:616][262]LogSavePackage: Display: Finished SavePackage Z:/IGMProfile/Desktop/GitHub/MeteorVR/Meteor/Content/VirtualRealityBP/Blueprints/BP_MotionController.uasset
[2018.03.30-14.47.40:976][305]BlueprintLog: New page: Compile BP_MotionController
[2018.03.30-14.47.46:405][713]LogSavePackage: Save=1111.04ms
[2018.03.30-14.47.46:405][713]LogSavePackage: Moving 'Z:/IGMProfile/Desktop/GitHub/MeteorVR/Meteor/Saved/MotionControllerPawn3D59C821428964FF63CAAB802E5B2FBB.tmp' to 'Z:/IGMProfile/Desktop/GitHub/MeteorVR/Meteor/Content/VirtualRealityBP/Blueprints/MotionControllerPawn.uasset'
[2018.03.30-14.47.46:440][713]LogSavePackage: Display: Finished SavePackage Z:/IGMProfile/Desktop/GitHub/MeteorVR/Meteor/Content/VirtualRealityBP/Blueprints/MotionControllerPawn.uasset
[2018.03.30-14.47.46:643][737]BlueprintLog: New page: Compile MotionControllerPawn
[2018.03.30-14.48.43:272][181]LogSavePackage: Save=1689.41ms
[2018.03.30-14.48.43:272][181]LogSavePackage: Moving 'Z:/IGMProfile/Desktop/GitHub/MeteorVR/Meteor/Saved/BP_MotionController3C725261471CBD40D7BB518C4D4F4416.tmp' to 'Z:/IGMProfile/Desktop/GitHub/MeteorVR/Meteor/Content/VirtualRealityBP/Blueprints/BP_MotionController.uasset'
[2018.03.30-14.48.43:311][181]LogSavePackage: Display: Finished SavePackage Z:/IGMProfile/Desktop/GitHub/MeteorVR/Meteor/Content/VirtualRealityBP/Blueprints/BP_MotionController.uasset
[2018.03.30-14.48.43:687][224]BlueprintLog: New page: Compile BP_MotionController
[2018.03.30-14.48.48:405][660]LogSavePackage: Save=408.72ms
[2018.03.30-14.48.48:405][660]LogSavePackage: Moving 'Z:/IGMProfile/Desktop/GitHub/MeteorVR/Meteor/Saved/CombinationTesting910ED58A4305D7201029AEAC97485A8C.tmp' to 'Z:/IGMProfile/Desktop/GitHub/MeteorVR/Meteor/Content/Content/Maps/TestMaps/CombinationTesting.umap'
[2018.03.30-14.48.48:474][660]LogSavePackage: Display: Finished SavePackage Z:/IGMProfile/Desktop/GitHub/MeteorVR/Meteor/Content/Content/Maps/TestMaps/CombinationTesting.umap
[2018.03.30-14.48.48:670][660]LogSavePackage: Save=74.68ms
[2018.03.30-14.48.48:670][660]LogSavePackage: Moving 'Z:/IGMProfile/Desktop/GitHub/MeteorVR/Meteor/Saved/CombinationTesting_BuiltDataAB18233D4D5CAA2BFFA8DE98A7BCCCD2.tmp' to 'Z:/IGMProfile/Desktop/GitHub/MeteorVR/Meteor/Content/Content/Maps/TestMaps/CombinationTesting_BuiltData.uasset'
[2018.03.30-14.48.48:767][660]LogSavePackage: Display: Finished SavePackage Z:/IGMProfile/Desktop/GitHub/MeteorVR/Meteor/Content/Content/Maps/TestMaps/CombinationTesting_BuiltData.uasset
[2018.03.30-14.50.43:525][974]Cmd: OBJ SAVEPACKAGE PACKAGE="/Game/Content/Blueprints/UMG/InventoryMenu" FILE="Z:/IGMProfile/Desktop/GitHub/MeteorVR/Meteor/Content/Content/Blueprints/UMG/InventoryMenu.uasset" SILENT=true
[2018.03.30-14.50.45:896][974]LogSavePackage: Save=2193.89ms
[2018.03.30-14.50.45:896][974]LogSavePackage: Moving 'Z:/IGMProfile/Desktop/GitHub/MeteorVR/Meteor/Saved/InventoryMenu5B4A184644C6827B634A8592EB6577DC.tmp' to 'Z:/IGMProfile/Desktop/GitHub/MeteorVR/Meteor/Content/Content/Blueprints/UMG/InventoryMenu.uasset'
[2018.03.30-14.50.45:939][974]LogSavePackage: Display: Finished SavePackage Z:/IGMProfile/Desktop/GitHub/MeteorVR/Meteor/Content/Content/Blueprints/UMG/InventoryMenu.uasset
[2018.03.30-14.50.46:413][ 31]BlueprintLog: New page: Compile InventoryMenu
[2018.03.30-14.52.31:870][275]Cmd: OBJ SAVEPACKAGE PACKAGE="/Game/Content/Blueprints/UMG/InventoryMenu" FILE="Z:/IGMProfile/Desktop/GitHub/MeteorVR/Meteor/Content/Content/Blueprints/UMG/InventoryMenu.uasset" SILENT=true
[2018.03.30-14.52.34:158][275]LogSavePackage: Save=2218.17ms
[2018.03.30-14.52.34:158][275]LogSavePackage: Moving 'Z:/IGMProfile/Desktop/GitHub/MeteorVR/Meteor/Saved/InventoryMenu49C34FDE4BD0F1C4C9F7CBB22471A295.tmp' to 'Z:/IGMProfile/Desktop/GitHub/MeteorVR/Meteor/Content/Content/Blueprints/UMG/InventoryMenu.uasset'
[2018.03.30-14.52.34:198][275]LogSavePackage: Display: Finished SavePackage Z:/IGMProfile/Desktop/GitHub/MeteorVR/Meteor/Content/Content/Blueprints/UMG/InventoryMenu.uasset
[2018.03.30-14.52.34:597][323]BlueprintLog: New page: Compile InventoryMenu
[2018.03.30-14.53.46:939][632]Cmd: OBJ SAVEPACKAGE PACKAGE="/Game/Content/Blueprints/UMG/InventoryMenu" FILE="Z:/IGMProfile/Desktop/GitHub/MeteorVR/Meteor/Content/Content/Blueprints/UMG/InventoryMenu.uasset" SILENT=true
[2018.03.30-14.53.49:065][632]LogSavePackage: Save=2057.96ms
[2018.03.30-14.53.49:065][632]LogSavePackage: Moving 'Z:/IGMProfile/Desktop/GitHub/MeteorVR/Meteor/Saved/InventoryMenu8C7EAF4D488FD2167891A281494191DE.tmp' to 'Z:/IGMProfile/Desktop/GitHub/MeteorVR/Meteor/Content/Content/Blueprints/UMG/InventoryMenu.uasset'
[2018.03.30-14.53.49:103][632]LogSavePackage: Display: Finished SavePackage Z:/IGMProfile/Desktop/GitHub/MeteorVR/Meteor/Content/Content/Blueprints/UMG/InventoryMenu.uasset
[2018.03.30-14.53.50:676][819]BlueprintLog: New page: Compile InventoryMenu
[2018.03.30-14.54.27:584][179]Cmd: OBJ SAVEPACKAGE PACKAGE="/Game/Content/Blueprints/UMG/InventoryMenu" FILE="Z:/IGMProfile/Desktop/GitHub/MeteorVR/Meteor/Content/Content/Blueprints/UMG/InventoryMenu.uasset" SILENT=true
[2018.03.30-14.54.29:770][179]LogSavePackage: Save=2114.46ms
[2018.03.30-14.54.29:770][179]LogSavePackage: Moving 'Z:/IGMProfile/Desktop/GitHub/MeteorVR/Meteor/Saved/InventoryMenuCB8105CC48DA3AF1D8CAEDB12A8E8A17.tmp' to 'Z:/IGMProfile/Desktop/GitHub/MeteorVR/Meteor/Content/Content/Blueprints/UMG/InventoryMenu.uasset'
[2018.03.30-14.54.29:808][179]LogSavePackage: Display: Finished SavePackage Z:/IGMProfile/Desktop/GitHub/MeteorVR/Meteor/Content/Content/Blueprints/UMG/InventoryMenu.uasset
[2018.03.30-14.54.30:208][227]BlueprintLog: New page: Compile InventoryMenu
[2018.03.30-14.55.47:269][166]Cmd: OBJ SAVEPACKAGE PACKAGE="/Game/Content/Blueprints/UMG/InventoryMenu" FILE="Z:/IGMProfile/Desktop/GitHub/MeteorVR/Meteor/Content/Content/Blueprints/UMG/InventoryMenu.uasset" SILENT=true
[2018.03.30-14.55.49:552][166]LogSavePackage: Save=2119.33ms
[2018.03.30-14.55.49:552][166]LogSavePackage: Moving 'Z:/IGMProfile/Desktop/GitHub/MeteorVR/Meteor/Saved/InventoryMenu3E8A22AD4F7CABFC523C7BA9B955EE3C.tmp' to 'Z:/IGMProfile/Desktop/GitHub/MeteorVR/Meteor/Content/Content/Blueprints/UMG/InventoryMenu.uasset'
[2018.03.30-14.55.49:592][166]LogSavePackage: Display: Finished SavePackage Z:/IGMProfile/Desktop/GitHub/MeteorVR/Meteor/Content/Content/Blueprints/UMG/InventoryMenu.uasset
[2018.03.30-14.55.50:117][227]BlueprintLog: New page: Compile InventoryMenu
[2018.03.30-14.56.12:525][679]Cmd: OBJ SAVEPACKAGE PACKAGE="/Game/Content/Blueprints/UMG/InventoryMenu" FILE="Z:/IGMProfile/Desktop/GitHub/MeteorVR/Meteor/Content/Content/Blueprints/UMG/InventoryMenu.uasset" SILENT=true
[2018.03.30-14.56.14:735][679]LogSavePackage: Save=2142.90ms
[2018.03.30-14.56.14:735][679]LogSavePackage: Moving 'Z:/IGMProfile/Desktop/GitHub/MeteorVR/Meteor/Saved/InventoryMenu69F28D014CA11C3776CB40B3D65B744E.tmp' to 'Z:/IGMProfile/Desktop/GitHub/MeteorVR/Meteor/Content/Content/Blueprints/UMG/InventoryMenu.uasset'
[2018.03.30-14.56.14:773][679]LogSavePackage: Display: Finished SavePackage Z:/IGMProfile/Desktop/GitHub/MeteorVR/Meteor/Content/Content/Blueprints/UMG/InventoryMenu.uasset
[2018.03.30-14.59.16:570][236]LogSavePackage: Save=1741.79ms
[2018.03.30-14.59.16:570][236]LogSavePackage: Moving 'Z:/IGMProfile/Desktop/GitHub/MeteorVR/Meteor/Saved/BP_MotionController38AA573B4F700E48CB2352A693287042.tmp' to 'Z:/IGMProfile/Desktop/GitHub/MeteorVR/Meteor/Content/VirtualRealityBP/Blueprints/BP_MotionController.uasset'
[2018.03.30-14.59.16:609][236]LogSavePackage: Display: Finished SavePackage Z:/IGMProfile/Desktop/GitHub/MeteorVR/Meteor/Content/VirtualRealityBP/Blueprints/BP_MotionController.uasset
[2018.03.30-14.59.23:077][ 12]BlueprintLog: New page: Compile BP_MotionController
[2018.03.30-15.00.12:727][650]LogSavePackage: Save=1620.51ms
[2018.03.30-15.00.12:727][650]LogSavePackage: Moving 'Z:/IGMProfile/Desktop/GitHub/MeteorVR/Meteor/Saved/BP_MotionController9C9BC5834E049255881ABF9AC4DE0B8D.tmp' to 'Z:/IGMProfile/Desktop/GitHub/MeteorVR/Meteor/Content/VirtualRealityBP/Blueprints/BP_MotionController.uasset'
[2018.03.30-15.00.12:761][650]LogSavePackage: Display: Finished SavePackage Z:/IGMProfile/Desktop/GitHub/MeteorVR/Meteor/Content/VirtualRealityBP/Blueprints/BP_MotionController.uasset
[2018.03.30-15.00.13:322][715]BlueprintLog: New page: Compile BP_MotionController
[2018.03.30-15.00.39:530][707]LogSavePackage: Save=405.31ms
[2018.03.30-15.00.39:530][707]LogSavePackage: Moving 'Z:/IGMProfile/Desktop/GitHub/MeteorVR/Meteor/Saved/CombinationTesting_Auto11BDD9CBF437B5827EF2DD28ACE2AE855.tmp' to 'Z:/IGMProfile/Desktop/GitHub/MeteorVR/Meteor/Saved/Autosaves/Game/Content/Maps/TestMaps/CombinationTesting_Auto1.umap'
[2018.03.30-15.00.39:547][707]LogSavePackage: Display: Finished SavePackage Z:/IGMProfile/Desktop/GitHub/MeteorVR/Meteor/Saved/Autosaves/Game/Content/Maps/TestMaps/CombinationTesting_Auto1.umap
[2018.03.30-15.00.39:553][707]LogFileHelpers: Editor autosave (incl. sublevels) for '/Game/Content/Maps/TestMaps/CombinationTesting' took 0.616
[2018.03.30-15.00.39:553][707]LogFileHelpers: Editor autosave (incl. sublevels) for all levels took 0.616
[2018.03.30-15.02.11:655][659]LogSavePackage: Save=411.00ms
[2018.03.30-15.02.11:655][659]LogSavePackage: Moving 'Z:/IGMProfile/Desktop/GitHub/MeteorVR/Meteor/Saved/CombinationTesting31BC6D1046E8014DBBF928B4DB3559CD.tmp' to 'Z:/IGMProfile/Desktop/GitHub/MeteorVR/Meteor/Content/Content/Maps/TestMaps/CombinationTesting.umap'
[2018.03.30-15.02.11:766][659]LogSavePackage: Display: Finished SavePackage Z:/IGMProfile/Desktop/GitHub/MeteorVR/Meteor/Content/Content/Maps/TestMaps/CombinationTesting.umap
[2018.03.30-15.02.11:828][659]LogFileHelpers: Saving map 'CombinationTesting' took 0.865
[2018.03.30-15.09.43:369][801]LogActorComponent: UnregisterComponent: (/Engine/Transient.EditorFloorComp) Not registered. Aborting.
[2018.03.30-15.09.43:449][801]LogActorComponent: UnregisterComponent: (/Engine/Transient.EditorFloorComp) Not registered. Aborting.
[2018.03.30-15.09.43:721][802]Cmd: QUIT_EDITOR
[2018.03.30-15.09.43:740][802]LogWindowsTextInputMethodSystem: Display: IME system now deactivated.
[2018.03.30-15.09.43:754][802]LogExit: Preparing to exit.
[2018.03.30-15.09.44:410][802]LogExit: Editor shut down
[2018.03.30-15.09.44:417][802]LogExit: Transaction tracking system shut down
[2018.03.30-15.09.45:097][802]LogDirectoryWatcher: A directory notification for '../../../Engine/Content/' was aborted.
[2018.03.30-15.09.45:097][802]LogDirectoryWatcher: A directory notification for '../../../Engine/Plugins/2D/Paper2D/Content/' was aborted.
[2018.03.30-15.09.45:097][802]LogDirectoryWatcher: A directory notification for '../../../Engine/Plugins/Media/MediaCompositing/Content/' was aborted.
[2018.03.30-15.09.45:097][802]LogDirectoryWatcher: A directory notification for '../../../Engine/Plugins/Runtime/AppleARKit/Content/' was aborted.
[2018.03.30-15.09.45:097][802]LogDirectoryWatcher: A directory notification for '../../../Engine/Plugins/Runtime/Oculus/OculusVR/Content/' was aborted.
[2018.03.30-15.09.45:097][802]LogDirectoryWatcher: A directory notification for '../../../Engine/Plugins/Runtime/Steam/SteamVR/Content/' was aborted.
[2018.03.30-15.09.45:207][802]LogExit: Object subsystem successfully closed.
[2018.03.30-15.09.45:235][802]LogD3D11RHI: Shutdown
[2018.03.30-15.09.45:235][802]LogD3D11RHI: CleanupD3DDevice
[2018.03.30-15.09.45:252][802]LogD3D11RHI: ~FD3D11DynamicRHI
[2018.03.30-15.09.45:304][802]LogModuleManager: Shutting down and abandoning module SequencerWidgets (552)
[2018.03.30-15.09.45:304][802]LogModuleManager: Shutting down and abandoning module BlueprintGraph (550)
[2018.03.30-15.09.45:304][802]LogModuleManager: Shutting down and abandoning module HierarchicalLODOutliner (548)
[2018.03.30-15.09.45:304][802]LogModuleManager: Shutting down and abandoning module SceneOutliner (546)
[2018.03.30-15.09.45:305][802]LogModuleManager: Shutting down and abandoning module AddContentDialog (544)
[2018.03.30-15.09.45:305][802]LogDirectoryWatcher: A directory notification for 'C:/Program Files/Epic Games/UE_4.18/FeaturePacks/' was aborted.
[2018.03.30-15.09.45:306][802]LogModuleManager: Shutting down and abandoning module WidgetCarousel (543)
[2018.03.30-15.09.45:306][802]LogModuleManager: Shutting down and abandoning module EditorWidgets (540)
[2018.03.30-15.09.45:306][802]LogModuleManager: Shutting down and abandoning module CollectionManager (538)
[2018.03.30-15.09.45:306][802]LogModuleManager: Shutting down and abandoning module StatsViewer (536)
[2018.03.30-15.09.45:306][802]LogModuleManager: Shutting down and abandoning module FoliageEdit (534)
[2018.03.30-15.09.45:306][802]LogModuleManager: Shutting down and abandoning module LandscapeEditor (532)
[2018.03.30-15.09.45:307][802]LogModuleManager: Shutting down and abandoning module MeshPaintMode (530)
[2018.03.30-15.09.45:307][802]LogModuleManager: Shutting down and abandoning module SceneDepthPickerMode (528)
[2018.03.30-15.09.45:307][802]LogModuleManager: Shutting down and abandoning module ActorPickerMode (526)
[2018.03.30-15.09.45:307][802]LogModuleManager: Shutting down and abandoning module GeometryMode (524)
[2018.03.30-15.09.45:307][802]LogModuleManager: Shutting down and abandoning module TextureAlignMode (522)
[2018.03.30-15.09.45:307][802]LogModuleManager: Shutting down and abandoning module BspMode (520)
[2018.03.30-15.09.45:307][802]LogModuleManager: Shutting down and abandoning module PIEPreviewDeviceProfileSelector (518)
[2018.03.30-15.09.45:307][802]LogModuleManager: Shutting down and abandoning module HardwareSurvey (516)
[2018.03.30-15.09.45:307][802]LogModuleManager: Shutting down and abandoning module SequenceRecorderSections (514)
[2018.03.30-15.09.45:307][802]LogModuleManager: Shutting down and abandoning module AutomationWorker (512)
[2018.03.30-15.09.45:307][802]LogModuleManager: Shutting down and abandoning module MatineeToLevelSequence (510)
[2018.03.30-15.09.45:307][802]LogModuleManager: Shutting down and abandoning module LevelSequenceEditor (508)
[2018.03.30-15.09.45:307][802]LogModuleManager: Shutting down and abandoning module PlacementMode (507)
[2018.03.30-15.09.45:307][802]LogModuleManager: Shutting down and abandoning module WmfMediaFactory (504)
[2018.03.30-15.09.45:307][802]LogModuleManager: Shutting down and abandoning module WmfMediaEditor (502)
[2018.03.30-15.09.45:307][802]LogModuleManager: Shutting down and abandoning module OpenExrWrapper (500)
[2018.03.30-15.09.45:307][802]LogModuleManager: Shutting down and abandoning module ImgMediaFactory (498)
[2018.03.30-15.09.45:307][802]LogModuleManager: Shutting down and abandoning module ImgMediaEditor (496)
[2018.03.30-15.09.45:307][802]LogModuleManager: Shutting down and abandoning module AvfMediaFactory (494)
[2018.03.30-15.09.45:307][802]LogModuleManager: Shutting down and abandoning module AvfMediaEditor (492)
[2018.03.30-15.09.45:307][802]LogModuleManager: Shutting down and abandoning module AndroidMediaFactory (490)
[2018.03.30-15.09.45:307][802]LogModuleManager: Shutting down and abandoning module AndroidMediaEditor (488)
[2018.03.30-15.09.45:307][802]LogModuleManager: Shutting down and abandoning module CharacterAI (486)
[2018.03.30-15.09.45:307][802]LogModuleManager: Shutting down and abandoning module AudioCapture (484)
[2018.03.30-15.09.45:307][802]LogModuleManager: Shutting down and abandoning module SequenceRecorder (483)
[2018.03.30-15.09.45:308][802]LogModuleManager: Shutting down and abandoning module SmartSnapping (480)
[2018.03.30-15.09.45:308][802]LogModuleManager: Shutting down and abandoning module SessionServices (478)
[2018.03.30-15.09.45:308][802]LogModuleManager: Shutting down and abandoning module ViewportSnapping (476)
[2018.03.30-15.09.45:308][802]LogModuleManager: Shutting down and abandoning module ViewportInteraction (474)
[2018.03.30-15.09.45:308][802]LogModuleManager: Shutting down and abandoning module ClothPainter (472)
[2018.03.30-15.09.45:308][802]LogModuleManager: Shutting down and abandoning module SkeletalMeshEditor (471)
[2018.03.30-15.09.45:308][802]LogModuleManager: Shutting down and abandoning module LogVisualizer (468)
[2018.03.30-15.09.45:314][802]LogModuleManager: Shutting down and abandoning module IntroTutorials (466)
[2018.03.30-15.09.45:314][802]LogModuleManager: Shutting down and abandoning module GameProjectGeneration (465)
[2018.03.30-15.09.45:314][802]LogModuleManager: Shutting down and abandoning module IOSPlatformEditor (462)
[2018.03.30-15.09.45:314][802]LogModuleManager: Shutting down and abandoning module HTML5PlatformEditor (460)
[2018.03.30-15.09.45:314][802]LogModuleManager: Shutting down and abandoning module AndroidPlatformEditor (458)
[2018.03.30-15.09.45:315][802]LogModuleManager: Shutting down and abandoning module AndroidDeviceDetection (457)
[2018.03.30-15.09.46:235][802]LogModuleManager: Shutting down and abandoning module WindowsPlatformEditor (454)
[2018.03.30-15.09.46:235][802]LogModuleManager: Shutting down and abandoning module IOSRuntimeSettings (452)
[2018.03.30-15.09.46:235][802]LogModuleManager: Shutting down and abandoning module AndroidRuntimeSettings (450)
[2018.03.30-15.09.46:235][802]LogModuleManager: Shutting down and abandoning module InputBindingEditor (448)
[2018.03.30-15.09.46:235][802]LogModuleManager: Shutting down and abandoning module MergeActors (446)
[2018.03.30-15.09.46:235][802]LogModuleManager: Shutting down and abandoning module SizeMap (444)
[2018.03.30-15.09.46:235][802]LogModuleManager: Shutting down and abandoning module TreeMap (442)
[2018.03.30-15.09.46:235][802]LogModuleManager: Shutting down and abandoning module ReferenceViewer (440)
[2018.03.30-15.09.46:235][802]LogModuleManager: Shutting down and abandoning module LocalizationDashboard (438)
[2018.03.30-15.09.46:235][802]LogModuleManager: Shutting down and abandoning module LocalizationService (437)
[2018.03.30-15.09.46:236][802]LogModuleManager: Shutting down and abandoning module HardwareTargeting (434)
[2018.03.30-15.09.46:236][802]LogModuleManager: Shutting down and abandoning module DeviceProfileEditor (432)
[2018.03.30-15.09.46:236][802]LogModuleManager: Shutting down and abandoning module UndoHistory (430)
[2018.03.30-15.09.46:236][802]LogModuleManager: Shutting down and abandoning module XmlParser (428)
[2018.03.30-15.09.46:236][802]LogModuleManager: Shutting down and abandoning module Blutility (426)
[2018.03.30-15.09.46:236][802]LogModuleManager: Shutting down and abandoning module ProjectSettingsViewer (424)
[2018.03.30-15.09.46:236][802]LogModuleManager: Shutting down and abandoning module ProjectTargetPlatformEditor (423)
[2018.03.30-15.09.46:238][802]LogModuleManager: Shutting down and abandoning module EditorSettingsViewer (420)
[2018.03.30-15.09.46:238][802]LogModuleManager: Shutting down and abandoning module SettingsEditor (418)
[2018.03.30-15.09.46:238][802]LogModuleManager: Shutting down and abandoning module ProjectLauncher (416)
[2018.03.30-15.09.46:238][802]LogModuleManager: Shutting down and abandoning module SessionFrontend (414)
[2018.03.30-15.09.46:238][802]LogModuleManager: Shutting down and abandoning module ProfilerClient (412)
[2018.03.30-15.09.46:238][802]LogModuleManager: Shutting down and abandoning module DeviceManager (410)
[2018.03.30-15.09.46:238][802]LogModuleManager: Shutting down and abandoning module TargetDeviceServices (409)
[2018.03.30-15.09.46:302][802]LogModuleManager: Shutting down and abandoning module AutomationController (406)
[2018.03.30-15.09.46:302][802]LogModuleManager: Shutting down and abandoning module AutomationWindow (404)
[2018.03.30-15.09.46:302][802]LogModuleManager: Shutting down and abandoning module Layers (402)
[2018.03.30-15.09.46:302][802]LogModuleManager: Shutting down and abandoning module ComponentVisualizers (400)
[2018.03.30-15.09.46:302][802]LogModuleManager: Shutting down and abandoning module DetailCustomizations (398)
[2018.03.30-15.09.46:302][802]LogModuleManager: Shutting down and abandoning module PackagesDialog (396)
[2018.03.30-15.09.46:302][802]LogModuleManager: Shutting down and abandoning module Persona (394)
[2018.03.30-15.09.46:302][802]LogModuleManager: Shutting down and abandoning module AdvancedPreviewScene (393)
[2018.03.30-15.09.46:302][802]LogModuleManager: Shutting down and abandoning module AnimGraph (391)
[2018.03.30-15.09.46:302][802]LogModuleManager: Shutting down and abandoning module Kismet (388)
[2018.03.30-15.09.46:309][802]LogModuleManager: Shutting down and abandoning module ClassViewer (386)
[2018.03.30-15.09.46:310][802]LogModuleManager: Shutting down and abandoning module Toolbox (384)
[2018.03.30-15.09.46:310][802]LogModuleManager: Shutting down and abandoning module ModuleUI (382)
[2018.03.30-15.09.46:310][802]LogModuleManager: Shutting down and abandoning module MovieSceneTools (380)
[2018.03.30-15.09.46:310][802]LogModuleManager: Shutting down and abandoning module OutputLog (378)
[2018.03.30-15.09.46:310][802]LogModuleManager: Shutting down and abandoning module GammaUI (376)
[2018.03.30-15.09.46:310][802]LogModuleManager: Shutting down and abandoning module Documentation (374)
[2018.03.30-15.09.46:310][802]LogModuleManager: Shutting down and abandoning module MovieSceneTracks (372)
[2018.03.30-15.09.46:310][802]LogModuleManager: Shutting down and abandoning module MovieScene (370)
[2018.03.30-15.09.46:310][802]LogModuleManager: Shutting down and abandoning module StreamingPauseRendering (368)
[2018.03.30-15.09.46:310][802]LogModuleManager: Shutting down and abandoning module LauncherPlatform (366)
[2018.03.30-15.09.46:310][802]LogModuleManager: Shutting down and abandoning module AnalyticsET (364)
[2018.03.30-15.09.46:310][802]LogModuleManager: Shutting down and abandoning module PortalServices (362)
[2018.03.30-15.09.46:310][802]LogModuleManager: Shutting down and abandoning module PortalRpc (360)
[2018.03.30-15.09.46:310][802]LogModuleManager: Shutting down and abandoning module MessagingRpc (358)
[2018.03.30-15.09.46:310][802]LogModuleManager: Shutting down and abandoning module AIModule (356)
[2018.03.30-15.09.46:310][802]LogModuleManager: Shutting down and abandoning module GameplayDebugger (355)
[2018.03.30-15.09.46:310][802]LogModuleManager: Shutting down and abandoning module AITestSuite (353)
[2018.03.30-15.09.46:310][802]LogModuleManager: Shutting down and abandoning module DesktopPlatform (350)
[2018.03.30-15.09.46:310][802]LogModuleManager: Shutting down and abandoning module ProfilerService (348)
[2018.03.30-15.09.46:538][802]LogModuleManager: Shutting down and abandoning module TaskGraph (346)
[2018.03.30-15.09.46:538][802]LogModuleManager: Shutting down and abandoning module SteamVRController (344)
[2018.03.30-15.09.46:538][802]LogModuleManager: Shutting down and abandoning module ProceduralMeshComponentEditor (342)
[2018.03.30-15.09.46:538][802]LogModuleManager: Shutting down and abandoning module ProceduralMeshComponent (340)
[2018.03.30-15.09.46:538][802]LogModuleManager: Shutting down and abandoning module OculusInput (338)
[2018.03.30-15.09.46:538][802]LogModuleManager: Shutting down and abandoning module MobilePatchingUtils (336)
[2018.03.30-15.09.46:538][802]LogModuleManager: Shutting down and abandoning module CustomMeshComponent (334)
[2018.03.30-15.09.46:538][802]LogModuleManager: Shutting down and abandoning module CableComponent (332)
[2018.03.30-15.09.46:538][802]LogModuleManager: Shutting down and abandoning module ArchVisCharacter (330)
[2018.03.30-15.09.46:538][802]LogModuleManager: Shutting down and abandoning module AndroidPermission (328)
[2018.03.30-15.09.46:538][802]LogModuleManager: Shutting down and abandoning module ActorSequence (324)
[2018.03.30-15.09.46:538][802]LogModuleManager: Shutting down and abandoning module MediaPlayerEditor (322)
[2018.03.30-15.09.46:538][802]LogModuleManager: Shutting down and abandoning module MediaCompositingEditor (320)
[2018.03.30-15.09.46:538][802]LogModuleManager: Shutting down and abandoning module MediaCompositing (318)
[2018.03.30-15.09.46:538][802]LogModuleManager: Shutting down and abandoning module HTML5Networking (316)
[2018.03.30-15.09.46:538][802]LogModuleManager: Shutting down and abandoning module AlembicImporter (314)
[2018.03.30-15.09.46:538][802]LogModuleManager: Shutting down and abandoning module AlembicLibrary (313)
[2018.03.30-15.09.46:538][802]LogModuleManager: Shutting down and abandoning module GeometryCache (312)
[2018.03.30-15.09.46:538][802]LogModuleManager: Shutting down and abandoning module GeometryCacheEd (311)
[2018.03.30-15.09.46:538][802]LogModuleManager: Shutting down and abandoning module SpeedTreeImporter (306)
[2018.03.30-15.09.46:538][802]LogModuleManager: Shutting down and abandoning module PluginBrowser (304)
[2018.03.30-15.09.46:539][802]LogModuleManager: Shutting down and abandoning module MobileLauncherProfileWizard (302)
[2018.03.30-15.09.46:539][802]LogModuleManager: Shutting down and abandoning module VisualStudioSourceCodeAccess (300)
[2018.03.30-15.09.46:539][802]LogModuleManager: Shutting down and abandoning module VisualStudioCodeSourceCodeAccess (298)
[2018.03.30-15.09.46:539][802]LogModuleManager: Shutting down and abandoning module UObjectPlugin (296)
[2018.03.30-15.09.46:539][802]LogModuleManager: Shutting down and abandoning module SubversionSourceControl (294)
[2018.03.30-15.09.46:539][802]LogModuleManager: Shutting down and abandoning module PerforceSourceControl (292)
[2018.03.30-15.09.46:539][802]LogModuleManager: Shutting down and abandoning module GitSourceControl (290)
[2018.03.30-15.09.46:539][802]LogModuleManager: Shutting down and abandoning module SourceControl (289)
[2018.03.30-15.09.46:539][802]LogModuleManager: Shutting down and abandoning module LightPropagationVolumeEditor (286)
[2018.03.30-15.09.46:539][802]LogModuleManager: Shutting down and abandoning module PaperTiledImporter (284)
[2018.03.30-15.09.46:539][802]LogModuleManager: Shutting down and abandoning module PaperSpriteSheetImporter (282)
[2018.03.30-15.09.46:539][802]LogModuleManager: Shutting down and abandoning module Paper2DEditor (280)
[2018.03.30-15.09.46:539][802]LogModuleManager: Shutting down and abandoning module MeshPaint (279)
[2018.03.30-15.09.46:539][802]LogModuleManager: Shutting down and abandoning module LevelEditor (277)
[2018.03.30-15.09.46:540][802]LogModuleManager: Shutting down and abandoning module PixelInspectorModule (276)
[2018.03.30-15.09.46:540][802]LogModuleManager: Shutting down and abandoning module MainFrame (274)
[2018.03.30-15.09.46:540][802]LogModuleManager: Shutting down and abandoning module HotReload (273)
[2018.03.30-15.09.46:540][802]LogModuleManager: Shutting down and abandoning module RuntimePhysXCooking (268)
[2018.03.30-15.09.46:540][802]LogModuleManager: Shutting down and abandoning module PhysXVehiclesEditor (266)
[2018.03.30-15.09.46:540][802]LogModuleManager: Shutting down and abandoning module PhysXVehicles (264)
[2018.03.30-15.09.46:540][802]LogModuleManager: Shutting down and abandoning module OculusEditor (262)
[2018.03.30-15.09.46:540][802]LogModuleManager: Shutting down and abandoning module LocationServicesBPLibrary (260)
[2018.03.30-15.09.46:540][802]LogModuleManager: Shutting down and abandoning module ImmediatePhysicsEditor (258)
[2018.03.30-15.09.46:540][802]LogModuleManager: Shutting down and abandoning module ImmediatePhysics (256)
[2018.03.30-15.09.46:540][802]LogModuleManager: Shutting down and abandoning module UdpMessaging (254)
[2018.03.30-15.09.46:642][802]LogModuleManager: Shutting down and abandoning module TcpMessaging (252)
[2018.03.30-15.09.46:743][802]LogModuleManager: Shutting down and abandoning module GameplayTagsEditor (250)
[2018.03.30-15.09.46:743][802]LogModuleManager: Shutting down and abandoning module FacialAnimationEditor (248)
[2018.03.30-15.09.46:743][802]LogModuleManager: Shutting down and abandoning module FacialAnimation (246)
[2018.03.30-15.09.46:743][802]LogModuleManager: Shutting down and abandoning module AssetManagerEditor (244)
[2018.03.30-15.09.46:743][802]LogModuleManager: Shutting down and abandoning module GraphEditor (243)
[2018.03.30-15.09.46:743][802]LogModuleManager: Shutting down and abandoning module ContentBrowser (241)
[2018.03.30-15.09.46:744][802]LogModuleManager: Shutting down and abandoning module LightPropagationVolumeRuntime (238)
[2018.03.30-15.09.46:744][802]LogModuleManager: Shutting down and abandoning module Paper2D (236)
[2018.03.30-15.09.46:744][802]LogModuleManager: Shutting down and abandoning module WindowsMoviePlayer (234)
[2018.03.30-15.09.46:744][802]LogModuleManager: Shutting down and abandoning module WmfMedia (232)
[2018.03.30-15.09.46:745][802]LogModuleManager: Shutting down and abandoning module ImgMedia (230)
[2018.03.30-15.09.46:745][802]LogModuleManager: Shutting down and abandoning module PacketHandler (228)
[2018.03.30-15.09.46:745][802]LogModuleManager: Shutting down and abandoning module ClothingSystemEditor (226)
[2018.03.30-15.09.46:745][802]LogModuleManager: Shutting down and abandoning module ClothingSystemRuntime (224)
[2018.03.30-15.09.46:745][802]LogModuleManager: Shutting down and abandoning module MediaAssets (222)
[2018.03.30-15.09.46:745][802]LogModuleManager: Shutting down and abandoning module Media (221)
[2018.03.30-15.09.46:751][802]LogModuleManager: Shutting down and abandoning module Overlay (218)
[2018.03.30-15.09.46:751][802]LogModuleManager: Shutting down and abandoning module OverlayEditor (217)
[2018.03.30-15.09.46:751][802]LogModuleManager: Shutting down and abandoning module VREditor (214)
[2018.03.30-15.09.46:751][802]LogModuleManager: Shutting down and abandoning module StringTableEditor (212)
[2018.03.30-15.09.46:751][802]LogModuleManager: Shutting down and abandoning module GameplayTasksEditor (210)
[2018.03.30-15.09.46:751][802]LogModuleManager: Shutting down and abandoning module BehaviorTreeEditor (208)
[2018.03.30-15.09.46:751][802]LogModuleManager: Shutting down and abandoning module FunctionalTesting (206)
[2018.03.30-15.09.46:751][802]LogModuleManager: Shutting down and abandoning module CollisionAnalyzer (204)
[2018.03.30-15.09.46:751][802]LogModuleManager: Shutting down and abandoning module WorkspaceMenuStructure (203)
[2018.03.30-15.09.46:751][802]LogModuleManager: Shutting down and abandoning module UMG (200)
[2018.03.30-15.09.46:751][802]LogModuleManager: Shutting down and abandoning module UMGEditor (199)
[2018.03.30-15.09.46:751][802]LogModuleManager: Shutting down and abandoning module Sequencer (198)
[2018.03.30-15.09.46:751][802]LogModuleManager: Shutting down and abandoning module MessageLog (195)
[2018.03.30-15.09.46:751][802]LogModuleManager: Shutting down and abandoning module SlateReflector (190)
[2018.03.30-15.09.46:752][802]LogModuleManager: Shutting down and abandoning module Slate (188)
[2018.03.30-15.09.46:752][802]LogModuleManager: Shutting down and abandoning module EditorStyle (186)
[2018.03.30-15.09.46:755][802]LogModuleManager: Shutting down and abandoning module MRMesh (184)
[2018.03.30-15.09.46:755][802]LogModuleManager: Shutting down and abandoning module SourceCodeAccess (182)
[2018.03.30-15.09.46:755][802]LogModuleManager: Shutting down and abandoning module HeadMountedDisplay (180)
[2018.03.30-15.09.46:755][802]LogModuleManager: Shutting down and abandoning module XAudio2 (178)
[2018.03.30-15.09.46:755][802]LogModuleManager: Shutting down and abandoning module Networking (176)
[2018.03.30-15.09.46:755][802]LogModuleManager: Shutting down and abandoning module Core (172)
[2018.03.30-15.09.46:755][802]LogModuleManager: Shutting down and abandoning module LevelSequence (168)
[2018.03.30-15.09.46:755][802]LogModuleManager: Shutting down and abandoning module DirectoryWatcher (166)
[2018.03.30-15.09.46:756][802]LogModuleManager: Shutting down and abandoning module KismetCompiler (164)
[2018.03.30-15.09.46:756][802]LogModuleManager: Shutting down and abandoning module MeshUtilities (162)
[2018.03.30-15.09.46:756][802]LogModuleManager: Shutting down and abandoning module MeshMergeUtilities (161)
[2018.03.30-15.09.46:756][802]LogModuleManager: Shutting down and abandoning module MeshReductionInterface (160)
[2018.03.30-15.09.46:756][802]LogModuleManager: Shutting down and abandoning module SimplygonSwarm (159)
[2018.03.30-15.09.46:756][802]LogModuleManager: Shutting down and abandoning module SimplygonMeshReduction (157)
[2018.03.30-15.09.46:756][802]LogModuleManager: Shutting down and abandoning module QuadricMeshReduction (155)
[2018.03.30-15.09.46:756][802]LogModuleManager: Shutting down and abandoning module MaterialBaking (151)
[2018.03.30-15.09.46:756][802]LogModuleManager: Shutting down and abandoning module DerivedDataCache (148)
[2018.03.30-15.09.46:795][802]LogDerivedDataCache: Shutdown
[2018.03.30-15.09.46:795][802]LogModuleManager: Shutting down and abandoning module TargetPlatform (146)
[2018.03.30-15.09.46:795][802]LogModuleManager: Shutting down and abandoning module VulkanShaderFormat (145)
[2018.03.30-15.09.46:795][802]LogModuleManager: Shutting down and abandoning module ShaderFormatVectorVM (143)
[2018.03.30-15.09.46:795][802]LogModuleManager: Shutting down and abandoning module ShaderFormatOpenGL (141)
[2018.03.30-15.09.46:795][802]LogModuleManager: Shutting down and abandoning module ShaderFormatD3D (139)
[2018.03.30-15.09.46:795][802]LogModuleManager: Shutting down and abandoning module MetalShaderFormat (137)
[2018.03.30-15.09.46:795][802]LogModuleManager: Shutting down and abandoning module TextureFormatUncompressed (135)
[2018.03.30-15.09.46:795][802]LogModuleManager: Shutting down and abandoning module TextureFormatPVR (133)
[2018.03.30-15.09.46:795][802]LogModuleManager: Shutting down and abandoning module TextureFormatDXT (131)
[2018.03.30-15.09.46:795][802]LogModuleManager: Shutting down and abandoning module TextureFormatIntelISPCTexComp (129)
[2018.03.30-15.09.46:795][802]LogModuleManager: Shutting down and abandoning module TextureFormatASTC (127)
[2018.03.30-15.09.46:795][802]LogModuleManager: Shutting down and abandoning module ImageWrapper (126)
[2018.03.30-15.09.46:796][802]LogModuleManager: Shutting down and abandoning module TextureFormatAndroid (123)
[2018.03.30-15.09.46:796][802]LogModuleManager: Shutting down and abandoning module AudioFormatOpus (121)
[2018.03.30-15.09.46:796][802]LogModuleManager: Shutting down and abandoning module AudioFormatOgg (119)
[2018.03.30-15.09.46:796][802]LogModuleManager: Shutting down and abandoning module AudioFormatADPCM (117)
[2018.03.30-15.09.46:796][802]LogModuleManager: Shutting down and abandoning module LinuxTargetPlatform (115)
[2018.03.30-15.09.46:796][802]LogModuleManager: Shutting down and abandoning module LinuxServerTargetPlatform (113)
[2018.03.30-15.09.46:796][802]LogModuleManager: Shutting down and abandoning module LinuxNoEditorTargetPlatform (111)
[2018.03.30-15.09.46:796][802]LogModuleManager: Shutting down and abandoning module LinuxClientTargetPlatform (109)
[2018.03.30-15.09.46:796][802]LogModuleManager: Shutting down and abandoning module TVOSTargetPlatform (107)
[2018.03.30-15.09.46:796][802]LogModuleManager: Shutting down and abandoning module Messaging (105)
[2018.03.30-15.09.46:796][802]LogModuleManager: Shutting down and abandoning module IOSTargetPlatform (103)
[2018.03.30-15.09.46:796][802]LogModuleManager: Shutting down and abandoning module HTML5TargetPlatform (101)
[2018.03.30-15.09.46:796][802]LogModuleManager: Shutting down and abandoning module AndroidTargetPlatform (99)
[2018.03.30-15.09.46:796][802]LogModuleManager: Shutting down and abandoning module Android_PVRTCTargetPlatform (97)
[2018.03.30-15.09.46:796][802]LogModuleManager: Shutting down and abandoning module Android_MultiTargetPlatform (95)
[2018.03.30-15.09.46:796][802]LogModuleManager: Shutting down and abandoning module Android_ETC2TargetPlatform (93)
[2018.03.30-15.09.46:796][802]LogModuleManager: Shutting down and abandoning module Android_ETC1TargetPlatform (91)
[2018.03.30-15.09.46:796][802]LogModuleManager: Shutting down and abandoning module Android_DXTTargetPlatform (89)
[2018.03.30-15.09.46:796][802]LogModuleManager: Shutting down and abandoning module Android_ATCTargetPlatform (87)
[2018.03.30-15.09.46:796][802]LogModuleManager: Shutting down and abandoning module Android_ASTCTargetPlatform (85)
[2018.03.30-15.09.46:796][802]LogModuleManager: Shutting down and abandoning module WindowsTargetPlatform (83)
[2018.03.30-15.09.46:796][802]LogModuleManager: Shutting down and abandoning module WindowsServerTargetPlatform (81)
[2018.03.30-15.09.46:796][802]LogModuleManager: Shutting down and abandoning module WindowsNoEditorTargetPlatform (79)
[2018.03.30-15.09.46:796][802]LogModuleManager: Shutting down and abandoning module WindowsClientTargetPlatform (77)
[2018.03.30-15.09.46:796][802]LogModuleManager: Shutting down and abandoning module MacTargetPlatform (75)
[2018.03.30-15.09.46:796][802]LogModuleManager: Shutting down and abandoning module MacServerTargetPlatform (73)
[2018.03.30-15.09.46:796][802]LogModuleManager: Shutting down and abandoning module MacNoEditorTargetPlatform (71)
[2018.03.30-15.09.46:796][802]LogModuleManager: Shutting down and abandoning module MacClientTargetPlatform (69)
[2018.03.30-15.09.46:796][802]LogModuleManager: Shutting down and abandoning module AllDesktopTargetPlatform (67)
[2018.03.30-15.09.46:796][802]LogModuleManager: Shutting down and abandoning module InputCore (64)
[2018.03.30-15.09.46:796][802]LogModuleManager: Shutting down and abandoning module Settings (62)
[2018.03.30-15.09.46:796][802]LogModuleManager: Shutting down and abandoning module PhysXCooking (60)
[2018.03.30-15.09.46:796][802]LogModuleManager: Shutting down and abandoning module SteamVR (58)
[2018.03.30-15.09.46:796][802]LogModuleManager: Shutting down and abandoning module OculusHMD (56)
[2018.03.30-15.09.46:796][802]LogModuleManager: Shutting down and abandoning module ExampleDeviceProfileSelector (54)
[2018.03.30-15.09.46:796][802]LogModuleManager: Shutting down and abandoning module AppleARKit (52)
[2018.03.30-15.09.46:796][802]LogModuleManager: Shutting down and abandoning module AugmentedReality (51)
[2018.03.30-15.09.46:796][802]LogModuleManager: Shutting down and abandoning module OnlineBlueprintSupport (48)
[2018.03.30-15.09.46:796][802]LogModuleManager: Shutting down and abandoning module OnlineSubsystem (44)
[2018.03.30-15.09.46:796][802]LogModuleManager: Shutting down and abandoning module XMPP (43)
[2018.03.30-15.09.46:796][802]LogModuleManager: Shutting down and abandoning module HTTP (41)
[2018.03.30-15.09.46:796][802]LogHttp: Display: Http module shutting down, but needs to wait on 2 outstanding Http requests:
[2018.03.30-15.09.46:796][802]LogHttp: Display: 	verb=[POST] url=[https://datarouter.ol.epicgames.com/datarouter/api/v1/public/data?SessionID=%7BEAA8C6B7-48AE-7B54-1BBE-BABC91B94539%7D&AppID=UEEditor.Rocket.Release&AppVersion=4.18.1-3754814%2B%2B%2BUE4%2BRelease-4.18&UserID=252b0b754e9da14fad9c6b90840c7800%7Ccc48a62dc2c543ee972089c504f3b57d%7Cb1fd0c28-dc76-4b46-8c9a-e72db275e7c0&AppEnvironment=datacollector-binary&UploadType=eteventstream] status=Processing
[2018.03.30-15.09.46:796][802]LogHttp: Display: 	verb=[POST] url=[https://datarouter.ol.epicgames.com/datarouter/api/v1/public/data?SessionID=%7BEAA8C6B7-48AE-7B54-1BBE-BABC91B94539%7D&AppID=UEEditor.Rocket.Release&AppVersion=4.18.1-3754814%2B%2B%2BUE4%2BRelease-4.18&UserID=252b0b754e9da14fad9c6b90840c7800%7Ccc48a62dc2c543ee972089c504f3b57d%7Cb1fd0c28-dc76-4b46-8c9a-e72db275e7c0&AppEnvironment=datacollector-binary&UploadType=eteventstream] status=Processing
[2018.03.30-15.09.46:823][802]LogModuleManager: Shutting down and abandoning module SSL (40)
[2018.03.30-15.09.46:824][802]LogModuleManager: Shutting down and abandoning module AnimationModifiers (36)
[2018.03.30-15.09.46:824][802]LogModuleManager: Shutting down and abandoning module PropertyEditor (35)
[2018.03.30-15.09.46:824][802]LogModuleManager: Shutting down and abandoning module AudioEditor (32)
[2018.03.30-15.09.46:824][802]LogModuleManager: Shutting down and abandoning module TextureCompressor (30)
[2018.03.30-15.09.46:824][802]LogModuleManager: Shutting down and abandoning module ShaderCore (28)
[2018.03.30-15.09.46:824][802]LogModuleManager: Shutting down and abandoning module Landscape (26)
[2018.03.30-15.09.46:824][802]LogModuleManager: Shutting down and abandoning module SlateRHIRenderer (24)
[2018.03.30-15.09.46:826][802]LogModuleManager: Shutting down and abandoning module OpenGLDrv (22)
[2018.03.30-15.09.46:826][802]LogModuleManager: Shutting down and abandoning module D3D11RHI (20)
[2018.03.30-15.09.46:826][802]LogModuleManager: Shutting down and abandoning module AnimGraphRuntime (18)
[2018.03.30-15.09.46:826][802]LogModuleManager: Shutting down and abandoning module Renderer (16)
[2018.03.30-15.09.46:826][802]LogModuleManager: Shutting down and abandoning module Engine (14)
[2018.03.30-15.09.46:826][802]LogModuleManager: Shutting down and abandoning module CoreUObject (12)
[2018.03.30-15.09.46:826][802]LogModuleManager: Shutting down and abandoning module NetworkFile (10)
[2018.03.30-15.09.46:826][802]LogModuleManager: Shutting down and abandoning module CookedIterativeFile (8)
[2018.03.30-15.09.46:826][802]LogModuleManager: Shutting down and abandoning module StreamingFile (6)
[2018.03.30-15.09.46:826][802]LogModuleManager: Shutting down and abandoning module SandboxFile (4)
[2018.03.30-15.09.46:826][802]LogModuleManager: Shutting down and abandoning module PakFile (2)
[2018.03.30-15.09.46:827][802]LogExit: Exiting.
[2018.03.30-15.09.46:847][802]Log file closed, 03/30/18 11:09:46
