Log file open, 04/30/18 00:59:18
LogWindows: Failed to load 'aqProf.dll' (GetLastError=126)
LogWindows: File 'aqProf.dll' does not exist
LogWindows: Failed to load 'VtuneApi.dll' (GetLastError=126)
LogWindows: File 'VtuneApi.dll' does not exist
LogWindows: Failed to load 'VtuneApi32e.dll' (GetLastError=126)
LogWindows: File 'VtuneApi32e.dll' does not exist
LogInit: Display: Running engine for game: Meteor
LogPlatformFile: Not using cached read wrapper
LogInit: Display: RandInit(569026706) SRandInit(569026706).
LogInit: Read version file with build ID '3709383'
LogInit: Overriding engine version to CL 3832480, compatible CL 3709383
LogInit: Registered custom module enumerator with build ID '3709383'
LogTaskGraph: Started task graph with 5 named threads and 14 total threads with 3 sets of task threads.
LogStats: Stats thread started at 1.068262
LogD3D11RHI: Aftermath initialized
LogModuleManager: Display: Found up-to-date module file ../../../Engine/Plugins/2D/Paper2D/Binaries/Win64/UE4Editor-Paper2D.dll (API version 3709383).
LogModuleManager: Display: Found up-to-date module file ../../../Engine/Plugins/2D/Paper2D/Binaries/Win64/UE4Editor-Paper2DEditor.dll (API version 3709383).
LogModuleManager: Display: Found up-to-date module file ../../../Engine/Plugins/2D/Paper2D/Binaries/Win64/UE4Editor-PaperSpriteSheetImporter.dll (API version 3709383).
LogModuleManager: Display: Found up-to-date module file ../../../Engine/Plugins/2D/Paper2D/Binaries/Win64/UE4Editor-PaperTiledImporter.dll (API version 3709383).
LogModuleManager: Display: Found up-to-date module file ../../../Engine/Plugins/2D/Paper2D/Binaries/Win64/UE4Editor-SmartSnapping.dll (API version 3709383).
LogModuleManager: Display: Found up-to-date module file ../../../Engine/Plugins/Blendables/LightPropagationVolume/Binaries/Win64/UE4Editor-LightPropagationVolumeRuntime.dll (API version 3709383).
LogModuleManager: Display: Found up-to-date module file ../../../Engine/Plugins/Blendables/LightPropagationVolume/Binaries/Win64/UE4Editor-LightPropagationVolumeEditor.dll (API version 3709383).
LogModuleManager: Display: Found up-to-date module file ../../../Engine/Plugins/Developer/GitSourceControl/Binaries/Win64/UE4Editor-GitSourceControl.dll (API version 3709383).
LogModuleManager: Display: Found up-to-date module file ../../../Engine/Plugins/Developer/PerforceSourceControl/Binaries/Win64/UE4Editor-PerforceSourceControl.dll (API version 3709383).
LogModuleManager: Display: Found up-to-date module file ../../../Engine/Plugins/Developer/SubversionSourceControl/Binaries/Win64/UE4Editor-SubversionSourceControl.dll (API version 3709383).
LogModuleManager: Display: Found up-to-date module file ../../../Engine/Plugins/Developer/UObjectPlugin/Binaries/Win64/UE4Editor-UObjectPlugin.dll (API version 3709383).
LogModuleManager: Display: Found up-to-date module file ../../../Engine/Plugins/Developer/VisualStudioCodeSourceCodeAccess/Binaries/Win64/UE4Editor-VisualStudioCodeSourceCodeAccess.dll (API version 3709383).
LogModuleManager: Display: Found up-to-date module file ../../../Engine/Plugins/Developer/VisualStudioSourceCodeAccess/Binaries/Win64/UE4Editor-VisualStudioSourceCodeAccess.dll (API version 3709383).
LogModuleManager: Display: Found up-to-date module file ../../../Engine/Plugins/Editor/AssetManagerEditor/Binaries/Win64/UE4Editor-AssetManagerEditor.dll (API version 3709383).
LogModuleManager: Display: Found up-to-date module file ../../../Engine/Plugins/Editor/AudioCapture/Binaries/Win64/UE4Editor-AudioCapture.dll (API version 3709383).
LogModuleManager: Display: Found up-to-date module file ../../../Engine/Plugins/Editor/FacialAnimation/Binaries/Win64/UE4Editor-FacialAnimation.dll (API version 3709383).
LogModuleManager: Display: Found up-to-date module file ../../../Engine/Plugins/Editor/FacialAnimation/Binaries/Win64/UE4Editor-FacialAnimationEditor.dll (API version 3709383).
LogModuleManager: Display: Found up-to-date module file ../../../Engine/Plugins/Editor/GameplayTagsEditor/Binaries/Win64/UE4Editor-GameplayTagsEditor.dll (API version 3709383).
LogModuleManager: Display: Found up-to-date module file ../../../Engine/Plugins/Editor/MobileLauncherProfileWizard/Binaries/Win64/UE4Editor-MobileLauncherProfileWizard.dll (API version 3709383).
LogModuleManager: Display: Found up-to-date module file ../../../Engine/Plugins/Editor/PluginBrowser/Binaries/Win64/UE4Editor-PluginBrowser.dll (API version 3709383).
LogModuleManager: Display: Found up-to-date module file ../../../Engine/Plugins/Editor/SpeedTreeImporter/Binaries/Win64/UE4Editor-SpeedTreeImporter.dll (API version 3709383).
LogModuleManager: Display: Found up-to-date module file ../../../Engine/Plugins/Experimental/AlembicImporter/Binaries/Win64/UE4Editor-AlembicImporter.dll (API version 3709383).
LogModuleManager: Display: Found up-to-date module file ../../../Engine/Plugins/Experimental/AlembicImporter/Binaries/Win64/UE4Editor-AlembicLibrary.dll (API version 3709383).
LogModuleManager: Display: Found up-to-date module file ../../../Engine/Plugins/Experimental/CharacterAI/Binaries/Win64/UE4Editor-CharacterAI.dll (API version 3709383).
LogModuleManager: Display: Found up-to-date module file ../../../Engine/Plugins/Experimental/HTML5Networking/Binaries/Win64/UE4Editor-HTML5Networking.dll (API version 3709383).
LogModuleManager: Display: Found up-to-date module file ../../../Engine/Plugins/Media/AndroidMedia/Binaries/Win64/UE4Editor-AndroidMediaEditor.dll (API version 3709383).
LogModuleManager: Display: Found up-to-date module file ../../../Engine/Plugins/Media/AndroidMedia/Binaries/Win64/UE4Editor-AndroidMediaFactory.dll (API version 3709383).
LogModuleManager: Display: Found up-to-date module file ../../../Engine/Plugins/Media/AvfMedia/Binaries/Win64/UE4Editor-AvfMediaEditor.dll (API version 3709383).
LogModuleManager: Display: Found up-to-date module file ../../../Engine/Plugins/Media/AvfMedia/Binaries/Win64/UE4Editor-AvfMediaFactory.dll (API version 3709383).
LogModuleManager: Display: Found up-to-date module file ../../../Engine/Plugins/Media/AvfMedia/Binaries/Win64/UE4Editor-AvfMediaFactory.dll (API version 3709383).
LogModuleManager: Display: Found up-to-date module file ../../../Engine/Plugins/Media/ImgMedia/Binaries/Win64/UE4Editor-ImgMedia.dll (API version 3709383).
LogModuleManager: Display: Found up-to-date module file ../../../Engine/Plugins/Media/ImgMedia/Binaries/Win64/UE4Editor-ImgMediaEditor.dll (API version 3709383).
LogModuleManager: Display: Found up-to-date module file ../../../Engine/Plugins/Media/ImgMedia/Binaries/Win64/UE4Editor-ImgMediaFactory.dll (API version 3709383).
LogModuleManager: Display: Found up-to-date module file ../../../Engine/Plugins/Media/ImgMedia/Binaries/Win64/UE4Editor-ImgMediaFactory.dll (API version 3709383).
LogModuleManager: Display: Found up-to-date module file ../../../Engine/Plugins/Media/ImgMedia/Binaries/Win64/UE4Editor-OpenExrWrapper.dll (API version 3709383).
LogModuleManager: Display: Found up-to-date module file ../../../Engine/Plugins/Media/MediaCompositing/Binaries/Win64/UE4Editor-MediaCompositing.dll (API version 3709383).
LogModuleManager: Display: Found up-to-date module file ../../../Engine/Plugins/Media/MediaCompositing/Binaries/Win64/UE4Editor-MediaCompositingEditor.dll (API version 3709383).
LogModuleManager: Display: Found up-to-date module file ../../../Engine/Plugins/Media/MediaPlayerEditor/Binaries/Win64/UE4Editor-MediaPlayerEditor.dll (API version 3709383).
LogModuleManager: Display: Found up-to-date module file ../../../Engine/Plugins/Media/WmfMedia/Binaries/Win64/UE4Editor-WmfMedia.dll (API version 3709383).
LogModuleManager: Display: Found up-to-date module file ../../../Engine/Plugins/Media/WmfMedia/Binaries/Win64/UE4Editor-WmfMediaEditor.dll (API version 3709383).
LogModuleManager: Display: Found up-to-date module file ../../../Engine/Plugins/Media/WmfMedia/Binaries/Win64/UE4Editor-WmfMediaFactory.dll (API version 3709383).
LogModuleManager: Display: Found up-to-date module file ../../../Engine/Plugins/Media/WmfMedia/Binaries/Win64/UE4Editor-WmfMediaFactory.dll (API version 3709383).
LogModuleManager: Display: Found up-to-date module file ../../../Engine/Plugins/Messaging/TcpMessaging/Binaries/Win64/UE4Editor-TcpMessaging.dll (API version 3709383).
LogModuleManager: Display: Found up-to-date module file ../../../Engine/Plugins/Messaging/UdpMessaging/Binaries/Win64/UE4Editor-UdpMessaging.dll (API version 3709383).
LogModuleManager: Display: Found up-to-date module file ../../../Engine/Plugins/MovieScene/ActorSequence/Binaries/Win64/UE4Editor-ActorSequence.dll (API version 3709383).
LogModuleManager: Display: Found up-to-date module file ../../../Engine/Plugins/MovieScene/LevelSequenceEditor/Binaries/Win64/UE4Editor-LevelSequenceEditor.dll (API version 3709383).
LogModuleManager: Display: Found up-to-date module file ../../../Engine/Plugins/MovieScene/MatineeToLevelSequence/Binaries/Win64/UE4Editor-MatineeToLevelSequence.dll (API version 3709383).
LogModuleManager: Display: Found up-to-date module file ../../../Engine/Plugins/Online/OnlineSubsystem/Binaries/Win64/UE4Editor-OnlineSubsystem.dll (API version 3709383).
LogModuleManager: Display: Found up-to-date module file ../../../Engine/Plugins/Runtime/AndroidPermission/Binaries/Win64/UE4Editor-AndroidPermission.dll (API version 3709383).
LogModuleManager: Display: Found up-to-date module file ../../../Engine/Plugins/Online/OnlineSubsystemNull/Binaries/Win64/UE4Editor-OnlineSubsystemNull.dll (API version 3709383).
LogModuleManager: Display: Found up-to-date module file ../../../Engine/Plugins/Online/OnlineSubsystemUtils/Binaries/Win64/UE4Editor-OnlineSubsystemUtils.dll (API version 3709383).
LogModuleManager: Display: Found up-to-date module file ../../../Engine/Plugins/Online/OnlineSubsystemUtils/Binaries/Win64/UE4Editor-OnlineBlueprintSupport.dll (API version 3709383).
LogModuleManager: Display: Found up-to-date module file ../../../Engine/Plugins/Runtime/AndroidDeviceProfileSelector/Binaries/Win64/UE4Editor-AndroidDeviceProfileSelector.dll (API version 3709383).
LogModuleManager: Display: Found up-to-date module file ../../../Engine/Plugins/Runtime/AppleARKit/Binaries/Win64/UE4Editor-AppleARKit.dll (API version 3709383).
LogModuleManager: Display: Found up-to-date module file ../../../Engine/Plugins/Runtime/ArchVisCharacter/Binaries/Win64/UE4Editor-ArchVisCharacter.dll (API version 3709383).
LogModuleManager: Display: Found up-to-date module file ../../../Engine/Plugins/Runtime/CableComponent/Binaries/Win64/UE4Editor-CableComponent.dll (API version 3709383).
LogModuleManager: Display: Found up-to-date module file ../../../Engine/Plugins/Runtime/CustomMeshComponent/Binaries/Win64/UE4Editor-CustomMeshComponent.dll (API version 3709383).
LogModuleManager: Display: Found up-to-date module file ../../../Engine/Plugins/Runtime/ExampleDeviceProfileSelector/Binaries/Win64/UE4Editor-ExampleDeviceProfileSelector.dll (API version 3709383).
LogModuleManager: Display: Found up-to-date module file ../../../Engine/Plugins/Runtime/ImmediatePhysics/Binaries/Win64/UE4Editor-ImmediatePhysics.dll (API version 3709383).
LogModuleManager: Display: Found up-to-date module file ../../../Engine/Plugins/Runtime/ImmediatePhysics/Binaries/Win64/UE4Editor-ImmediatePhysicsEditor.dll (API version 3709383).
LogModuleManager: Display: Found up-to-date module file ../../../Engine/Plugins/Runtime/LocationServicesBPLibrary/Binaries/Win64/UE4Editor-LocationServicesBPLibrary.dll (API version 3709383).
LogModuleManager: Display: Found up-to-date module file ../../../Engine/Plugins/Runtime/MobilePatchingUtils/Binaries/Win64/UE4Editor-MobilePatchingUtils.dll (API version 3709383).
LogModuleManager: Display: Found up-to-date module file ../../../Engine/Plugins/Runtime/Oculus/OculusVR/Binaries/Win64/UE4Editor-OculusHMD.dll (API version 3709383).
LogModuleManager: Display: Found up-to-date module file ../../../Engine/Plugins/Runtime/Oculus/OculusVR/Binaries/Win64/UE4Editor-OculusInput.dll (API version 3709383).
LogModuleManager: Display: Found up-to-date module file ../../../Engine/Plugins/Runtime/Oculus/OculusVR/Binaries/Win64/UE4Editor-OculusEditor.dll (API version 3709383).
LogModuleManager: Display: Found up-to-date module file ../../../Engine/Plugins/Runtime/PhysXVehicles/Binaries/Win64/UE4Editor-PhysXVehicles.dll (API version 3709383).
LogModuleManager: Display: Found up-to-date module file ../../../Engine/Plugins/Runtime/PhysXVehicles/Binaries/Win64/UE4Editor-PhysXVehiclesEditor.dll (API version 3709383).
LogModuleManager: Display: Found up-to-date module file ../../../Engine/Plugins/Runtime/ProceduralMeshComponent/Binaries/Win64/UE4Editor-ProceduralMeshComponent.dll (API version 3709383).
LogModuleManager: Display: Found up-to-date module file ../../../Engine/Plugins/Runtime/ProceduralMeshComponent/Binaries/Win64/UE4Editor-ProceduralMeshComponentEditor.dll (API version 3709383).
LogModuleManager: Display: Found up-to-date module file ../../../Engine/Plugins/Runtime/RuntimePhysXCooking/Binaries/Win64/UE4Editor-RuntimePhysXCooking.dll (API version 3709383).
LogModuleManager: Display: Found up-to-date module file ../../../Engine/Plugins/Runtime/Steam/SteamVR/Binaries/Win64/UE4Editor-SteamVR.dll (API version 3709383).
LogModuleManager: Display: Found up-to-date module file ../../../Engine/Plugins/Runtime/Steam/SteamVR/Binaries/Win64/UE4Editor-SteamVRController.dll (API version 3709383).
LogModuleManager: Display: Found up-to-date module file ../../../Engine/Plugins/Runtime/WindowsMoviePlayer/Binaries/Win64/UE4Editor-WindowsMoviePlayer.dll (API version 3709383).
LogPluginManager: Mounting plugin Paper2D
LogPluginManager: Mounting plugin LightPropagationVolume
LogPluginManager: Mounting plugin CodeLiteSourceCodeAccess
LogPluginManager: Mounting plugin GitSourceControl
LogPluginManager: Mounting plugin KDevelopSourceCodeAccess
LogPluginManager: Mounting plugin NullSourceCodeAccess
LogPluginManager: Mounting plugin PerforceSourceControl
LogPluginManager: Mounting plugin SubversionSourceControl
LogPluginManager: Mounting plugin UObjectPlugin
LogPluginManager: Mounting plugin VisualStudioCodeSourceCodeAccess
LogPluginManager: Mounting plugin VisualStudioSourceCodeAccess
LogPluginManager: Mounting plugin XCodeSourceCodeAccess
LogPluginManager: Mounting plugin AssetManagerEditor
LogPluginManager: Mounting plugin AudioCapture
LogPluginManager: Mounting plugin FacialAnimation
LogPluginManager: Mounting plugin GameplayTagsEditor
LogPluginManager: Mounting plugin MobileLauncherProfileWizard
LogPluginManager: Mounting plugin PluginBrowser
LogPluginManager: Mounting plugin SpeedTreeImporter
LogPluginManager: Mounting plugin AlembicImporter
LogPluginManager: Mounting plugin CharacterAI
LogPluginManager: Mounting plugin HTML5Networking
LogPluginManager: Mounting plugin AndroidMedia
LogPluginManager: Mounting plugin AvfMedia
LogPluginManager: Mounting plugin ImgMedia
LogPluginManager: Mounting plugin MediaCompositing
LogPluginManager: Mounting plugin MediaPlayerEditor
LogPluginManager: Mounting plugin WmfMedia
LogPluginManager: Mounting plugin TcpMessaging
LogPluginManager: Mounting plugin UdpMessaging
LogPluginManager: Mounting plugin ActorSequence
LogPluginManager: Mounting plugin LevelSequenceEditor
LogPluginManager: Mounting plugin MatineeToLevelSequence
LogPluginManager: Mounting plugin OnlineSubsystemGooglePlay
LogPluginManager: Mounting plugin OnlineSubsystemIOS
LogPluginManager: Mounting plugin OnlineSubsystem
LogPluginManager: Mounting plugin OnlineSubsystemNull
LogPluginManager: Mounting plugin OnlineSubsystemUtils
LogPluginManager: Mounting plugin AndroidDeviceProfileSelector
LogPluginManager: Mounting plugin AndroidMoviePlayer
LogPluginManager: Mounting plugin AndroidPermission
LogPluginManager: Mounting plugin AppleARKit
LogPluginManager: Mounting plugin AppleMoviePlayer
LogPluginManager: Mounting plugin ArchVisCharacter
LogPluginManager: Mounting plugin CableComponent
LogPluginManager: Mounting plugin CustomMeshComponent
LogPluginManager: Mounting plugin ExampleDeviceProfileSelector
LogPluginManager: Mounting plugin GoogleCloudMessaging
LogPluginManager: Mounting plugin ImmediatePhysics
LogPluginManager: Mounting plugin IOSDeviceProfileSelector
LogPluginManager: Mounting plugin LinuxDeviceProfileSelector
LogPluginManager: Mounting plugin LocationServicesBPLibrary
LogPluginManager: Mounting plugin MobilePatchingUtils
LogPluginManager: Mounting plugin OculusVR
LogPluginManager: Plugin shader directory ../../../Engine/Plugins/Runtime/Oculus/OculusVR/Shaders found
LogPluginManager: Mapping shader source directory ../../../Engine/Plugins/Runtime/Oculus/OculusVR/Shaders to virtual directory /Plugin/OculusVR
LogPluginManager: Mounting plugin PhysXVehicles
LogPluginManager: Mounting plugin ProceduralMeshComponent
LogPluginManager: Mounting plugin RuntimePhysXCooking
LogPluginManager: Mounting plugin SteamVR
LogPluginManager: Mounting plugin WindowsMoviePlayer
LogInit: Using libcurl 7.47.1
LogInit:  - built for x86_64-pc-win32
LogInit:  - supports SSL with OpenSSL/1.0.2g
LogInit:  - supports HTTP deflate (compression) using libz 1.2.8
LogInit:  - other features:
LogInit:      CURL_VERSION_SSL
LogInit:      CURL_VERSION_LIBZ
LogInit:      CURL_VERSION_IPV6
LogInit:      CURL_VERSION_ASYNCHDNS
LogInit:      CURL_VERSION_LARGEFILE
LogInit:      CURL_VERSION_IDN
LogInit:  CurlRequestOptions (configurable via config and command line):
LogInit:  - bVerifyPeer = false  - Libcurl will NOT verify peer certificate
LogInit:  - bUseHttpProxy = false  - Libcurl will NOT use HTTP proxy
LogInit:  - bDontReuseConnections = false  - Libcurl will reuse connections
LogInit:  - CertBundlePath = nullptr  - Libcurl will use whatever was configured at build time.
LogInit: Build: ++UE4+Release-4.18-CL-3832480
LogInit: Engine Version: 4.18.3-3832480+++UE4+Release-4.18
LogInit: Compatible Engine Version: 4.18.0-3709383+++UE4+Release-4.18
LogInit: Net CL: 3709383
LogDevObjectVersion: Number of dev versions registered: 16
LogDevObjectVersion:   Dev-Blueprints (B0D832E4-1F89-4F0D-ACCF-7EB736FD4AA2): 10
LogDevObjectVersion:   Dev-Build (E1C64328-A22C-4D53-A36C-8E866417BD8C): 0
LogDevObjectVersion:   Dev-Core (375EC13C-06E4-48FB-B500-84F0262A717E): 2
LogDevObjectVersion:   Dev-Editor (E4B068ED-F494-42E9-A231-DA0B2E46BB41): 20
LogDevObjectVersion:   Dev-Framework (CFFC743F-43B0-4480-9391-14DF171D2073): 30
LogDevObjectVersion:   Dev-Mobile (B02B49B5-BB20-44E9-A304-32B752E40360): 0
LogDevObjectVersion:   Dev-Networking (A4E4105C-59A1-49B5-A7C5-40C4547EDFEE): 0
LogDevObjectVersion:   Dev-Online (39C831C9-5AE6-47DC-9A44-9C173E1C8E7C): 0
LogDevObjectVersion:   Dev-Physics (78F01B33-EBEA-4F98-B9B4-84EACCB95AA2): 0
LogDevObjectVersion:   Dev-Platform (6631380F-2D4D-43E0-8009-CF276956A95A): 0
LogDevObjectVersion:   Dev-Rendering (12F88B9F-8875-4AFC-A67C-D90C383ABD29): 20
LogDevObjectVersion:   Dev-Sequencer (7B5AE74C-D270-4C10-A958-57980B212A5A): 4
LogDevObjectVersion:   Dev-VR (D7296918-1DD6-4BDD-9DE2-64A83CC13884): 0
LogDevObjectVersion:   Dev-LoadTimes (C2A15278-BFE7-4AFE-6C17-90FF531DF755): 1
LogDevObjectVersion:   Private-Geometry (6EACA3D4-40EC-4CC1-B786-8BED09428FC5): 1
LogDevObjectVersion:   Dev-AnimPhys (29E575DD-E0A3-4627-9D10-D276232CDCEA): 12
LogInit: Compiled (64-bit): Jan 12 2018 02:04:55
LogInit: Compiled with Visual C++: 19.00.24215.01
LogInit: Build Configuration: Development
LogInit: Branch Name: ++UE4+Release-4.18
LogInit: Command line:  
LogInit: Base directory: C:/Program Files/Epic Games/UE_4.18/Engine/Binaries/Win64/
LogInit: Installed Engine Build: 1
LogInit: Presizing for max 8388607 objects, including 0 objects not considered by GC, pre-allocating 0 bytes for permanent pool.
LogInit: Object subsystem initialized
[2018.04.30-04.59.21:449][  0]LogInit: Selected Device Profile: [Windows]
[2018.04.30-04.59.21:449][  0]LogInit: Applying CVar settings loaded from the selected device profile: [Windows]
[2018.04.30-04.59.21:489][  0]LogInit: Computer: MAGICVR01
[2018.04.30-04.59.21:489][  0]LogInit: User: MagicUser
[2018.04.30-04.59.21:489][  0]LogInit: CPU Page size=4096, Cores=4
[2018.04.30-04.59.21:489][  0]LogInit: High frequency timer resolution =3.613279 MHz
[2018.04.30-04.59.21:490][  0]LogMemory: Memory total: Physical=15.9GB (16GB approx)
[2018.04.30-04.59.21:490][  0]LogMemory: Platform Memory Stats for Windows
[2018.04.30-04.59.21:490][  0]LogMemory: Process Physical Memory: 281.44 MB used, 281.44 MB peak
[2018.04.30-04.59.21:490][  0]LogMemory: Process Virtual Memory: 283.43 MB used, 283.43 MB peak
[2018.04.30-04.59.21:490][  0]LogMemory: Physical Memory: 4632.36 MB used,  11669.80 MB free, 16302.16 MB total
[2018.04.30-04.59.21:490][  0]LogMemory: Virtual Memory: 748.03 MB used,  11669.80 MB free, 134217728.00 MB total
[2018.04.30-04.59.22:082][  0]LogInit: Using OS detected language (en-US).
[2018.04.30-04.59.22:082][  0]LogInit: Using OS detected locale (en-US).
[2018.04.30-04.59.22:321][  0]LogTextLocalizationManager: No specific localization for 'en-US' exists, so the 'en' localization will be used.
[2018.04.30-04.59.22:962][  0]LogInit: Setting process to per monitor DPI aware
[2018.04.30-04.59.27:135][  0]LogD3D11RHI: D3D11 adapters:
[2018.04.30-04.59.27:190][  0]LogD3D11RHI:    0. 'NVIDIA GeForce GTX 1060 6GB' (Feature Level 11_0)
[2018.04.30-04.59.27:190][  0]LogD3D11RHI:       6061/0/8151 MB DedicatedVideo/DedicatedSystem/SharedSystem, Outputs:1, VendorId:0x10de
[2018.04.30-04.59.27:192][  0]LogD3D11RHI:    1. 'Microsoft Basic Render Driver' (Feature Level 11_0)
[2018.04.30-04.59.27:192][  0]LogD3D11RHI:       0/0/8151 MB DedicatedVideo/DedicatedSystem/SharedSystem, Outputs:0, VendorId:0x1414
[2018.04.30-04.59.27:192][  0]LogD3D11RHI: Chosen D3D11 Adapter: 0
[2018.04.30-04.59.27:198][  0]LogD3D11RHI: Creating new Direct3DDevice
[2018.04.30-04.59.27:198][  0]LogD3D11RHI:     GPU DeviceId: 0x1c03 (for the marketing name, search the web for "GPU Device Id")
[2018.04.30-04.59.27:198][  0]LogWindows: EnumDisplayDevices:
[2018.04.30-04.59.27:198][  0]LogWindows:    0. 'NVIDIA GeForce GTX 1060 6GB' (P:1 D:1)
[2018.04.30-04.59.27:199][  0]LogWindows:    1. 'NVIDIA GeForce GTX 1060 6GB' (P:0 D:0)
[2018.04.30-04.59.27:199][  0]LogWindows:    2. 'NVIDIA GeForce GTX 1060 6GB' (P:0 D:0)
[2018.04.30-04.59.27:199][  0]LogWindows:    3. 'NVIDIA GeForce GTX 1060 6GB' (P:0 D:0)
[2018.04.30-04.59.27:199][  0]LogWindows: DebugString: GetVideoDriverDetailsInvalid PrimaryIsNotTheChoosenAdapter GetVideoDriverDetailsInvalid PrimaryIsNotTheChoosenAdapter GetVideoDriverDetailsInvalid PrimaryIsNotTheChoosenAdapter GetVideoDriverDetailsInvalid PrimaryIsNotTheChoosenAdapter FoundDriverCount:0 
[2018.04.30-04.59.27:199][  0]LogD3D11RHI:     Adapter Name: NVIDIA GeForce GTX 1060 6GB
[2018.04.30-04.59.27:199][  0]LogD3D11RHI:   Driver Version: Unknown (internal:Unknown, unified:Unknown)
[2018.04.30-04.59.27:199][  0]LogD3D11RHI:      Driver Date: Unknown
[2018.04.30-04.59.27:199][  0]LogRHI: Texture pool is 4242 MB (70% of 6061 MB)
[2018.04.30-04.59.27:230][  0]LogD3D11RHI: Async texture creation enabled
[2018.04.30-04.59.27:241][  0]LogD3D11RHI: GPU Timing Frequency: 1000.000000 (Debug: 2 1)
[2018.04.30-04.59.27:289][  0]LogShaderCompilers: Guid format shader working directory is -39 characters bigger than the processId version (../../../../../../Users/MagicUser/Documents/Unreal/MeteorVR-master/MeteorVR-master/Meteor/Intermediate/Shaders/WorkingDirectory/3716/).
[2018.04.30-04.59.27:289][  0]LogShaderCompilers: Cleaned the shader compiler working directory 'C:/Users/MagicUser/AppData/Local/Temp/UnrealShaderWorkingDir/ABC84DE543E011A2C48FE0B0732DBF09/'.
[2018.04.30-04.59.27:289][  0]LogShaderCompilers: Display: Using Local Shader Compiler.
[2018.04.30-04.59.32:268][  0]LogTemp: Display: Loaded TP AllDesktopTargetPlatform
[2018.04.30-04.59.32:333][  0]LogTemp: Display: Loaded TP MacClientTargetPlatform
[2018.04.30-04.59.32:399][  0]LogTemp: Display: Loaded TP MacNoEditorTargetPlatform
[2018.04.30-04.59.32:465][  0]LogTemp: Display: Loaded TP MacServerTargetPlatform
[2018.04.30-04.59.32:555][  0]LogTemp: Display: Loaded TP MacTargetPlatform
[2018.04.30-04.59.32:622][  0]LogTemp: Display: Loaded TP WindowsClientTargetPlatform
[2018.04.30-04.59.32:688][  0]LogTemp: Display: Loaded TP WindowsNoEditorTargetPlatform
[2018.04.30-04.59.32:754][  0]LogTemp: Display: Loaded TP WindowsServerTargetPlatform
[2018.04.30-04.59.32:815][  0]LogTemp: Display: Loaded TP WindowsTargetPlatform
[2018.04.30-04.59.32:879][  0]LogTemp: Display: Loaded TP Android_ASTCTargetPlatform
[2018.04.30-04.59.32:944][  0]LogTemp: Display: Loaded TP Android_ATCTargetPlatform
[2018.04.30-04.59.33:008][  0]LogTemp: Display: Loaded TP Android_DXTTargetPlatform
[2018.04.30-04.59.33:072][  0]LogTemp: Display: Loaded TP Android_ETC1TargetPlatform
[2018.04.30-04.59.33:136][  0]LogTemp: Display: Loaded TP Android_ETC2TargetPlatform
[2018.04.30-04.59.33:264][  0]LogTemp: Display: Loaded TP Android_MultiTargetPlatform
[2018.04.30-04.59.33:264][  0]LogTemp: Display: Loaded TP Android_PVRTCTargetPlatform
[2018.04.30-04.59.33:340][  0]LogTemp: Display: Loaded TP AndroidTargetPlatform
[2018.04.30-04.59.33:393][  0]LogTemp: Display: Loaded TP HTML5TargetPlatform
[2018.04.30-04.59.33:556][  0]LogTemp: Display: Loaded TP IOSTargetPlatform
[2018.04.30-04.59.33:590][  0]LogTemp: Display: Loaded TP TVOSTargetPlatform
[2018.04.30-04.59.33:655][  0]LogTemp: Display: Loaded TP LinuxClientTargetPlatform
[2018.04.30-04.59.33:718][  0]LogTemp: Display: Loaded TP LinuxNoEditorTargetPlatform
[2018.04.30-04.59.33:782][  0]LogTemp: Display: Loaded TP LinuxServerTargetPlatform
[2018.04.30-04.59.33:873][  0]LogTemp: Display: Loaded TP LinuxTargetPlatform
[2018.04.30-04.59.33:873][  0]LogTargetPlatformManager: Display: Building Assets For Windows
[2018.04.30-04.59.34:903][  0]LogDerivedDataCache: Display: Max Cache Size: 512 MB
[2018.04.30-04.59.35:377][  0]LogDerivedDataCache: Loaded boot cache 0.47s 78MB C:/Users/MagicUser/AppData/Local/UnrealEngine/4.18/DerivedDataCache/Boot.ddc.
[2018.04.30-04.59.35:377][  0]LogDerivedDataCache: Display: Loaded Boot cache: C:/Users/MagicUser/AppData/Local/UnrealEngine/4.18/DerivedDataCache/Boot.ddc
[2018.04.30-04.59.35:377][  0]LogDerivedDataCache: FDerivedDataBackendGraph:  Pak pak cache file ../../../../../../Users/MagicUser/Documents/Unreal/MeteorVR-master/MeteorVR-master/Meteor/DerivedDataCache/DDC.ddp not found, will not use a pak cache.
[2018.04.30-04.59.35:377][  0]LogDerivedDataCache: Unable to find inner node Pak for hierarchical cache Hierarchy.
[2018.04.30-04.59.35:377][  0]LogDerivedDataCache: FDerivedDataBackendGraph:  CompressedPak pak cache file ../../../../../../Users/MagicUser/Documents/Unreal/MeteorVR-master/MeteorVR-master/Meteor/DerivedDataCache/Compressed.ddp not found, will not use a pak cache.
[2018.04.30-04.59.35:377][  0]LogDerivedDataCache: Unable to find inner node CompressedPak for hierarchical cache Hierarchy.
[2018.04.30-04.59.35:461][  0]LogDerivedDataCache: Display: Pak cache opened for reading ../../../Engine/DerivedDataCache/Compressed.ddp.
[2018.04.30-04.59.35:473][  0]LogDerivedDataCache: Using Local data cache path C:/Users/MagicUser/AppData/Local/UnrealEngine/Common/DerivedDataCache: Writable
[2018.04.30-04.59.35:484][  0]LogMaterial: Verifying Global Shaders for PCD3D_SM5
[2018.04.30-04.59.35:485][  0]LogSlate: Using Freetype 2.6.0
[2018.04.30-04.59.35:529][  0]LogSlate: SlateFontCache - WITH_FREETYPE: 1, WITH_HARFBUZZ: 1
[2018.04.30-04.59.35:529][  0]LogSlate: SlateFontCache - WITH_FREETYPE: 1, WITH_HARFBUZZ: 1
[2018.04.30-04.59.40:627][  0]LogInit: Selected Device Profile: [Windows]
[2018.04.30-04.59.41:357][  0]LogSimplygon: Simplygon DLL not present - disabling.
[2018.04.30-04.59.41:428][  0]LogMeshReduction: Using SimplygonSwarm for distributed automatic mesh merging
[2018.04.30-04.59.41:428][  0]LogMeshReduction: Using QuadricMeshReduction for automatic static mesh reduction
[2018.04.30-04.59.41:428][  0]LogMeshReduction: No automatic skeletal mesh reduction module available
[2018.04.30-04.59.41:428][  0]LogMeshReduction: No automatic mesh merging module available
[2018.04.30-04.59.41:428][  0]LogMeshMerging: No automatic mesh merging module available
[2018.04.30-04.59.41:457][  0]LogNetVersion: Meteor , NetCL: 3709383, EngineNetVer: 2, GameNetVer: 0 (Checksum: 2481781071)
[2018.04.30-04.59.41:646][  0]LogAssetRegistry: FAssetRegistry took 0.0259 seconds to start up
[2018.04.30-04.59.42:611][  0]LogPackageLocalizationCache: Processed 7 localized package path(s) for 2 prioritized culture(s) in 0.069992 seconds
[2018.04.30-04.59.42:624][  0]LogUObjectArray: 35870 objects as part of root set at end of initial load.
[2018.04.30-04.59.42:624][  0]LogUObjectAllocator: 7363704 out of 0 bytes used by permanent object pool.
[2018.04.30-04.59.42:624][  0]LogUObjectArray: CloseDisregardForGC: 0/0 objects in disregard for GC pool
[2018.04.30-04.59.42:726][  0]LogInit: WinSock: version 1.1 (2.2), MaxSocks=32767, MaxUdp=65467
[2018.04.30-05.00.05:252][  0]LogTcpMessaging: Initializing TcpMessaging bridge
[2018.04.30-05.00.05:305][  0]LogUdpMessaging: Initializing bridge on interface 0.0.0.0:0 to multicast group 230.0.0.1:6666.
[2018.04.30-05.00.06:677][  0]LogMaterial: Uniform references updated for custom material expression Custom.
[2018.04.30-05.00.07:297][  0]SourceControl: Source control is disabled
[2018.04.30-05.00.07:297][  0]SourceControl: Source control is disabled
[2018.04.30-05.00.07:396][  0]SourceControl: Source control is disabled
[2018.04.30-05.00.07:490][  0]SourceControl: Source control is disabled
[2018.04.30-05.00.09:054][  0]LogAndroidPermission: UAndroidPermissionCallbackProxy::GetInstance
[2018.04.30-05.00.09:475][  0]LogOcInput: OculusInput pre-init called
[2018.04.30-05.00.10:114][  0]LogEngine: Initializing Engine...
[2018.04.30-05.00.10:116][  0]LogHMD: Oculus plugin initialized. Version: 4.18.3-3832480+++UE4+Release-4.18, OVRPlugin: 1.19.0
[2018.04.30-05.00.10:350][  0]LogStats: UGameplayTagsManager::ConstructGameplayTagTree: Construct from data asset -  0.000 s
[2018.04.30-05.00.10:351][  0]LogStats: UGameplayTagsManager::ConstructGameplayTagTree: GameplayTagTreeChangedEvent.Broadcast -  0.000 s
[2018.04.30-05.00.10:563][  0]LogAIModule: Creating AISystem for world Untitled
[2018.04.30-05.00.10:592][  0]LogInit: XAudio2 using 'Headphones (2- Rift Audio)' : 2 channels at 48 kHz using 16 bits per sample (channel mask 0x3)
[2018.04.30-05.00.10:608][  0]LogInit: FAudioDevice initialized.
[2018.04.30-05.00.10:737][  0]LogDerivedDataCache: Saved boot cache 0.13s 78MB C:/Users/MagicUser/AppData/Local/UnrealEngine/4.18/DerivedDataCache/Boot.ddc.
[2018.04.30-05.00.10:745][  0]LogInit: Texture streaming: Enabled
[2018.04.30-05.00.10:929][  0]LogEngineSessionManager: EngineSessionManager initialized
[2018.04.30-05.00.11:225][  0]LogInit: Transaction tracking system initialized
[2018.04.30-05.00.11:920][  0]BlueprintLog: New page: Editor Load
[2018.04.30-05.00.13:916][  0]LocalizationService: Localization service is disabled
[2018.04.30-05.00.15:386][  0]LogConsoleResponse: Display: 
[2018.04.30-05.00.16:917][  0]LogCook: Display: Max memory allowance for cook 16384mb min free memory 0mb
[2018.04.30-05.00.16:917][  0]LogCook: Display: Mobile HDR setting 1
[2018.04.30-05.00.16:917][  0]LogGameplayTags: Display: UGameplayTagsManager::DoneAddingNativeTags. DelegateIsBound: 0
[2018.04.30-05.00.17:268][  0]LogFileCache: Scanning file cache for directory 'C:/Users/MagicUser/Documents/Unreal/MeteorVR-master/MeteorVR-master/Meteor/Content/' took 0.02s
[2018.04.30-05.00.21:081][  0]SourceControl: Source control is disabled
[2018.04.30-05.00.21:081][  0]Cmd: MAP LOAD FILE="../../../../../../Users/MagicUser/Documents/Unreal/MeteorVR-master/MeteorVR-master/Meteor/Content/Content/Maps/FinalMaps/Main.umap" TEMPLATE=0 SHOWPROGRESS=1 FEATURELEVEL=3
[2018.04.30-05.00.21:081][  0]LightingResults: New page: Lighting Build
[2018.04.30-05.00.21:136][  0]MapCheck: New page: Map Check
[2018.04.30-05.00.21:136][  0]LightingResults: New page: Lighting Build
[2018.04.30-05.00.31:731][  0]LogAIModule: Creating AISystem for world Main
[2018.04.30-05.00.43:930][  0]LogStreaming: Display: ULevelStreaming::RequestLevel(/Game/Content/Maps/FinalMaps/FireAndIce) is flushing async loading
[2018.04.30-05.00.44:302][  0]LogStreaming: Display: ULevelStreaming::RequestLevel(/Game/Content/Maps/FinalMaps/Lake) is flushing async loading
[2018.04.30-05.00.44:521][  0]LogStreaming: Display: ULevelStreaming::RequestLevel(/Game/Content/Maps/FinalMaps/Landing) is flushing async loading
[2018.04.30-05.00.45:090][  0]LogEditorServer: Finished looking for orphan Actors (0.000 secs)
[2018.04.30-05.00.45:281][  0]Cmd: MAP CHECKDEP NOCLEARLOG
[2018.04.30-05.00.45:380][  0]MapCheck: Map check complete: 0 Error(s), 0 Warning(s), took 99.391ms to complete.
[2018.04.30-05.00.45:380][  0]LogFileHelpers: Loading map 'Main' took 24.299
[2018.04.30-05.00.45:681][  0]LogCollectionManager: Loaded 0 collections in 0.001856 seconds
[2018.04.30-05.00.45:772][  0]LogFileCache: Scanning file cache for directory 'C:/Users/MagicUser/Documents/Unreal/MeteorVR-master/MeteorVR-master/Meteor/Saved/Collections/' took 0.01s
[2018.04.30-05.00.45:772][  0]LogFileCache: Scanning file cache for directory 'C:/Users/MagicUser/Documents/Unreal/MeteorVR-master/MeteorVR-master/Meteor/Content/Developers/MagicUser/Collections/' took 0.01s
[2018.04.30-05.00.45:772][  0]LogFileCache: Scanning file cache for directory 'C:/Users/MagicUser/Documents/Unreal/MeteorVR-master/MeteorVR-master/Meteor/Content/Collections/' took 0.01s
[2018.04.30-05.00.45:772][  0]LogCollectionManager: Rebuilt the GUID cache for 0 collections in 0.000000 seconds
[2018.04.30-05.00.45:782][  0]LogContentBrowser: Native class hierarchy populated in 0.0097 seconds. Added 2363 classes and 519 folders.
[2018.04.30-05.00.45:874][  0]LogContentBrowser: Native class hierarchy updated for 'WidgetCarousel' in 0.0002 seconds. Added 0 classes and 0 folders.
[2018.04.30-05.00.47:816][  0]LogContentBrowser: Native class hierarchy updated for 'AddContentDialog' in 0.0002 seconds. Added 0 classes and 0 folders.
[2018.04.30-05.00.47:894][  0]LogContentBrowser: Native class hierarchy updated for 'WorldBrowser' in 0.0003 seconds. Added 2 classes and 3 folders.
[2018.04.30-05.00.47:975][  0]LogContentBrowser: Native class hierarchy updated for 'SceneOutliner' in 0.0003 seconds. Added 1 classes and 2 folders.
[2018.04.30-05.00.48:007][  0]LogSlate: Took 0.017342 seconds to synchronously load lazily loaded font '../../../Engine/Content/Slate/Fonts/Roboto-Regular.ttf' (155K)
[2018.04.30-05.00.48:018][  0]LogSlate: Took 0.009281 seconds to synchronously load lazily loaded font '../../../Engine/Content/Slate/Fonts/Roboto-Bold.ttf' (160K)
[2018.04.30-05.00.48:038][  0]LogSlate: Took 0.014935 seconds to synchronously load lazily loaded font '../../../Engine/Content/Editor/Slate/Fonts/FontAwesome.ttf' (139K)
[2018.04.30-05.00.48:264][  0]LogRenderer: Reallocating scene render targets to support 1208x576 Format 10 NumSamples 1 (Frame:1).
[2018.04.30-05.00.48:500][  0]LogContentBrowser: Native class hierarchy updated for 'HierarchicalLODOutliner' in 0.0003 seconds. Added 1 classes and 2 folders.
[2018.04.30-05.00.48:500][  0]LogLoad: (Engine Initialization) Total time: 102.05 seconds
[2018.04.30-05.00.48:500][  0]LogLoad: (Engine Initialization) Total Blueprint compile time: 0.00 seconds
[2018.04.30-05.00.48:500][  0]LogExternalProfiler: Found external profiler: VSPerf
[2018.04.30-05.00.48:500][  0]LogExternalProfiler: Using external profiler: VSPerf
[2018.04.30-05.00.48:849][  0]LogOcInput: OculusInput is initialized
[2018.04.30-05.00.48:884][  0]LogContentStreaming: Texture pool size now 1000 MB
[2018.04.30-05.00.49:027][  0]LogSlate: Took 0.061531 seconds to synchronously load lazily loaded font '../../../Engine/Content/Slate/Fonts/Roboto-Light.ttf' (159K)
[2018.04.30-05.00.49:173][  1]LogFileCache: Retrieving MD5 hashes for directory 'C:/Users/MagicUser/Documents/Unreal/MeteorVR-master/MeteorVR-master/Meteor/Content/' took 0.31s
[2018.04.30-05.00.49:196][  1]LogAssetRegistry: Asset discovery search completed in 67.5712 seconds
[2018.04.30-05.00.49:198][  1]LogCollectionManager: Rebuilt the object cache for 0 collections in 0.000001 seconds (found 0 objects)
[2018.04.30-05.00.49:198][  1]LogCollectionManager: Fixed up redirectors for 0 collections in 0.000039 seconds (updated 0 objects)
[2018.04.30-05.00.49:843][  3]LogSlate: Took 0.000254 seconds to synchronously load lazily loaded font '../../../Engine/Content/Slate/Fonts/Roboto-Light.ttf' (159K)
[2018.04.30-05.00.55:541][ 23]LogEditorViewport: Clicking on Actor (context menu): Landscape (Landscape)
[2018.04.30-05.00.56:938][124]LogSlate: Took 0.000198 seconds to synchronously load lazily loaded font '../../../Engine/Content/Slate/Fonts/Roboto-Light.ttf' (159K)
[2018.04.30-05.00.57:344][124]LogContentBrowser: Native class hierarchy updated for 'BlueprintGraph' in 0.0007 seconds. Added 116 classes and 0 folders.
[2018.04.30-05.00.59:084][124]LogSlate: Took 0.036506 seconds to synchronously load lazily loaded font '../../../Engine/Content/Editor/Slate/Fonts/Roboto-BoldCondensed.ttf' (158K)
[2018.04.30-05.00.59:720][125]LogSlate: Took 0.040955 seconds to synchronously load lazily loaded font '../../../Engine/Content/Editor/Slate/Fonts/Roboto-Italic.ttf' (157K)
[2018.04.30-05.02.30:305][780]LogSavePackage: Save=38.84ms
[2018.04.30-05.02.30:305][780]LogSavePackage: Moving '../../../../../../Users/MagicUser/Documents/Unreal/MeteorVR-master/MeteorVR-master/Meteor/Saved/TransistionAreaA9EF08B043BAB02D0B22048FCE335675.tmp' to '../../../../../../Users/MagicUser/Documents/Unreal/MeteorVR-master/MeteorVR-master/Meteor/Content/Content/Blueprints/TransistionArea.uasset'
[2018.04.30-05.02.30:311][780]LogSavePackage: Display: Finished SavePackage ../../../../../../Users/MagicUser/Documents/Unreal/MeteorVR-master/MeteorVR-master/Meteor/Content/Content/Blueprints/TransistionArea.uasset
[2018.04.30-05.02.30:791][836]BlueprintLog: New page: Compile TransistionArea
[2018.04.30-05.02.45:795][ 64]LogSlate: Took 0.000171 seconds to synchronously load lazily loaded font '../../../Engine/Content/Slate/Fonts/Roboto-Regular.ttf' (155K)
[2018.04.30-05.02.46:529][ 64]LogSavePackage: Save=3698.31ms
[2018.04.30-05.02.46:529][ 64]LogSavePackage: Moving '../../../../../../Users/MagicUser/Documents/Unreal/MeteorVR-master/MeteorVR-master/Meteor/Saved/MainE14F64424C5B73B6A2CC84BF1A19E723.tmp' to '../../../../../../Users/MagicUser/Documents/Unreal/MeteorVR-master/MeteorVR-master/Meteor/Content/Content/Maps/FinalMaps/Main.umap'
[2018.04.30-05.02.46:536][ 64]LogSavePackage: Display: Finished SavePackage ../../../../../../Users/MagicUser/Documents/Unreal/MeteorVR-master/MeteorVR-master/Meteor/Content/Content/Maps/FinalMaps/Main.umap
[2018.04.30-05.02.48:498][ 64]LogSavePackage: Save=1879.27ms
[2018.04.30-05.02.48:498][ 64]LogSavePackage: Moving '../../../../../../Users/MagicUser/Documents/Unreal/MeteorVR-master/MeteorVR-master/Meteor/Saved/Main_BuiltDataD3B3A2D048B5C0832395D4A59AF6BC0B.tmp' to '../../../../../../Users/MagicUser/Documents/Unreal/MeteorVR-master/MeteorVR-master/Meteor/Content/Content/Maps/FinalMaps/Main_BuiltData.uasset'
[2018.04.30-05.02.48:500][ 64]LogSavePackage: Display: Finished SavePackage ../../../../../../Users/MagicUser/Documents/Unreal/MeteorVR-master/MeteorVR-master/Meteor/Content/Content/Maps/FinalMaps/Main_BuiltData.uasset
[2018.04.30-05.04.17:100][971]LogRenderer: Reallocating scene render targets to support 1208x712 Format 10 NumSamples 1 (Frame:1).
[2018.04.30-05.05.02:132][883]LogSavePackage: Save=611.71ms
[2018.04.30-05.05.02:132][883]LogSavePackage: Moving '../../../../../../Users/MagicUser/Documents/Unreal/MeteorVR-master/MeteorVR-master/Meteor/Saved/InventoryAndTrackerMenu3847B6434B5C707BC36F4A85F2F33BF7.tmp' to '../../../../../../Users/MagicUser/Documents/Unreal/MeteorVR-master/MeteorVR-master/Meteor/Content/Content/Blueprints/Menus/UMG/InventoryAndTrackerMenu.uasset'
[2018.04.30-05.05.02:136][883]LogSavePackage: Display: Finished SavePackage ../../../../../../Users/MagicUser/Documents/Unreal/MeteorVR-master/MeteorVR-master/Meteor/Content/Content/Blueprints/Menus/UMG/InventoryAndTrackerMenu.uasset
[2018.04.30-05.05.02:474][915]BlueprintLog: New page: Compile InventoryAndTrackerMenu
[2018.04.30-05.05.19:347][544]LogSlate: Warning: Prevented a slow task dialog from being summoned while a context menu was open
[2018.04.30-05.05.27:548][380]LogSlate: Warning: Prevented a slow task dialog from being summoned while a context menu was open
[2018.04.30-05.05.31:375][693]LogSavePackage: Save=617.06ms
[2018.04.30-05.05.31:375][693]LogSavePackage: Moving '../../../../../../Users/MagicUser/Documents/Unreal/MeteorVR-master/MeteorVR-master/Meteor/Saved/InventoryAndTrackerMenu30CE580D44CF639C425C37B68EE05264.tmp' to '../../../../../../Users/MagicUser/Documents/Unreal/MeteorVR-master/MeteorVR-master/Meteor/Content/Content/Blueprints/Menus/UMG/InventoryAndTrackerMenu.uasset'
[2018.04.30-05.05.31:379][693]LogSavePackage: Display: Finished SavePackage ../../../../../../Users/MagicUser/Documents/Unreal/MeteorVR-master/MeteorVR-master/Meteor/Content/Content/Blueprints/Menus/UMG/InventoryAndTrackerMenu.uasset
[2018.04.30-05.05.31:739][728]BlueprintLog: New page: Compile InventoryAndTrackerMenu
[2018.04.30-05.10.51:322][141]LogSavePackage: Save=627.39ms
[2018.04.30-05.10.51:322][141]LogSavePackage: Moving '../../../../../../Users/MagicUser/Documents/Unreal/MeteorVR-master/MeteorVR-master/Meteor/Saved/InventoryAndTrackerMenu6C1C519141860A7B38444C9E6C2A8C8A.tmp' to '../../../../../../Users/MagicUser/Documents/Unreal/MeteorVR-master/MeteorVR-master/Meteor/Content/Content/Blueprints/Menus/UMG/InventoryAndTrackerMenu.uasset'
[2018.04.30-05.10.51:326][141]LogSavePackage: Display: Finished SavePackage ../../../../../../Users/MagicUser/Documents/Unreal/MeteorVR-master/MeteorVR-master/Meteor/Content/Content/Blueprints/Menus/UMG/InventoryAndTrackerMenu.uasset
[2018.04.30-05.10.52:188][242]BlueprintLog: New page: Compile InventoryAndTrackerMenu
[2018.04.30-05.11.41:655][963]LogSlate: Took 0.051374 seconds to synchronously load lazily loaded font '../../../Engine/Content/Slate/Fonts/DroidSansFallback.ttf' (3848K)
[2018.04.30-05.15.40:525][704]LogEditorTransaction: Undo Edit Wrap Text At
[2018.04.30-05.15.58:772][698]LogSavePackage: Save=625.11ms
[2018.04.30-05.15.58:772][698]LogSavePackage: Moving '../../../../../../Users/MagicUser/Documents/Unreal/MeteorVR-master/MeteorVR-master/Meteor/Saved/InventoryAndTrackerMenu179B321F4F38C0BBC7167A96265BE569.tmp' to '../../../../../../Users/MagicUser/Documents/Unreal/MeteorVR-master/MeteorVR-master/Meteor/Content/Content/Blueprints/Menus/UMG/InventoryAndTrackerMenu.uasset'
[2018.04.30-05.15.58:776][698]LogSavePackage: Display: Finished SavePackage ../../../../../../Users/MagicUser/Documents/Unreal/MeteorVR-master/MeteorVR-master/Meteor/Content/Content/Blueprints/Menus/UMG/InventoryAndTrackerMenu.uasset
[2018.04.30-05.15.59:412][774]BlueprintLog: New page: Compile InventoryAndTrackerMenu
[2018.04.30-05.16.20:204][747]LogEditorTransaction: Undo Set Vector Property
[2018.04.30-05.16.24:901][747]LogEditorTransaction: Undo Move Widget
[2018.04.30-05.16.58:122][534]LogSavePackage: Save=10.63ms
[2018.04.30-05.16.58:122][534]LogSavePackage: Moving '../../../../../../Users/MagicUser/Documents/Unreal/MeteorVR-master/MeteorVR-master/Meteor/Saved/BP_InventoryMenuA98BD8494EA7322FE88745B66FE5293E.tmp' to '../../../../../../Users/MagicUser/Documents/Unreal/MeteorVR-master/MeteorVR-master/Meteor/Content/Content/Blueprints/Menus/BP_InventoryMenu.uasset'
[2018.04.30-05.16.58:126][534]LogSavePackage: Display: Finished SavePackage ../../../../../../Users/MagicUser/Documents/Unreal/MeteorVR-master/MeteorVR-master/Meteor/Content/Content/Blueprints/Menus/BP_InventoryMenu.uasset
[2018.04.30-05.16.58:965][634]BlueprintLog: New page: Compile BP_InventoryMenu
[2018.04.30-05.16.59:792][651]BlueprintLog: New page: Compile BP_InventoryMenu
[2018.04.30-05.17.13:754][149]LogSavePackage: Save=627.89ms
[2018.04.30-05.17.13:754][149]LogSavePackage: Moving '../../../../../../Users/MagicUser/Documents/Unreal/MeteorVR-master/MeteorVR-master/Meteor/Saved/InventoryAndTrackerMenu912F378648511E0530275D8FAAE050AD.tmp' to '../../../../../../Users/MagicUser/Documents/Unreal/MeteorVR-master/MeteorVR-master/Meteor/Content/Content/Blueprints/Menus/UMG/InventoryAndTrackerMenu.uasset'
[2018.04.30-05.17.13:758][149]LogSavePackage: Display: Finished SavePackage ../../../../../../Users/MagicUser/Documents/Unreal/MeteorVR-master/MeteorVR-master/Meteor/Content/Content/Blueprints/Menus/UMG/InventoryAndTrackerMenu.uasset
[2018.04.30-05.17.14:094][189]BlueprintLog: New page: Compile InventoryAndTrackerMenu
[2018.04.30-05.19.11:486][304]LogEditorTransaction: Undo Edit Vertical Alignment
[2018.04.30-05.19.12:123][344]Cmd: TRANSACTION UNDO
[2018.04.30-05.19.12:123][344]LogEditorTransaction: Undo Edit Vertical Alignment
[2018.04.30-05.19.12:581][373]Cmd: TRANSACTION UNDO
[2018.04.30-05.19.12:581][373]LogEditorTransaction: Undo Edit Horizontal Alignment
[2018.04.30-05.19.13:123][410]Cmd: TRANSACTION UNDO
[2018.04.30-05.19.13:123][410]LogEditorTransaction: Undo Edit Vertical Alignment
[2018.04.30-05.19.13:852][469]Cmd: TRANSACTION UNDO
[2018.04.30-05.19.13:853][469]LogEditorTransaction: Undo Edit Vertical Alignment
[2018.04.30-05.19.14:657][535]Cmd: TRANSACTION UNDO
[2018.04.30-05.19.14:657][535]LogEditorTransaction: Undo Edit Horizontal Alignment
[2018.04.30-05.19.15:344][588]Cmd: TRANSACTION UNDO
[2018.04.30-05.19.15:344][588]LogEditorTransaction: Undo Wrap Widgets
[2018.04.30-05.19.20:618][588]LogWindows: Error: === Critical error: ===
[2018.04.30-05.19.20:618][588]LogWindows: Error: 
[2018.04.30-05.19.20:618][588]LogWindows: Error: Fatal error!
[2018.04.30-05.19.20:618][588]LogWindows: Error: 
[2018.04.30-05.19.20:618][588]LogWindows: Error: Unhandled Exception: EXCEPTION_ACCESS_VIOLATION reading address 0x00000038
[2018.04.30-05.19.20:618][588]LogWindows: Error: 
[2018.04.30-05.19.20:618][588]LogWindows: Error: [Callstack] 0x00000000F8477420 UE4Editor-UMG.dll!UnknownFunction []
[2018.04.30-05.19.20:618][588]LogWindows: Error: [Callstack] 0x00000000EC4E48FD UE4Editor-UMGEditor.dll!UnknownFunction []
[2018.04.30-05.19.20:618][588]LogWindows: Error: [Callstack] 0x00000000EC534AC4 UE4Editor-UMGEditor.dll!UnknownFunction []
[2018.04.30-05.19.20:618][588]LogWindows: Error: [Callstack] 0x00000000EC4D3586 UE4Editor-UMGEditor.dll!UnknownFunction []
[2018.04.30-05.19.20:618][588]LogWindows: Error: [Callstack] 0x00000000EC4812E5 UE4Editor-UMGEditor.dll!UnknownFunction []
[2018.04.30-05.19.20:618][588]LogWindows: Error: [Callstack] 0x00000000EC57AB7E UE4Editor-UMGEditor.dll!UnknownFunction []
[2018.04.30-05.19.20:618][588]LogWindows: Error: [Callstack] 0x00000000EC48AA7D UE4Editor-UMGEditor.dll!UnknownFunction []
[2018.04.30-05.19.20:619][588]LogWindows: Error: [Callstack] 0x00000000EC56265A UE4Editor-UMGEditor.dll!UnknownFunction []
[2018.04.30-05.19.20:619][588]LogWindows: Error: [Callstack] 0x00000000EC53016B UE4Editor-UMGEditor.dll!UnknownFunction []
[2018.04.30-05.19.20:619][588]LogWindows: Error: [Callstack] 0x00000000EDD90B8C UE4Editor-Kismet.dll!UnknownFunction []
[2018.04.30-05.19.20:619][588]LogWindows: Error: [Callstack] 0x00000000EDD9588C UE4Editor-Kismet.dll!UnknownFunction []
[2018.04.30-05.19.20:619][588]LogWindows: Error: [Callstack] 0x00000000F9F2D4D7 UE4Editor-Engine.dll!UnknownFunction []
[2018.04.30-05.19.20:619][588]LogWindows: Error: [Callstack] 0x00000000F8F2B5FF UE4Editor-UnrealEd.dll!UnknownFunction []
[2018.04.30-05.19.20:619][588]LogWindows: Error: [Callstack] 0x00000000EDEFE721 UE4Editor-Kismet.dll!UnknownFunction []
[2018.04.30-05.19.20:619][588]LogWindows: Error: [Callstack] 0x00000000F8B7EA46 UE4Editor-UnrealEd.dll!UnknownFunction []
[2018.04.30-05.19.20:619][588]LogWindows: Error: [Callstack] 0x00000000F8BA6112 UE4Editor-UnrealEd.dll!UnknownFunction []
[2018.04.30-05.19.20:619][588]LogWindows: Error: [Callstack] 0x00000000F8B8DCE9 UE4Editor-UnrealEd.dll!UnknownFunction []
[2018.04.30-05.19.20:619][588]LogWindows: Error: [Callstack] 0x00000000F8B8E61B UE4Editor-UnrealEd.dll!UnknownFunction []
[2018.04.30-05.19.20:619][588]LogWindows: Error: [Callstack] 0x00000000F8BF28FB UE4Editor-UnrealEd.dll!UnknownFunction []
[2018.04.30-05.19.20:619][588]LogWindows: Error: [Callstack] 0x00000000F8C35A0E UE4Editor-UnrealEd.dll!UnknownFunction []
[2018.04.30-05.19.20:619][588]LogWindows: Error: [Callstack] 0x00000000F8B8D965 UE4Editor-UnrealEd.dll!UnknownFunction []
[2018.04.30-05.19.20:619][588]LogWindows: Error: [Callstack] 0x00000000F8B87AB3 UE4Editor-UnrealEd.dll!UnknownFunction []
[2018.04.30-05.19.20:619][588]LogWindows: Error: [Callstack] 0x00000000F941BAC9 UE4Editor-UnrealEd.dll!UnknownFunction []
[2018.04.30-05.19.20:619][588]LogWindows: Error: [Callstack] 0x00000000E0E18BEE UE4Editor-MainFrame.dll!UnknownFunction []
[2018.04.30-05.19.20:619][588]LogWindows: Error: [Callstack] 0x00000000E0E18EDE UE4Editor-MainFrame.dll!UnknownFunction []
[2018.04.30-05.19.20:619][588]LogWindows: Error: [Callstack] 0x0000000006309636 UE4Editor-Slate.dll!UnknownFunction []
[2018.04.30-05.19.20:619][588]LogWindows: Error: [Callstack] 0x00000000063483A0 UE4Editor-Slate.dll!UnknownFunction []
[2018.04.30-05.19.20:619][588]LogWindows: Error: [Callstack] 0x00000000E0E29AD5 UE4Editor-MainFrame.dll!UnknownFunction []
[2018.04.30-05.19.20:619][588]LogWindows: Error: [Callstack] 0x00000000E0E028DA UE4Editor-MainFrame.dll!UnknownFunction []
[2018.04.30-05.19.20:619][588]LogWindows: Error: [Callstack] 0x00000000E0E18AD1 UE4Editor-MainFrame.dll!UnknownFunction []
[2018.04.30-05.19.20:619][588]LogWindows: Error: [Callstack] 0x00000000063172D7 UE4Editor-Slate.dll!UnknownFunction []
[2018.04.30-05.19.20:619][588]LogWindows: Error: [Callstack] 0x00000000063498D3 UE4Editor-Slate.dll!UnknownFunction []
[2018.04.30-05.19.20:619][588]LogWindows: Error: [Callstack] 0x000000000633BEE8 UE4Editor-Slate.dll!UnknownFunction []
[2018.04.30-05.19.20:619][588]LogWindows: Error: [Callstack] 0x000000000CD6E28A UE4Editor-ApplicationCore.dll!UnknownFunction []
[2018.04.30-05.19.20:619][588]LogWindows: Error: [Callstack] 0x000000000CD61A48 UE4Editor-ApplicationCore.dll!UnknownFunction []
[2018.04.30-05.19.20:619][588]LogWindows: Error: [Callstack] 0x000000000CD703EC UE4Editor-ApplicationCore.dll!UnknownFunction []
[2018.04.30-05.19.20:619][588]LogWindows: Error: [Callstack] 0x000000000CD5D5A9 UE4Editor-ApplicationCore.dll!UnknownFunction []
[2018.04.30-05.19.20:619][588]LogWindows: Error: [Callstack] 0x0000000036EAB85D USER32.dll!UnknownFunction []
[2018.04.30-05.19.20:619][588]LogWindows: Error: [Callstack] 0x0000000036EAB1EF USER32.dll!UnknownFunction []
[2018.04.30-05.19.20:619][588]LogWindows: Error: [Callstack] 0x000000000CD71516 UE4Editor-ApplicationCore.dll!UnknownFunction []
[2018.04.30-05.19.20:619][588]LogWindows: Error: [Callstack] 0x000000004B6350C8 UE4Editor.exe!UnknownFunction []
[2018.04.30-05.19.20:619][588]LogWindows: Error: [Callstack] 0x000000004B645430 UE4Editor.exe!UnknownFunction []
[2018.04.30-05.19.20:619][588]LogWindows: Error: [Callstack] 0x000000004B6454AA UE4Editor.exe!UnknownFunction []
[2018.04.30-05.19.20:619][588]LogWindows: Error: [Callstack] 0x000000004B652379 UE4Editor.exe!UnknownFunction []
[2018.04.30-05.19.20:619][588]LogWindows: Error: [Callstack] 0x000000004B653D57 UE4Editor.exe!UnknownFunction []
[2018.04.30-05.19.20:619][588]LogWindows: Error: [Callstack] 0x0000000036B31FE4 KERNEL32.DLL!UnknownFunction []
[2018.04.30-05.19.20:619][588]LogWindows: Error: [Callstack] 0x00000000394AF061 ntdll.dll!UnknownFunction []
[2018.04.30-05.19.20:619][588]LogWindows: Error: [Callstack] 0x00000000394AF061 ntdll.dll!UnknownFunction []
[2018.04.30-05.19.20:619][588]LogWindows: Error: 
[2018.04.30-05.19.20:632][588]LogExit: Executing StaticShutdownAfterError
[2018.04.30-05.19.20:648][588]LogWindows: FPlatformMisc::RequestExit(1)
[2018.04.30-05.19.20:681][588]Log file closed, 04/30/18 01:19:20
